::1 - - [21/Mar/2025:04:00:04 +0000] "POST /bankAccount/publicTokenWebhook?uid=spl8wOi213gKu73RDUhPXviOC9V2 HTTP/1.1" 404 170 "-" "Go-http-client/2.0"
::1 - - [21/Mar/2025:04:00:08 +0000] "POST /bankAccount/publicTokenWebhook?uid=spl8wOi213gKu73RDUhPXviOC9V2 HTTP/1.1" 404 170 "-" "Go-http-client/2.0"
::1 - - [21/Mar/2025:04:01:14 +0000] "POST /bank-account/publicTokenWebhook?uid=spl8wOi213gKu73RDUhPXviOC9V2 HTTP/1.1" 400 36 "-" "Go-http-client/2.0"
::1 - - [21/Mar/2025:04:01:19 +0000] "POST /bank-account/publicTokenWebhook?uid=spl8wOi213gKu73RDUhPXviOC9V2 HTTP/1.1" 400 36 "-" "Go-http-client/2.0"
::1 - - [21/Mar/2025:04:01:19 +0000] "POST /bank-account/publicTokenWebhook?uid=spl8wOi213gKu73RDUhPXviOC9V2 HTTP/1.1" 400 36 "-" "Go-http-client/2.0"
::1 - - [21/Mar/2025:04:06:24 +0000] "POST /bankAccount/publicTokenWebhook?uid=spl8wOi213gKu73RDUhPXviOC9V2 HTTP/1.1" 404 170 "-" "Go-http-client/2.0"
::1 - - [21/Mar/2025:04:06:27 +0000] "POST /bankAccount/publicTokenWebhook?uid=spl8wOi213gKu73RDUhPXviOC9V2 HTTP/1.1" 404 170 "-" "Go-http-client/2.0"
::1 - - [21/Mar/2025:04:08:05 +0000] "POST /bankAccount/publicTokenWebhook?uid=spl8wOi213gKu73RDUhPXviOC9V2 HTTP/1.1" 404 170 "-" "Go-http-client/2.0"
::1 - - [21/Mar/2025:04:08:08 +0000] "POST /bankAccount/publicTokenWebhook?uid=spl8wOi213gKu73RDUhPXviOC9V2 HTTP/1.1" 404 170 "-" "Go-http-client/2.0"
::1 - - [21/Mar/2025:04:09:14 +0000] "POST /bank-account/publicTokenWebhook?uid=spl8wOi213gKu73RDUhPXviOC9V2 HTTP/1.1" 400 36 "-" "Go-http-client/2.0"
::1 - - [21/Mar/2025:04:09:19 +0000] "POST /bank-account/publicTokenWebhook?uid=spl8wOi213gKu73RDUhPXviOC9V2 HTTP/1.1" 400 36 "-" "Go-http-client/2.0"
::1 - - [21/Mar/2025:04:09:20 +0000] "POST /bank-account/publicTokenWebhook?uid=spl8wOi213gKu73RDUhPXviOC9V2 HTTP/1.1" 400 36 "-" "Go-http-client/2.0"
::1 - - [21/Mar/2025:04:38:24 +0000] "POST /bankAccount/publicTokenWebhook?uid=spl8wOi213gKu73RDUhPXviOC9V2 HTTP/1.1" 404 170 "-" "Go-http-client/2.0"
::1 - - [21/Mar/2025:04:38:26 +0000] "POST /bankAccount/publicTokenWebhook?uid=spl8wOi213gKu73RDUhPXviOC9V2 HTTP/1.1" 404 170 "-" "Go-http-client/2.0"
::1 - - [21/Mar/2025:04:40:04 +0000] "POST /bankAccount/publicTokenWebhook?uid=spl8wOi213gKu73RDUhPXviOC9V2 HTTP/1.1" 404 170 "-" "Go-http-client/2.0"
::1 - - [21/Mar/2025:04:40:08 +0000] "POST /bankAccount/publicTokenWebhook?uid=spl8wOi213gKu73RDUhPXviOC9V2 HTTP/1.1" 404 170 "-" "Go-http-client/2.0"
::1 - - [21/Mar/2025:04:41:13 +0000] "POST /bank-account/publicTokenWebhook?uid=spl8wOi213gKu73RDUhPXviOC9V2 HTTP/1.1" 400 36 "-" "Go-http-client/2.0"
::1 - - [21/Mar/2025:04:41:17 +0000] "POST /bank-account/publicTokenWebhook?uid=spl8wOi213gKu73RDUhPXviOC9V2 HTTP/1.1" 400 36 "-" "Go-http-client/2.0"
::1 - - [21/Mar/2025:04:41:19 +0000] "POST /bank-account/publicTokenWebhook?uid=spl8wOi213gKu73RDUhPXviOC9V2 HTTP/1.1" 400 36 "-" "Go-http-client/2.0"
::1 - - [21/Mar/2025:06:46:23 +0000] "POST /bankAccount/publicTokenWebhook?uid=spl8wOi213gKu73RDUhPXviOC9V2 HTTP/1.1" 404 170 "-" "Go-http-client/2.0"
::1 - - [21/Mar/2025:06:46:26 +0000] "POST /bankAccount/publicTokenWebhook?uid=spl8wOi213gKu73RDUhPXviOC9V2 HTTP/1.1" 404 170 "-" "Go-http-client/2.0"
::1 - - [21/Mar/2025:06:48:04 +0000] "POST /bankAccount/publicTokenWebhook?uid=spl8wOi213gKu73RDUhPXviOC9V2 HTTP/1.1" 404 170 "-" "Go-http-client/2.0"
::1 - - [21/Mar/2025:06:48:08 +0000] "POST /bankAccount/publicTokenWebhook?uid=spl8wOi213gKu73RDUhPXviOC9V2 HTTP/1.1" 404 170 "-" "Go-http-client/2.0"
::1 - - [21/Mar/2025:06:49:13 +0000] "POST /bank-account/publicTokenWebhook?uid=spl8wOi213gKu73RDUhPXviOC9V2 HTTP/1.1" 400 36 "-" "Go-http-client/2.0"
::1 - - [21/Mar/2025:06:49:18 +0000] "POST /bank-account/publicTokenWebhook?uid=spl8wOi213gKu73RDUhPXviOC9V2 HTTP/1.1" 400 36 "-" "Go-http-client/2.0"
::1 - - [21/Mar/2025:06:49:19 +0000] "POST /bank-account/publicTokenWebhook?uid=spl8wOi213gKu73RDUhPXviOC9V2 HTTP/1.1" 400 36 "-" "Go-http-client/2.0"
::1 - - [21/Mar/2025:10:01:16 +0000] "POST /plaid/publicTokenWebhook?uid=spl8wOi213gKu73RDUhPXviOC9V2 HTTP/1.1" 404 164 "-" "Go-http-client/2.0"
::ffff:10.0.0.7 - - [21/Mar/2025:14:58:18 +0000] "GET /bank-account/accounts/ HTTP/1.1" 200 32138 "-" "expensesmanager/8 CFNetwork/1568.200.51 Darwin/24.2.0"
::ffff:10.0.0.7 - - [21/Mar/2025:14:58:23 +0000] "POST /bank-account/balance/ HTTP/1.1" 200 367 "-" "expensesmanager/8 CFNetwork/1568.200.51 Darwin/24.2.0"
::ffff:10.0.0.7 - - [21/Mar/2025:14:58:31 +0000] "POST /bank-account/balance/ HTTP/1.1" 200 382 "-" "expensesmanager/8 CFNetwork/1568.200.51 Darwin/24.2.0"
::1 - - [21/Mar/2025:15:18:23 +0000] "POST /bankAccount/publicTokenWebhook?uid=spl8wOi213gKu73RDUhPXviOC9V2 HTTP/1.1" 404 170 "-" "Go-http-client/2.0"
::1 - - [21/Mar/2025:15:18:26 +0000] "POST /bankAccount/publicTokenWebhook?uid=spl8wOi213gKu73RDUhPXviOC9V2 HTTP/1.1" 404 170 "-" "Go-http-client/2.0"
::1 - - [21/Mar/2025:15:20:04 +0000] "POST /bankAccount/publicTokenWebhook?uid=spl8wOi213gKu73RDUhPXviOC9V2 HTTP/1.1" 404 170 "-" "Go-http-client/2.0"
::1 - - [21/Mar/2025:15:20:08 +0000] "POST /bankAccount/publicTokenWebhook?uid=spl8wOi213gKu73RDUhPXviOC9V2 HTTP/1.1" 404 170 "-" "Go-http-client/2.0"
::1 - - [21/Mar/2025:15:21:13 +0000] "POST /bank-account/publicTokenWebhook?uid=spl8wOi213gKu73RDUhPXviOC9V2 HTTP/1.1" 400 36 "-" "Go-http-client/2.0"
::1 - - [21/Mar/2025:15:21:18 +0000] "POST /bank-account/publicTokenWebhook?uid=spl8wOi213gKu73RDUhPXviOC9V2 HTTP/1.1" 400 36 "-" "Go-http-client/2.0"
::1 - - [21/Mar/2025:15:21:19 +0000] "POST /bank-account/publicTokenWebhook?uid=spl8wOi213gKu73RDUhPXviOC9V2 HTTP/1.1" 400 36 "-" "Go-http-client/2.0"
