::1 - - [28/Mar/2025:04:00:46 +0000] "POST /bank-account/publicTokenWebhook?uid=iyWQr1RjYGYoZgnuevZ4p6zVtuw1 HTTP/1.1" 400 36 "-" "Go-http-client/2.0"
::1 - - [28/Mar/2025:04:00:52 +0000] "POST /bank-account/publicTokenWebhook?uid=iyWQr1RjYGYoZgnuevZ4p6zVtuw1 HTTP/1.1" 400 32 "-" "Go-http-client/2.0"
::1 - - [28/Mar/2025:04:00:52 +0000] "POST /bank-account/publicTokenWebhook?uid=iyWQr1RjYGYoZgnuevZ4p6zVtuw1 HTTP/1.1" 400 36 "-" "Go-http-client/2.0"
::ffff:10.0.0.7 - - [28/Mar/2025:04:04:01 +0000] "POST /user/verify-otp HTTP/1.1" 400 27 "-" "expensesmanager/8 CFNetwork/1568.200.51 Darwin/24.2.0"
::ffff:10.0.0.7 - - [28/Mar/2025:04:04:41 +0000] "POST /user/verify-otp HTTP/1.1" 400 27 "-" "expensesmanager/8 CFNetwork/1568.200.51 Darwin/24.2.0"
::ffff:10.0.0.7 - - [28/Mar/2025:04:06:13 +0000] "POST /user/verify-otp HTTP/1.1" 400 27 "-" "expensesmanager/8 CFNetwork/1568.200.51 Darwin/24.2.0"
::ffff:10.0.0.7 - - [28/Mar/2025:04:06:44 +0000] "POST /user/verify-otp HTTP/1.1" 400 38 "-" "expensesmanager/8 CFNetwork/1568.200.51 Darwin/24.2.0"
::ffff:10.0.0.7 - - [28/Mar/2025:04:06:51 +0000] "POST /user/send-otp HTTP/1.1" 200 49 "-" "expensesmanager/8 CFNetwork/1568.200.51 Darwin/24.2.0"
::ffff:10.0.0.7 - - [28/Mar/2025:04:07:10 +0000] "POST /user/verify-otp HTTP/1.1" 400 27 "-" "expensesmanager/8 CFNetwork/1568.200.51 Darwin/24.2.0"
::ffff:10.0.0.7 - - [28/Mar/2025:04:07:15 +0000] "POST /user/verify-otp HTTP/1.1" 200 873 "-" "expensesmanager/8 CFNetwork/1568.200.51 Darwin/24.2.0"
::ffff:10.0.0.7 - - [28/Mar/2025:04:07:17 +0000] "POST /notification/enable-notifications/ HTTP/1.1" 200 48 "-" "expensesmanager/8 CFNetwork/1568.200.51 Darwin/24.2.0"
::ffff:10.0.0.7 - - [28/Mar/2025:04:07:21 +0000] "GET /bank-account/accounts/ HTTP/1.1" 304 - "-" "expensesmanager/8 CFNetwork/1568.200.51 Darwin/24.2.0"
::1 - - [28/Mar/2025:04:08:20 +0000] "OPTIONS /admin/plaid HTTP/1.1" 204 0 "http://localhost:4200/" "Mozilla/5.0 (Macintosh; Intel Mac OS X 10_15_7) AppleWebKit/537.36 (KHTML, like Gecko) Chrome/134.0.0.0 Safari/537.36"
::1 - - [28/Mar/2025:04:08:21 +0000] "POST /admin/plaid HTTP/1.1" 200 1925 "http://localhost:4200/" "Mozilla/5.0 (Macintosh; Intel Mac OS X 10_15_7) AppleWebKit/537.36 (KHTML, like Gecko) Chrome/134.0.0.0 Safari/537.36"
::1 - - [28/Mar/2025:04:19:57 +0000] "POST /bank-account/publicTokenWebhook?uid=iyWQr1RjYGYoZgnuevZ4p6zVtuw1 HTTP/1.1" 400 36 "-" "Go-http-client/2.0"
::1 - - [28/Mar/2025:04:20:16 +0000] "POST /bank-account/publicTokenWebhook?uid=iyWQr1RjYGYoZgnuevZ4p6zVtuw1 HTTP/1.1" 400 36 "-" "Go-http-client/2.0"
::1 - - [28/Mar/2025:04:21:00 +0000] "POST /bank-account/publicTokenWebhook?uid=iyWQr1RjYGYoZgnuevZ4p6zVtuw1 HTTP/1.1" 400 36 "-" "Go-http-client/2.0"
::1 - - [28/Mar/2025:04:21:05 +0000] "POST /bank-account/publicTokenWebhook?uid=iyWQr1RjYGYoZgnuevZ4p6zVtuw1 HTTP/1.1" 400 36 "-" "Go-http-client/2.0"
::1 - - [28/Mar/2025:04:21:06 +0000] "POST /bank-account/publicTokenWebhook?uid=iyWQr1RjYGYoZgnuevZ4p6zVtuw1 HTTP/1.1" 400 32 "-" "Go-http-client/2.0"
::1 - - [28/Mar/2025:04:21:07 +0000] "POST /bank-account/publicTokenWebhook?uid=iyWQr1RjYGYoZgnuevZ4p6zVtuw1 HTTP/1.1" 400 36 "-" "Go-http-client/2.0"
::1 - - [28/Mar/2025:04:22:10 +0000] "POST /bank-account/publicTokenWebhook?uid=iyWQr1RjYGYoZgnuevZ4p6zVtuw1 HTTP/1.1" 400 36 "-" "Go-http-client/2.0"
::1 - - [28/Mar/2025:04:22:16 +0000] "POST /bank-account/publicTokenWebhook?uid=iyWQr1RjYGYoZgnuevZ4p6zVtuw1 HTTP/1.1" 400 32 "-" "Go-http-client/2.0"
::1 - - [28/Mar/2025:04:22:18 +0000] "POST /bank-account/publicTokenWebhook?uid=iyWQr1RjYGYoZgnuevZ4p6zVtuw1 HTTP/1.1" 400 36 "-" "Go-http-client/2.0"
::1 - - [28/Mar/2025:04:22:25 +0000] "POST /bank-account/publicTokenWebhook?uid=iyWQr1RjYGYoZgnuevZ4p6zVtuw1 HTTP/1.1" 400 36 "-" "Go-http-client/2.0"
::1 - - [28/Mar/2025:04:22:54 +0000] "POST /bank-account/publicTokenWebhook?uid=iyWQr1RjYGYoZgnuevZ4p6zVtuw1 HTTP/1.1" 400 36 "-" "Go-http-client/2.0"
::1 - - [28/Mar/2025:04:22:58 +0000] "POST /bank-account/publicTokenWebhook?uid=iyWQr1RjYGYoZgnuevZ4p6zVtuw1 HTTP/1.1" 400 32 "-" "Go-http-client/2.0"
::1 - - [28/Mar/2025:04:22:59 +0000] "POST /bank-account/publicTokenWebhook?uid=iyWQr1RjYGYoZgnuevZ4p6zVtuw1 HTTP/1.1" 400 36 "-" "Go-http-client/2.0"
::1 - - [28/Mar/2025:04:23:00 +0000] "POST /bank-account/publicTokenWebhook?uid=iyWQr1RjYGYoZgnuevZ4p6zVtuw1 HTTP/1.1" 400 36 "-" "Go-http-client/2.0"
::1 - - [28/Mar/2025:04:23:33 +0000] "POST /bank-account/publicTokenWebhook?uid=iyWQr1RjYGYoZgnuevZ4p6zVtuw1 HTTP/1.1" 400 36 "-" "Go-http-client/2.0"
::1 - - [28/Mar/2025:04:23:49 +0000] "POST /bank-account/publicTokenWebhook?uid=iyWQr1RjYGYoZgnuevZ4p6zVtuw1 HTTP/1.1" 400 36 "-" "Go-http-client/2.0"
::1 - - [28/Mar/2025:04:23:56 +0000] "POST /bank-account/publicTokenWebhook?uid=iyWQr1RjYGYoZgnuevZ4p6zVtuw1 HTTP/1.1" 400 32 "-" "Go-http-client/2.0"
::1 - - [28/Mar/2025:04:23:57 +0000] "POST /bank-account/publicTokenWebhook?uid=iyWQr1RjYGYoZgnuevZ4p6zVtuw1 HTTP/1.1" 400 36 "-" "Go-http-client/2.0"
::1 - - [28/Mar/2025:04:23:58 +0000] "POST /bank-account/publicTokenWebhook?uid=iyWQr1RjYGYoZgnuevZ4p6zVtuw1 HTTP/1.1" 400 36 "-" "Go-http-client/2.0"
::1 - - [28/Mar/2025:04:24:04 +0000] "POST /bank-account/publicTokenWebhook?uid=iyWQr1RjYGYoZgnuevZ4p6zVtuw1 HTTP/1.1" 400 36 "-" "Go-http-client/2.0"
::1 - - [28/Mar/2025:04:24:05 +0000] "POST /bank-account/publicTokenWebhook?uid=iyWQr1RjYGYoZgnuevZ4p6zVtuw1 HTTP/1.1" 400 36 "-" "Go-http-client/2.0"
::1 - - [28/Mar/2025:04:26:01 +0000] "POST /bank-account/publicTokenWebhook?uid=iyWQr1RjYGYoZgnuevZ4p6zVtuw1 HTTP/1.1" 400 36 "-" "Go-http-client/2.0"
::1 - - [28/Mar/2025:04:26:17 +0000] "POST /bank-account/publicTokenWebhook?uid=iyWQr1RjYGYoZgnuevZ4p6zVtuw1 HTTP/1.1" 400 36 "-" "Go-http-client/2.0"
::1 - - [28/Mar/2025:04:26:24 +0000] "POST /bank-account/publicTokenWebhook?uid=iyWQr1RjYGYoZgnuevZ4p6zVtuw1 HTTP/1.1" 400 36 "-" "Go-http-client/2.0"
::1 - - [28/Mar/2025:04:26:25 +0000] "POST /bank-account/publicTokenWebhook?uid=iyWQr1RjYGYoZgnuevZ4p6zVtuw1 HTTP/1.1" 400 36 "-" "Go-http-client/2.0"
::1 - - [28/Mar/2025:04:26:31 +0000] "POST /bank-account/publicTokenWebhook?uid=iyWQr1RjYGYoZgnuevZ4p6zVtuw1 HTTP/1.1" 400 36 "-" "Go-http-client/2.0"
::1 - - [28/Mar/2025:04:26:33 +0000] "POST /bank-account/publicTokenWebhook?uid=iyWQr1RjYGYoZgnuevZ4p6zVtuw1 HTTP/1.1" 400 36 "-" "Go-http-client/2.0"
::1 - - [28/Mar/2025:04:27:00 +0000] "POST /bank-account/publicTokenWebhook?uid=iyWQr1RjYGYoZgnuevZ4p6zVtuw1 HTTP/1.1" 400 36 "-" "Go-http-client/2.0"
::1 - - [28/Mar/2025:04:27:06 +0000] "POST /bank-account/publicTokenWebhook?uid=iyWQr1RjYGYoZgnuevZ4p6zVtuw1 HTTP/1.1" 400 36 "-" "Go-http-client/2.0"
::1 - - [28/Mar/2025:04:27:07 +0000] "POST /bank-account/publicTokenWebhook?uid=iyWQr1RjYGYoZgnuevZ4p6zVtuw1 HTTP/1.1" 400 36 "-" "Go-http-client/2.0"
::1 - - [28/Mar/2025:04:28:09 +0000] "POST /bank-account/publicTokenWebhook?uid=iyWQr1RjYGYoZgnuevZ4p6zVtuw1 HTTP/1.1" 400 36 "-" "Go-http-client/2.0"
::1 - - [28/Mar/2025:04:28:25 +0000] "POST /bank-account/publicTokenWebhook?uid=iyWQr1RjYGYoZgnuevZ4p6zVtuw1 HTTP/1.1" 400 36 "-" "Go-http-client/2.0"
::1 - - [28/Mar/2025:04:28:41 +0000] "POST /bank-account/publicTokenWebhook?uid=iyWQr1RjYGYoZgnuevZ4p6zVtuw1 HTTP/1.1" 400 36 "-" "Go-http-client/2.0"
::1 - - [28/Mar/2025:04:29:00 +0000] "POST /bank-account/publicTokenWebhook?uid=iyWQr1RjYGYoZgnuevZ4p6zVtuw1 HTTP/1.1" 400 36 "-" "Go-http-client/2.0"
::1 - - [28/Mar/2025:04:29:07 +0000] "POST /bank-account/publicTokenWebhook?uid=iyWQr1RjYGYoZgnuevZ4p6zVtuw1 HTTP/1.1" 400 36 "-" "Go-http-client/2.0"
::1 - - [28/Mar/2025:04:29:08 +0000] "POST /bank-account/publicTokenWebhook?uid=iyWQr1RjYGYoZgnuevZ4p6zVtuw1 HTTP/1.1" 400 36 "-" "Go-http-client/2.0"
::1 - - [28/Mar/2025:04:29:09 +0000] "POST /bank-account/publicTokenWebhook?uid=iyWQr1RjYGYoZgnuevZ4p6zVtuw1 HTTP/1.1" 400 36 "-" "Go-http-client/2.0"
::1 - - [28/Mar/2025:04:29:10 +0000] "POST /bank-account/publicTokenWebhook?uid=iyWQr1RjYGYoZgnuevZ4p6zVtuw1 HTTP/1.1" 400 36 "-" "Go-http-client/2.0"
::1 - - [28/Mar/2025:04:29:15 +0000] "POST /bank-account/publicTokenWebhook?uid=iyWQr1RjYGYoZgnuevZ4p6zVtuw1 HTTP/1.1" 400 36 "-" "Go-http-client/2.0"
::1 - - [28/Mar/2025:04:29:16 +0000] "POST /bank-account/publicTokenWebhook?uid=iyWQr1RjYGYoZgnuevZ4p6zVtuw1 HTTP/1.1" 400 36 "-" "Go-http-client/2.0"
::1 - - [28/Mar/2025:04:29:17 +0000] "POST /bank-account/publicTokenWebhook?uid=iyWQr1RjYGYoZgnuevZ4p6zVtuw1 HTTP/1.1" 400 36 "-" "Go-http-client/2.0"
::1 - - [28/Mar/2025:04:29:18 +0000] "POST /bank-account/publicTokenWebhook?uid=iyWQr1RjYGYoZgnuevZ4p6zVtuw1 HTTP/1.1" 400 36 "-" "Go-http-client/2.0"
::1 - - [28/Mar/2025:04:38:25 +0000] "OPTIONS /admin/plaid HTTP/1.1" 204 0 "http://localhost:4200/" "Mozilla/5.0 (Macintosh; Intel Mac OS X 10_15_7) AppleWebKit/537.36 (KHTML, like Gecko) Chrome/134.0.0.0 Safari/537.36"
::1 - - [28/Mar/2025:04:38:25 +0000] "POST /admin/plaid HTTP/1.1" 200 1925 "http://localhost:4200/" "Mozilla/5.0 (Macintosh; Intel Mac OS X 10_15_7) AppleWebKit/537.36 (KHTML, like Gecko) Chrome/134.0.0.0 Safari/537.36"
::1 - - [28/Mar/2025:04:40:27 +0000] "POST /bank-account/publicTokenWebhook?uid=iyWQr1RjYGYoZgnuevZ4p6zVtuw1 HTTP/1.1" 400 36 "-" "Go-http-client/2.0"
::1 - - [28/Mar/2025:04:40:31 +0000] "POST /bank-account/publicTokenWebhook?uid=iyWQr1RjYGYoZgnuevZ4p6zVtuw1 HTTP/1.1" 400 36 "-" "Go-http-client/2.0"
::1 - - [28/Mar/2025:04:40:33 +0000] "POST /bank-account/publicTokenWebhook?uid=iyWQr1RjYGYoZgnuevZ4p6zVtuw1 HTTP/1.1" 400 32 "-" "Go-http-client/2.0"
::1 - - [28/Mar/2025:04:40:33 +0000] "POST /bank-account/publicTokenWebhook?uid=iyWQr1RjYGYoZgnuevZ4p6zVtuw1 HTTP/1.1" 400 36 "-" "Go-http-client/2.0"
::1 - - [28/Mar/2025:04:41:35 +0000] "POST /bank-account/publicTokenWebhook?uid=iyWQr1RjYGYoZgnuevZ4p6zVtuw1 HTTP/1.1" 400 36 "-" "Go-http-client/2.0"
::1 - - [28/Mar/2025:04:42:13 +0000] "POST /bank-account/publicTokenWebhook?uid=iyWQr1RjYGYoZgnuevZ4p6zVtuw1 HTTP/1.1" 400 36 "-" "Go-http-client/2.0"
::1 - - [28/Mar/2025:04:42:18 +0000] "POST /bank-account/publicTokenWebhook?uid=iyWQr1RjYGYoZgnuevZ4p6zVtuw1 HTTP/1.1" 400 36 "-" "Go-http-client/2.0"
::1 - - [28/Mar/2025:04:42:20 +0000] "POST /bank-account/publicTokenWebhook?uid=iyWQr1RjYGYoZgnuevZ4p6zVtuw1 HTTP/1.1" 400 32 "-" "Go-http-client/2.0"
::1 - - [28/Mar/2025:04:42:20 +0000] "POST /bank-account/publicTokenWebhook?uid=iyWQr1RjYGYoZgnuevZ4p6zVtuw1 HTTP/1.1" 400 36 "-" "Go-http-client/2.0"
::1 - - [28/Mar/2025:05:46:58 +0000] "POST /bank-account/publicTokenWebhook?uid=iyWQr1RjYGYoZgnuevZ4p6zVtuw1 HTTP/1.1" 400 32 "-" "Go-http-client/2.0"
::1 - - [28/Mar/2025:05:46:59 +0000] "POST /bank-account/publicTokenWebhook?uid=iyWQr1RjYGYoZgnuevZ4p6zVtuw1 HTTP/1.1" 400 36 "-" "Go-http-client/2.0"
::1 - - [28/Mar/2025:05:47:00 +0000] "POST /bank-account/publicTokenWebhook?uid=iyWQr1RjYGYoZgnuevZ4p6zVtuw1 HTTP/1.1" 400 36 "-" "Go-http-client/2.0"
::1 - - [28/Mar/2025:05:47:07 +0000] "POST /bank-account/publicTokenWebhook?uid=iyWQr1RjYGYoZgnuevZ4p6zVtuw1 HTTP/1.1" 400 36 "-" "Go-http-client/2.0"
::1 - - [28/Mar/2025:05:47:07 +0000] "POST /bank-account/publicTokenWebhook?uid=iyWQr1RjYGYoZgnuevZ4p6zVtuw1 HTTP/1.1" 400 36 "-" "Go-http-client/2.0"
::1 - - [28/Mar/2025:06:34:01 +0000] "POST /bank-account/publicTokenWebhook?uid=iyWQr1RjYGYoZgnuevZ4p6zVtuw1 HTTP/1.1" 400 36 "-" "Go-http-client/2.0"
::1 - - [28/Mar/2025:06:34:17 +0000] "POST /bank-account/publicTokenWebhook?uid=iyWQr1RjYGYoZgnuevZ4p6zVtuw1 HTTP/1.1" 400 36 "-" "Go-http-client/2.0"
::1 - - [28/Mar/2025:06:34:24 +0000] "POST /bank-account/publicTokenWebhook?uid=iyWQr1RjYGYoZgnuevZ4p6zVtuw1 HTTP/1.1" 400 36 "-" "Go-http-client/2.0"
::1 - - [28/Mar/2025:06:34:25 +0000] "POST /bank-account/publicTokenWebhook?uid=iyWQr1RjYGYoZgnuevZ4p6zVtuw1 HTTP/1.1" 400 36 "-" "Go-http-client/2.0"
::1 - - [28/Mar/2025:11:19:11 +0000] "POST /bank-account/publicTokenWebhook?uid=iyWQr1RjYGYoZgnuevZ4p6zVtuw1 HTTP/1.1" 400 36 "-" "Go-http-client/2.0"
::1 - - [28/Mar/2025:11:19:18 +0000] "POST /bank-account/publicTokenWebhook?uid=iyWQr1RjYGYoZgnuevZ4p6zVtuw1 HTTP/1.1" 400 36 "-" "Go-http-client/2.0"
::1 - - [28/Mar/2025:11:19:18 +0000] "POST /bank-account/publicTokenWebhook?uid=iyWQr1RjYGYoZgnuevZ4p6zVtuw1 HTTP/1.1" 400 32 "-" "Go-http-client/2.0"
::1 - - [28/Mar/2025:11:19:19 +0000] "POST /bank-account/publicTokenWebhook?uid=iyWQr1RjYGYoZgnuevZ4p6zVtuw1 HTTP/1.1" 400 36 "-" "Go-http-client/2.0"
::1 - - [28/Mar/2025:11:19:25 +0000] "POST /bank-account/publicTokenWebhook?uid=iyWQr1RjYGYoZgnuevZ4p6zVtuw1 HTTP/1.1" 400 36 "-" "Go-http-client/2.0"
::1 - - [28/Mar/2025:11:19:26 +0000] "POST /bank-account/publicTokenWebhook?uid=iyWQr1RjYGYoZgnuevZ4p6zVtuw1 HTTP/1.1" 400 36 "-" "Go-http-client/2.0"
::1 - - [28/Mar/2025:12:27:30 +0000] "POST /bank-account/publicTokenWebhook?uid=iyWQr1RjYGYoZgnuevZ4p6zVtuw1 HTTP/1.1" 400 36 "-" "Go-http-client/2.0"
::1 - - [28/Mar/2025:14:09:22 +0000] "POST /bank-account/publicTokenWebhook?uid=iyWQr1RjYGYoZgnuevZ4p6zVtuw1 HTTP/1.1" 400 36 "-" "Go-http-client/2.0"
::1 - - [28/Mar/2025:14:09:28 +0000] "POST /bank-account/publicTokenWebhook?uid=iyWQr1RjYGYoZgnuevZ4p6zVtuw1 HTTP/1.1" 400 32 "-" "Go-http-client/2.0"
::1 - - [28/Mar/2025:14:09:29 +0000] "POST /bank-account/publicTokenWebhook?uid=iyWQr1RjYGYoZgnuevZ4p6zVtuw1 HTTP/1.1" 400 36 "-" "Go-http-client/2.0"
::1 - - [28/Mar/2025:14:09:36 +0000] "POST /bank-account/publicTokenWebhook?uid=iyWQr1RjYGYoZgnuevZ4p6zVtuw1 HTTP/1.1" 400 36 "-" "Go-http-client/2.0"
::1 - - [28/Mar/2025:14:11:40 +0000] "POST /bank-account/publicTokenWebhook?uid=iyWQr1RjYGYoZgnuevZ4p6zVtuw1 HTTP/1.1" 400 36 "-" "Go-http-client/2.0"
::1 - - [28/Mar/2025:14:11:44 +0000] "POST /bank-account/publicTokenWebhook?uid=iyWQr1RjYGYoZgnuevZ4p6zVtuw1 HTTP/1.1" 400 36 "-" "Go-http-client/2.0"
::1 - - [28/Mar/2025:14:11:45 +0000] "POST /bank-account/publicTokenWebhook?uid=iyWQr1RjYGYoZgnuevZ4p6zVtuw1 HTTP/1.1" 400 32 "-" "Go-http-client/2.0"
::1 - - [28/Mar/2025:14:11:46 +0000] "POST /bank-account/publicTokenWebhook?uid=iyWQr1RjYGYoZgnuevZ4p6zVtuw1 HTTP/1.1" 400 36 "-" "Go-http-client/2.0"
::1 - - [28/Mar/2025:14:12:51 +0000] "POST /bank-account/publicTokenWebhook?uid=iyWQr1RjYGYoZgnuevZ4p6zVtuw1 HTTP/1.1" 400 36 "-" "Go-http-client/2.0"
::1 - - [28/Mar/2025:14:13:10 +0000] "POST /bank-account/publicTokenWebhook?uid=iyWQr1RjYGYoZgnuevZ4p6zVtuw1 HTTP/1.1" 400 36 "-" "Go-http-client/2.0"
::1 - - [28/Mar/2025:14:13:16 +0000] "POST /bank-account/publicTokenWebhook?uid=iyWQr1RjYGYoZgnuevZ4p6zVtuw1 HTTP/1.1" 400 36 "-" "Go-http-client/2.0"
::1 - - [28/Mar/2025:14:13:17 +0000] "POST /bank-account/publicTokenWebhook?uid=iyWQr1RjYGYoZgnuevZ4p6zVtuw1 HTTP/1.1" 400 36 "-" "Go-http-client/2.0"
::1 - - [28/Mar/2025:14:13:23 +0000] "POST /bank-account/publicTokenWebhook?uid=iyWQr1RjYGYoZgnuevZ4p6zVtuw1 HTTP/1.1" 400 36 "-" "Go-http-client/2.0"
::1 - - [28/Mar/2025:14:13:24 +0000] "POST /bank-account/publicTokenWebhook?uid=iyWQr1RjYGYoZgnuevZ4p6zVtuw1 HTTP/1.1" 400 36 "-" "Go-http-client/2.0"
::1 - - [28/Mar/2025:14:16:10 +0000] "POST /bank-account/publicTokenWebhook?uid=iyWQr1RjYGYoZgnuevZ4p6zVtuw1 HTTP/1.1" 400 36 "-" "Go-http-client/2.0"
::1 - - [28/Mar/2025:14:16:17 +0000] "POST /bank-account/publicTokenWebhook?uid=iyWQr1RjYGYoZgnuevZ4p6zVtuw1 HTTP/1.1" 400 32 "-" "Go-http-client/2.0"
::1 - - [28/Mar/2025:14:16:18 +0000] "POST /bank-account/publicTokenWebhook?uid=iyWQr1RjYGYoZgnuevZ4p6zVtuw1 HTTP/1.1" 400 36 "-" "Go-http-client/2.0"
::1 - - [28/Mar/2025:14:16:25 +0000] "POST /bank-account/publicTokenWebhook?uid=iyWQr1RjYGYoZgnuevZ4p6zVtuw1 HTTP/1.1" 400 36 "-" "Go-http-client/2.0"
::1 - - [28/Mar/2025:14:16:41 +0000] "POST /bank-account/publicTokenWebhook?uid=iyWQr1RjYGYoZgnuevZ4p6zVtuw1 HTTP/1.1" 400 36 "-" "Go-http-client/2.0"
::1 - - [28/Mar/2025:14:17:06 +0000] "POST /bank-account/publicTokenWebhook?uid=iyWQr1RjYGYoZgnuevZ4p6zVtuw1 HTTP/1.1" 400 36 "-" "Go-http-client/2.0"
::1 - - [28/Mar/2025:14:17:13 +0000] "POST /bank-account/publicTokenWebhook?uid=iyWQr1RjYGYoZgnuevZ4p6zVtuw1 HTTP/1.1" 400 32 "-" "Go-http-client/2.0"
::1 - - [28/Mar/2025:14:17:14 +0000] "POST /bank-account/publicTokenWebhook?uid=iyWQr1RjYGYoZgnuevZ4p6zVtuw1 HTTP/1.1" 400 36 "-" "Go-http-client/2.0"
::1 - - [28/Mar/2025:14:17:14 +0000] "POST /bank-account/publicTokenWebhook?uid=iyWQr1RjYGYoZgnuevZ4p6zVtuw1 HTTP/1.1" 400 36 "-" "Go-http-client/2.0"
::1 - - [28/Mar/2025:14:17:21 +0000] "POST /bank-account/publicTokenWebhook?uid=iyWQr1RjYGYoZgnuevZ4p6zVtuw1 HTTP/1.1" 400 36 "-" "Go-http-client/2.0"
::1 - - [28/Mar/2025:14:17:21 +0000] "POST /bank-account/publicTokenWebhook?uid=iyWQr1RjYGYoZgnuevZ4p6zVtuw1 HTTP/1.1" 400 36 "-" "Go-http-client/2.0"
::1 - - [28/Mar/2025:14:18:37 +0000] "POST /bank-account/publicTokenWebhook?uid=iyWQr1RjYGYoZgnuevZ4p6zVtuw1 HTTP/1.1" 400 36 "-" "Go-http-client/2.0"
::1 - - [28/Mar/2025:14:18:52 +0000] "POST /bank-account/publicTokenWebhook?uid=iyWQr1RjYGYoZgnuevZ4p6zVtuw1 HTTP/1.1" 400 36 "-" "Go-http-client/2.0"
::1 - - [28/Mar/2025:14:18:58 +0000] "POST /bank-account/publicTokenWebhook?uid=iyWQr1RjYGYoZgnuevZ4p6zVtuw1 HTTP/1.1" 400 32 "-" "Go-http-client/2.0"
::1 - - [28/Mar/2025:14:18:59 +0000] "POST /bank-account/publicTokenWebhook?uid=iyWQr1RjYGYoZgnuevZ4p6zVtuw1 HTTP/1.1" 400 36 "-" "Go-http-client/2.0"
::1 - - [28/Mar/2025:14:19:00 +0000] "POST /bank-account/publicTokenWebhook?uid=iyWQr1RjYGYoZgnuevZ4p6zVtuw1 HTTP/1.1" 400 36 "-" "Go-http-client/2.0"
::1 - - [28/Mar/2025:14:19:07 +0000] "POST /bank-account/publicTokenWebhook?uid=iyWQr1RjYGYoZgnuevZ4p6zVtuw1 HTTP/1.1" 400 36 "-" "Go-http-client/2.0"
::1 - - [28/Mar/2025:14:19:07 +0000] "POST /bank-account/publicTokenWebhook?uid=iyWQr1RjYGYoZgnuevZ4p6zVtuw1 HTTP/1.1" 400 36 "-" "Go-http-client/2.0"
::1 - - [28/Mar/2025:14:35:20 +0000] "POST /bank-account/publicTokenWebhook?uid=iyWQr1RjYGYoZgnuevZ4p6zVtuw1 HTTP/1.1" 400 36 "-" "Go-http-client/2.0"
::1 - - [28/Mar/2025:14:35:38 +0000] "POST /bank-account/publicTokenWebhook?uid=iyWQr1RjYGYoZgnuevZ4p6zVtuw1 HTTP/1.1" 400 36 "-" "Go-http-client/2.0"
::1 - - [28/Mar/2025:14:35:44 +0000] "POST /bank-account/publicTokenWebhook?uid=iyWQr1RjYGYoZgnuevZ4p6zVtuw1 HTTP/1.1" 400 36 "-" "Go-http-client/2.0"
::1 - - [28/Mar/2025:14:35:45 +0000] "POST /bank-account/publicTokenWebhook?uid=iyWQr1RjYGYoZgnuevZ4p6zVtuw1 HTTP/1.1" 400 36 "-" "Go-http-client/2.0"
::1 - - [28/Mar/2025:14:35:51 +0000] "POST /bank-account/publicTokenWebhook?uid=iyWQr1RjYGYoZgnuevZ4p6zVtuw1 HTTP/1.1" 400 36 "-" "Go-http-client/2.0"
::1 - - [28/Mar/2025:14:35:52 +0000] "POST /bank-account/publicTokenWebhook?uid=iyWQr1RjYGYoZgnuevZ4p6zVtuw1 HTTP/1.1" 400 36 "-" "Go-http-client/2.0"
::1 - - [28/Mar/2025:14:36:43 +0000] "POST /bank-account/publicTokenWebhook?uid=iyWQr1RjYGYoZgnuevZ4p6zVtuw1 HTTP/1.1" 400 36 "-" "Go-http-client/2.0"
::1 - - [28/Mar/2025:14:36:48 +0000] "POST /bank-account/publicTokenWebhook?uid=iyWQr1RjYGYoZgnuevZ4p6zVtuw1 HTTP/1.1" 400 36 "-" "Go-http-client/2.0"
::1 - - [28/Mar/2025:14:36:50 +0000] "POST /bank-account/publicTokenWebhook?uid=iyWQr1RjYGYoZgnuevZ4p6zVtuw1 HTTP/1.1" 400 36 "-" "Go-http-client/2.0"
::1 - - [28/Mar/2025:14:37:37 +0000] "POST /bank-account/publicTokenWebhook?uid=iyWQr1RjYGYoZgnuevZ4p6zVtuw1 HTTP/1.1" 400 36 "-" "Go-http-client/2.0"
::1 - - [28/Mar/2025:14:38:07 +0000] "POST /bank-account/publicTokenWebhook?uid=iyWQr1RjYGYoZgnuevZ4p6zVtuw1 HTTP/1.1" 400 36 "-" "Go-http-client/2.0"
::1 - - [28/Mar/2025:14:38:12 +0000] "POST /bank-account/publicTokenWebhook?uid=iyWQr1RjYGYoZgnuevZ4p6zVtuw1 HTTP/1.1" 400 36 "-" "Go-http-client/2.0"
::1 - - [28/Mar/2025:14:38:14 +0000] "POST /bank-account/publicTokenWebhook?uid=iyWQr1RjYGYoZgnuevZ4p6zVtuw1 HTTP/1.1" 400 36 "-" "Go-http-client/2.0"
::1 - - [28/Mar/2025:14:38:14 +0000] "POST /bank-account/publicTokenWebhook?uid=iyWQr1RjYGYoZgnuevZ4p6zVtuw1 HTTP/1.1" 400 36 "-" "Go-http-client/2.0"
::1 - - [28/Mar/2025:14:38:20 +0000] "POST /bank-account/publicTokenWebhook?uid=iyWQr1RjYGYoZgnuevZ4p6zVtuw1 HTTP/1.1" 400 36 "-" "Go-http-client/2.0"
::1 - - [28/Mar/2025:14:59:57 +0000] "POST /bank-account/publicTokenWebhook?uid=iyWQr1RjYGYoZgnuevZ4p6zVtuw1 HTTP/1.1" 400 36 "-" "Go-http-client/2.0"
::1 - - [28/Mar/2025:15:00:16 +0000] "POST /bank-account/publicTokenWebhook?uid=iyWQr1RjYGYoZgnuevZ4p6zVtuw1 HTTP/1.1" 400 36 "-" "Go-http-client/2.0"
::1 - - [28/Mar/2025:15:01:00 +0000] "POST /bank-account/publicTokenWebhook?uid=iyWQr1RjYGYoZgnuevZ4p6zVtuw1 HTTP/1.1" 400 36 "-" "Go-http-client/2.0"
::1 - - [28/Mar/2025:15:01:05 +0000] "POST /bank-account/publicTokenWebhook?uid=iyWQr1RjYGYoZgnuevZ4p6zVtuw1 HTTP/1.1" 400 36 "-" "Go-http-client/2.0"
::1 - - [28/Mar/2025:15:01:05 +0000] "POST /bank-account/publicTokenWebhook?uid=iyWQr1RjYGYoZgnuevZ4p6zVtuw1 HTTP/1.1" 400 32 "-" "Go-http-client/2.0"
::1 - - [28/Mar/2025:15:01:07 +0000] "POST /bank-account/publicTokenWebhook?uid=iyWQr1RjYGYoZgnuevZ4p6zVtuw1 HTTP/1.1" 400 36 "-" "Go-http-client/2.0"
::1 - - [28/Mar/2025:15:02:11 +0000] "POST /bank-account/publicTokenWebhook?uid=iyWQr1RjYGYoZgnuevZ4p6zVtuw1 HTTP/1.1" 400 36 "-" "Go-http-client/2.0"
::1 - - [28/Mar/2025:15:02:17 +0000] "POST /bank-account/publicTokenWebhook?uid=iyWQr1RjYGYoZgnuevZ4p6zVtuw1 HTTP/1.1" 400 32 "-" "Go-http-client/2.0"
::1 - - [28/Mar/2025:15:02:18 +0000] "POST /bank-account/publicTokenWebhook?uid=iyWQr1RjYGYoZgnuevZ4p6zVtuw1 HTTP/1.1" 400 36 "-" "Go-http-client/2.0"
::1 - - [28/Mar/2025:15:02:25 +0000] "POST /bank-account/publicTokenWebhook?uid=iyWQr1RjYGYoZgnuevZ4p6zVtuw1 HTTP/1.1" 400 36 "-" "Go-http-client/2.0"
::1 - - [28/Mar/2025:15:02:53 +0000] "POST /bank-account/publicTokenWebhook?uid=iyWQr1RjYGYoZgnuevZ4p6zVtuw1 HTTP/1.1" 400 36 "-" "Go-http-client/2.0"
::1 - - [28/Mar/2025:15:02:58 +0000] "POST /bank-account/publicTokenWebhook?uid=iyWQr1RjYGYoZgnuevZ4p6zVtuw1 HTTP/1.1" 400 32 "-" "Go-http-client/2.0"
::1 - - [28/Mar/2025:15:02:59 +0000] "POST /bank-account/publicTokenWebhook?uid=iyWQr1RjYGYoZgnuevZ4p6zVtuw1 HTTP/1.1" 400 36 "-" "Go-http-client/2.0"
::1 - - [28/Mar/2025:15:03:00 +0000] "POST /bank-account/publicTokenWebhook?uid=iyWQr1RjYGYoZgnuevZ4p6zVtuw1 HTTP/1.1" 400 36 "-" "Go-http-client/2.0"
::1 - - [28/Mar/2025:15:03:33 +0000] "POST /bank-account/publicTokenWebhook?uid=iyWQr1RjYGYoZgnuevZ4p6zVtuw1 HTTP/1.1" 400 36 "-" "Go-http-client/2.0"
::1 - - [28/Mar/2025:15:03:49 +0000] "POST /bank-account/publicTokenWebhook?uid=iyWQr1RjYGYoZgnuevZ4p6zVtuw1 HTTP/1.1" 400 36 "-" "Go-http-client/2.0"
::1 - - [28/Mar/2025:15:03:55 +0000] "POST /bank-account/publicTokenWebhook?uid=iyWQr1RjYGYoZgnuevZ4p6zVtuw1 HTTP/1.1" 400 32 "-" "Go-http-client/2.0"
::1 - - [28/Mar/2025:15:03:57 +0000] "POST /bank-account/publicTokenWebhook?uid=iyWQr1RjYGYoZgnuevZ4p6zVtuw1 HTTP/1.1" 400 36 "-" "Go-http-client/2.0"
::1 - - [28/Mar/2025:15:03:58 +0000] "POST /bank-account/publicTokenWebhook?uid=iyWQr1RjYGYoZgnuevZ4p6zVtuw1 HTTP/1.1" 400 36 "-" "Go-http-client/2.0"
::1 - - [28/Mar/2025:15:04:04 +0000] "POST /bank-account/publicTokenWebhook?uid=iyWQr1RjYGYoZgnuevZ4p6zVtuw1 HTTP/1.1" 400 36 "-" "Go-http-client/2.0"
::1 - - [28/Mar/2025:15:04:05 +0000] "POST /bank-account/publicTokenWebhook?uid=iyWQr1RjYGYoZgnuevZ4p6zVtuw1 HTTP/1.1" 400 36 "-" "Go-http-client/2.0"
::1 - - [28/Mar/2025:15:06:01 +0000] "POST /bank-account/publicTokenWebhook?uid=iyWQr1RjYGYoZgnuevZ4p6zVtuw1 HTTP/1.1" 400 36 "-" "Go-http-client/2.0"
::1 - - [28/Mar/2025:15:06:17 +0000] "POST /bank-account/publicTokenWebhook?uid=iyWQr1RjYGYoZgnuevZ4p6zVtuw1 HTTP/1.1" 400 36 "-" "Go-http-client/2.0"
::1 - - [28/Mar/2025:15:06:24 +0000] "POST /bank-account/publicTokenWebhook?uid=iyWQr1RjYGYoZgnuevZ4p6zVtuw1 HTTP/1.1" 400 36 "-" "Go-http-client/2.0"
::1 - - [28/Mar/2025:15:06:25 +0000] "POST /bank-account/publicTokenWebhook?uid=iyWQr1RjYGYoZgnuevZ4p6zVtuw1 HTTP/1.1" 400 36 "-" "Go-http-client/2.0"
::1 - - [28/Mar/2025:15:06:31 +0000] "POST /bank-account/publicTokenWebhook?uid=iyWQr1RjYGYoZgnuevZ4p6zVtuw1 HTTP/1.1" 400 36 "-" "Go-http-client/2.0"
::1 - - [28/Mar/2025:15:06:32 +0000] "POST /bank-account/publicTokenWebhook?uid=iyWQr1RjYGYoZgnuevZ4p6zVtuw1 HTTP/1.1" 400 36 "-" "Go-http-client/2.0"
::1 - - [28/Mar/2025:15:07:00 +0000] "POST /bank-account/publicTokenWebhook?uid=iyWQr1RjYGYoZgnuevZ4p6zVtuw1 HTTP/1.1" 400 36 "-" "Go-http-client/2.0"
::1 - - [28/Mar/2025:15:07:07 +0000] "POST /bank-account/publicTokenWebhook?uid=iyWQr1RjYGYoZgnuevZ4p6zVtuw1 HTTP/1.1" 400 36 "-" "Go-http-client/2.0"
::1 - - [28/Mar/2025:15:07:07 +0000] "POST /bank-account/publicTokenWebhook?uid=iyWQr1RjYGYoZgnuevZ4p6zVtuw1 HTTP/1.1" 400 36 "-" "Go-http-client/2.0"
::1 - - [28/Mar/2025:15:08:09 +0000] "POST /bank-account/publicTokenWebhook?uid=iyWQr1RjYGYoZgnuevZ4p6zVtuw1 HTTP/1.1" 400 36 "-" "Go-http-client/2.0"
::1 - - [28/Mar/2025:15:08:25 +0000] "POST /bank-account/publicTokenWebhook?uid=iyWQr1RjYGYoZgnuevZ4p6zVtuw1 HTTP/1.1" 400 36 "-" "Go-http-client/2.0"
::1 - - [28/Mar/2025:15:08:40 +0000] "POST /bank-account/publicTokenWebhook?uid=iyWQr1RjYGYoZgnuevZ4p6zVtuw1 HTTP/1.1" 400 36 "-" "Go-http-client/2.0"
::1 - - [28/Mar/2025:15:09:00 +0000] "POST /bank-account/publicTokenWebhook?uid=iyWQr1RjYGYoZgnuevZ4p6zVtuw1 HTTP/1.1" 400 36 "-" "Go-http-client/2.0"
::1 - - [28/Mar/2025:15:09:08 +0000] "POST /bank-account/publicTokenWebhook?uid=iyWQr1RjYGYoZgnuevZ4p6zVtuw1 HTTP/1.1" 400 36 "-" "Go-http-client/2.0"
::1 - - [28/Mar/2025:15:09:08 +0000] "POST /bank-account/publicTokenWebhook?uid=iyWQr1RjYGYoZgnuevZ4p6zVtuw1 HTTP/1.1" 400 36 "-" "Go-http-client/2.0"
::1 - - [28/Mar/2025:15:09:09 +0000] "POST /bank-account/publicTokenWebhook?uid=iyWQr1RjYGYoZgnuevZ4p6zVtuw1 HTTP/1.1" 400 36 "-" "Go-http-client/2.0"
::1 - - [28/Mar/2025:15:09:10 +0000] "POST /bank-account/publicTokenWebhook?uid=iyWQr1RjYGYoZgnuevZ4p6zVtuw1 HTTP/1.1" 400 36 "-" "Go-http-client/2.0"
::1 - - [28/Mar/2025:15:09:14 +0000] "POST /bank-account/publicTokenWebhook?uid=iyWQr1RjYGYoZgnuevZ4p6zVtuw1 HTTP/1.1" 400 36 "-" "Go-http-client/2.0"
::1 - - [28/Mar/2025:15:09:16 +0000] "POST /bank-account/publicTokenWebhook?uid=iyWQr1RjYGYoZgnuevZ4p6zVtuw1 HTTP/1.1" 400 36 "-" "Go-http-client/2.0"
::1 - - [28/Mar/2025:15:09:17 +0000] "POST /bank-account/publicTokenWebhook?uid=iyWQr1RjYGYoZgnuevZ4p6zVtuw1 HTTP/1.1" 400 36 "-" "Go-http-client/2.0"
::1 - - [28/Mar/2025:15:09:18 +0000] "POST /bank-account/publicTokenWebhook?uid=iyWQr1RjYGYoZgnuevZ4p6zVtuw1 HTTP/1.1" 400 36 "-" "Go-http-client/2.0"
::1 - - [29/Mar/2025:00:55:06 +0000] "POST /bank-account/publicTokenWebhook?uid=iyWQr1RjYGYoZgnuevZ4p6zVtuw1 HTTP/1.1" 400 36 "-" "Go-http-client/2.0"
::1 - - [29/Mar/2025:00:55:36 +0000] "POST /bank-account/publicTokenWebhook?uid=iyWQr1RjYGYoZgnuevZ4p6zVtuw1 HTTP/1.1" 400 36 "-" "Go-http-client/2.0"
::1 - - [29/Mar/2025:00:56:04 +0000] "POST /bank-account/publicTokenWebhook?uid=iyWQr1RjYGYoZgnuevZ4p6zVtuw1 HTTP/1.1" 400 36 "-" "Go-http-client/2.0"
::1 - - [29/Mar/2025:00:56:34 +0000] "POST /bank-account/publicTokenWebhook?uid=iyWQr1RjYGYoZgnuevZ4p6zVtuw1 HTTP/1.1" 400 36 "-" "Go-http-client/2.0"
::1 - - [29/Mar/2025:00:57:37 +0000] "POST /bank-account/publicTokenWebhook?uid=iyWQr1RjYGYoZgnuevZ4p6zVtuw1 HTTP/1.1" 400 36 "-" "Go-http-client/2.0"
::1 - - [29/Mar/2025:00:58:34 +0000] "POST /bank-account/publicTokenWebhook?uid=iyWQr1RjYGYoZgnuevZ4p6zVtuw1 HTTP/1.1" 400 36 "-" "Go-http-client/2.0"
::1 - - [29/Mar/2025:00:59:57 +0000] "POST /bank-account/publicTokenWebhook?uid=iyWQr1RjYGYoZgnuevZ4p6zVtuw1 HTTP/1.1" 400 36 "-" "Go-http-client/2.0"
::1 - - [29/Mar/2025:01:00:27 +0000] "POST /bank-account/publicTokenWebhook?uid=iyWQr1RjYGYoZgnuevZ4p6zVtuw1 HTTP/1.1" 400 36 "-" "Go-http-client/2.0"
::1 - - [29/Mar/2025:01:02:28 +0000] "POST /bank-account/publicTokenWebhook?uid=iyWQr1RjYGYoZgnuevZ4p6zVtuw1 HTTP/1.1" 400 36 "-" "Go-http-client/2.0"
::1 - - [29/Mar/2025:01:05:37 +0000] "POST /bank-account/publicTokenWebhook?uid=iyWQr1RjYGYoZgnuevZ4p6zVtuw1 HTTP/1.1" 400 36 "-" "Go-http-client/2.0"
::1 - - [29/Mar/2025:01:06:35 +0000] "POST /bank-account/publicTokenWebhook?uid=iyWQr1RjYGYoZgnuevZ4p6zVtuw1 HTTP/1.1" 400 36 "-" "Go-http-client/2.0"
::1 - - [29/Mar/2025:01:10:28 +0000] "POST /bank-account/publicTokenWebhook?uid=iyWQr1RjYGYoZgnuevZ4p6zVtuw1 HTTP/1.1" 400 36 "-" "Go-http-client/2.0"
::1 - - [29/Mar/2025:01:32:06 +0000] "POST /bank-account/publicTokenWebhook?uid=iyWQr1RjYGYoZgnuevZ4p6zVtuw1 HTTP/1.1" 400 36 "-" "Go-http-client/2.0"
::1 - - [29/Mar/2025:01:32:37 +0000] "POST /bank-account/publicTokenWebhook?uid=iyWQr1RjYGYoZgnuevZ4p6zVtuw1 HTTP/1.1" 400 36 "-" "Go-http-client/2.0"
::1 - - [29/Mar/2025:01:34:37 +0000] "POST /bank-account/publicTokenWebhook?uid=iyWQr1RjYGYoZgnuevZ4p6zVtuw1 HTTP/1.1" 400 36 "-" "Go-http-client/2.0"
::1 - - [29/Mar/2025:01:35:36 +0000] "POST /bank-account/publicTokenWebhook?uid=iyWQr1RjYGYoZgnuevZ4p6zVtuw1 HTTP/1.1" 400 36 "-" "Go-http-client/2.0"
::1 - - [29/Mar/2025:01:36:07 +0000] "POST /bank-account/publicTokenWebhook?uid=iyWQr1RjYGYoZgnuevZ4p6zVtuw1 HTTP/1.1" 400 36 "-" "Go-http-client/2.0"
::1 - - [29/Mar/2025:01:36:52 +0000] "POST /bank-account/publicTokenWebhook?uid=iyWQr1RjYGYoZgnuevZ4p6zVtuw1 HTTP/1.1" 400 36 "-" "Go-http-client/2.0"
::1 - - [29/Mar/2025:01:37:23 +0000] "POST /bank-account/publicTokenWebhook?uid=iyWQr1RjYGYoZgnuevZ4p6zVtuw1 HTTP/1.1" 400 36 "-" "Go-http-client/2.0"
::1 - - [29/Mar/2025:01:37:36 +0000] "POST /bank-account/publicTokenWebhook?uid=iyWQr1RjYGYoZgnuevZ4p6zVtuw1 HTTP/1.1" 400 36 "-" "Go-http-client/2.0"
::1 - - [29/Mar/2025:01:38:07 +0000] "POST /bank-account/publicTokenWebhook?uid=iyWQr1RjYGYoZgnuevZ4p6zVtuw1 HTTP/1.1" 400 36 "-" "Go-http-client/2.0"
::1 - - [29/Mar/2025:01:38:34 +0000] "POST /bank-account/publicTokenWebhook?uid=iyWQr1RjYGYoZgnuevZ4p6zVtuw1 HTTP/1.1" 400 36 "-" "Go-http-client/2.0"
::1 - - [29/Mar/2025:01:39:23 +0000] "POST /bank-account/publicTokenWebhook?uid=iyWQr1RjYGYoZgnuevZ4p6zVtuw1 HTTP/1.1" 400 36 "-" "Go-http-client/2.0"
::1 - - [29/Mar/2025:01:42:27 +0000] "POST /bank-account/publicTokenWebhook?uid=iyWQr1RjYGYoZgnuevZ4p6zVtuw1 HTTP/1.1" 400 36 "-" "Go-http-client/2.0"
::1 - - [29/Mar/2025:01:42:37 +0000] "POST /bank-account/publicTokenWebhook?uid=iyWQr1RjYGYoZgnuevZ4p6zVtuw1 HTTP/1.1" 400 36 "-" "Go-http-client/2.0"
::1 - - [29/Mar/2025:01:44:26 +0000] "POST /bank-account/publicTokenWebhook?uid=iyWQr1RjYGYoZgnuevZ4p6zVtuw1 HTTP/1.1" 400 36 "-" "Go-http-client/2.0"
::1 - - [29/Mar/2025:01:44:57 +0000] "POST /bank-account/publicTokenWebhook?uid=iyWQr1RjYGYoZgnuevZ4p6zVtuw1 HTTP/1.1" 400 36 "-" "Go-http-client/2.0"
::1 - - [29/Mar/2025:01:46:07 +0000] "POST /bank-account/publicTokenWebhook?uid=iyWQr1RjYGYoZgnuevZ4p6zVtuw1 HTTP/1.1" 400 36 "-" "Go-http-client/2.0"
::1 - - [29/Mar/2025:01:46:57 +0000] "POST /bank-account/publicTokenWebhook?uid=iyWQr1RjYGYoZgnuevZ4p6zVtuw1 HTTP/1.1" 400 36 "-" "Go-http-client/2.0"
::1 - - [29/Mar/2025:01:47:23 +0000] "POST /bank-account/publicTokenWebhook?uid=iyWQr1RjYGYoZgnuevZ4p6zVtuw1 HTTP/1.1" 400 36 "-" "Go-http-client/2.0"
::1 - - [29/Mar/2025:01:54:57 +0000] "POST /bank-account/publicTokenWebhook?uid=iyWQr1RjYGYoZgnuevZ4p6zVtuw1 HTTP/1.1" 400 36 "-" "Go-http-client/2.0"
::1 - - [29/Mar/2025:02:14:36 +0000] "POST /bank-account/publicTokenWebhook?uid=iyWQr1RjYGYoZgnuevZ4p6zVtuw1 HTTP/1.1" 400 36 "-" "Go-http-client/2.0"
::1 - - [29/Mar/2025:02:18:06 +0000] "POST /bank-account/publicTokenWebhook?uid=iyWQr1RjYGYoZgnuevZ4p6zVtuw1 HTTP/1.1" 400 36 "-" "Go-http-client/2.0"
::1 - - [29/Mar/2025:02:19:23 +0000] "POST /bank-account/publicTokenWebhook?uid=iyWQr1RjYGYoZgnuevZ4p6zVtuw1 HTTP/1.1" 400 36 "-" "Go-http-client/2.0"
::1 - - [29/Mar/2025:02:26:56 +0000] "POST /bank-account/publicTokenWebhook?uid=iyWQr1RjYGYoZgnuevZ4p6zVtuw1 HTTP/1.1" 400 36 "-" "Go-http-client/2.0"
::1 - - [29/Mar/2025:03:45:36 +0000] "POST /bank-account/publicTokenWebhook?uid=iyWQr1RjYGYoZgnuevZ4p6zVtuw1 HTTP/1.1" 400 36 "-" "Go-http-client/2.0"
::1 - - [29/Mar/2025:03:46:34 +0000] "POST /bank-account/publicTokenWebhook?uid=iyWQr1RjYGYoZgnuevZ4p6zVtuw1 HTTP/1.1" 400 36 "-" "Go-http-client/2.0"
::1 - - [29/Mar/2025:03:50:27 +0000] "POST /bank-account/publicTokenWebhook?uid=iyWQr1RjYGYoZgnuevZ4p6zVtuw1 HTTP/1.1" 400 36 "-" "Go-http-client/2.0"
