2/24/2025, 10:35:29 AM [info]  Message :  server started on port number 3000 }
2/24/2025, 10:35:29 AM [debug]  Message :  CLIENT CONNECTED with ID -  CRDreSVt4mqTrMxlAAAB
2/24/2025, 10:35:34 AM [info]  Message :  Database Connected (production) : ac-hbi6taw-shard-00-02.lrqxoge.mongodb.net
2/24/2025, 10:37:12 AM [info]  Message :  server started on port number 3000 }
2/24/2025, 10:37:12 AM [debug]  Message :  CLIENT CONNECTED with ID -  5jCXm8Vw0q_Zt1CyAAAB
2/24/2025, 10:37:18 AM [info]  Message :  Database Connected (production) : ac-hbi6taw-shard-00-02.lrqxoge.mongodb.net
2/24/2025, 11:20:59 AM [warn]  Message :  CLIENT DISCONNECTED with ID -  5jCXm8Vw0q_Zt1CyAAAB
2/24/2025, 11:21:00 AM [debug]  Message :  CLIENT CONNECTED with ID -  llFZhmP8sPPrRNd1AAAD
2/24/2025, 10:09:15 PM [warn]  Message :  CLIENT DISCONNECTED with ID -  llFZhmP8sPPrRNd1AAAD
2/24/2025, 10:09:16 PM [debug]  Message :  CLIENT CONNECTED with ID -  4Vpx6Ij5IoLiX_Q4AAAF
2/25/2025, 12:51:22 AM [warn]  Message :  CLIENT DISCONNECTED with ID -  4Vpx6Ij5IoLiX_Q4AAAF
2/25/2025, 12:51:24 AM [debug]  Message :  CLIENT CONNECTED with ID -  HudPJOJMlvVpzkNaAAAH
2/25/2025, 1:43:21 AM [warn]  Message :  CLIENT DISCONNECTED with ID -  HudPJOJMlvVpzkNaAAAH
2/25/2025, 1:43:22 AM [debug]  Message :  CLIENT CONNECTED with ID -  YvgCtxAWf_Vb2UedAAAJ
2/25/2025, 3:46:17 AM [warn]  Message :  CLIENT DISCONNECTED with ID -  YvgCtxAWf_Vb2UedAAAJ
2/25/2025, 3:46:18 AM [debug]  Message :  CLIENT CONNECTED with ID -  1ua9VhS5hhv4LFZkAAAL
2/25/2025, 7:28:11 AM [error]  Message :  unauthorized, there is no access token but refesh token
2/25/2025, 7:28:34 AM [warn]  Message :  CLIENT DISCONNECTED with ID -  1ua9VhS5hhv4LFZkAAAL
2/25/2025, 7:28:35 AM [debug]  Message :  CLIENT CONNECTED with ID -  Ms33Wc7cHtIiWK2GAAAN
2/25/2025, 7:29:32 AM [info]  Message :  Success sending email {"accepted":["wnzpqrcdf9@privaterelay.appleid.com"],"rejected":[],"ehlo":["PIPELINING","SIZE 104857600","ETRN","AUTH PLAIN LOGIN","AUTH=PLAIN LOGIN","ENHANCEDSTATUSCODES","8BITMIME","DSN"],"envelopeTime":1078,"messageTime":2700,"messageSize":1885,"response":"250 2.0.0 Ok: queued as 8B78C92934","envelope":{"from":"support@expensesmanager.app","to":["wnzpqrcdf9@privaterelay.appleid.com"]},"messageId":"<617750f6-112d-2adb-5a17-440c2d46ec06@expensesmanager.app>"}
2/25/2025, 8:02:25 AM [warn]  Message :  CLIENT DISCONNECTED with ID -  Ms33Wc7cHtIiWK2GAAAN
2/25/2025, 8:02:26 AM [debug]  Message :  CLIENT CONNECTED with ID -  ePAIdOD9PJrzIjLfAAAP
2/25/2025, 8:03:08 AM [warn]  Message :  CLIENT DISCONNECTED with ID -  ePAIdOD9PJrzIjLfAAAP
2/25/2025, 8:03:10 AM [debug]  Message :  CLIENT CONNECTED with ID -  bDSVRFHyIyBq8XgoAAAR
2/25/2025, 8:03:32 AM [warn]  Message :  CLIENT DISCONNECTED with ID -  bDSVRFHyIyBq8XgoAAAR
2/25/2025, 8:03:34 AM [debug]  Message :  CLIENT CONNECTED with ID -  rBczmLnm5dJbtMb8AAAT
2/25/2025, 8:04:22 AM [warn]  Message :  CLIENT DISCONNECTED with ID -  rBczmLnm5dJbtMb8AAAT
2/25/2025, 8:04:24 AM [debug]  Message :  CLIENT CONNECTED with ID -  ypHk-JGzJfc2YNQ0AAAV
2/25/2025, 8:21:40 AM [warn]  Message :  CLIENT DISCONNECTED with ID -  ypHk-JGzJfc2YNQ0AAAV
2/25/2025, 8:21:41 AM [debug]  Message :  CLIENT CONNECTED with ID -  VqBbVY8UIHQSCcswAAAX
2/25/2025, 8:40:13 AM [warn]  Message :  CLIENT DISCONNECTED with ID -  VqBbVY8UIHQSCcswAAAX
2/25/2025, 8:40:15 AM [debug]  Message :  CLIENT CONNECTED with ID -  PctdHfn57QUIQ9oaAAAZ
2/25/2025, 8:45:17 AM [warn]  Message :  CLIENT DISCONNECTED with ID -  PctdHfn57QUIQ9oaAAAZ
2/25/2025, 8:45:19 AM [debug]  Message :  CLIENT CONNECTED with ID -  rjPw96g_Qp0ot3dfAAAb
2/25/2025, 8:48:34 AM [warn]  Message :  CLIENT DISCONNECTED with ID -  rjPw96g_Qp0ot3dfAAAb
2/25/2025, 8:48:35 AM [debug]  Message :  CLIENT CONNECTED with ID -  vmIdg-QhwJeBIEQJAAAd
2/25/2025, 10:52:22 AM [warn]  Message :  CLIENT DISCONNECTED with ID -  vmIdg-QhwJeBIEQJAAAd
2/25/2025, 10:52:23 AM [debug]  Message :  CLIENT CONNECTED with ID -  h6GePPnoJiRhhxRHAAAf
2/25/2025, 10:54:29 AM [warn]  Message :  CLIENT DISCONNECTED with ID -  h6GePPnoJiRhhxRHAAAf
2/25/2025, 10:54:31 AM [debug]  Message :  CLIENT CONNECTED with ID -  7lQIqnrkZEIqWgRsAAAh
2/25/2025, 11:04:41 AM [warn]  Message :  CLIENT DISCONNECTED with ID -  7lQIqnrkZEIqWgRsAAAh
2/25/2025, 11:04:42 AM [debug]  Message :  CLIENT CONNECTED with ID -  HKxvG_JqofyYKDeUAAAj
2/25/2025, 11:21:09 AM [warn]  Message :  CLIENT DISCONNECTED with ID -  HKxvG_JqofyYKDeUAAAj
2/25/2025, 11:21:11 AM [debug]  Message :  CLIENT CONNECTED with ID -  kXNT7r5iINVPyoqyAAAl
2/25/2025, 12:35:27 PM [warn]  Message :  CLIENT DISCONNECTED with ID -  kXNT7r5iINVPyoqyAAAl
2/25/2025, 12:35:28 PM [debug]  Message :  CLIENT CONNECTED with ID -  wox_KlTAFT5ieCE4AAAn
2/25/2025, 12:52:20 PM [warn]  Message :  CLIENT DISCONNECTED with ID -  wox_KlTAFT5ieCE4AAAn
2/25/2025, 12:52:21 PM [debug]  Message :  CLIENT CONNECTED with ID -  0XmKlaLtksTNmXpRAAAp
2/25/2025, 2:28:29 PM [warn]  Message :  CLIENT DISCONNECTED with ID -  0XmKlaLtksTNmXpRAAAp
2/25/2025, 2:28:31 PM [debug]  Message :  CLIENT CONNECTED with ID -  AQyKAegnIsi65ZmbAAAr
2/25/2025, 2:44:41 PM [warn]  Message :  CLIENT DISCONNECTED with ID -  AQyKAegnIsi65ZmbAAAr
2/25/2025, 2:44:44 PM [debug]  Message :  CLIENT CONNECTED with ID -  WCmcx-wsSICjFeLRAAAt
2/25/2025, 3:02:28 PM [warn]  Message :  CLIENT DISCONNECTED with ID -  WCmcx-wsSICjFeLRAAAt
2/25/2025, 3:02:29 PM [debug]  Message :  CLIENT CONNECTED with ID -  aqyZRkiZnM6VdGHMAAAv
2/25/2025, 3:19:26 PM [warn]  Message :  CLIENT DISCONNECTED with ID -  aqyZRkiZnM6VdGHMAAAv
2/25/2025, 3:19:28 PM [debug]  Message :  CLIENT CONNECTED with ID -  V5fmb9AtjydcSk5XAAAx
2/25/2025, 3:35:10 PM [warn]  Message :  CLIENT DISCONNECTED with ID -  V5fmb9AtjydcSk5XAAAx
2/25/2025, 3:35:12 PM [debug]  Message :  CLIENT CONNECTED with ID -  RisjMSX79wyvZ4S_AAAz
2/25/2025, 3:51:15 PM [warn]  Message :  CLIENT DISCONNECTED with ID -  RisjMSX79wyvZ4S_AAAz
2/25/2025, 3:51:17 PM [debug]  Message :  CLIENT CONNECTED with ID -  UNDNdJQBe3WnEb6oAAA1
2/25/2025, 4:07:17 PM [warn]  Message :  CLIENT DISCONNECTED with ID -  UNDNdJQBe3WnEb6oAAA1
2/25/2025, 4:07:19 PM [debug]  Message :  CLIENT CONNECTED with ID -  7G9S-BVQVknfqXf5AAA3
2/25/2025, 4:46:21 PM [warn]  Message :  CLIENT DISCONNECTED with ID -  7G9S-BVQVknfqXf5AAA3
2/25/2025, 4:46:22 PM [debug]  Message :  CLIENT CONNECTED with ID -  vI793fB5Gh3Z2i_AAAA5
2/25/2025, 4:50:46 PM [warn]  Message :  CLIENT DISCONNECTED with ID -  vI793fB5Gh3Z2i_AAAA5
2/25/2025, 4:50:47 PM [debug]  Message :  CLIENT CONNECTED with ID -  M7cUk3Sv4X88P-o_AAA7
2/25/2025, 5:07:09 PM [warn]  Message :  CLIENT DISCONNECTED with ID -  M7cUk3Sv4X88P-o_AAA7
2/25/2025, 5:07:09 PM [debug]  Message :  CLIENT CONNECTED with ID -  9GhZcyRMCloDTmyPAAA9
2/25/2025, 6:36:50 PM [warn]  Message :  CLIENT DISCONNECTED with ID -  9GhZcyRMCloDTmyPAAA9
2/25/2025, 6:36:52 PM [debug]  Message :  CLIENT CONNECTED with ID -  H6fTR0DTHHzMwebNAAA_
2/25/2025, 6:51:48 PM [warn]  Message :  CLIENT DISCONNECTED with ID -  H6fTR0DTHHzMwebNAAA_
2/25/2025, 6:51:50 PM [debug]  Message :  CLIENT CONNECTED with ID -  iDASL8s9bVjTFfJ2AABB
2/25/2025, 7:07:49 PM [warn]  Message :  CLIENT DISCONNECTED with ID -  iDASL8s9bVjTFfJ2AABB
2/25/2025, 7:07:50 PM [debug]  Message :  CLIENT CONNECTED with ID -  -c-u8fSenkyVLRNzAABD
2/25/2025, 7:25:17 PM [warn]  Message :  CLIENT DISCONNECTED with ID -  -c-u8fSenkyVLRNzAABD
2/25/2025, 7:25:20 PM [debug]  Message :  CLIENT CONNECTED with ID -  4Ude7igqL8H9n5RBAABF
2/25/2025, 7:43:18 PM [warn]  Message :  CLIENT DISCONNECTED with ID -  4Ude7igqL8H9n5RBAABF
2/25/2025, 7:43:20 PM [debug]  Message :  CLIENT CONNECTED with ID -  6RnE6NO-UKLoT82SAABH
2/25/2025, 7:52:43 PM [warn]  Message :  CLIENT DISCONNECTED with ID -  6RnE6NO-UKLoT82SAABH
2/25/2025, 7:52:45 PM [debug]  Message :  CLIENT CONNECTED with ID -  LAcOYkXskuozSsELAABJ
2/25/2025, 8:09:24 PM [warn]  Message :  CLIENT DISCONNECTED with ID -  LAcOYkXskuozSsELAABJ
2/25/2025, 8:09:26 PM [debug]  Message :  CLIENT CONNECTED with ID -  BlsVpFh6J6ZcjOAYAABL
2/25/2025, 8:25:39 PM [warn]  Message :  CLIENT DISCONNECTED with ID -  BlsVpFh6J6ZcjOAYAABL
2/25/2025, 8:25:41 PM [debug]  Message :  CLIENT CONNECTED with ID -  fnAKDZpGxOSxX8TTAABN
2/25/2025, 8:41:28 PM [warn]  Message :  CLIENT DISCONNECTED with ID -  fnAKDZpGxOSxX8TTAABN
2/25/2025, 8:41:29 PM [debug]  Message :  CLIENT CONNECTED with ID -  Gumbb3QA3RSKFyYDAABP
2/25/2025, 8:53:47 PM [warn]  Message :  CLIENT DISCONNECTED with ID -  Gumbb3QA3RSKFyYDAABP
2/25/2025, 8:53:48 PM [debug]  Message :  CLIENT CONNECTED with ID -  JhFF5DhCQ-j5_WXBAABR
2/25/2025, 8:59:30 PM [warn]  Message :  CLIENT DISCONNECTED with ID -  JhFF5DhCQ-j5_WXBAABR
2/25/2025, 8:59:32 PM [debug]  Message :  CLIENT CONNECTED with ID -  59CUP0KDC4UeuV5iAABT
2/25/2025, 9:08:04 PM [warn]  Message :  CLIENT DISCONNECTED with ID -  59CUP0KDC4UeuV5iAABT
2/25/2025, 9:08:05 PM [debug]  Message :  CLIENT CONNECTED with ID -  0onrZYW92YTdU_DjAABV
2/25/2025, 9:29:10 PM [error]  Message :  unauthorized, there is no access token but refesh token
2/25/2025, 9:29:10 PM [warn]  Message :  CLIENT DISCONNECTED with ID -  0onrZYW92YTdU_DjAABV
2/25/2025, 9:29:10 PM [error]  Message :  unauthorized, there is no access token but refesh token
2/25/2025, 9:36:16 PM [debug]  Message :  CLIENT CONNECTED with ID -  bFz5pWreKNpghMHbAABX
2/25/2025, 11:58:17 PM [warn]  Message :  CLIENT DISCONNECTED with ID -  bFz5pWreKNpghMHbAABX
2/25/2025, 11:58:18 PM [debug]  Message :  CLIENT CONNECTED with ID -  TpBCOnaYSziRFAL0AABZ
2/26/2025, 12:03:37 AM [warn]  Message :  CLIENT DISCONNECTED with ID -  TpBCOnaYSziRFAL0AABZ
2/26/2025, 12:03:38 AM [debug]  Message :  CLIENT CONNECTED with ID -  5WfB5zoZZ0kO7bMYAABb
2/26/2025, 12:19:27 AM [warn]  Message :  CLIENT DISCONNECTED with ID -  5WfB5zoZZ0kO7bMYAABb
2/26/2025, 12:19:28 AM [debug]  Message :  CLIENT CONNECTED with ID -  e-Av8dWKeyxYLp9fAABd
2/26/2025, 12:23:40 AM [warn]  Message :  CLIENT DISCONNECTED with ID -  e-Av8dWKeyxYLp9fAABd
2/26/2025, 12:23:41 AM [debug]  Message :  CLIENT CONNECTED with ID -  U40eQ5DV10Bdw-uQAABf
2/26/2025, 12:29:34 AM [warn]  Message :  CLIENT DISCONNECTED with ID -  U40eQ5DV10Bdw-uQAABf
2/26/2025, 12:29:35 AM [debug]  Message :  CLIENT CONNECTED with ID -  qHSVMloMVKeOQHY0AABh
2/26/2025, 12:33:17 AM [warn]  Message :  CLIENT DISCONNECTED with ID -  qHSVMloMVKeOQHY0AABh
2/26/2025, 12:33:19 AM [debug]  Message :  CLIENT CONNECTED with ID -  sLlqhcA1ITNe-6QaAABj
2/26/2025, 12:34:38 AM [warn]  Message :  CLIENT DISCONNECTED with ID -  sLlqhcA1ITNe-6QaAABj
2/26/2025, 12:34:39 AM [debug]  Message :  CLIENT CONNECTED with ID -  997_FU446taArD_5AABl
2/26/2025, 12:37:21 AM [warn]  Message :  CLIENT DISCONNECTED with ID -  997_FU446taArD_5AABl
2/26/2025, 12:37:23 AM [debug]  Message :  CLIENT CONNECTED with ID -  VonqOqN5zvJBf3MCAABn
2/26/2025, 12:39:24 AM [warn]  Message :  CLIENT DISCONNECTED with ID -  VonqOqN5zvJBf3MCAABn
2/26/2025, 12:39:26 AM [debug]  Message :  CLIENT CONNECTED with ID -  GN6uuuYQTza1T7ldAABp
2/26/2025, 12:43:21 AM [warn]  Message :  CLIENT DISCONNECTED with ID -  GN6uuuYQTza1T7ldAABp
2/26/2025, 12:43:22 AM [debug]  Message :  CLIENT CONNECTED with ID -  aM1oWD2aERTC-GP_AABr
2/26/2025, 12:59:37 AM [warn]  Message :  CLIENT DISCONNECTED with ID -  aM1oWD2aERTC-GP_AABr
2/26/2025, 12:59:39 AM [debug]  Message :  CLIENT CONNECTED with ID -  K9pTVbK6EAQ03gcSAABt
2/26/2025, 1:16:17 AM [warn]  Message :  CLIENT DISCONNECTED with ID -  K9pTVbK6EAQ03gcSAABt
2/26/2025, 1:16:19 AM [debug]  Message :  CLIENT CONNECTED with ID -  97NDdMBGCGcD_WujAABv
2/26/2025, 1:32:08 AM [warn]  Message :  CLIENT DISCONNECTED with ID -  97NDdMBGCGcD_WujAABv
2/26/2025, 1:32:10 AM [debug]  Message :  CLIENT CONNECTED with ID -  YLXEl1TNeH6KhZAsAABx
2/26/2025, 1:49:59 AM [warn]  Message :  CLIENT DISCONNECTED with ID -  YLXEl1TNeH6KhZAsAABx
2/26/2025, 1:50:00 AM [debug]  Message :  CLIENT CONNECTED with ID -  mCnW4tDh_h-6hczkAABz
2/26/2025, 2:59:56 AM [warn]  Message :  CLIENT DISCONNECTED with ID -  mCnW4tDh_h-6hczkAABz
2/26/2025, 2:59:57 AM [debug]  Message :  CLIENT CONNECTED with ID -  Gu4cmn2xvVTe7nbvAAB1
2/26/2025, 3:15:46 AM [warn]  Message :  CLIENT DISCONNECTED with ID -  Gu4cmn2xvVTe7nbvAAB1
2/26/2025, 3:15:48 AM [debug]  Message :  CLIENT CONNECTED with ID -  Uzii1WnGDWy85lHrAAB3
2/26/2025, 3:33:57 AM [warn]  Message :  CLIENT DISCONNECTED with ID -  Uzii1WnGDWy85lHrAAB3
2/26/2025, 3:33:58 AM [debug]  Message :  CLIENT CONNECTED with ID -  veMaljRhdJEHkHaLAAB5
2/26/2025, 3:52:13 AM [warn]  Message :  CLIENT DISCONNECTED with ID -  veMaljRhdJEHkHaLAAB5
2/26/2025, 3:52:14 AM [debug]  Message :  CLIENT CONNECTED with ID -  W_99dXjDbLNARZU0AAB7
2/26/2025, 4:08:25 AM [warn]  Message :  CLIENT DISCONNECTED with ID -  W_99dXjDbLNARZU0AAB7
2/26/2025, 4:08:27 AM [debug]  Message :  CLIENT CONNECTED with ID -  nBROAZ9RfrBZHCd9AAB9
2/26/2025, 4:25:27 AM [warn]  Message :  CLIENT DISCONNECTED with ID -  nBROAZ9RfrBZHCd9AAB9
2/26/2025, 4:25:29 AM [debug]  Message :  CLIENT CONNECTED with ID -  eDtQ82-_h9HeB2MHAAB_
2/26/2025, 4:35:03 AM [warn]  Message :  CLIENT DISCONNECTED with ID -  eDtQ82-_h9HeB2MHAAB_
2/26/2025, 4:35:05 AM [debug]  Message :  CLIENT CONNECTED with ID -  22BGAZ6TG57jscUDAACB
2/26/2025, 4:51:01 AM [warn]  Message :  CLIENT DISCONNECTED with ID -  22BGAZ6TG57jscUDAACB
2/26/2025, 4:51:03 AM [debug]  Message :  CLIENT CONNECTED with ID -  DWVQjyRRi9iK4SqOAACD
2/26/2025, 4:53:43 AM [warn]  Message :  CLIENT DISCONNECTED with ID -  DWVQjyRRi9iK4SqOAACD
2/26/2025, 4:53:44 AM [debug]  Message :  CLIENT CONNECTED with ID -  ZpmwJeI3er66t_rJAACF
2/26/2025, 4:55:31 AM [warn]  Message :  CLIENT DISCONNECTED with ID -  ZpmwJeI3er66t_rJAACF
2/26/2025, 4:55:33 AM [debug]  Message :  CLIENT CONNECTED with ID -  0hMxbcTlCV7WPgNdAACH
2/26/2025, 4:55:42 AM [warn]  Message :  CLIENT DISCONNECTED with ID -  0hMxbcTlCV7WPgNdAACH
2/26/2025, 4:55:44 AM [debug]  Message :  CLIENT CONNECTED with ID -  KAEbt1LYHuwlE4KxAACJ
2/26/2025, 5:05:01 AM [warn]  Message :  CLIENT DISCONNECTED with ID -  KAEbt1LYHuwlE4KxAACJ
2/26/2025, 5:05:03 AM [debug]  Message :  CLIENT CONNECTED with ID -  uw5_hLpikh30I2DtAACL
2/26/2025, 5:22:55 AM [warn]  Message :  CLIENT DISCONNECTED with ID -  uw5_hLpikh30I2DtAACL
2/26/2025, 5:22:56 AM [debug]  Message :  CLIENT CONNECTED with ID -  nbP03h0GogNaqWc1AACN
2/26/2025, 5:29:12 AM [warn]  Message :  CLIENT DISCONNECTED with ID -  nbP03h0GogNaqWc1AACN
2/26/2025, 5:29:13 AM [debug]  Message :  CLIENT CONNECTED with ID -  Xzvd8gHjvo-2ThJhAACP
