2/26/2025, 5:33:34 AM [info]  Message :  server started on port number 3000 }
2/26/2025, 5:35:10 AM [info]  Message :  server started on port number 3000 }
2/26/2025, 5:35:14 AM [info]  Message :  Database Connected (production) : ac-hbi6taw-shard-00-02.lrqxoge.mongodb.net
2/26/2025, 5:35:16 AM [debug]  Message :  CLIENT CONNECTED with ID -  WbE0X-ohcoemwlzpAAAB
2/26/2025, 5:36:05 AM [info]  Message :  server started on port number 3000 }
2/26/2025, 5:36:05 AM [debug]  Message :  CLIENT CONNECTED with ID -  oWIqjiRIVe1KG1k7AAAB
2/26/2025, 5:36:09 AM [info]  Message :  Database Connected (production) : ac-hbi6taw-shard-00-01.lrqxoge.mongodb.net
2/26/2025, 5:36:14 AM [info]  Message :  server started on port number 3000 }
2/26/2025, 5:36:15 AM [debug]  Message :  CLIENT CONNECTED with ID -  yknn0dbuqgfdf13LAAAB
2/26/2025, 5:36:19 AM [info]  Message :  Database Connected (production) : ac-hbi6taw-shard-00-00.lrqxoge.mongodb.net
2/26/2025, 5:37:07 AM [info]  Message :  server started on port number 3000 }
2/26/2025, 5:37:07 AM [debug]  Message :  CLIENT CONNECTED with ID -  bNVAVMvRLguRV88kAAAB
2/26/2025, 5:37:11 AM [info]  Message :  Database Connected (production) : ac-hbi6taw-shard-00-01.lrqxoge.mongodb.net
2/26/2025, 5:37:20 AM [info]  Message :  server started on port number 3000 }
2/26/2025, 5:37:21 AM [debug]  Message :  CLIENT CONNECTED with ID -  DFjY-ryESJBWUO45AAAB
2/26/2025, 5:37:24 AM [info]  Message :  Database Connected (production) : ac-hbi6taw-shard-00-00.lrqxoge.mongodb.net
2/26/2025, 5:37:30 AM [info]  Message :  server started on port number 3000 }
2/26/2025, 5:37:31 AM [debug]  Message :  CLIENT CONNECTED with ID -  kPA81OChiNwTInu9AAAB
2/26/2025, 5:37:35 AM [info]  Message :  Database Connected (production) : ac-hbi6taw-shard-00-01.lrqxoge.mongodb.net
2/26/2025, 5:37:39 AM [info]  Message :  server started on port number 3000 }
2/26/2025, 5:37:40 AM [debug]  Message :  CLIENT CONNECTED with ID -  BELxIE5qX5PHrQ5qAAAB
2/26/2025, 5:37:44 AM [info]  Message :  Database Connected (production) : ac-hbi6taw-shard-00-02.lrqxoge.mongodb.net
2/26/2025, 5:37:47 AM [info]  Message :  server started on port number 3000 }
2/26/2025, 5:37:49 AM [debug]  Message :  CLIENT CONNECTED with ID -  cZR6GiScMd_fdXvMAAAB
2/26/2025, 5:37:52 AM [info]  Message :  Database Connected (production) : ac-hbi6taw-shard-00-01.lrqxoge.mongodb.net
2/26/2025, 5:37:57 AM [info]  Message :  server started on port number 3000 }
2/26/2025, 5:37:58 AM [debug]  Message :  CLIENT CONNECTED with ID -  igTs1Ipz22gMVHUSAAAB
2/26/2025, 5:38:01 AM [info]  Message :  Database Connected (production) : ac-hbi6taw-shard-00-01.lrqxoge.mongodb.net
2/26/2025, 5:38:52 AM [info]  Message :  server started on port number 3000 }
2/26/2025, 5:38:53 AM [debug]  Message :  CLIENT CONNECTED with ID -  IgRq74LZXBbXh5-oAAAB
2/26/2025, 5:38:55 AM [info]  Message :  Database Connected (production) : ac-hbi6taw-shard-00-00.lrqxoge.mongodb.net
2/26/2025, 5:40:41 AM [info]  Message :  server started on port number 3000 }
2/26/2025, 5:40:42 AM [debug]  Message :  CLIENT CONNECTED with ID -  vtlpgsTQ6H4kuWy6AAAB
2/26/2025, 5:40:46 AM [info]  Message :  Database Connected (production) : ac-hbi6taw-shard-00-01.lrqxoge.mongodb.net
2/26/2025, 5:43:31 AM [info]  Message :  server started on port number 3000 }
2/26/2025, 5:43:32 AM [debug]  Message :  CLIENT CONNECTED with ID -  SQO4zgJyDcLycCubAAAB
2/26/2025, 5:43:33 AM [info]  Message :  server started on port number 3000 }
2/26/2025, 5:43:34 AM [debug]  Message :  CLIENT CONNECTED with ID -  nWnDmWe84k4hPqATAAAB
2/26/2025, 5:43:38 AM [info]  Message :  Database Connected (production) : ac-hbi6taw-shard-00-00.lrqxoge.mongodb.net
2/26/2025, 5:43:44 AM [info]  Message :  server started on port number 3000 }
2/26/2025, 5:43:45 AM [debug]  Message :  CLIENT CONNECTED with ID -  NnwadUyOBJnsis_FAAAB
2/26/2025, 5:43:49 AM [info]  Message :  Database Connected (production) : ac-hbi6taw-shard-00-00.lrqxoge.mongodb.net
2/26/2025, 5:43:49 AM [error]  Message :  unauthorized, there is no access token but refesh token
2/26/2025, 5:43:57 AM [error]  Message :   Error occured while creating account deletion request to the database ReferenceError: sendSMS is not defined
2/26/2025, 5:44:07 AM [info]  Message :  server started on port number 3000 }
2/26/2025, 5:44:07 AM [debug]  Message :  CLIENT CONNECTED with ID -  MLNBBHhfXFPhkEJKAAAB
2/26/2025, 5:44:10 AM [error]  Message :   Error occured while creating account deletion request to the database error right now
2/26/2025, 5:44:11 AM [info]  Message :  Database Connected (production) : ac-hbi6taw-shard-00-01.lrqxoge.mongodb.net
2/26/2025, 5:44:11 AM [error]  Message :  Error sending SMS: Error: Some SMS messages failed to send
2/26/2025, 5:44:31 AM [info]  Message :  server started on port number 3000 }
2/26/2025, 5:44:31 AM [debug]  Message :  CLIENT CONNECTED with ID -  ZUmT2uiDL1nwCG4iAAAB
2/26/2025, 5:44:35 AM [info]  Message :  Database Connected (production) : ac-hbi6taw-shard-00-00.lrqxoge.mongodb.net
2/26/2025, 5:44:45 AM [info]  Message :  server started on port number 3000 }
2/26/2025, 5:44:46 AM [debug]  Message :  CLIENT CONNECTED with ID -  y0z5Rsh9Q_u8_qROAAAB
2/26/2025, 5:44:49 AM [info]  Message :  Database Connected (production) : ac-hbi6taw-shard-00-01.lrqxoge.mongodb.net
2/26/2025, 5:44:55 AM [info]  Message :  server started on port number 3000 }
2/26/2025, 5:44:56 AM [debug]  Message :  CLIENT CONNECTED with ID -  kmJWZc3D-aCvKiSYAAAB
2/26/2025, 5:45:00 AM [info]  Message :  Database Connected (production) : ac-hbi6taw-shard-00-02.lrqxoge.mongodb.net
2/26/2025, 5:45:03 AM [error]  Message :   Error occured while creating account deletion request to the database error right now
2/26/2025, 5:45:04 AM [error]  Message :  Error sending SMS: Error: Some SMS messages failed to send
2/26/2025, 5:45:30 AM [info]  Message :  server started on port number 3000 }
2/26/2025, 5:45:31 AM [debug]  Message :  CLIENT CONNECTED with ID -  MtYuAnu-iiP5pcFqAAAB
2/26/2025, 5:45:34 AM [info]  Message :  Database Connected (production) : ac-hbi6taw-shard-00-02.lrqxoge.mongodb.net
2/26/2025, 5:45:37 AM [error]  Message :   Error occured while creating account deletion request to the database error right now
2/26/2025, 5:45:37 AM [error]  Message :  Error sending SMS: [object Object]
2/26/2025, 5:47:21 AM [info]  Message :  server started on port number 3000 }
2/26/2025, 5:47:21 AM [debug]  Message :  CLIENT CONNECTED with ID -  vxQiruOaD0-lVoiDAAAB
2/26/2025, 5:47:26 AM [info]  Message :  Database Connected (production) : ac-hbi6taw-shard-00-00.lrqxoge.mongodb.net
2/26/2025, 5:48:13 AM [info]  Message :  server started on port number 3000 }
2/26/2025, 5:48:13 AM [debug]  Message :  CLIENT CONNECTED with ID -  xNdOeuoCEXBAZo5KAAAB
2/26/2025, 5:48:15 AM [info]  Message :  server started on port number 3000 }
2/26/2025, 5:48:15 AM [debug]  Message :  CLIENT CONNECTED with ID -  9YfvUHc6p0iwDUsLAAAB
2/26/2025, 5:48:20 AM [info]  Message :  Database Connected (production) : ac-hbi6taw-shard-00-01.lrqxoge.mongodb.net
2/26/2025, 5:49:48 AM [error]  Message :   Error occured while creating account deletion request to the database error right now
2/26/2025, 5:49:49 AM [info]  Message :  SMS Sent Successfully: {"message-count":"2","messages":[{"to":"16474589275","message-id":"2d909115-c153-4979-9388-51cb1bf36e92","status":"0","remaining-balance":"1.87416917","message-price":"0.01343000","network":"302220","messageId":"2d909115-c153-4979-9388-51cb1bf36e92","remainingBalance":"1.87416917","messagePrice":"0.01343000"},{"to":"16474589275","message-id":"f1a71244-8bcd-4608-b798-da8190ce3e3a","status":"0","remaining-balance":"1.87416917","message-price":"0.01343000","network":"302220","messageId":"f1a71244-8bcd-4608-b798-da8190ce3e3a","remainingBalance":"1.87416917","messagePrice":"0.01343000"}],"messageCount":"2"}
2/26/2025, 5:50:35 AM [info]  Message :  server started on port number 3000 }
2/26/2025, 5:50:35 AM [debug]  Message :  CLIENT CONNECTED with ID -  OrgklRPIsYEbN3z-AAAB
2/26/2025, 5:50:39 AM [info]  Message :  Database Connected (production) : ac-hbi6taw-shard-00-01.lrqxoge.mongodb.net
2/26/2025, 5:51:48 AM [debug]  Message :  CLIENT CONNECTED with ID -  mg82kxPj0W3K-GAcAAAD
2/26/2025, 5:51:52 AM [error]  Message :   Error occured while creating account deletion request to the database error right now
2/26/2025, 5:51:53 AM [info]  Message :  SMS Sent Successfully: {"message-count":"2","messages":[{"to":"919959907940","message-id":"5c4ef0f1-7c7c-4a97-a128-9f77a514fd95","status":"0","remaining-balance":"1.72068917","message-price":"0.07522000","network":"40449","messageId":"5c4ef0f1-7c7c-4a97-a128-9f77a514fd95","remainingBalance":"1.72068917","messagePrice":"0.07522000"},{"to":"919959907940","message-id":"bdf0dad0-590e-4949-8c1e-ce8e40c0c102","status":"0","remaining-balance":"1.72068917","message-price":"0.07522000","network":"40449","messageId":"bdf0dad0-590e-4949-8c1e-ce8e40c0c102","remainingBalance":"1.72068917","messagePrice":"0.07522000"}],"messageCount":"2"}
2/26/2025, 5:52:52 AM [info]  Message :  server started on port number 3000 }
2/26/2025, 5:52:53 AM [debug]  Message :  CLIENT CONNECTED with ID -  JmiBngcoPaBDutsmAAAB
2/26/2025, 5:52:54 AM [debug]  Message :  CLIENT CONNECTED with ID -  jNEPx7vNsshIde0MAAAD
2/26/2025, 5:52:57 AM [info]  Message :  Database Connected (production) : ac-hbi6taw-shard-00-02.lrqxoge.mongodb.net
2/26/2025, 5:53:01 AM [error]  Message :   Error occured while creating account deletion request to the database error right now
2/26/2025, 5:53:01 AM [info]  Message :  SMS Sent Successfully: {"message-count":"2","messages":[{"to":"919959907940","message-id":"8be5bdaa-d369-4652-97c8-7b8d03139462","status":"0","remaining-balance":"1.57024917","message-price":"0.07522000","network":"40449","messageId":"8be5bdaa-d369-4652-97c8-7b8d03139462","remainingBalance":"1.57024917","messagePrice":"0.07522000"},{"to":"919959907940","message-id":"a9255252-8150-4c76-a942-8dbeb7372aaa","status":"0","remaining-balance":"1.57024917","message-price":"0.07522000","network":"40449","messageId":"a9255252-8150-4c76-a942-8dbeb7372aaa","remainingBalance":"1.57024917","messagePrice":"0.07522000"}],"messageCount":"2"}
2/26/2025, 6:28:53 AM [warn]  Message :  CLIENT DISCONNECTED with ID -  JmiBngcoPaBDutsmAAAB
2/26/2025, 6:28:53 AM [warn]  Message :  CLIENT DISCONNECTED with ID -  jNEPx7vNsshIde0MAAAD
2/26/2025, 6:28:54 AM [debug]  Message :  CLIENT CONNECTED with ID -  ueVL4mDPYciRpCLTAAAF
2/26/2025, 6:28:54 AM [debug]  Message :  CLIENT CONNECTED with ID -  YZyuDaDriaCfkgQvAAAH
2/26/2025, 6:34:13 AM [warn]  Message :  CLIENT DISCONNECTED with ID -  ueVL4mDPYciRpCLTAAAF
2/26/2025, 6:34:13 AM [warn]  Message :  CLIENT DISCONNECTED with ID -  YZyuDaDriaCfkgQvAAAH
2/26/2025, 6:34:14 AM [debug]  Message :  CLIENT CONNECTED with ID -  lbQ5naIu-frIZe4TAAAJ
2/26/2025, 6:34:15 AM [debug]  Message :  CLIENT CONNECTED with ID -  0mnzq0VoDXDYPNr3AAAL
2/26/2025, 6:51:55 AM [warn]  Message :  CLIENT DISCONNECTED with ID -  lbQ5naIu-frIZe4TAAAJ
2/26/2025, 6:51:55 AM [warn]  Message :  CLIENT DISCONNECTED with ID -  0mnzq0VoDXDYPNr3AAAL
2/26/2025, 6:51:56 AM [debug]  Message :  CLIENT CONNECTED with ID -  u4Tp8GlQXtzQ4_hwAAAN
2/26/2025, 6:51:57 AM [debug]  Message :  CLIENT CONNECTED with ID -  ce7JSEmUtzGJlDCnAAAP
2/26/2025, 7:09:48 AM [warn]  Message :  CLIENT DISCONNECTED with ID -  u4Tp8GlQXtzQ4_hwAAAN
2/26/2025, 7:09:48 AM [warn]  Message :  CLIENT DISCONNECTED with ID -  ce7JSEmUtzGJlDCnAAAP
2/26/2025, 7:09:50 AM [debug]  Message :  CLIENT CONNECTED with ID -  3HEgG6GZ21v8_DhVAAAR
2/26/2025, 7:09:50 AM [debug]  Message :  CLIENT CONNECTED with ID -  fAo1phWmwLxxjnm2AAAT
2/26/2025, 7:12:39 AM [info]  Message :  server started on port number 3000 }
2/26/2025, 7:12:40 AM [debug]  Message :  CLIENT CONNECTED with ID -  38NfyCkylFSTC8z8AAAB
2/26/2025, 7:12:40 AM [debug]  Message :  CLIENT CONNECTED with ID -  hnHnYia2qdLeXzNiAAAD
2/26/2025, 7:12:43 AM [info]  Message :  Database Connected (production) : ac-hbi6taw-shard-00-01.lrqxoge.mongodb.net
2/26/2025, 7:12:49 AM [error]  Message :   Error occured while creating account deletion request to the database error right now
2/26/2025, 7:12:50 AM [info]  Message :  SMS Sent Successfully: {"message-count":"2","messages":[{"to":"919959907940","message-id":"70b5b368-16e7-4bd6-b63d-94566c6706cb","status":"0","remaining-balance":"1.41980917","message-price":"0.07522000","network":"40449","messageId":"70b5b368-16e7-4bd6-b63d-94566c6706cb","remainingBalance":"1.41980917","messagePrice":"0.07522000"},{"to":"919959907940","message-id":"255c8ff8-9e56-4f80-8b9e-96b2f6a705f3","status":"0","remaining-balance":"1.41980917","message-price":"0.07522000","network":"40449","messageId":"255c8ff8-9e56-4f80-8b9e-96b2f6a705f3","remainingBalance":"1.41980917","messagePrice":"0.07522000"}],"messageCount":"2"}
2/26/2025, 7:43:54 AM [info]  Message :  server started on port number 3000 }
2/26/2025, 7:43:55 AM [debug]  Message :  CLIENT CONNECTED with ID -  szhMJ-y1p0LhgDcDAAAB
2/26/2025, 7:43:55 AM [debug]  Message :  CLIENT CONNECTED with ID -  JabaQWYflJ6BsYKaAAAD
2/26/2025, 7:43:58 AM [info]  Message :  Database Connected (production) : ac-hbi6taw-shard-00-00.lrqxoge.mongodb.net
2/26/2025, 7:44:09 AM [info]  Message :  server started on port number 3000 }
2/26/2025, 7:44:09 AM [debug]  Message :  CLIENT CONNECTED with ID -  kYMLrfIPC0c7ZWPLAAAB
2/26/2025, 7:44:10 AM [debug]  Message :  CLIENT CONNECTED with ID -  keGTvzsbYAywyjRQAAAD
2/26/2025, 7:44:13 AM [info]  Message :  Database Connected (production) : ac-hbi6taw-shard-00-01.lrqxoge.mongodb.net
2/26/2025, 7:44:23 AM [error]  Message :   Error occured while creating account deletion request to the database error right now
2/26/2025, 7:44:24 AM [info]  Message :  SMS Sent Successfully: {"message-count":"2","messages":[{"to":"919959907940","message-id":"b3e2e8de-3429-4044-971c-d4e19af4bb89","status":"0","remaining-balance":"1.26936917","message-price":"0.07522000","network":"40449","messageId":"b3e2e8de-3429-4044-971c-d4e19af4bb89","remainingBalance":"1.26936917","messagePrice":"0.07522000"},{"to":"919959907940","message-id":"c81c14dc-1071-49d1-b717-083047840a68","status":"0","remaining-balance":"1.26936917","message-price":"0.07522000","network":"40449","messageId":"c81c14dc-1071-49d1-b717-083047840a68","remainingBalance":"1.26936917","messagePrice":"0.07522000"}],"messageCount":"2"}
2/26/2025, 7:48:45 AM [info]  Message :  server started on port number 3000 }
2/26/2025, 7:48:46 AM [debug]  Message :  CLIENT CONNECTED with ID -  ip0ZsOMEMAwP4a5nAAAB
2/26/2025, 7:48:46 AM [debug]  Message :  CLIENT CONNECTED with ID -  vOpDSKAP6uyQJUBGAAAD
2/26/2025, 7:48:50 AM [info]  Message :  Database Connected (production) : ac-hbi6taw-shard-00-01.lrqxoge.mongodb.net
2/26/2025, 7:48:51 AM [info]  Message :  server started on port number 3000 }
2/26/2025, 7:48:52 AM [debug]  Message :  CLIENT CONNECTED with ID -  0K5VImY0CLPETEBrAAAB
2/26/2025, 7:48:52 AM [debug]  Message :  CLIENT CONNECTED with ID -  fF75bg3hYMNcfZ-1AAAD
2/26/2025, 7:48:55 AM [info]  Message :  server started on port number 3000 }
2/26/2025, 7:48:55 AM [debug]  Message :  CLIENT CONNECTED with ID -  LQjaJtBWah1u5-mFAAAB
2/26/2025, 7:48:56 AM [debug]  Message :  CLIENT CONNECTED with ID -  JD2Ok0kHF732UDnDAAAD
2/26/2025, 7:48:59 AM [info]  Message :  Database Connected (production) : ac-hbi6taw-shard-00-00.lrqxoge.mongodb.net
2/26/2025, 7:49:12 AM [info]  Message :  SMS Sent Successfully: {"message-count":"2","messages":[{"to":"16474589275","message-id":"f785bff5-ec68-46a0-be4a-f427054e9c5f","status":"0","remaining-balance":"1.24250917","message-price":"0.01343000","network":"302220","messageId":"f785bff5-ec68-46a0-be4a-f427054e9c5f","remainingBalance":"1.24250917","messagePrice":"0.01343000"},{"to":"16474589275","message-id":"bcadeaf6-5b89-4752-af6b-4368a840f662","status":"0","remaining-balance":"1.24250917","message-price":"0.01343000","network":"302220","messageId":"bcadeaf6-5b89-4752-af6b-4368a840f662","remainingBalance":"1.24250917","messagePrice":"0.01343000"}],"messageCount":"2"}
2/26/2025, 7:50:58 AM [warn]  Message :  CLIENT DISCONNECTED with ID -  LQjaJtBWah1u5-mFAAAB
2/26/2025, 7:50:58 AM [error]  Message :  unauthorized, there is no access token but refesh token
2/26/2025, 7:51:09 AM [debug]  Message :  CLIENT CONNECTED with ID -  bUjJO36mdj0WqB3_AAAF
2/26/2025, 8:05:16 AM [info]  Message :  SMS Sent Successfully: {"message-count":"1","messages":[{"to":"16474589275","message-id":"51bc3783-1812-4cb3-ab63-93a7953a3e7e","status":"0","remaining-balance":"11.22603917","message-price":"0.01343000","network":"302220","messageId":"51bc3783-1812-4cb3-ab63-93a7953a3e7e","remainingBalance":"11.22603917","messagePrice":"0.01343000"}],"messageCount":"1"}
2/26/2025, 8:06:56 AM [warn]  Message :  CLIENT DISCONNECTED with ID -  bUjJO36mdj0WqB3_AAAF
2/26/2025, 8:06:56 AM [debug]  Message :  CLIENT CONNECTED with ID -  KOKvhh3vhICpKOuFAAAH
2/26/2025, 8:07:25 AM [warn]  Message :  CLIENT DISCONNECTED with ID -  KOKvhh3vhICpKOuFAAAH
2/26/2025, 8:07:25 AM [debug]  Message :  CLIENT CONNECTED with ID -  Fcz8Xe7kWZ4O8bbNAAAJ
2/26/2025, 8:07:27 AM [warn]  Message :  CLIENT DISCONNECTED with ID -  Fcz8Xe7kWZ4O8bbNAAAJ
2/26/2025, 8:07:28 AM [debug]  Message :  CLIENT CONNECTED with ID -  X4n8IlUt08zaMWTaAAAL
2/26/2025, 8:07:31 AM [warn]  Message :  CLIENT DISCONNECTED with ID -  X4n8IlUt08zaMWTaAAAL
2/26/2025, 8:07:31 AM [debug]  Message :  CLIENT CONNECTED with ID -  2CqvQv_lSAZtGCCUAAAN
2/26/2025, 8:07:32 AM [warn]  Message :  CLIENT DISCONNECTED with ID -  2CqvQv_lSAZtGCCUAAAN
2/26/2025, 8:07:33 AM [debug]  Message :  CLIENT CONNECTED with ID -  0k8MQeQ1twxdMd3aAAAP
2/26/2025, 8:07:41 AM [warn]  Message :  CLIENT DISCONNECTED with ID -  0k8MQeQ1twxdMd3aAAAP
2/26/2025, 8:07:42 AM [debug]  Message :  CLIENT CONNECTED with ID -  IKUT1GLpezXesMbrAAAR
2/26/2025, 8:07:43 AM [warn]  Message :  CLIENT DISCONNECTED with ID -  IKUT1GLpezXesMbrAAAR
2/26/2025, 8:07:44 AM [debug]  Message :  CLIENT CONNECTED with ID -  rk9wZCbQIJGVvtL6AAAT
2/26/2025, 8:08:45 AM [info]  Message :  server started on port number 3000 }
2/26/2025, 8:08:46 AM [debug]  Message :  CLIENT CONNECTED with ID -  -9SAGeP8VPEpQNV-AAAB
2/26/2025, 8:08:47 AM [debug]  Message :  CLIENT CONNECTED with ID -  HHsJ9p1oEpIW5mpFAAAD
2/26/2025, 8:08:50 AM [info]  Message :  Database Connected (production) : ac-hbi6taw-shard-00-01.lrqxoge.mongodb.net
2/26/2025, 8:09:20 AM [info]  Message :  server started on port number 3000 }
2/26/2025, 8:09:21 AM [debug]  Message :  CLIENT CONNECTED with ID -  7t0gGBl7Q21javXxAAAB
2/26/2025, 8:09:22 AM [debug]  Message :  CLIENT CONNECTED with ID -  HsbckcWusahi6GPgAAAD
2/26/2025, 8:09:25 AM [info]  Message :  Database Connected (production) : ac-hbi6taw-shard-00-01.lrqxoge.mongodb.net
2/26/2025, 8:10:01 AM [info]  Message :  server started on port number 3000 }
2/26/2025, 8:10:02 AM [debug]  Message :  CLIENT CONNECTED with ID -  TfS0A0IqdAa-jBzhAAAB
2/26/2025, 8:10:02 AM [debug]  Message :  CLIENT CONNECTED with ID -  QtFpU2u0aWCI4JJ3AAAD
2/26/2025, 8:10:05 AM [info]  Message :  Database Connected (production) : ac-hbi6taw-shard-00-02.lrqxoge.mongodb.net
2/26/2025, 8:10:14 AM [warn]  Message :  CLIENT DISCONNECTED with ID -  QtFpU2u0aWCI4JJ3AAAD
2/26/2025, 8:10:14 AM [debug]  Message :  CLIENT CONNECTED with ID -  DNfAiKUMLZfxKvZjAAAF
2/26/2025, 8:10:41 AM [info]  Message :  SMS Sent Successfully: {"message-count":"2","messages":[{"to":"16474589275","message-id":"b1eb90cb-0511-48fe-801c-20f56ca2a449","status":"0","remaining-balance":"11.19765917","message-price":"0.01343000","network":"302220","messageId":"b1eb90cb-0511-48fe-801c-20f56ca2a449","remainingBalance":"11.19765917","messagePrice":"0.01343000"},{"to":"16474589275","message-id":"5caf239a-28ab-4602-bc58-d9882b37e9bf","status":"0","remaining-balance":"11.19765917","message-price":"0.01343000","network":"302220","messageId":"5caf239a-28ab-4602-bc58-d9882b37e9bf","remainingBalance":"11.19765917","messagePrice":"0.01343000"}],"messageCount":"2"}
2/26/2025, 8:12:15 AM [info]  Message :  server started on port number 3000 }
2/26/2025, 8:12:16 AM [debug]  Message :  CLIENT CONNECTED with ID -  9jbUTiB3WFJfBR6wAAAB
2/26/2025, 8:12:16 AM [debug]  Message :  CLIENT CONNECTED with ID -  wpcyLjcFU6JddHldAAAD
2/26/2025, 8:12:19 AM [info]  Message :  Database Connected (production) : ac-hbi6taw-shard-00-02.lrqxoge.mongodb.net
2/26/2025, 8:12:37 AM [warn]  Message :  CLIENT DISCONNECTED with ID -  wpcyLjcFU6JddHldAAAD
2/26/2025, 8:12:38 AM [debug]  Message :  CLIENT CONNECTED with ID -  _ZrU05YUgQJp2-wIAAAF
2/26/2025, 8:12:54 AM [info]  Message :  SMS Sent Successfully: {"message-count":"1","messages":[{"to":"16474589275","message-id":"7b9e3451-6636-41df-b492-2b8cae046ea9","status":"0","remaining-balance":"11.18118917","message-price":"0.01343000","network":"302220","messageId":"7b9e3451-6636-41df-b492-2b8cae046ea9","remainingBalance":"11.18118917","messagePrice":"0.01343000"}],"messageCount":"1"}
2/26/2025, 8:14:05 AM [info]  Message :  server started on port number 3000 }
2/26/2025, 8:14:06 AM [debug]  Message :  CLIENT CONNECTED with ID -  z0kk7ouHA83MuqySAAAB
2/26/2025, 8:14:07 AM [debug]  Message :  CLIENT CONNECTED with ID -  sy9st0-D9uXPBlqPAAAD
2/26/2025, 8:14:10 AM [info]  Message :  Database Connected (production) : ac-hbi6taw-shard-00-00.lrqxoge.mongodb.net
2/26/2025, 8:15:08 AM [info]  Message :  server started on port number 3000 }
2/26/2025, 8:15:09 AM [debug]  Message :  CLIENT CONNECTED with ID -  abtgGkZfM1gd3GNmAAAB
2/26/2025, 8:15:09 AM [debug]  Message :  CLIENT CONNECTED with ID -  _Emt3LgP4lD13b4iAAAD
2/26/2025, 8:15:12 AM [info]  Message :  Database Connected (production) : ac-hbi6taw-shard-00-02.lrqxoge.mongodb.net
2/26/2025, 8:16:20 AM [info]  Message :  server started on port number 3000 }
2/26/2025, 8:16:21 AM [debug]  Message :  CLIENT CONNECTED with ID -  WTx_aZJepkO5_-MUAAAB
2/26/2025, 8:16:21 AM [debug]  Message :  CLIENT CONNECTED with ID -  uMe7TMfMUZDwnov1AAAD
2/26/2025, 8:16:24 AM [info]  Message :  Database Connected (production) : ac-hbi6taw-shard-00-00.lrqxoge.mongodb.net
2/26/2025, 8:16:59 AM [info]  Message :  server started on port number 3000 }
2/26/2025, 8:17:00 AM [debug]  Message :  CLIENT CONNECTED with ID -  di3rCPkzkcKcXerDAAAB
2/26/2025, 8:17:00 AM [debug]  Message :  CLIENT CONNECTED with ID -  Q-EVNg59lhNfqMAJAAAD
2/26/2025, 8:17:03 AM [info]  Message :  Database Connected (production) : ac-hbi6taw-shard-00-02.lrqxoge.mongodb.net
2/26/2025, 8:17:06 AM [warn]  Message :  CLIENT DISCONNECTED with ID -  di3rCPkzkcKcXerDAAAB
2/26/2025, 8:17:06 AM [debug]  Message :  CLIENT CONNECTED with ID -  AlV86p63DUlQg2HJAAAF
2/26/2025, 8:17:44 AM [info]  Message :  server started on port number 3000 }
2/26/2025, 8:17:45 AM [debug]  Message :  CLIENT CONNECTED with ID -  BvmstJW_vR6-IVvGAAAB
2/26/2025, 8:17:46 AM [debug]  Message :  CLIENT CONNECTED with ID -  tSO1oZcT_RHzp0aMAAAD
2/26/2025, 8:17:48 AM [info]  Message :  Database Connected (production) : ac-hbi6taw-shard-00-02.lrqxoge.mongodb.net
2/26/2025, 8:18:28 AM [warn]  Message :  CLIENT DISCONNECTED with ID -  tSO1oZcT_RHzp0aMAAAD
2/26/2025, 8:18:28 AM [debug]  Message :  CLIENT CONNECTED with ID -  reYTlMzRbuxNyw8fAAAF
2/26/2025, 8:18:40 AM [info]  Message :  SMS Sent Successfully: {"message-count":"2","messages":[{"to":"16474589275","message-id":"e650b84b-0b1a-4661-afc1-bd54052c50cd","status":"0","remaining-balance":"11.15280917","message-price":"0.01343000","network":"302220","messageId":"e650b84b-0b1a-4661-afc1-bd54052c50cd","remainingBalance":"11.15280917","messagePrice":"0.01343000"},{"to":"16474589275","message-id":"0c91bd38-9214-4239-b719-982124e00258","status":"0","remaining-balance":"11.15280917","message-price":"0.01343000","network":"302220","messageId":"0c91bd38-9214-4239-b719-982124e00258","remainingBalance":"11.15280917","messagePrice":"0.01343000"}],"messageCount":"2"}
2/26/2025, 8:19:15 AM [info]  Message :  server started on port number 3000 }
2/26/2025, 8:19:15 AM [debug]  Message :  CLIENT CONNECTED with ID -  2nUv82ig--a4LkLdAAAB
2/26/2025, 8:19:16 AM [debug]  Message :  CLIENT CONNECTED with ID -  FfO5Y5keGfHuiPJoAAAD
2/26/2025, 8:19:19 AM [info]  Message :  Database Connected (production) : ac-hbi6taw-shard-00-01.lrqxoge.mongodb.net
2/26/2025, 8:20:00 AM [info]  Message :  server started on port number 3000 }
2/26/2025, 8:20:00 AM [debug]  Message :  CLIENT CONNECTED with ID -  9dt9M6d1-Xxq8Dr1AAAB
2/26/2025, 8:20:01 AM [debug]  Message :  CLIENT CONNECTED with ID -  ITHg_XBPVUXjQqSTAAAD
2/26/2025, 8:20:05 AM [info]  Message :  Database Connected (production) : ac-hbi6taw-shard-00-00.lrqxoge.mongodb.net
2/26/2025, 8:20:11 AM [info]  Message :  server started on port number 3000 }
2/26/2025, 8:20:12 AM [debug]  Message :  CLIENT CONNECTED with ID -  PBA2jyreBR38Hn0IAAAB
2/26/2025, 8:20:13 AM [debug]  Message :  CLIENT CONNECTED with ID -  SuTE-maGobc1rdDXAAAD
2/26/2025, 8:20:16 AM [info]  Message :  Database Connected (production) : ac-hbi6taw-shard-00-01.lrqxoge.mongodb.net
2/26/2025, 8:20:39 AM [warn]  Message :  CLIENT DISCONNECTED with ID -  PBA2jyreBR38Hn0IAAAB
2/26/2025, 8:20:39 AM [debug]  Message :  CLIENT CONNECTED with ID -  ygsTP9jU1lx_kUhaAAAF
2/26/2025, 8:21:26 AM [info]  Message :  server started on port number 3000 }
2/26/2025, 8:21:26 AM [debug]  Message :  CLIENT CONNECTED with ID -  RsQ6Eqv-AHdzy67DAAAB
2/26/2025, 8:21:27 AM [debug]  Message :  CLIENT CONNECTED with ID -  ZhHU_MtAe8jdTcUxAAAD
2/26/2025, 8:21:29 AM [info]  Message :  Database Connected (production) : ac-hbi6taw-shard-00-00.lrqxoge.mongodb.net
2/26/2025, 8:22:20 AM [info]  Message :  server started on port number 3000 }
2/26/2025, 8:22:21 AM [debug]  Message :  CLIENT CONNECTED with ID -  ISW1JNgkTEjClnKfAAAB
2/26/2025, 8:22:21 AM [debug]  Message :  CLIENT CONNECTED with ID -  Dk5uFdrkK0swj8ngAAAD
2/26/2025, 8:22:27 AM [info]  Message :  Database Connected (production) : ac-hbi6taw-shard-00-01.lrqxoge.mongodb.net
2/26/2025, 8:23:09 AM [warn]  Message :  CLIENT DISCONNECTED with ID -  Dk5uFdrkK0swj8ngAAAD
2/26/2025, 8:23:09 AM [debug]  Message :  CLIENT CONNECTED with ID -  DOg-pkNuv2gCys31AAAF
2/26/2025, 8:23:26 AM [info]  Message :  SMS Sent Successfully: {"message-count":"1","messages":[{"to":"16474589275","message-id":"d44400cc-7724-4d84-a845-11bb1fdf968f","status":"0","remaining-balance":"11.13633917","message-price":"0.01343000","network":"302220","messageId":"d44400cc-7724-4d84-a845-11bb1fdf968f","remainingBalance":"11.13633917","messagePrice":"0.01343000"}],"messageCount":"1"}
2/26/2025, 8:23:47 AM [warn]  Message :  CLIENT DISCONNECTED with ID -  ISW1JNgkTEjClnKfAAAB
2/26/2025, 8:23:47 AM [debug]  Message :  CLIENT CONNECTED with ID -  S_qCDWbyqx4av4lLAAAH
2/26/2025, 8:23:57 AM [info]  Message :  SMS Sent Successfully: {"message-count":"1","messages":[{"to":"16474589275","message-id":"ea9f1f4b-46c7-432e-8ad5-b79dd64b22d6","status":"0","remaining-balance":"11.12138917","message-price":"0.01343000","network":"302220","messageId":"ea9f1f4b-46c7-432e-8ad5-b79dd64b22d6","remainingBalance":"11.12138917","messagePrice":"0.01343000"}],"messageCount":"1"}
2/26/2025, 8:24:18 AM [warn]  Message :  CLIENT DISCONNECTED with ID -  S_qCDWbyqx4av4lLAAAH
2/26/2025, 8:24:18 AM [debug]  Message :  CLIENT CONNECTED with ID -  DDy7e9vt1NBApM_AAAAJ
2/26/2025, 8:24:25 AM [info]  Message :  SMS Sent Successfully: {"message-count":"2","messages":[{"to":"16474589275","message-id":"7e3d7eee-4c3d-4d7b-8bfc-a291c0bf5199","status":"0","remaining-balance":"11.09300917","message-price":"0.01343000","network":"302220","messageId":"7e3d7eee-4c3d-4d7b-8bfc-a291c0bf5199","remainingBalance":"11.09300917","messagePrice":"0.01343000"},{"to":"16474589275","message-id":"9074072a-a527-4051-bf8e-8b281a4c962c","status":"0","remaining-balance":"11.09300917","message-price":"0.01343000","network":"302220","messageId":"9074072a-a527-4051-bf8e-8b281a4c962c","remainingBalance":"11.09300917","messagePrice":"0.01343000"}],"messageCount":"2"}
2/26/2025, 8:24:57 AM [info]  Message :  server started on port number 3000 }
2/26/2025, 8:24:58 AM [debug]  Message :  CLIENT CONNECTED with ID -  viIZraQ2CJm3giF-AAAB
2/26/2025, 8:24:58 AM [debug]  Message :  CLIENT CONNECTED with ID -  9a_WshoZYFweImP3AAAD
2/26/2025, 8:24:59 AM [info]  Message :  server started on port number 3000 }
2/26/2025, 8:24:59 AM [debug]  Message :  CLIENT CONNECTED with ID -  LbwXZDFdXDgvIqhWAAAB
2/26/2025, 8:25:01 AM [debug]  Message :  CLIENT CONNECTED with ID -  ppvpyzHJKSu2Tz_JAAAD
2/26/2025, 8:25:04 AM [info]  Message :  Database Connected (production) : ac-hbi6taw-shard-00-01.lrqxoge.mongodb.net
2/26/2025, 8:25:13 AM [info]  Message :  server started on port number 3000 }
2/26/2025, 8:25:14 AM [debug]  Message :  CLIENT CONNECTED with ID -  zqkX9TW75SeJyTBMAAAB
2/26/2025, 8:25:14 AM [debug]  Message :  CLIENT CONNECTED with ID -  LY_LwbyLGZk-UVYbAAAD
2/26/2025, 8:25:16 AM [info]  Message :  Database Connected (production) : ac-hbi6taw-shard-00-01.lrqxoge.mongodb.net
2/26/2025, 8:25:29 AM [info]  Message :  server started on port number 3000 }
2/26/2025, 8:25:29 AM [debug]  Message :  CLIENT CONNECTED with ID -  OjZulrYi8cRMhlzvAAAB
2/26/2025, 8:25:30 AM [debug]  Message :  CLIENT CONNECTED with ID -  8m-07LW6d-3LSsABAAAD
2/26/2025, 8:25:35 AM [info]  Message :  server started on port number 3000 }
2/26/2025, 8:25:35 AM [debug]  Message :  CLIENT CONNECTED with ID -  X4-0xnD0e6U5Cl6UAAAB
2/26/2025, 8:25:36 AM [debug]  Message :  CLIENT CONNECTED with ID -  -_lNVcRTu4uG3kBMAAAD
2/26/2025, 8:25:38 AM [info]  Message :  server started on port number 3000 }
2/26/2025, 8:25:38 AM [debug]  Message :  CLIENT CONNECTED with ID -  vHtLYHG9-KtnZkOwAAAB
2/26/2025, 8:25:39 AM [debug]  Message :  CLIENT CONNECTED with ID -  zkqjHkqnNvOrceU6AAAD
2/26/2025, 8:25:44 AM [info]  Message :  Database Connected (production) : ac-hbi6taw-shard-00-00.lrqxoge.mongodb.net
2/26/2025, 9:36:30 AM [warn]  Message :  CLIENT DISCONNECTED with ID -  vHtLYHG9-KtnZkOwAAAB
2/26/2025, 9:36:30 AM [warn]  Message :  CLIENT DISCONNECTED with ID -  zkqjHkqnNvOrceU6AAAD
2/26/2025, 9:36:31 AM [debug]  Message :  CLIENT CONNECTED with ID -  bRnlz68QCJZMtuSTAAAF
2/26/2025, 9:36:31 AM [debug]  Message :  CLIENT CONNECTED with ID -  ppQYI-wup_h1pwCaAAAH
2/26/2025, 9:52:32 AM [warn]  Message :  CLIENT DISCONNECTED with ID -  bRnlz68QCJZMtuSTAAAF
2/26/2025, 9:52:32 AM [warn]  Message :  CLIENT DISCONNECTED with ID -  ppQYI-wup_h1pwCaAAAH
2/26/2025, 9:52:34 AM [debug]  Message :  CLIENT CONNECTED with ID -  eJekz6eTgvb1d4PWAAAJ
2/26/2025, 9:52:34 AM [debug]  Message :  CLIENT CONNECTED with ID -  gEF5JLrSfRt7xu24AAAL
2/26/2025, 10:09:44 AM [warn]  Message :  CLIENT DISCONNECTED with ID -  eJekz6eTgvb1d4PWAAAJ
2/26/2025, 10:09:44 AM [warn]  Message :  CLIENT DISCONNECTED with ID -  gEF5JLrSfRt7xu24AAAL
2/26/2025, 10:09:45 AM [debug]  Message :  CLIENT CONNECTED with ID -  dsZJaWlRQm8hjbKPAAAN
2/26/2025, 10:09:46 AM [debug]  Message :  CLIENT CONNECTED with ID -  TUQj_dMQ6EFkNNeYAAAP
2/26/2025, 10:26:43 AM [warn]  Message :  CLIENT DISCONNECTED with ID -  dsZJaWlRQm8hjbKPAAAN
2/26/2025, 10:26:43 AM [warn]  Message :  CLIENT DISCONNECTED with ID -  TUQj_dMQ6EFkNNeYAAAP
2/26/2025, 10:26:44 AM [debug]  Message :  CLIENT CONNECTED with ID -  rIx3SjmQL9uCSqiDAAAR
2/26/2025, 10:26:45 AM [debug]  Message :  CLIENT CONNECTED with ID -  A1hvuSe4gwxA0iP-AAAT
2/26/2025, 9:15:40 PM [warn]  Message :  CLIENT DISCONNECTED with ID -  rIx3SjmQL9uCSqiDAAAR
2/26/2025, 9:15:40 PM [warn]  Message :  CLIENT DISCONNECTED with ID -  A1hvuSe4gwxA0iP-AAAT
2/26/2025, 9:15:41 PM [debug]  Message :  CLIENT CONNECTED with ID -  ThMr_argRWrD4gaSAAAV
2/26/2025, 9:15:41 PM [debug]  Message :  CLIENT CONNECTED with ID -  pfiA0VP_vyV9OzYgAAAX
2/26/2025, 10:41:48 PM [warn]  Message :  CLIENT DISCONNECTED with ID -  ThMr_argRWrD4gaSAAAV
2/26/2025, 10:41:48 PM [warn]  Message :  CLIENT DISCONNECTED with ID -  pfiA0VP_vyV9OzYgAAAX
2/26/2025, 10:41:49 PM [debug]  Message :  CLIENT CONNECTED with ID -  _LvdWS_J8f-nUYp3AAAZ
2/26/2025, 10:41:49 PM [debug]  Message :  CLIENT CONNECTED with ID -  tiLe3XH2r_Guzd-WAAAb
2/27/2025, 12:00:41 AM [warn]  Message :  CLIENT DISCONNECTED with ID -  tiLe3XH2r_Guzd-WAAAb
2/27/2025, 12:00:41 AM [warn]  Message :  CLIENT DISCONNECTED with ID -  _LvdWS_J8f-nUYp3AAAZ
2/27/2025, 12:00:42 AM [debug]  Message :  CLIENT CONNECTED with ID -  XB7RlMJS3vc55v0sAAAd
2/27/2025, 12:00:42 AM [debug]  Message :  CLIENT CONNECTED with ID -  lndPlVVzBCkafceeAAAf
2/27/2025, 12:00:47 AM [warn]  Message :  CLIENT DISCONNECTED with ID -  XB7RlMJS3vc55v0sAAAd
2/27/2025, 12:00:47 AM [warn]  Message :  CLIENT DISCONNECTED with ID -  lndPlVVzBCkafceeAAAf
2/27/2025, 12:00:49 AM [debug]  Message :  CLIENT CONNECTED with ID -  hIJ5_Ysud7XtCs85AAAh
2/27/2025, 12:00:49 AM [debug]  Message :  CLIENT CONNECTED with ID -  jLrgAWhXG2jYgC3CAAAj
2/27/2025, 12:15:03 AM [warn]  Message :  CLIENT DISCONNECTED with ID -  hIJ5_Ysud7XtCs85AAAh
2/27/2025, 12:15:03 AM [warn]  Message :  CLIENT DISCONNECTED with ID -  jLrgAWhXG2jYgC3CAAAj
2/27/2025, 12:15:04 AM [debug]  Message :  CLIENT CONNECTED with ID -  rUPpOpSTJkDArewmAAAl
2/27/2025, 12:15:04 AM [debug]  Message :  CLIENT CONNECTED with ID -  zjzxbKJbyZxR0ZIdAAAn
2/27/2025, 12:18:36 AM [warn]  Message :  CLIENT DISCONNECTED with ID -  rUPpOpSTJkDArewmAAAl
2/27/2025, 12:18:36 AM [warn]  Message :  CLIENT DISCONNECTED with ID -  zjzxbKJbyZxR0ZIdAAAn
2/27/2025, 12:18:38 AM [debug]  Message :  CLIENT CONNECTED with ID -  uPD54tPY3zabbxtDAAAp
2/27/2025, 12:18:38 AM [debug]  Message :  CLIENT CONNECTED with ID -  05wBKbQg9WENzI-ZAAAr
2/27/2025, 12:20:24 AM [warn]  Message :  CLIENT DISCONNECTED with ID -  uPD54tPY3zabbxtDAAAp
2/27/2025, 12:20:24 AM [warn]  Message :  CLIENT DISCONNECTED with ID -  05wBKbQg9WENzI-ZAAAr
2/27/2025, 12:20:25 AM [debug]  Message :  CLIENT CONNECTED with ID -  B0XszRASchQq6lkUAAAt
2/27/2025, 12:20:25 AM [debug]  Message :  CLIENT CONNECTED with ID -  Ef2xWZSdRz3jusp5AAAv
2/27/2025, 1:35:54 AM [warn]  Message :  CLIENT DISCONNECTED with ID -  B0XszRASchQq6lkUAAAt
2/27/2025, 1:35:54 AM [warn]  Message :  CLIENT DISCONNECTED with ID -  Ef2xWZSdRz3jusp5AAAv
2/27/2025, 1:35:56 AM [debug]  Message :  CLIENT CONNECTED with ID -  vNO_kPoEaEACwKl7AAAx
2/27/2025, 1:35:56 AM [debug]  Message :  CLIENT CONNECTED with ID -  cvyVpkWF7EQCqri4AAAz
2/27/2025, 1:37:31 AM [warn]  Message :  CLIENT DISCONNECTED with ID -  vNO_kPoEaEACwKl7AAAx
2/27/2025, 1:37:31 AM [warn]  Message :  CLIENT DISCONNECTED with ID -  cvyVpkWF7EQCqri4AAAz
2/27/2025, 1:37:33 AM [debug]  Message :  CLIENT CONNECTED with ID -  9w7mlYeLKwq5_lbEAAA1
2/27/2025, 1:37:33 AM [debug]  Message :  CLIENT CONNECTED with ID -  U3qjuAl05ndZdmb1AAA3
2/27/2025, 1:40:37 AM [warn]  Message :  CLIENT DISCONNECTED with ID -  9w7mlYeLKwq5_lbEAAA1
2/27/2025, 1:40:37 AM [warn]  Message :  CLIENT DISCONNECTED with ID -  U3qjuAl05ndZdmb1AAA3
2/27/2025, 1:40:38 AM [debug]  Message :  CLIENT CONNECTED with ID -  cHFzSikfc2FQKDmSAAA5
2/27/2025, 1:40:39 AM [debug]  Message :  CLIENT CONNECTED with ID -  BPiItuyY3QbsIX71AAA7
2/27/2025, 1:42:22 AM [warn]  Message :  CLIENT DISCONNECTED with ID -  cHFzSikfc2FQKDmSAAA5
2/27/2025, 1:42:22 AM [warn]  Message :  CLIENT DISCONNECTED with ID -  BPiItuyY3QbsIX71AAA7
2/27/2025, 1:42:23 AM [debug]  Message :  CLIENT CONNECTED with ID -  zFWNRtHuy-PIk4b4AAA9
2/27/2025, 1:42:24 AM [debug]  Message :  CLIENT CONNECTED with ID -  pRR3ZJ9jsNwIrO5aAAA_
2/27/2025, 3:51:54 AM [warn]  Message :  CLIENT DISCONNECTED with ID -  pRR3ZJ9jsNwIrO5aAAA_
2/27/2025, 3:51:55 AM [error]  Message :  unauthorized, there is no access token but refesh token
2/27/2025, 3:51:57 AM [error]  Message :  unauthorized, there is no access token but refesh token
2/27/2025, 3:51:58 AM [error]  Message :  unauthorized, there is no access token but refesh token
2/27/2025, 3:52:00 AM [debug]  Message :  CLIENT CONNECTED with ID -  28KOW9itHvwDI3h2AABB
2/27/2025, 3:52:46 AM [warn]  Message :  CLIENT DISCONNECTED with ID -  zFWNRtHuy-PIk4b4AAA9
2/27/2025, 3:52:46 AM [debug]  Message :  CLIENT CONNECTED with ID -  rZuq5oWIY2MyjHx4AABD
