7/18/2023, 4:48:17 AM [info]  Message :  server started on port number 3000 }
7/18/2023, 4:48:18 AM [info]  Message :  Database Connected (production) : ac-hbi6taw-shard-00-00.lrqxoge.mongodb.net
7/18/2023, 4:51:37 AM [info]  Message :  Enabling daily reminder for Sunil Kumar at time - 13:00 - Asia/Kolkata
7/18/2023, 4:51:37 AM [info]  Message :  Enabling daily backup for Sunil Kumar at 0:1 - Asia/Kolkata
7/18/2023, 4:51:37 AM [info]  Message :  -----------------------------------
7/18/2023, 12:38:19 PM [info]  Message :  canceling the previous daily reminder notification
7/18/2023, 12:38:19 PM [info]  Message :  Enabling daily reminder for Sunil Kumar at time - 13:00 - Asia/Kolkata
7/18/2023, 12:38:19 PM [info]  Message :  canceling the previous backup notification
7/18/2023, 12:38:19 PM [info]  Message :  Enabling daily backup for Sunil Kumar at 0:1 - Asia/Kolkata
7/18/2023, 12:38:19 PM [info]  Message :  -----------------------------------
7/18/2023, 12:49:29 PM [info]  Message :  canceling the previous daily reminder notification
7/18/2023, 12:49:29 PM [info]  Message :  Enabling daily reminder for Sunil Kumar at time - 13:00 - Asia/Kolkata
7/18/2023, 12:49:29 PM [info]  Message :  canceling the previous backup notification
7/18/2023, 12:49:29 PM [info]  Message :  Enabling daily backup for Sunil Kumar at 0:1 - Asia/Kolkata
7/18/2023, 12:49:29 PM [info]  Message :  -----------------------------------
7/18/2023, 1:00:00 PM [info]  Message :  sending daily reminder notification to  - Sunil Kumar
7/18/2023, 1:00:00 PM [info]  Message :  {"id":"68e47faf-0720-4be9-bb6a-ccb64db6e270","external_id":null}
7/18/2023, 1:11:00 PM [info]  Message :  canceling the previous daily reminder notification
7/18/2023, 1:11:00 PM [info]  Message :  Enabling daily reminder for Sunil Kumar at time - 13:00 - Asia/Kolkata
7/18/2023, 1:11:00 PM [info]  Message :  canceling the previous backup notification
7/18/2023, 1:11:00 PM [info]  Message :  Enabling daily backup for Sunil Kumar at 0:1 - Asia/Kolkata
7/18/2023, 1:11:00 PM [info]  Message :  -----------------------------------
7/18/2023, 1:14:07 PM [info]  Message :  canceling the previous daily reminder notification
7/18/2023, 1:14:07 PM [info]  Message :  Enabling daily reminder for Sunil Kumar at time - 13:00 - Asia/Kolkata
7/18/2023, 1:14:07 PM [info]  Message :  canceling the previous backup notification
7/18/2023, 1:14:07 PM [info]  Message :  Enabling daily backup for Sunil Kumar at 0:1 - Asia/Kolkata
7/18/2023, 1:14:07 PM [info]  Message :  -----------------------------------
7/18/2023, 9:15:26 PM [info]  Message :  server started on port number 3000 }
7/18/2023, 9:15:27 PM [info]  Message :  Database Connected (production) : ac-hbi6taw-shard-00-01.lrqxoge.mongodb.net
7/18/2023, 9:15:45 PM [info]  Message :  server started on port number 3000 }
7/18/2023, 9:15:46 PM [info]  Message :  Database Connected (production) : ac-hbi6taw-shard-00-02.lrqxoge.mongodb.net
7/18/2023, 9:15:55 PM [info]  Message :  server started on port number 3000 }
7/18/2023, 9:15:56 PM [info]  Message :  Database Connected (production) : ac-hbi6taw-shard-00-01.lrqxoge.mongodb.net
7/18/2023, 9:59:35 PM [info]  Message :  server started on port number 3000 }
7/18/2023, 9:59:36 PM [info]  Message :  Database Connected (production) : ac-hbi6taw-shard-00-00.lrqxoge.mongodb.net
7/18/2023, 10:27:42 PM [info]  Message :  Enabling daily reminder for sridevi pasupuleti at time - 05:26 - Asia/Kolkata
7/18/2023, 10:27:42 PM [info]  Message :  Enabling daily backup for sridevi pasupuleti at 0:1 - Asia/Kolkata
7/18/2023, 10:27:42 PM [info]  Message :  -----------------------------------
7/19/2023, 1:20:24 AM [info]  Message :  sending daily backup notification to  - sridevi pasupuleti
7/19/2023, 1:20:25 AM [info]  Message :  {"id":"ba489251-90d9-4acd-b310-51f2262433fa","external_id":null}
7/19/2023, 1:20:26 AM [info]  Message :  Daily Backup created successfully
7/19/2023, 1:20:26 AM [info]  Message :  {"id":"123c44e2-ab63-48bc-b59d-a17935f7f849","external_id":null} BACKUP SUCCESS
7/19/2023, 4:31:16 AM [info]  Message :  Enabling daily reminder for Sunil Kumar at time - 13:00 - Asia/Kolkata
7/19/2023, 4:31:16 AM [info]  Message :  Enabling daily backup for Sunil Kumar at 0:1 - Asia/Kolkata
7/19/2023, 4:31:16 AM [info]  Message :  -----------------------------------
7/19/2023, 5:26:00 AM [info]  Message :  sending daily reminder notification to  - sridevi pasupuleti
7/19/2023, 5:26:00 AM [info]  Message :  {"id":"f3d39e29-ea18-4c3d-bcba-d5bde5d9446e","external_id":null}
7/19/2023, 6:14:44 AM [info]  Message :  canceling the previous daily reminder notification
7/19/2023, 6:14:44 AM [info]  Message :  Enabling daily reminder for Sunil Kumar at time - 13:00 - Asia/Kolkata
7/19/2023, 6:14:44 AM [info]  Message :  canceling the previous backup notification
7/19/2023, 6:14:44 AM [info]  Message :  Enabling daily backup for Sunil Kumar at 0:1 - Asia/Kolkata
7/19/2023, 6:14:44 AM [info]  Message :  -----------------------------------
7/19/2023, 6:19:39 AM [info]  Message :  Daily reminder disabled for - vx16QZaiJgci3iwUBIpsO62ArIO2 
7/19/2023, 6:19:39 AM [info]  Message :  -----------------------------------
7/19/2023, 6:20:16 AM [info]  Message :  Enabling daily reminder for Sunil Kumar at time - 06:23 - Asia/Kolkata
7/19/2023, 6:20:16 AM [info]  Message :  -----------------------------------
7/19/2023, 6:23:00 AM [info]  Message :  sending daily reminder notification to  - Sunil Kumar
7/19/2023, 6:23:00 AM [info]  Message :  {"id":"e5748d99-1013-4724-8463-9c0e02487539","external_id":null}
