7/10/2023, 11:39:45 AM [info]  Message :  server started on port number 3000 }
7/10/2023, 11:39:46 AM [info]  Message :  Database Connected (production) : ac-hbi6taw-shard-00-01.lrqxoge.mongodb.net
7/10/2023, 11:39:46 AM [info]  Message :  Enabling daily backup for thedaisy005@gmail.com - Asia/Kolkata
7/10/2023, 11:39:46 AM [info]  Message :  -----------------------------------
7/10/2023, 11:39:46 AM [info]  Message :  Enabling daily backup for Bhavana chinnam - Asia/Kolkata
7/10/2023, 11:39:46 AM [info]  Message :  -----------------------------------
7/10/2023, 11:39:46 AM [info]  Message :  Enabling daily backup for +919313500255 - Asia/Kolkata
7/10/2023, 11:39:46 AM [info]  Message :  -----------------------------------
7/10/2023, 11:39:46 AM [info]  Message :  Enabling daily reminder for +919885560882 at time - 07:48 - Asia/Kolkata
7/10/2023, 11:39:46 AM [info]  Message :  Enabling daily backup for +919885560882 - Asia/Kolkata
7/10/2023, 11:39:46 AM [info]  Message :  -----------------------------------
7/10/2023, 11:39:46 AM [info]  Message :  Enabling daily reminder for sridevi pasupuleti at time - 11:17 - Asia/Kolkata
7/10/2023, 11:39:46 AM [info]  Message :  Enabling daily backup for sridevi pasupuleti - Asia/Kolkata
7/10/2023, 11:39:46 AM [info]  Message :  -----------------------------------
7/10/2023, 11:39:46 AM [info]  Message :  Enabling daily backup for Nitin Phanse - Asia/Kolkata
7/10/2023, 11:39:46 AM [info]  Message :  -----------------------------------
7/10/2023, 11:39:46 AM [info]  Message :  Enabling daily backup for Dinesh Waradkar - Asia/Kolkata
7/10/2023, 11:39:46 AM [info]  Message :  -----------------------------------
7/10/2023, 11:39:46 AM [info]  Message :  Enabling daily backup for Dilip Rajbhar - Asia/Kolkata
7/10/2023, 11:39:46 AM [info]  Message :  -----------------------------------
7/10/2023, 11:39:46 AM [info]  Message :  Enabling daily backup for Deep Jyoti Das - Asia/Kolkata
7/10/2023, 11:39:46 AM [info]  Message :  -----------------------------------
7/10/2023, 11:39:46 AM [info]  Message :  Enabling daily reminder for 19-R-04C3 Manikanta at time - 14:11 - Asia/Kolkata
7/10/2023, 11:39:46 AM [info]  Message :  Enabling daily backup for 19-R-04C3 Manikanta - Asia/Kolkata
7/10/2023, 11:39:46 AM [info]  Message :  -----------------------------------
7/10/2023, 11:39:46 AM [info]  Message :  Enabling daily reminder for Sakeena Banu at time - 05:10 - Asia/Kolkata
7/10/2023, 11:39:46 AM [info]  Message :  Enabling daily backup for Sakeena Banu - Asia/Kolkata
7/10/2023, 11:39:46 AM [info]  Message :  -----------------------------------
7/10/2023, 11:39:46 AM [info]  Message :  Enabling daily backup for +919246229889 - Asia/Kolkata
7/10/2023, 11:39:46 AM [info]  Message :  -----------------------------------
7/10/2023, 11:39:46 AM [info]  Message :  Enabling daily backup for Krrish Sharma - Asia/Kolkata
7/10/2023, 11:39:46 AM [info]  Message :  -----------------------------------
7/10/2023, 11:39:46 AM [info]  Message :  Enabling daily backup for +919034407338 - Asia/Kolkata
7/10/2023, 11:39:46 AM [info]  Message :  -----------------------------------
7/10/2023, 11:39:46 AM [info]  Message :  Enabling daily backup for Krrish Sharma - Asia/Kolkata
7/10/2023, 11:39:46 AM [info]  Message :  -----------------------------------
7/10/2023, 11:39:46 AM [info]  Message :  Enabling daily backup for undefined - Asia/Kolkata
7/10/2023, 11:39:46 AM [info]  Message :  -----------------------------------
7/10/2023, 11:39:46 AM [info]  Message :  Enabling daily backup for Emily Allen - Asia/Kolkata
7/10/2023, 11:39:46 AM [info]  Message :  -----------------------------------
7/10/2023, 11:39:46 AM [info]  Message :  Enabling daily reminder for Mr. Arjun Kumar at time - 23:00 - Asia/Kolkata
7/10/2023, 11:39:46 AM [info]  Message :  Enabling daily backup for Mr. Arjun Kumar - Asia/Kolkata
7/10/2023, 11:39:46 AM [info]  Message :  -----------------------------------
7/10/2023, 11:39:46 AM [info]  Message :  Enabling daily backup for Bhavana Chinnam - Asia/Kolkata
7/10/2023, 11:39:46 AM [info]  Message :  -----------------------------------
7/10/2023, 11:39:46 AM [info]  Message :  Enabling daily backup for dynamic work - Asia/Kolkata
7/10/2023, 11:39:46 AM [info]  Message :  -----------------------------------
7/10/2023, 11:39:46 AM [info]  Message :  Enabling daily backup for +919826259020 - Asia/Kolkata
7/10/2023, 11:39:46 AM [info]  Message :  -----------------------------------
7/10/2023, 11:39:46 AM [info]  Message :  Enabling daily backup for Sreekuttan Vn - Asia/Kolkata
7/10/2023, 11:39:46 AM [info]  Message :  -----------------------------------
7/10/2023, 11:39:46 AM [info]  Message :  Enabling daily backup for undefined - Asia/Kolkata
7/10/2023, 11:39:46 AM [info]  Message :  -----------------------------------
7/10/2023, 11:39:46 AM [info]  Message :  Enabling daily backup for banjdoll22@gmail.com - Asia/Kolkata
7/10/2023, 11:39:46 AM [info]  Message :  -----------------------------------
7/10/2023, 11:39:46 AM [info]  Message :  Enabling daily backup for DINESH DINO - Asia/Kolkata
7/10/2023, 11:39:46 AM [info]  Message :  -----------------------------------
7/10/2023, 11:39:46 AM [info]  Message :  Enabling daily backup for Dushyant Waghmare - Asia/Kolkata
7/10/2023, 11:39:46 AM [info]  Message :  -----------------------------------
7/10/2023, 11:39:46 AM [info]  Message :  Enabling daily backup for Govind Koppisetty - Asia/Kolkata
7/10/2023, 11:39:46 AM [info]  Message :  -----------------------------------
7/10/2023, 11:39:46 AM [info]  Message :  Enabling daily backup for Ashok B Chowdhury - Asia/Kolkata
7/10/2023, 11:39:46 AM [info]  Message :  -----------------------------------
7/10/2023, 11:39:46 AM [info]  Message :  Enabling daily backup for Joshua Mohan - Asia/Kolkata
7/10/2023, 11:39:46 AM [info]  Message :  -----------------------------------
7/10/2023, 11:39:46 AM [info]  Message :  Enabling daily backup for kajri012dvi@gmail.com - Asia/Kolkata
7/10/2023, 11:39:46 AM [info]  Message :  -----------------------------------
7/10/2023, 11:39:46 AM [info]  Message :  Enabling daily backup for undefined - Asia/Kolkata
7/10/2023, 11:39:46 AM [info]  Message :  -----------------------------------
7/10/2023, 11:39:46 AM [info]  Message :  Enabling daily reminder for Sunil Kumar Pasupuleti at time - 23:03 - Asia/Kolkata
7/10/2023, 11:39:46 AM [info]  Message :  Enabling daily backup for Sunil Kumar Pasupuleti - Asia/Kolkata
7/10/2023, 11:39:46 AM [info]  Message :  -----------------------------------
7/10/2023, 11:39:46 AM [info]  Message :  Enabling daily reminder for Mounika Pasupuleti at time - 21:00 - Asia/Kolkata
7/10/2023, 11:39:46 AM [info]  Message :  Enabling daily backup for Mounika Pasupuleti - Asia/Kolkata
7/10/2023, 11:39:46 AM [info]  Message :  -----------------------------------
7/10/2023, 11:39:46 AM [info]  Message :  Enabling daily backup for Parthiban S - Asia/Kolkata
7/10/2023, 11:39:46 AM [info]  Message :  -----------------------------------
7/10/2023, 11:39:46 AM [info]  Message :  Enabling daily backup for SANJAY BEHERA - Asia/Kolkata
7/10/2023, 11:39:46 AM [info]  Message :  -----------------------------------
7/10/2023, 11:39:46 AM [info]  Message :  Enabling daily backup for +919475929015 - Asia/Kolkata
7/10/2023, 11:39:46 AM [info]  Message :  -----------------------------------
7/10/2023, 11:39:46 AM [info]  Message :  Enabling daily reminder for nitin tulsyan at time - 18:30 - Asia/Kolkata
7/10/2023, 11:39:46 AM [info]  Message :  Enabling daily backup for nitin tulsyan - Asia/Kolkata
7/10/2023, 11:39:46 AM [info]  Message :  -----------------------------------
7/10/2023, 11:39:46 AM [info]  Message :  Enabling daily backup for Adiya Tripathi - Asia/Kolkata
7/10/2023, 11:39:46 AM [info]  Message :  -----------------------------------
7/10/2023, 11:39:46 AM [info]  Message :  Enabling daily backup for Eswaramoorthy .K - Asia/Kolkata
7/10/2023, 11:39:46 AM [info]  Message :  -----------------------------------
7/10/2023, 11:39:46 AM [info]  Message :  Enabling daily backup for Sanjay Murali - Asia/Kolkata
7/10/2023, 11:39:46 AM [info]  Message :  -----------------------------------
7/10/2023, 11:39:46 AM [info]  Message :  Enabling daily backup for drrajeshgandhi25@gmail.com - Asia/Calcutta
7/10/2023, 11:39:46 AM [info]  Message :  -----------------------------------
7/10/2023, 11:39:46 AM [info]  Message :  Enabling daily backup for T Tirumalesh - Asia/Kolkata
7/10/2023, 11:39:46 AM [info]  Message :  -----------------------------------
7/10/2023, 11:39:46 AM [info]  Message :  Enabling daily backup for Kavi Nilavan - Asia/Kolkata
7/10/2023, 11:39:46 AM [info]  Message :  -----------------------------------
7/10/2023, 11:39:46 AM [info]  Message :  Enabling daily backup for undefined - Asia/Kolkata
7/10/2023, 11:39:46 AM [info]  Message :  -----------------------------------
7/10/2023, 11:39:46 AM [info]  Message :  Enabling daily backup for KUMAR MANGALAM - Asia/Calcutta
7/10/2023, 11:39:46 AM [info]  Message :  -----------------------------------
7/10/2023, 11:39:46 AM [info]  Message :  Enabling daily backup for Darling Vamsi - Asia/Kolkata
7/10/2023, 11:39:46 AM [info]  Message :  -----------------------------------
7/10/2023, 11:39:46 AM [info]  Message :  Enabling daily backup for vimal jain - Asia/Kolkata
7/10/2023, 11:39:46 AM [info]  Message :  -----------------------------------
7/10/2023, 11:39:46 AM [info]  Message :  Enabling daily backup for Nagarajan B - Asia/Kolkata
7/10/2023, 11:39:46 AM [info]  Message :  -----------------------------------
7/10/2023, 11:39:46 AM [info]  Message :  Enabling daily backup for Neeraj Kumar - Asia/Kolkata
7/10/2023, 11:39:46 AM [info]  Message :  -----------------------------------
7/10/2023, 11:39:46 AM [info]  Message :  Enabling daily backup for Punmabhai Chudhari - Asia/Kolkata
7/10/2023, 11:39:46 AM [info]  Message :  -----------------------------------
7/10/2023, 11:39:46 AM [info]  Message :  Enabling daily backup for Subhash Magar - Asia/Kolkata
7/10/2023, 11:39:46 AM [info]  Message :  -----------------------------------
7/10/2023, 11:39:46 AM [info]  Message :  Enabling daily backup for Jerrell Shelton - America/Chicago
7/10/2023, 11:39:46 AM [info]  Message :  -----------------------------------
7/10/2023, 11:39:46 AM [info]  Message :  Enabling daily backup for Simão Valoloca Manuel - Africa/Luanda
7/10/2023, 11:39:46 AM [info]  Message :  -----------------------------------
7/10/2023, 11:39:46 AM [info]  Message :  Enabling daily backup for Pete Jarosch - America/Chicago
7/10/2023, 11:39:46 AM [info]  Message :  -----------------------------------
7/10/2023, 11:39:46 AM [info]  Message :  Enabling daily backup for Bharat Sutharr - Asia/Calcutta
7/10/2023, 11:39:46 AM [info]  Message :  -----------------------------------
7/10/2023, 11:39:46 AM [info]  Message :  Enabling daily backup for +918111800003 - Asia/Calcutta
7/10/2023, 11:39:46 AM [info]  Message :  -----------------------------------
7/10/2023, 11:39:46 AM [info]  Message :  Enabling daily backup for kswargari@rediffmail.com - Asia/Kolkata
7/10/2023, 11:39:46 AM [info]  Message :  -----------------------------------
7/10/2023, 11:39:46 AM [info]  Message :  Enabling daily backup for Yomi obasa - Europe/London
7/10/2023, 11:39:46 AM [info]  Message :  -----------------------------------
7/10/2023, 11:39:46 AM [info]  Message :  Enabling daily backup for +919322044601 - Asia/Kolkata
7/10/2023, 11:39:46 AM [info]  Message :  -----------------------------------
7/10/2023, 11:39:46 AM [info]  Message :  Enabling daily backup for Forethought Unlimited LLC. - America/New_York
7/10/2023, 11:39:46 AM [info]  Message :  -----------------------------------
7/10/2023, 11:39:46 AM [info]  Message :  Enabling daily backup for +919557435979 - Asia/Kolkata
7/10/2023, 11:39:46 AM [info]  Message :  -----------------------------------
7/10/2023, 11:39:46 AM [info]  Message :  Enabling daily reminder for Gobinda Bishi at time - 20:00 - Asia/Kolkata
7/10/2023, 11:39:46 AM [info]  Message :  Enabling daily backup for Gobinda Bishi - Asia/Kolkata
7/10/2023, 11:39:46 AM [info]  Message :  -----------------------------------
7/10/2023, 11:39:46 AM [info]  Message :  Enabling daily backup for Jerin Ck - Asia/Kolkata
7/10/2023, 11:39:46 AM [info]  Message :  -----------------------------------
7/10/2023, 11:39:46 AM [info]  Message :  Enabling daily backup for +917847862423 - Asia/Kolkata
7/10/2023, 11:39:46 AM [info]  Message :  -----------------------------------
7/10/2023, 11:39:46 AM [info]  Message :  Enabling daily backup for +919155002709 - Asia/Calcutta
7/10/2023, 11:39:46 AM [info]  Message :  -----------------------------------
7/10/2023, 11:39:46 AM [info]  Message :  Enabling daily backup for +919537588533 - Asia/Kolkata
7/10/2023, 11:39:46 AM [info]  Message :  -----------------------------------
7/10/2023, 11:39:46 AM [info]  Message :  Enabling daily backup for Alan Grady - Asia/Manila
7/10/2023, 11:39:46 AM [info]  Message :  -----------------------------------
7/10/2023, 11:39:46 AM [info]  Message :  Enabling daily backup for Zach Eversoll - Asia/Manila
7/10/2023, 11:39:46 AM [info]  Message :  -----------------------------------
7/10/2023, 11:39:46 AM [info]  Message :  Enabling daily backup for tau.hoskinsgrady.1659729733602@gmail.com - Asia/Manila
7/10/2023, 11:39:46 AM [info]  Message :  -----------------------------------
7/10/2023, 11:39:46 AM [info]  Message :  Enabling daily backup for Billy Muldoon - Asia/Kolkata
7/10/2023, 11:39:46 AM [info]  Message :  -----------------------------------
7/10/2023, 11:39:46 AM [info]  Message :  Enabling daily backup for Rhydian Davies - Europe/London
7/10/2023, 11:39:46 AM [info]  Message :  -----------------------------------
7/10/2023, 11:39:46 AM [info]  Message :  Enabling daily backup for tree2 box - Asia/Kolkata
7/10/2023, 11:39:46 AM [info]  Message :  -----------------------------------
7/10/2023, 11:39:46 AM [info]  Message :  Enabling daily backup for Pterodactyl Grady - Asia/Manila
7/10/2023, 11:39:46 AM [info]  Message :  -----------------------------------
7/10/2023, 11:39:46 AM [info]  Message :  Enabling daily backup for Claire Altithorax - Asia/Manila
7/10/2023, 11:39:46 AM [info]  Message :  -----------------------------------
7/10/2023, 11:39:46 AM [info]  Message :  Enabling daily backup for Donald Sidhu - Asia/Manila
7/10/2023, 11:39:46 AM [info]  Message :  -----------------------------------
7/10/2023, 11:39:46 AM [info]  Message :  Enabling daily backup for +919343576002 - Asia/Kolkata
7/10/2023, 11:39:46 AM [info]  Message :  -----------------------------------
7/10/2023, 11:39:46 AM [info]  Message :  Enabling daily backup for Bijay Yadav - Asia/Kolkata
7/10/2023, 11:39:46 AM [info]  Message :  -----------------------------------
7/10/2023, 11:39:46 AM [info]  Message :  Enabling daily backup for +918956428099 - Asia/Kolkata
7/10/2023, 11:39:46 AM [info]  Message :  -----------------------------------
7/10/2023, 11:39:46 AM [info]  Message :  Enabling daily backup for nivedithatb21@gmail.com - Asia/Kolkata
7/10/2023, 11:39:46 AM [info]  Message :  -----------------------------------
7/10/2023, 11:39:46 AM [info]  Message :  Enabling daily backup for YK Joshi - Asia/Kolkata
7/10/2023, 11:39:46 AM [info]  Message :  -----------------------------------
7/10/2023, 11:39:46 AM [info]  Message :  Enabling daily backup for VINOD ROHILLA - Asia/Kolkata
7/10/2023, 11:39:46 AM [info]  Message :  -----------------------------------
7/10/2023, 11:39:46 AM [info]  Message :  Enabling daily backup for KASIA K Markowska - Europe/London
7/10/2023, 11:39:46 AM [info]  Message :  -----------------------------------
7/10/2023, 11:39:46 AM [info]  Message :  Enabling daily backup for Ahmed Salahudeen - Asia/Qatar
7/10/2023, 11:39:46 AM [info]  Message :  -----------------------------------
7/10/2023, 11:39:46 AM [info]  Message :  Enabling daily backup for +919706011766 - Asia/Kolkata
7/10/2023, 11:39:46 AM [info]  Message :  -----------------------------------
7/10/2023, 11:39:46 AM [info]  Message :  Enabling daily backup for prasad.inform09@gmail.com - Asia/Kolkata
7/10/2023, 11:39:46 AM [info]  Message :  -----------------------------------
7/10/2023, 11:39:46 AM [info]  Message :  Enabling daily backup for Kh Mohamed rafiq - Asia/Calcutta
7/10/2023, 11:39:46 AM [info]  Message :  -----------------------------------
7/10/2023, 11:39:46 AM [info]  Message :  Enabling daily backup for Gurpreet Brar - Asia/Kolkata
7/10/2023, 11:39:46 AM [info]  Message :  -----------------------------------
7/10/2023, 11:39:46 AM [info]  Message :  Enabling daily backup for hema latha - Asia/Kolkata
7/10/2023, 11:39:46 AM [info]  Message :  -----------------------------------
7/10/2023, 11:39:46 AM [info]  Message :  Enabling daily backup for Alok Alok - Asia/Kolkata
7/10/2023, 11:39:46 AM [info]  Message :  -----------------------------------
7/10/2023, 11:39:46 AM [info]  Message :  Enabling daily backup for Phatrapron Boonbou - Europe/London
7/10/2023, 11:39:46 AM [info]  Message :  -----------------------------------
7/10/2023, 11:39:46 AM [info]  Message :  Enabling daily backup for Pawan Kumar - Asia/Kolkata
7/10/2023, 11:39:46 AM [info]  Message :  -----------------------------------
7/10/2023, 11:39:46 AM [info]  Message :  Enabling daily backup for lakshaya_singh@afschoolavadi.com - Asia/Kolkata
7/10/2023, 11:39:46 AM [info]  Message :  -----------------------------------
7/10/2023, 11:39:46 AM [info]  Message :  Enabling daily backup for sunny debnath - Asia/Kolkata
7/10/2023, 11:39:46 AM [info]  Message :  -----------------------------------
7/10/2023, 11:39:46 AM [info]  Message :  Enabling daily backup for Desi Spoon - Asia/Kolkata
7/10/2023, 11:39:46 AM [info]  Message :  -----------------------------------
7/10/2023, 11:39:46 AM [info]  Message :  Enabling daily backup for chellapandi.private@hotmail.com - Asia/Kolkata
7/10/2023, 11:39:46 AM [info]  Message :  -----------------------------------
7/10/2023, 11:39:46 AM [info]  Message :  Enabling daily backup for Parixit Patel - Asia/Kolkata
7/10/2023, 11:39:46 AM [info]  Message :  -----------------------------------
7/10/2023, 11:39:46 AM [info]  Message :  Enabling daily backup for Pravin Ghorpade - Asia/Kolkata
7/10/2023, 11:39:46 AM [info]  Message :  -----------------------------------
7/10/2023, 11:39:46 AM [info]  Message :  Enabling daily reminder for sanjoy sen at time - 22:00 - Asia/Calcutta
7/10/2023, 11:39:46 AM [info]  Message :  Enabling daily backup for sanjoy sen - Asia/Calcutta
7/10/2023, 11:39:46 AM [info]  Message :  -----------------------------------
7/10/2023, 11:39:46 AM [info]  Message :  Enabling daily backup for shiva166sharma@gmail.com - Asia/Kolkata
7/10/2023, 11:39:46 AM [info]  Message :  -----------------------------------
7/10/2023, 11:39:46 AM [info]  Message :  Enabling daily backup for Senthil R - Asia/Kolkata
7/10/2023, 11:39:46 AM [info]  Message :  -----------------------------------
7/10/2023, 11:39:46 AM [info]  Message :  Enabling daily backup for Abhishek Singh - Asia/Kolkata
7/10/2023, 11:39:46 AM [info]  Message :  -----------------------------------
7/10/2023, 11:39:46 AM [info]  Message :  Enabling daily backup for Ashok kumar - Asia/Kolkata
7/10/2023, 11:39:46 AM [info]  Message :  -----------------------------------
7/10/2023, 11:39:46 AM [info]  Message :  Enabling daily backup for +917219141099 - Asia/Kolkata
7/10/2023, 11:39:46 AM [info]  Message :  -----------------------------------
7/10/2023, 11:39:46 AM [info]  Message :  Enabling daily backup for +919959907940 - Asia/Kolkata
7/10/2023, 11:39:46 AM [info]  Message :  -----------------------------------
7/10/2023, 11:39:46 AM [info]  Message :  Enabling daily backup for Mukesh Solanki - Asia/Kolkata
7/10/2023, 11:39:46 AM [info]  Message :  -----------------------------------
7/10/2023, 11:39:46 AM [info]  Message :  Enabling daily backup for +919869346700 - Asia/Kolkata
7/10/2023, 11:39:46 AM [info]  Message :  -----------------------------------
7/10/2023, 11:39:46 AM [info]  Message :  Enabling daily backup for vaibhavpnd5@gmail.com - Asia/Kolkata
7/10/2023, 11:39:46 AM [info]  Message :  -----------------------------------
7/10/2023, 11:39:46 AM [info]  Message :  Enabling daily reminder for Sunil Kumar at time - 11:39 - Asia/Kolkata
7/10/2023, 11:39:46 AM [info]  Message :  Enabling daily backup for Sunil Kumar - Asia/Kolkata
7/10/2023, 11:39:46 AM [info]  Message :  -----------------------------------
7/10/2023, 11:39:46 AM [info]  Message :  Enabling daily backup for +919868812356 - Asia/Kolkata
7/10/2023, 11:39:46 AM [info]  Message :  -----------------------------------
7/10/2023, 11:39:46 AM [info]  Message :  Enabling daily backup for +919637396999 - Asia/Kolkata
7/10/2023, 11:39:46 AM [info]  Message :  -----------------------------------
7/10/2023, 11:39:46 AM [info]  Message :  Enabling daily reminder for Manikanta at time - 14:28 - Asia/Kolkata
7/10/2023, 11:39:46 AM [info]  Message :  Enabling daily backup for Manikanta - Asia/Kolkata
7/10/2023, 11:39:46 AM [info]  Message :  -----------------------------------
7/10/2023, 11:39:46 AM [info]  Message :  Enabling daily backup for Paresh Vishnu - Asia/Kolkata
7/10/2023, 11:39:46 AM [info]  Message :  -----------------------------------
7/10/2023, 11:39:46 AM [info]  Message :  Enabling daily backup for ShivaShankar TJ - Asia/Kolkata
7/10/2023, 11:39:46 AM [info]  Message :  -----------------------------------
7/10/2023, 11:39:46 AM [info]  Message :  Enabling daily backup for RAJESH BAMNIYA - Asia/Kolkata
7/10/2023, 11:39:46 AM [info]  Message :  -----------------------------------
7/10/2023, 11:39:46 AM [info]  Message :  Enabling daily backup for tej narayan - Asia/Kolkata
7/10/2023, 11:39:46 AM [info]  Message :  -----------------------------------
7/10/2023, 11:39:46 AM [info]  Message :  Enabling daily backup for Gursewak Arora - Asia/Calcutta
7/10/2023, 11:39:46 AM [info]  Message :  -----------------------------------
7/10/2023, 11:39:46 AM [info]  Message :  Enabling daily backup for P kishor Kishor - Asia/Kolkata
7/10/2023, 11:39:46 AM [info]  Message :  -----------------------------------
7/10/2023, 11:39:46 AM [info]  Message :  Enabling daily backup for priyanshu sahni - Asia/Kolkata
7/10/2023, 11:39:46 AM [info]  Message :  -----------------------------------
7/10/2023, 11:39:46 AM [info]  Message :  Enabling daily backup for Thiyagarajan Elumalai - Asia/Kolkata
7/10/2023, 11:39:46 AM [info]  Message :  -----------------------------------
7/10/2023, 11:39:46 AM [info]  Message :  Enabling daily backup for MAHAMMAD ASLAM VAJRALA - Asia/Kolkata
7/10/2023, 11:39:46 AM [info]  Message :  -----------------------------------
7/10/2023, 11:39:46 AM [info]  Message :  Enabling daily reminder for sunil.pandvd41@gmail.com at time - 23:20 - Asia/Kolkata
7/10/2023, 11:39:46 AM [info]  Message :  Enabling daily backup for sunil.pandvd41@gmail.com - Asia/Kolkata
7/10/2023, 11:39:46 AM [info]  Message :  -----------------------------------
7/10/2023, 11:39:47 AM [info]  Message :  Enabling daily backup for Suresh - Asia/Kolkata
7/10/2023, 11:39:47 AM [info]  Message :  -----------------------------------
7/10/2023, 11:39:47 AM [info]  Message :  Enabling daily backup for njanssen44@hotmail.com - America/Chicago
7/10/2023, 11:39:47 AM [info]  Message :  -----------------------------------
7/10/2023, 11:39:47 AM [info]  Message :  Enabling daily backup for +916303445344 - Asia/Kolkata
7/10/2023, 11:39:47 AM [info]  Message :  -----------------------------------
7/10/2023, 11:39:47 AM [info]  Message :  Enabling daily backup for +447932984314 - Europe/London
7/10/2023, 11:39:47 AM [info]  Message :  -----------------------------------
7/10/2023, 11:39:47 AM [info]  Message :  Enabling daily backup for +919989644623 - Asia/Calcutta
7/10/2023, 11:39:47 AM [info]  Message :  -----------------------------------
7/10/2023, 11:39:47 AM [info]  Message :  Enabling daily backup for Megha Elsa Shibu - Asia/Kolkata
7/10/2023, 11:39:47 AM [info]  Message :  -----------------------------------
7/10/2023, 11:39:47 AM [info]  Message :  Enabling daily backup for sheetal Kshirsagar - Asia/Kolkata
7/10/2023, 11:39:47 AM [info]  Message :  -----------------------------------
7/10/2023, 11:39:47 AM [info]  Message :  Enabling daily backup for +919811032586 - Asia/Kolkata
7/10/2023, 11:39:47 AM [info]  Message :  -----------------------------------
7/10/2023, 11:39:47 AM [info]  Message :  Enabling daily backup for forkandfilebusiness@gmail.com - Asia/Kolkata
7/10/2023, 11:39:47 AM [info]  Message :  -----------------------------------
7/10/2023, 11:39:47 AM [info]  Message :  Enabling daily backup for ashu mohmad - Asia/Kolkata
7/10/2023, 11:39:47 AM [info]  Message :  -----------------------------------
7/10/2023, 11:39:47 AM [info]  Message :  Enabling daily reminder for DILIP GOSALIA at time - 11:56 - Asia/Kolkata
7/10/2023, 11:39:47 AM [info]  Message :  Enabling daily backup for DILIP GOSALIA - Asia/Kolkata
7/10/2023, 11:39:47 AM [info]  Message :  -----------------------------------
7/10/2023, 11:39:47 AM [info]  Message :  Enabling daily backup for Anudeep Royal - Asia/Kolkata
7/10/2023, 11:39:47 AM [info]  Message :  -----------------------------------
7/10/2023, 11:39:47 AM [info]  Message :  Enabling daily backup for Neel Mehta - Asia/Calcutta
7/10/2023, 11:39:47 AM [info]  Message :  -----------------------------------
7/10/2023, 11:39:47 AM [info]  Message :  Enabling daily backup for Lee Roberts - Europe/London
7/10/2023, 11:39:47 AM [info]  Message :  -----------------------------------
7/10/2023, 11:39:47 AM [info]  Message :  Enabling daily backup for +918822664871 - Asia/Kolkata
7/10/2023, 11:39:47 AM [info]  Message :  -----------------------------------
7/10/2023, 11:39:47 AM [info]  Message :  Enabling daily backup for +918850448421 - Asia/Kolkata
7/10/2023, 11:39:47 AM [info]  Message :  -----------------------------------
7/10/2023, 11:39:47 AM [info]  Message :  Enabling daily backup for +919811023318 - Asia/Kolkata
7/10/2023, 11:39:47 AM [info]  Message :  -----------------------------------
7/10/2023, 11:39:47 AM [info]  Message :  Enabling daily reminder for Chandra Shekhar at time - 23:00 - Asia/Kolkata
7/10/2023, 11:39:47 AM [info]  Message :  Enabling daily backup for Chandra Shekhar - Asia/Kolkata
7/10/2023, 11:39:47 AM [info]  Message :  -----------------------------------
7/10/2023, 11:39:47 AM [info]  Message :  Enabling daily backup for Sahil Prajapati - Asia/Kolkata
7/10/2023, 11:39:47 AM [info]  Message :  -----------------------------------
7/10/2023, 11:39:47 AM [info]  Message :  Enabling daily reminder for Khusbu Nishad at time - 22:00 - Asia/Kolkata
7/10/2023, 11:39:47 AM [info]  Message :  Enabling daily backup for Khusbu Nishad - Asia/Kolkata
7/10/2023, 11:39:47 AM [info]  Message :  -----------------------------------
7/10/2023, 11:39:47 AM [info]  Message :  Enabling daily backup for Vijaykumar Jogdand - Asia/Kolkata
7/10/2023, 11:39:47 AM [info]  Message :  -----------------------------------
7/10/2023, 11:39:47 AM [info]  Message :  Enabling daily backup for Kevinkumar Patel - Asia/Dubai
7/10/2023, 11:39:47 AM [info]  Message :  -----------------------------------
7/10/2023, 11:39:47 AM [info]  Message :  Enabling daily backup for Rijul Mamidwar - Asia/Kolkata
7/10/2023, 11:39:47 AM [info]  Message :  -----------------------------------
7/10/2023, 11:39:47 AM [info]  Message :  Enabling daily backup for Dev Virani - Asia/Kolkata
7/10/2023, 11:39:47 AM [info]  Message :  -----------------------------------
7/10/2023, 11:39:47 AM [info]  Message :  Enabling daily backup for Rohan - Asia/Kolkata
7/10/2023, 11:39:47 AM [info]  Message :  -----------------------------------
7/10/2023, 11:39:47 AM [info]  Message :  Enabling daily backup for Dayal _kv - Asia/Calcutta
7/10/2023, 11:39:47 AM [info]  Message :  -----------------------------------
7/10/2023, 11:39:47 AM [info]  Message :  Enabling daily backup for daljit.jasrotia@hotmail.com - Asia/Kolkata
7/10/2023, 11:39:47 AM [info]  Message :  -----------------------------------
7/10/2023, 11:39:47 AM [info]  Message :  Enabling daily backup for Bradly Sam - Asia/Kolkata
7/10/2023, 11:39:47 AM [info]  Message :  -----------------------------------
7/10/2023, 11:39:47 AM [info]  Message :  Enabling daily backup for KAMLESH SHETH - Asia/Calcutta
7/10/2023, 11:39:47 AM [info]  Message :  -----------------------------------
7/10/2023, 11:39:47 AM [info]  Message :  Enabling daily backup for Risshi P Parmar - Asia/Kolkata
7/10/2023, 11:39:47 AM [info]  Message :  -----------------------------------
7/10/2023, 11:39:47 AM [info]  Message :  Enabling daily backup for vikas mehta - Asia/Kolkata
7/10/2023, 11:39:47 AM [info]  Message :  -----------------------------------
7/10/2023, 11:39:47 AM [info]  Message :  Enabling daily backup for AC Chaursiya - Asia/Calcutta
7/10/2023, 11:39:47 AM [info]  Message :  -----------------------------------
7/10/2023, 11:39:47 AM [info]  Message :  Enabling daily backup for Yes No - Asia/Kolkata
7/10/2023, 11:39:47 AM [info]  Message :  -----------------------------------
7/10/2023, 11:39:47 AM [info]  Message :  Enabling daily backup for Nitin Solanki - Asia/Kolkata
7/10/2023, 11:39:47 AM [info]  Message :  -----------------------------------
7/10/2023, 11:39:47 AM [info]  Message :  Enabling daily backup for Jinudas Ks - Asia/Riyadh
7/10/2023, 11:39:47 AM [info]  Message :  -----------------------------------
7/10/2023, 11:39:47 AM [info]  Message :  Enabling daily backup for divyansh verma - Asia/Calcutta
7/10/2023, 11:39:47 AM [info]  Message :  -----------------------------------
7/10/2023, 11:39:47 AM [info]  Message :  Enabling daily backup for +919972656450 - Asia/Calcutta
7/10/2023, 11:39:47 AM [info]  Message :  -----------------------------------
7/10/2023, 11:39:47 AM [info]  Message :  Enabling daily backup for Sarfraz Mehmood - Europe/London
7/10/2023, 11:39:47 AM [info]  Message :  -----------------------------------
7/10/2023, 11:39:47 AM [info]  Message :  Enabling daily backup for +919891185565 - Asia/Kolkata
7/10/2023, 11:39:47 AM [info]  Message :  -----------------------------------
7/10/2023, 11:39:47 AM [info]  Message :  Enabling daily backup for Ritesh Panday - Asia/Calcutta
7/10/2023, 11:39:47 AM [info]  Message :  -----------------------------------
7/10/2023, 11:39:47 AM [info]  Message :  Enabling daily backup for +919597979703 - Asia/Calcutta
7/10/2023, 11:39:47 AM [info]  Message :  -----------------------------------
7/10/2023, 11:39:47 AM [info]  Message :  Enabling daily backup for Chirag Gohel - Asia/Kolkata
7/10/2023, 11:39:47 AM [info]  Message :  -----------------------------------
7/10/2023, 11:39:47 AM [info]  Message :  Enabling daily backup for Aswin Raj - Asia/Kolkata
7/10/2023, 11:39:47 AM [info]  Message :  -----------------------------------
7/10/2023, 11:39:47 AM [info]  Message :  Enabling daily backup for Aditya Suryawanshi - Asia/Kolkata
7/10/2023, 11:39:47 AM [info]  Message :  -----------------------------------
7/10/2023, 11:39:47 AM [info]  Message :  Enabling daily backup for harsha vanapalli - Asia/Kolkata
7/10/2023, 11:39:47 AM [info]  Message :  -----------------------------------
7/10/2023, 11:39:47 AM [info]  Message :  Enabling daily backup for +919691443438 - Asia/Kolkata
7/10/2023, 11:39:47 AM [info]  Message :  -----------------------------------
7/10/2023, 11:39:47 AM [info]  Message :  Enabling daily backup for +919849973377 - Asia/Kolkata
7/10/2023, 11:39:47 AM [info]  Message :  -----------------------------------
7/10/2023, 11:39:47 AM [info]  Message :  Enabling daily backup for Nitesh Kumar - Asia/Calcutta
7/10/2023, 11:39:47 AM [info]  Message :  -----------------------------------
7/10/2023, 11:39:47 AM [info]  Message :  Enabling daily backup for Swetha Vijayakumar - Asia/Kolkata
7/10/2023, 11:39:47 AM [info]  Message :  -----------------------------------
7/10/2023, 11:39:47 AM [info]  Message :  Enabling daily backup for pratixa patel - Asia/Kolkata
7/10/2023, 11:39:47 AM [info]  Message :  -----------------------------------
7/10/2023, 11:39:47 AM [info]  Message :  Enabling daily backup for Alexander Naffah - Europe/London
7/10/2023, 11:39:47 AM [info]  Message :  -----------------------------------
7/10/2023, 11:39:47 AM [info]  Message :  Enabling daily backup for Navratan Organics - Asia/Kolkata
7/10/2023, 11:39:47 AM [info]  Message :  -----------------------------------
7/10/2023, 11:39:47 AM [info]  Message :  Enabling daily backup for +917875581143 - Asia/Kolkata
7/10/2023, 11:39:47 AM [info]  Message :  -----------------------------------
7/10/2023, 11:39:47 AM [info]  Message :  Enabling daily backup for Rajendra Kumar - Asia/Kolkata
7/10/2023, 11:39:47 AM [info]  Message :  -----------------------------------
7/10/2023, 11:39:47 AM [info]  Message :  Enabling daily backup for arjun pasi - Asia/Kolkata
7/10/2023, 11:39:47 AM [info]  Message :  -----------------------------------
7/10/2023, 11:39:47 AM [info]  Message :  Enabling daily backup for AMAR SURDE - Asia/Kolkata
7/10/2023, 11:39:47 AM [info]  Message :  -----------------------------------
7/10/2023, 11:39:47 AM [info]  Message :  Enabling daily backup for Shree Ram - Asia/Kolkata
7/10/2023, 11:39:47 AM [info]  Message :  -----------------------------------
7/10/2023, 11:39:47 AM [info]  Message :  Enabling daily backup for muthuscorpion.sethu@gmail.com - Asia/Calcutta
7/10/2023, 11:39:47 AM [info]  Message :  -----------------------------------
7/10/2023, 11:39:47 AM [info]  Message :  Enabling daily backup for Rahul Arya - Asia/Kolkata
7/10/2023, 11:39:47 AM [info]  Message :  -----------------------------------
7/10/2023, 11:39:47 AM [info]  Message :  Enabling daily backup for Shilpa Naik - Asia/Kolkata
7/10/2023, 11:39:47 AM [info]  Message :  -----------------------------------
7/10/2023, 11:39:47 AM [info]  Message :  Enabling daily backup for Pooja Jaiswal - Asia/Calcutta
7/10/2023, 11:39:47 AM [info]  Message :  -----------------------------------
7/10/2023, 11:39:47 AM [info]  Message :  Enabling daily backup for chanti 1988 - Asia/Calcutta
7/10/2023, 11:39:47 AM [info]  Message :  -----------------------------------
7/10/2023, 11:39:47 AM [info]  Message :  Enabling daily backup for Rohit Sharma - Asia/Kolkata
7/10/2023, 11:39:47 AM [info]  Message :  -----------------------------------
7/10/2023, 11:39:47 AM [info]  Message :  Enabling daily backup for Dean Fahy - Europe/London
7/10/2023, 11:39:47 AM [info]  Message :  -----------------------------------
7/10/2023, 11:39:47 AM [info]  Message :  Enabling daily backup for ROKTIM SAHA - Asia/Kolkata
7/10/2023, 11:39:47 AM [info]  Message :  -----------------------------------
7/10/2023, 11:39:47 AM [info]  Message :  Enabling daily backup for Tejas Sura - Asia/Calcutta
7/10/2023, 11:39:47 AM [info]  Message :  -----------------------------------
7/10/2023, 11:39:47 AM [info]  Message :  Enabling daily backup for Rohan Bania - Asia/Kolkata
7/10/2023, 11:39:47 AM [info]  Message :  -----------------------------------
7/10/2023, 11:39:47 AM [info]  Message :  Enabling daily backup for +917654290341 - Asia/Kolkata
7/10/2023, 11:39:47 AM [info]  Message :  -----------------------------------
7/10/2023, 11:39:47 AM [info]  Message :  Enabling daily backup for a@b.com - Asia/Kolkata
7/10/2023, 11:39:47 AM [info]  Message :  -----------------------------------
7/10/2023, 11:39:47 AM [info]  Message :  Enabling daily backup for Akshat Surana - Asia/Kolkata
7/10/2023, 11:39:47 AM [info]  Message :  -----------------------------------
7/10/2023, 11:39:47 AM [info]  Message :  Enabling daily backup for Pradumn Biradar - Asia/Kolkata
7/10/2023, 11:39:47 AM [info]  Message :  -----------------------------------
7/10/2023, 11:39:47 AM [info]  Message :  Enabling daily backup for +918532906086 - Asia/Kolkata
7/10/2023, 11:39:47 AM [info]  Message :  -----------------------------------
7/10/2023, 11:39:47 AM [info]  Message :  Enabling daily backup for +919727922407 - Asia/Calcutta
7/10/2023, 11:39:47 AM [info]  Message :  -----------------------------------
7/10/2023, 11:39:47 AM [info]  Message :  Enabling daily backup for KANTI KUMAR BM - Asia/Kolkata
7/10/2023, 11:39:47 AM [info]  Message :  -----------------------------------
7/10/2023, 11:39:47 AM [info]  Message :  Enabling daily backup for +917806945731 - Asia/Kolkata
7/10/2023, 11:39:47 AM [info]  Message :  -----------------------------------
7/10/2023, 11:39:47 AM [info]  Message :  Enabling daily backup for manju.hh010@gmail.com - Asia/Kolkata
7/10/2023, 11:39:47 AM [info]  Message :  -----------------------------------
7/10/2023, 11:44:31 AM [info]  Message :  server started on port number 3000 }
7/10/2023, 11:44:32 AM [info]  Message :  Database Connected (production) : ac-hbi6taw-shard-00-00.lrqxoge.mongodb.net
7/10/2023, 11:44:39 AM [info]  Message :  server started on port number 3000 }
7/10/2023, 11:44:39 AM [info]  Message :  Database Connected (production) : ac-hbi6taw-shard-00-00.lrqxoge.mongodb.net
7/10/2023, 11:45:04 AM [info]  Message :  Updated time in daily reminder. Cancelling the previous one and scheduling new reminder
7/10/2023, 11:45:04 AM [info]  Message :  -----------------------------------
7/10/2023, 11:45:04 AM [info]  Message :  Enabling daily reminder for Sunil Kumar at time - 11:45 - Asia/Kolkata
7/10/2023, 11:45:04 AM [info]  Message :  -----------------------------------
7/10/2023, 11:45:14 AM [info]  Message :  Updated time in daily reminder. Cancelling the previous one and scheduling new reminder
7/10/2023, 11:45:14 AM [info]  Message :  -----------------------------------
7/10/2023, 11:45:14 AM [info]  Message :  Enabling daily reminder for Sunil Kumar at time - 11:46 - Asia/Kolkata
7/10/2023, 11:45:14 AM [info]  Message :  -----------------------------------
7/10/2023, 11:46:00 AM [info]  Message :  sending daily reminder notification to  - Sunil Kumar
7/10/2023, 11:46:00 AM [info]  Message :  {"id":"76aa4fdc-b2fb-4eff-a4e4-a6778d46bd16","external_id":null}
7/10/2023, 11:46:17 AM [info]  Message :  Updated time in daily reminder. Cancelling the previous one and scheduling new reminder
7/10/2023, 11:46:17 AM [info]  Message :  -----------------------------------
7/10/2023, 11:46:17 AM [info]  Message :  Enabling daily reminder for Sunil Kumar at time - 11:47 - Asia/Kolkata
7/10/2023, 11:46:17 AM [info]  Message :  -----------------------------------
7/10/2023, 11:47:00 AM [info]  Message :  sending daily reminder notification to  - Sunil Kumar
7/10/2023, 11:47:00 AM [info]  Message :  {"id":"8940eafa-887c-43df-8b25-ca5a0700bf12","external_id":null}
7/10/2023, 11:48:14 AM [info]  Message :  server started on port number 3000 }
7/10/2023, 11:48:14 AM [info]  Message :  Database Connected (production) : ac-hbi6taw-shard-00-02.lrqxoge.mongodb.net
7/10/2023, 11:48:15 AM [info]  Message :  sending daily reminder notification to  - undefined
7/10/2023, 11:48:16 AM [info]  Message :  {"id":"12047fad-e297-44d8-92e7-b222eecc1f44","external_id":null}
7/10/2023, 11:48:36 AM [info]  Message :  server started on port number 3000 }
7/10/2023, 11:48:37 AM [info]  Message :  Database Connected (production) : ac-hbi6taw-shard-00-02.lrqxoge.mongodb.net
7/10/2023, 11:48:37 AM [info]  Message :  sending daily reminder notification to  - undefined
7/10/2023, 11:48:38 AM [info]  Message :  {"id":"fdb4b5ad-2ec1-4587-8cfe-c91b9484366a","external_id":null}
7/10/2023, 11:50:37 AM [info]  Message :  Updated time in daily reminder. Cancelling the previous one and scheduling new reminder
7/10/2023, 11:50:37 AM [info]  Message :  -----------------------------------
7/10/2023, 11:50:37 AM [info]  Message :  Enabling daily reminder for Sunil Kumar at time - 11:51 - Asia/Kolkata
7/10/2023, 11:50:37 AM [info]  Message :  -----------------------------------
7/10/2023, 11:51:00 AM [info]  Message :  sending daily reminder notification to  - Sunil Kumar
7/10/2023, 11:51:00 AM [info]  Message :  {"id":"1e8114bf-b9d1-4d45-abc4-7db987d1861a","external_id":null}
7/10/2023, 11:51:24 AM [info]  Message :  server started on port number 3000 }
7/10/2023, 11:51:24 AM [info]  Message :  Database Connected (production) : ac-hbi6taw-shard-00-00.lrqxoge.mongodb.net
7/10/2023, 11:51:25 AM [info]  Message :  sending daily backup notification to  - undefined
7/10/2023, 11:51:26 AM [info]  Message :  {"id":"8e0a6c1d-ba37-4735-8df3-ae6abf283f7c","external_id":null}
7/10/2023, 11:51:28 AM [info]  Message :  {"id":"e22b5fe1-f990-4770-9f6e-9a613992cc4e","external_id":null}
7/10/2023, 11:55:51 AM [info]  Message :  server started on port number 3000 }
7/10/2023, 11:55:52 AM [info]  Message :  Database Connected (production) : ac-hbi6taw-shard-00-00.lrqxoge.mongodb.net
7/10/2023, 11:55:52 AM [info]  Message :  sending daily backup notification to  - undefined
7/10/2023, 11:55:53 AM [info]  Message :  {"id":"c708a89e-66b3-4222-8e8c-d05f080527ad","external_id":null}
7/10/2023, 11:57:08 AM [info]  Message :  server started on port number 3000 }
7/10/2023, 11:57:09 AM [info]  Message :  Database Connected (production) : ac-hbi6taw-shard-00-01.lrqxoge.mongodb.net
7/10/2023, 11:57:10 AM [info]  Message :  sending daily backup notification to  - undefined
7/10/2023, 11:57:10 AM [info]  Message :  {"id":"023bc9bb-b525-48b3-ba14-2d6384af4d95","external_id":null}
7/10/2023, 11:57:37 AM [info]  Message :  server started on port number 3000 }
7/10/2023, 11:57:37 AM [info]  Message :  Database Connected (production) : ac-hbi6taw-shard-00-00.lrqxoge.mongodb.net
7/10/2023, 11:57:38 AM [info]  Message :  sending daily backup notification to  - undefined
7/10/2023, 11:57:38 AM [info]  Message :  {"id":"50598912-c472-4adf-a010-a5d55a2b0377","external_id":null}
7/10/2023, 11:57:48 AM [info]  Message :  server started on port number 3000 }
7/10/2023, 11:57:49 AM [info]  Message :  Database Connected (production) : ac-hbi6taw-shard-00-01.lrqxoge.mongodb.net
7/10/2023, 11:57:50 AM [info]  Message :  sending daily backup notification to  - undefined
7/10/2023, 11:57:50 AM [info]  Message :  {"id":"f0d1b242-5300-4052-8c00-b1581f8186da","external_id":null}
7/10/2023, 11:58:10 AM [info]  Message :  server started on port number 3000 }
7/10/2023, 11:58:11 AM [info]  Message :  Database Connected (production) : ac-hbi6taw-shard-00-02.lrqxoge.mongodb.net
7/10/2023, 11:58:11 AM [info]  Message :  sending daily backup notification to  - undefined
7/10/2023, 11:58:12 AM [info]  Message :  {"id":"b62b3205-7c8e-4a67-8711-5c091bcd07cc","external_id":null}
7/10/2023, 11:59:08 AM [info]  Message :  server started on port number 3000 }
7/10/2023, 11:59:09 AM [info]  Message :  Database Connected (production) : ac-hbi6taw-shard-00-00.lrqxoge.mongodb.net
7/10/2023, 11:59:09 AM [info]  Message :  sending daily backup notification to  - undefined
7/10/2023, 11:59:10 AM [info]  Message :  {"id":"4b0d8da3-c026-4ec9-aded-32c3dea6ee7f","external_id":null}
7/10/2023, 11:59:11 AM [error]  Message :  ----- Reason -----
7/10/2023, 11:59:11 AM [error]  Message :  Class constructor ObjectId cannot be invoked without 'new'
7/10/2023, 11:59:37 AM [info]  Message :  server started on port number 3000 }
7/10/2023, 11:59:37 AM [info]  Message :  Database Connected (production) : ac-hbi6taw-shard-00-00.lrqxoge.mongodb.net
7/10/2023, 11:59:38 AM [info]  Message :  sending daily backup notification to  - undefined
7/10/2023, 11:59:38 AM [info]  Message :  {"id":"8a123f83-f89c-4ec2-83a3-fd424bdd4456","external_id":null}
7/10/2023, 11:59:40 AM [info]  Message :  {"id":"8dd4d816-c555-4123-8bf9-2d5eab2e28f6","external_id":null}
7/10/2023, 12:00:04 PM [info]  Message :  server started on port number 3000 }
7/10/2023, 12:00:05 PM [info]  Message :  Database Connected (production) : ac-hbi6taw-shard-00-01.lrqxoge.mongodb.net
7/10/2023, 12:00:05 PM [info]  Message :  sending daily backup notification to  - undefined
7/10/2023, 12:00:06 PM [info]  Message :  {"id":"9f9892a3-c999-4570-b1ab-ff885db9f3f7","external_id":null}
7/10/2023, 12:00:14 PM [info]  Message :  {"id":"4575e8d0-7c7a-4847-8c09-c30ec6093dd5","external_id":null}
7/10/2023, 12:00:54 PM [info]  Message :  server started on port number 3000 }
7/10/2023, 12:00:55 PM [info]  Message :  Database Connected (production) : ac-hbi6taw-shard-00-02.lrqxoge.mongodb.net
7/10/2023, 12:00:55 PM [info]  Message :  sending daily backup notification to  - undefined
7/10/2023, 12:00:56 PM [info]  Message :  {"id":"1a3403a8-0380-4190-8e33-015ee5af764c","external_id":null}
7/10/2023, 12:00:58 PM [info]  Message :  {"id":"94dd29f7-6a6e-40d2-b96f-3f71ec0312d6","external_id":null}
7/10/2023, 12:01:33 PM [info]  Message :  server started on port number 3000 }
7/10/2023, 12:01:33 PM [info]  Message :  Database Connected (production) : ac-hbi6taw-shard-00-00.lrqxoge.mongodb.net
7/10/2023, 12:01:34 PM [info]  Message :  sending daily backup notification to  - undefined
7/10/2023, 12:01:34 PM [info]  Message :  {"id":"a0f2ed45-44db-4f70-8db8-c55a7afd9f6d","external_id":null}
7/10/2023, 12:01:36 PM [info]  Message :  {"id":"5ba5fa21-22e1-4adb-9277-3e67ed387e6b","external_id":null}
7/10/2023, 12:02:18 PM [info]  Message :  server started on port number 3000 }
7/10/2023, 12:02:18 PM [info]  Message :  Database Connected (production) : ac-hbi6taw-shard-00-02.lrqxoge.mongodb.net
7/10/2023, 12:02:19 PM [info]  Message :  sending daily backup notification to  - undefined
7/10/2023, 12:02:19 PM [info]  Message :  {"id":"d054b481-6b2a-46fa-8426-c9837f177767","external_id":null}
7/10/2023, 12:02:22 PM [info]  Message :  {"id":"3dfbf210-883f-4599-999f-f655f0a263df","external_id":null}
7/10/2023, 12:03:24 PM [info]  Message :  server started on port number 3000 }
7/10/2023, 12:03:24 PM [info]  Message :  Database Connected (production) : ac-hbi6taw-shard-00-01.lrqxoge.mongodb.net
7/10/2023, 12:03:25 PM [info]  Message :  sending daily backup notification to  - undefined
7/10/2023, 12:03:25 PM [info]  Message :  {"id":"93633573-a6ac-4a9e-a7de-027e4c366ca6","external_id":null}
7/10/2023, 12:03:28 PM [info]  Message :  {"id":"f8131987-9e96-451d-af60-8b192811e9c7","external_id":null}
7/10/2023, 12:03:54 PM [info]  Message :  server started on port number 3000 }
7/10/2023, 12:03:54 PM [info]  Message :  Database Connected (production) : ac-hbi6taw-shard-00-02.lrqxoge.mongodb.net
7/10/2023, 12:03:55 PM [info]  Message :  sending daily backup notification to  - undefined
7/10/2023, 12:03:56 PM [info]  Message :  {"id":"66a9b62e-db1e-44d6-bc0e-ba70bb665ade","external_id":null}
7/10/2023, 12:03:58 PM [info]  Message :  {"id":"64deb639-38a1-444f-8f8a-33888c832ca2","external_id":null}
7/10/2023, 12:04:04 PM [info]  Message :  server started on port number 3000 }
7/10/2023, 12:04:05 PM [info]  Message :  Database Connected (production) : ac-hbi6taw-shard-00-02.lrqxoge.mongodb.net
7/10/2023, 12:04:05 PM [info]  Message :  sending daily backup notification to  - undefined
7/10/2023, 12:04:06 PM [info]  Message :  {"id":"d105246e-5ef8-4bc8-b901-377fd8b21e98","external_id":null}
7/10/2023, 12:04:08 PM [info]  Message :  {"id":"a65681a3-44d1-4639-a93c-3aa3a231a294","external_id":null}
7/10/2023, 12:04:33 PM [info]  Message :  server started on port number 3000 }
7/10/2023, 12:04:34 PM [info]  Message :  Database Connected (production) : ac-hbi6taw-shard-00-00.lrqxoge.mongodb.net
7/10/2023, 12:04:34 PM [info]  Message :  sending daily backup notification to  - undefined
7/10/2023, 12:04:35 PM [info]  Message :  {"id":"5ea9010f-dbdb-425d-a4d2-8821cae359dd","external_id":null}
7/10/2023, 12:04:41 PM [info]  Message :  server started on port number 3000 }
7/10/2023, 12:04:41 PM [info]  Message :  Database Connected (production) : ac-hbi6taw-shard-00-02.lrqxoge.mongodb.net
7/10/2023, 12:04:42 PM [info]  Message :  sending daily backup notification to  - undefined
7/10/2023, 12:04:43 PM [info]  Message :  {"id":"8fc477b7-227b-4781-95f1-7b3d50e280d2","external_id":null}
7/10/2023, 12:06:01 PM [info]  Message :  server started on port number 3000 }
7/10/2023, 12:06:02 PM [info]  Message :  Database Connected (production) : ac-hbi6taw-shard-00-02.lrqxoge.mongodb.net
7/10/2023, 12:06:03 PM [info]  Message :  sending daily backup notification to  - undefined
7/10/2023, 12:06:03 PM [info]  Message :  {"id":"424bb37d-61d9-4051-a5eb-b6078f790b38","external_id":null}
7/10/2023, 12:06:37 PM [info]  Message :  server started on port number 3000 }
7/10/2023, 12:06:38 PM [info]  Message :  Database Connected (production) : ac-hbi6taw-shard-00-00.lrqxoge.mongodb.net
7/10/2023, 12:06:39 PM [info]  Message :  sending daily backup notification to  - undefined
7/10/2023, 12:06:39 PM [info]  Message :  {"id":"182bbc3f-77ce-48a4-b810-ee5031c8ab44","external_id":null}
7/10/2023, 12:07:58 PM [info]  Message :  server started on port number 3000 }
7/10/2023, 12:07:59 PM [info]  Message :  Database Connected (production) : ac-hbi6taw-shard-00-02.lrqxoge.mongodb.net
7/10/2023, 12:08:00 PM [info]  Message :  sending daily backup notification to  - undefined
7/10/2023, 12:08:00 PM [info]  Message :  {"id":"4bc1c753-aac0-4f8e-90ea-6c951097c801","external_id":null}
7/10/2023, 12:09:25 PM [info]  Message :  server started on port number 3000 }
7/10/2023, 12:09:26 PM [info]  Message :  Database Connected (production) : ac-hbi6taw-shard-00-01.lrqxoge.mongodb.net
7/10/2023, 12:09:26 PM [info]  Message :  sending daily reminder notification to  - undefined
7/10/2023, 12:09:27 PM [info]  Message :  {"id":"05b12a7d-8abb-4603-9cda-f664df8b32e7","external_id":null}
7/10/2023, 12:09:51 PM [info]  Message :  server started on port number 3000 }
7/10/2023, 12:09:52 PM [info]  Message :  Database Connected (production) : ac-hbi6taw-shard-00-00.lrqxoge.mongodb.net
7/10/2023, 12:09:52 PM [info]  Message :  sending daily reminder notification to  - undefined
7/10/2023, 12:09:53 PM [info]  Message :  {"id":"f9d9b07f-19bd-48bb-a635-57533e9c9390","external_id":null}
7/10/2023, 12:11:59 PM [info]  Message :  Enabling daily reminder for Sunil Kumar at time - 11:51 - Asia/Kolkata
7/10/2023, 12:11:59 PM [info]  Message :  Enabling daily backup for Sunil Kumar at 0:1 - Asia/Kolkata
7/10/2023, 12:11:59 PM [info]  Message :  -----------------------------------
7/10/2023, 12:12:29 PM [info]  Message :  server started on port number 3000 }
7/10/2023, 12:12:29 PM [info]  Message :  Database Connected (production) : ac-hbi6taw-shard-00-02.lrqxoge.mongodb.net
7/10/2023, 12:12:30 PM [info]  Message :  sending daily backup notification to  - undefined
7/10/2023, 12:12:31 PM [info]  Message :  {"id":"89a05a89-a61e-451f-98fd-7f529c6c6c54","external_id":null}
7/10/2023, 12:12:33 PM [info]  Message :  {"id":"2bdfacd2-35e1-41d1-9176-611d50125b3a","external_id":null}
7/10/2023, 12:12:57 PM [info]  Message :  server started on port number 3000 }
7/10/2023, 12:12:57 PM [info]  Message :  Database Connected (production) : ac-hbi6taw-shard-00-01.lrqxoge.mongodb.net
7/10/2023, 12:12:58 PM [info]  Message :  sending daily backup notification to  - undefined
7/10/2023, 12:12:58 PM [info]  Message :  {"id":"fd147d11-900d-4679-af47-49a402b71dc7","external_id":null}
7/10/2023, 12:13:32 PM [info]  Message :  server started on port number 3000 }
7/10/2023, 12:13:32 PM [info]  Message :  Database Connected (production) : ac-hbi6taw-shard-00-02.lrqxoge.mongodb.net
7/10/2023, 12:13:33 PM [info]  Message :  sending daily reminder notification to  - undefined
7/10/2023, 12:13:34 PM [info]  Message :  {"id":"f0ef3dc3-bbda-41de-8dc9-04ded72b1558","external_id":null}
7/10/2023, 12:13:49 PM [info]  Message :  server started on port number 3000 }
7/10/2023, 12:13:50 PM [info]  Message :  Database Connected (production) : ac-hbi6taw-shard-00-01.lrqxoge.mongodb.net
7/10/2023, 12:13:50 PM [info]  Message :  sending daily backup notification to  - undefined
7/10/2023, 12:13:51 PM [info]  Message :  {"id":"6800cf1d-1ac8-40a7-b837-0a89e7c2f53b","external_id":null}
7/10/2023, 12:14:04 PM [info]  Message :  server started on port number 3000 }
7/10/2023, 12:14:04 PM [info]  Message :  Database Connected (production) : ac-hbi6taw-shard-00-02.lrqxoge.mongodb.net
7/10/2023, 12:14:05 PM [info]  Message :  sending daily backup notification to  - undefined
7/10/2023, 12:14:05 PM [info]  Message :  {"id":"c0aa0b8c-71f9-453d-8707-0cd2d8d98e66","external_id":null}
7/10/2023, 12:14:22 PM [info]  Message :  server started on port number 3000 }
7/10/2023, 12:14:23 PM [info]  Message :  Database Connected (production) : ac-hbi6taw-shard-00-00.lrqxoge.mongodb.net
7/10/2023, 12:14:23 PM [info]  Message :  sending daily reminder notification to  - undefined
7/10/2023, 12:14:24 PM [info]  Message :  {"id":"985aac9d-aa37-4993-9f78-2955b9e2a7fc","external_id":null}
7/10/2023, 12:14:36 PM [info]  Message :  server started on port number 3000 }
7/10/2023, 12:14:36 PM [info]  Message :  Database Connected (production) : ac-hbi6taw-shard-00-00.lrqxoge.mongodb.net
7/10/2023, 12:14:37 PM [info]  Message :  sending daily backup notification to  - undefined
7/10/2023, 12:14:37 PM [info]  Message :  {"id":"ad62caab-103b-446d-83c4-dd545658f233","external_id":null}
7/10/2023, 12:15:29 PM [info]  Message :  {"id":"62184131-d60b-435a-a202-c1c589a89ebf","external_id":null}
7/10/2023, 12:18:05 PM [info]  Message :  server started on port number 3000 }
7/10/2023, 12:18:06 PM [info]  Message :  Database Connected (production) : ac-hbi6taw-shard-00-02.lrqxoge.mongodb.net
7/10/2023, 12:18:07 PM [info]  Message :  sending daily backup notification to  - undefined
7/10/2023, 12:18:07 PM [info]  Message :  {"id":"914bbfeb-fc64-4395-a4b5-d378c533a164","external_id":null}
7/10/2023, 12:18:28 PM [info]  Message :  {"id":"2d03338c-3b03-45dd-aca0-89f1abae2c73","external_id":null}
7/10/2023, 12:19:05 PM [info]  Message :  server started on port number 3000 }
7/10/2023, 12:19:06 PM [info]  Message :  Database Connected (production) : ac-hbi6taw-shard-00-02.lrqxoge.mongodb.net
7/10/2023, 12:19:07 PM [info]  Message :  sending daily backup notification to  - undefined
7/10/2023, 12:19:08 PM [info]  Message :  {"id":"7d15f3cb-c2c4-44dd-bdf5-59f883993269","external_id":null}
7/10/2023, 12:21:29 PM [info]  Message :  {"id":"b37e6f13-ed50-41ff-a225-ed05ed41e168","external_id":null}
7/10/2023, 12:22:49 PM [info]  Message :  server started on port number 3000 }
7/10/2023, 12:22:50 PM [info]  Message :  Database Connected (production) : ac-hbi6taw-shard-00-00.lrqxoge.mongodb.net
7/10/2023, 12:22:50 PM [info]  Message :  sending daily backup notification to  - undefined
7/10/2023, 12:22:51 PM [info]  Message :  {"id":"81540767-020d-42bb-b071-d9730d8e43f9","external_id":null}
7/10/2023, 12:24:28 PM [info]  Message :  {"id":"cfaa0957-6151-4bf6-b090-968b315c1476","external_id":null}
7/10/2023, 12:30:22 PM [info]  Message :  server started on port number 3000 }
7/10/2023, 12:30:23 PM [info]  Message :  Database Connected (production) : ac-hbi6taw-shard-00-01.lrqxoge.mongodb.net
7/10/2023, 12:30:23 PM [info]  Message :  sending daily backup notification to  - undefined
7/10/2023, 12:30:24 PM [info]  Message :  {"id":"211502c3-0aaf-4da3-a866-8e34da6fc0ac","external_id":null}
7/10/2023, 12:30:28 PM [info]  Message :  {"id":"670b1fd2-a5a0-4339-86b2-80796dfd73f5","external_id":null}
7/10/2023, 12:31:06 PM [info]  Message :  server started on port number 3000 }
7/10/2023, 12:31:07 PM [info]  Message :  Database Connected (production) : ac-hbi6taw-shard-00-00.lrqxoge.mongodb.net
7/10/2023, 12:31:08 PM [info]  Message :  sending daily backup notification to  - undefined
7/10/2023, 12:31:09 PM [info]  Message :  {"id":"27ae0667-3347-4707-87e2-fe7f89d8746e","external_id":null}
7/10/2023, 12:31:50 PM [info]  Message :  server started on port number 3000 }
7/10/2023, 12:31:51 PM [info]  Message :  Database Connected (production) : ac-hbi6taw-shard-00-02.lrqxoge.mongodb.net
7/10/2023, 12:31:52 PM [info]  Message :  sending daily backup notification to  - undefined
7/10/2023, 12:31:53 PM [info]  Message :  {"id":"63f32c04-b03b-4166-9501-311b1500cbd8","external_id":null}
7/10/2023, 12:33:28 PM [info]  Message :  {"id":"ce9af314-6cfe-40bb-b243-4315ff4fdc9d","external_id":null}
7/10/2023, 12:34:36 PM [info]  Message :  server started on port number 3000 }
7/10/2023, 12:34:37 PM [info]  Message :  Database Connected (production) : ac-hbi6taw-shard-00-00.lrqxoge.mongodb.net
7/10/2023, 12:34:38 PM [info]  Message :  sending daily backup notification to  - undefined
7/10/2023, 12:34:38 PM [info]  Message :  {"id":"776bf353-6c7d-468f-9693-ca7261afc4a2","external_id":null}
7/10/2023, 12:37:23 PM [info]  Message :  server started on port number 3000 }
7/10/2023, 12:37:23 PM [info]  Message :  Database Connected (production) : ac-hbi6taw-shard-00-02.lrqxoge.mongodb.net
7/10/2023, 12:37:24 PM [info]  Message :  sending daily backup notification to  - undefined
7/10/2023, 12:37:25 PM [info]  Message :  {"id":"b3feadba-ba63-4030-927d-7c061ad92def","external_id":null}
7/10/2023, 12:39:28 PM [info]  Message :  {"id":"30d6f2d4-60e0-4d2c-98d5-8c6ce867b149","external_id":null}
7/10/2023, 12:40:12 PM [info]  Message :  server started on port number 3000 }
7/10/2023, 12:40:12 PM [info]  Message :  Database Connected (production) : ac-hbi6taw-shard-00-01.lrqxoge.mongodb.net
7/10/2023, 12:40:13 PM [info]  Message :  sending daily backup notification to  - undefined
7/10/2023, 12:40:13 PM [info]  Message :  {"id":"04c20283-3390-4136-8896-d4c17ad0221d","external_id":null}
7/10/2023, 12:42:28 PM [info]  Message :  {"id":"ef138721-eb9d-4a7b-ba45-2915595c2b6b","external_id":null} BACKUP SUCCESS
7/10/2023, 12:48:05 PM [error]  Message :  unauthorized, there is no access token but refesh token
7/10/2023, 12:48:13 PM [debug]  Message :  CLIENT CONNECTED with ID -  Ah6-UiaGTg8chSqRAAAB
7/10/2023, 12:48:47 PM [warn]  Message :  CLIENT DISCONNECTED with ID -  Ah6-UiaGTg8chSqRAAAB
7/10/2023, 12:48:48 PM [debug]  Message :  CLIENT CONNECTED with ID -  rTfqoyyFLGXodn04AAAD
7/10/2023, 12:50:12 PM [info]  Message :  server started on port number 3000 }
7/10/2023, 12:50:12 PM [debug]  Message :  CLIENT CONNECTED with ID -  fZOP3jjZUTqqDwdDAAAB
7/10/2023, 12:50:13 PM [info]  Message :  Database Connected (production) : ac-hbi6taw-shard-00-01.lrqxoge.mongodb.net
7/10/2023, 12:51:21 PM [info]  Message :  server started on port number 3000 }
7/10/2023, 12:51:21 PM [info]  Message :  Database Connected (production) : ac-hbi6taw-shard-00-01.lrqxoge.mongodb.net
7/10/2023, 12:51:21 PM [debug]  Message :  CLIENT CONNECTED with ID -  csz-uJtQHzju51HjAAAB
7/10/2023, 12:51:22 PM [warn]  Message :  CLIENT DISCONNECTED with ID -  csz-uJtQHzju51HjAAAB
7/10/2023, 12:51:23 PM [debug]  Message :  CLIENT CONNECTED with ID -  cTLSpwDx-kbIVRBHAAAD
7/10/2023, 12:51:41 PM [info]  Message :  server started on port number 3000 }
7/10/2023, 12:51:42 PM [info]  Message :  Database Connected (production) : ac-hbi6taw-shard-00-02.lrqxoge.mongodb.net
7/10/2023, 12:51:42 PM [debug]  Message :  CLIENT CONNECTED with ID -  jBycWMX6CY7TOIriAAAB
7/10/2023, 12:51:54 PM [info]  Message :  server started on port number 3000 }
7/10/2023, 12:51:54 PM [info]  Message :  Database Connected (production) : ac-hbi6taw-shard-00-01.lrqxoge.mongodb.net
7/10/2023, 12:51:56 PM [debug]  Message :  CLIENT CONNECTED with ID -  eEsRjuJ-CQBwNuGfAAAB
7/10/2023, 12:52:16 PM [info]  Message :  server started on port number 3000 }
7/10/2023, 12:52:16 PM [debug]  Message :  CLIENT CONNECTED with ID -  UkFq7sCI0tavV7-wAAAB
7/10/2023, 12:52:16 PM [info]  Message :  Database Connected (production) : ac-hbi6taw-shard-00-00.lrqxoge.mongodb.net
7/10/2023, 12:52:35 PM [info]  Message :  server started on port number 3000 }
7/10/2023, 12:52:35 PM [debug]  Message :  CLIENT CONNECTED with ID -  m6zlmSRKqBTrWONlAAAB
7/10/2023, 12:52:36 PM [info]  Message :  Database Connected (production) : ac-hbi6taw-shard-00-00.lrqxoge.mongodb.net
7/10/2023, 12:55:22 PM [info]  Message :  server started on port number 3000 }
7/10/2023, 12:55:23 PM [info]  Message :  Database Connected (production) : ac-hbi6taw-shard-00-00.lrqxoge.mongodb.net
7/10/2023, 12:55:23 PM [debug]  Message :  CLIENT CONNECTED with ID -  fvyFKFZsK9OZKaVOAAAB
7/10/2023, 12:55:23 PM [error]  Message :  ----- Reason -----
7/10/2023, 12:55:23 PM [error]  Message :  Cannot read properties of undefined (reading 'players')
7/10/2023, 12:57:01 PM [info]  Message :  server started on port number 3000 }
7/10/2023, 12:57:02 PM [info]  Message :  Database Connected (production) : ac-hbi6taw-shard-00-01.lrqxoge.mongodb.net
7/10/2023, 12:57:02 PM [debug]  Message :  CLIENT CONNECTED with ID -  Iae7D7EAysqlC8RuAAAB
7/10/2023, 12:57:02 PM [error]  Message :  ----- Reason -----
7/10/2023, 12:57:02 PM [error]  Message :  Cannot read properties of undefined (reading 'players')
7/10/2023, 12:59:00 PM [info]  Message :  server started on port number 3000 }
7/10/2023, 12:59:00 PM [info]  Message :  Database Connected (production) : ac-hbi6taw-shard-00-01.lrqxoge.mongodb.net
7/10/2023, 12:59:00 PM [debug]  Message :  CLIENT CONNECTED with ID -  Y4VIw0C4KSF6HLV3AAAB
7/10/2023, 12:59:53 PM [info]  Message :  server started on port number 3000 }
7/10/2023, 12:59:53 PM [debug]  Message :  CLIENT CONNECTED with ID -  VWb_LWuN7WJCrO7tAAAB
7/10/2023, 12:59:53 PM [info]  Message :  Database Connected (production) : ac-hbi6taw-shard-00-00.lrqxoge.mongodb.net
7/10/2023, 1:00:01 PM [info]  Message :  server started on port number 3000 }
7/10/2023, 1:00:02 PM [info]  Message :  Database Connected (production) : ac-hbi6taw-shard-00-02.lrqxoge.mongodb.net
7/10/2023, 1:00:03 PM [debug]  Message :  CLIENT CONNECTED with ID -  QcangnCjm3ADRcL8AAAB
7/10/2023, 1:02:37 PM [info]  Message :  server started on port number 3000 }
7/10/2023, 1:02:38 PM [info]  Message :  Database Connected (production) : ac-hbi6taw-shard-00-02.lrqxoge.mongodb.net
7/10/2023, 1:02:38 PM [debug]  Message :  CLIENT CONNECTED with ID -  zT3qOrhQA623YhC4AAAB
7/10/2023, 1:02:39 PM [info]  Message :  server started on port number 3000 }
7/10/2023, 1:02:39 PM [info]  Message :  Database Connected (production) : ac-hbi6taw-shard-00-02.lrqxoge.mongodb.net
7/10/2023, 1:02:40 PM [debug]  Message :  CLIENT CONNECTED with ID -  gb6ghs3xbdGtHSzjAAAB
7/10/2023, 1:03:38 PM [info]  Message :  server started on port number 3000 }
7/10/2023, 1:03:38 PM [info]  Message :  Database Connected (production) : ac-hbi6taw-shard-00-00.lrqxoge.mongodb.net
7/10/2023, 1:03:39 PM [debug]  Message :  CLIENT CONNECTED with ID -  FeO-xv-982j2KNBxAAAB
7/10/2023, 1:06:00 PM [info]  Message :  server started on port number 3000 }
7/10/2023, 1:06:01 PM [info]  Message :  Database Connected (production) : ac-hbi6taw-shard-00-00.lrqxoge.mongodb.net
7/10/2023, 1:06:01 PM [debug]  Message :  CLIENT CONNECTED with ID -  2wIkDAVYE4ikXwQ5AAAB
7/10/2023, 1:07:40 PM [warn]  Message :  CLIENT DISCONNECTED with ID -  2wIkDAVYE4ikXwQ5AAAB
7/10/2023, 1:07:41 PM [debug]  Message :  CLIENT CONNECTED with ID -  1-QD0VSBT-rHiMbeAAAD
7/10/2023, 1:08:13 PM [debug]  Message :  CLIENT CONNECTED with ID -  BY-FuCPoC6_00XU6AAAF
7/10/2023, 1:08:53 PM [info]  Message :  server started on port number 3000 }
7/10/2023, 1:08:53 PM [debug]  Message :  CLIENT CONNECTED with ID -  XzeRnGzAfJKE06nDAAAB
7/10/2023, 1:08:54 PM [debug]  Message :  CLIENT CONNECTED with ID -  PYfMEuVPcp7r5ObnAAAD
7/10/2023, 1:08:54 PM [info]  Message :  Database Connected (production) : ac-hbi6taw-shard-00-02.lrqxoge.mongodb.net
7/10/2023, 1:09:01 PM [warn]  Message :  CLIENT DISCONNECTED with ID -  PYfMEuVPcp7r5ObnAAAD
7/10/2023, 1:09:01 PM [warn]  Message :  CLIENT DISCONNECTED with ID -  XzeRnGzAfJKE06nDAAAB
7/10/2023, 1:09:02 PM [debug]  Message :  CLIENT CONNECTED with ID -  xEgDi0_Pi5q1AQtBAAAF
7/10/2023, 1:09:55 PM [warn]  Message :  CLIENT DISCONNECTED with ID -  xEgDi0_Pi5q1AQtBAAAF
7/10/2023, 1:09:56 PM [debug]  Message :  CLIENT CONNECTED with ID -  n3NUHru9BtBIbdolAAAH
7/10/2023, 1:24:18 PM [info]  Message :  ---------------------
7/10/2023, 1:24:40 PM [info]  Message :  Enabling daily reminder for Sunil Kumar at time - 11:51 - Asia/Kolkata
7/10/2023, 1:24:40 PM [info]  Message :  Enabling daily backup for Sunil Kumar at 0:1 - Asia/Kolkata
7/10/2023, 1:24:40 PM [info]  Message :  -----------------------------------
7/10/2023, 1:30:18 PM [info]  Message :  Destroying daily backup vx16QZaiJgci3iwUBIpsO62ArIO2
7/10/2023, 1:30:18 PM [info]  Message :  Destroying daily reminder vx16QZaiJgci3iwUBIpsO62ArIO2
7/10/2023, 1:30:18 PM [info]  Message :  ---------------------
7/10/2023, 1:30:32 PM [info]  Message :  Enabling daily reminder for Sunil Kumar at time - 11:51 - Asia/Kolkata
7/10/2023, 1:30:32 PM [info]  Message :  Enabling daily backup for Sunil Kumar at 0:1 - Asia/Kolkata
7/10/2023, 1:30:32 PM [info]  Message :  -----------------------------------
7/10/2023, 1:34:39 PM [info]  Message :  canceling the previous daily reminder notification
7/10/2023, 1:34:39 PM [info]  Message :  Enabling daily reminder for Sunil Kumar at time - 11:51 - Asia/Kolkata
7/10/2023, 1:34:39 PM [info]  Message :  canceling the previous backup notification
7/10/2023, 1:34:39 PM [info]  Message :  Enabling daily backup for Sunil Kumar at 0:1 - Asia/Kolkata
7/10/2023, 1:34:39 PM [info]  Message :  -----------------------------------
7/10/2023, 1:37:25 PM [info]  Message :  Destroying daily backup vx16QZaiJgci3iwUBIpsO62ArIO2
7/10/2023, 1:37:25 PM [info]  Message :  Destroying daily reminder vx16QZaiJgci3iwUBIpsO62ArIO2
7/10/2023, 1:37:25 PM [info]  Message :  ---------------------
7/10/2023, 1:38:14 PM [info]  Message :  Enabling daily reminder for Sunil Kumar at time - 11:51 - Asia/Kolkata
7/10/2023, 1:38:14 PM [info]  Message :  Enabling daily backup for Sunil Kumar at 0:1 - Asia/Kolkata
7/10/2023, 1:38:14 PM [info]  Message :  -----------------------------------
7/10/2023, 1:38:34 PM [info]  Message :  Destroying daily backup vx16QZaiJgci3iwUBIpsO62ArIO2
7/10/2023, 1:38:34 PM [info]  Message :  Destroying daily reminder vx16QZaiJgci3iwUBIpsO62ArIO2
7/10/2023, 1:38:34 PM [info]  Message :  ---------------------
7/10/2023, 1:39:30 PM [info]  Message :  Enabling daily reminder for Sunil Kumar at time - 11:51 - Asia/Kolkata
7/10/2023, 1:39:30 PM [info]  Message :  Enabling daily backup for Sunil Kumar at 0:1 - Asia/Kolkata
7/10/2023, 1:39:30 PM [info]  Message :  -----------------------------------
7/10/2023, 1:40:20 PM [info]  Message :  Destroying daily backup vx16QZaiJgci3iwUBIpsO62ArIO2
7/10/2023, 1:40:20 PM [info]  Message :  Destroying daily reminder vx16QZaiJgci3iwUBIpsO62ArIO2
7/10/2023, 1:40:20 PM [info]  Message :  ---------------------
7/10/2023, 1:46:31 PM [info]  Message :  Enabling daily reminder for Sunil Kumar at time - 11:51 - Asia/Kolkata
7/10/2023, 1:46:31 PM [info]  Message :  Enabling daily backup for Sunil Kumar at 0:1 - Asia/Kolkata
7/10/2023, 1:46:31 PM [info]  Message :  -----------------------------------
7/10/2023, 1:46:47 PM [info]  Message :  Destroying daily backup vx16QZaiJgci3iwUBIpsO62ArIO2
7/10/2023, 1:46:47 PM [info]  Message :  Destroying daily reminder vx16QZaiJgci3iwUBIpsO62ArIO2
7/10/2023, 1:46:47 PM [info]  Message :  ---------------------
7/10/2023, 1:47:14 PM [info]  Message :  Enabling daily reminder for Sunil Kumar at time - 11:51 - Asia/Kolkata
7/10/2023, 1:47:14 PM [info]  Message :  Enabling daily backup for Sunil Kumar at 0:1 - Asia/Kolkata
7/10/2023, 1:47:14 PM [info]  Message :  -----------------------------------
7/10/2023, 1:48:09 PM [warn]  Message :  CLIENT DISCONNECTED with ID -  n3NUHru9BtBIbdolAAAH
7/10/2023, 1:48:09 PM [error]  Message :  unauthorized, there is no access token but refesh token
7/10/2023, 1:48:11 PM [debug]  Message :  CLIENT CONNECTED with ID -  M3veX4z8PJVO1o2FAAAJ
7/10/2023, 2:03:53 PM [warn]  Message :  CLIENT DISCONNECTED with ID -  M3veX4z8PJVO1o2FAAAJ
7/10/2023, 2:03:54 PM [debug]  Message :  CLIENT CONNECTED with ID -  HlyIhLdp8Ov7cso8AAAL
7/10/2023, 2:03:56 PM [warn]  Message :  CLIENT DISCONNECTED with ID -  HlyIhLdp8Ov7cso8AAAL
7/10/2023, 2:03:56 PM [debug]  Message :  CLIENT CONNECTED with ID -  UZgH_i_w4YoRE5K7AAAN
7/10/2023, 2:04:46 PM [warn]  Message :  CLIENT DISCONNECTED with ID -  UZgH_i_w4YoRE5K7AAAN
7/10/2023, 2:04:47 PM [debug]  Message :  CLIENT CONNECTED with ID -  C9dzD3q1yVWgb7bqAAAP
7/10/2023, 2:04:59 PM [warn]  Message :  CLIENT DISCONNECTED with ID -  C9dzD3q1yVWgb7bqAAAP
7/10/2023, 2:05:01 PM [debug]  Message :  CLIENT CONNECTED with ID -  lFp6vb8AS3kjY1dsAAAR
7/10/2023, 2:05:19 PM [warn]  Message :  CLIENT DISCONNECTED with ID -  lFp6vb8AS3kjY1dsAAAR
7/10/2023, 2:05:20 PM [debug]  Message :  CLIENT CONNECTED with ID -  4VDa4WIH2ukomb5lAAAT
7/10/2023, 2:05:49 PM [warn]  Message :  CLIENT DISCONNECTED with ID -  4VDa4WIH2ukomb5lAAAT
7/10/2023, 2:05:50 PM [debug]  Message :  CLIENT CONNECTED with ID -  y0YC-b4HPVizdnAUAAAV
7/10/2023, 2:06:38 PM [warn]  Message :  CLIENT DISCONNECTED with ID -  y0YC-b4HPVizdnAUAAAV
7/10/2023, 2:06:38 PM [debug]  Message :  CLIENT CONNECTED with ID -  FY7vaDFCgN3Cbn92AAAX
7/10/2023, 2:07:25 PM [warn]  Message :  CLIENT DISCONNECTED with ID -  FY7vaDFCgN3Cbn92AAAX
7/10/2023, 2:07:26 PM [debug]  Message :  CLIENT CONNECTED with ID -  JsmHBsNh6jRJImfIAAAZ
7/10/2023, 2:09:15 PM [warn]  Message :  CLIENT DISCONNECTED with ID -  JsmHBsNh6jRJImfIAAAZ
7/10/2023, 2:09:15 PM [debug]  Message :  CLIENT CONNECTED with ID -  Nk-bPqjqk5M89zQ-AAAb
7/10/2023, 2:09:39 PM [warn]  Message :  CLIENT DISCONNECTED with ID -  Nk-bPqjqk5M89zQ-AAAb
7/10/2023, 2:09:40 PM [debug]  Message :  CLIENT CONNECTED with ID -  1QCQ0AWnn4CSYZpCAAAd
7/10/2023, 2:11:13 PM [warn]  Message :  CLIENT DISCONNECTED with ID -  1QCQ0AWnn4CSYZpCAAAd
7/10/2023, 2:11:13 PM [debug]  Message :  CLIENT CONNECTED with ID -  vfTyifMUh0Yn7pTxAAAf
7/10/2023, 2:11:17 PM [warn]  Message :  CLIENT DISCONNECTED with ID -  vfTyifMUh0Yn7pTxAAAf
7/10/2023, 2:11:18 PM [debug]  Message :  CLIENT CONNECTED with ID -  A8mHz5700OESuL5oAAAh
7/10/2023, 2:12:38 PM [warn]  Message :  CLIENT DISCONNECTED with ID -  A8mHz5700OESuL5oAAAh
7/10/2023, 2:12:39 PM [debug]  Message :  CLIENT CONNECTED with ID -  2m1WPHvHNwTi6AhmAAAj
7/10/2023, 2:14:33 PM [warn]  Message :  CLIENT DISCONNECTED with ID -  2m1WPHvHNwTi6AhmAAAj
7/10/2023, 2:14:34 PM [debug]  Message :  CLIENT CONNECTED with ID -  dl7jfHYYwF1Ffc4eAAAl
7/10/2023, 2:15:22 PM [warn]  Message :  CLIENT DISCONNECTED with ID -  dl7jfHYYwF1Ffc4eAAAl
7/10/2023, 2:15:24 PM [debug]  Message :  CLIENT CONNECTED with ID -  iIFvvr5bM_VYsyTrAAAn
7/10/2023, 3:49:17 PM [warn]  Message :  CLIENT DISCONNECTED with ID -  iIFvvr5bM_VYsyTrAAAn
7/10/2023, 3:49:18 PM [error]  Message :  unauthorized, there is no access token but refesh token
7/10/2023, 3:49:20 PM [debug]  Message :  CLIENT CONNECTED with ID -  eev0StTQksDLmrjQAAAp
7/10/2023, 3:58:33 PM [warn]  Message :  CLIENT DISCONNECTED with ID -  eev0StTQksDLmrjQAAAp
7/10/2023, 3:58:34 PM [debug]  Message :  CLIENT CONNECTED with ID -  PH5y6Z80aw_lqTaUAAAr
7/10/2023, 4:03:02 PM [info]  Message :  Destroying daily backup vx16QZaiJgci3iwUBIpsO62ArIO2
7/10/2023, 4:03:02 PM [info]  Message :  Destroying daily reminder vx16QZaiJgci3iwUBIpsO62ArIO2
7/10/2023, 4:03:02 PM [info]  Message :  ---------------------
7/10/2023, 4:04:00 PM [info]  Message :  Enabling daily backup for sunil.pandvd41@gmail.com at 0:1 - Asia/Kolkata
7/10/2023, 4:04:00 PM [info]  Message :  -----------------------------------
7/10/2023, 4:05:41 PM [warn]  Message :  CLIENT DISCONNECTED with ID -  PH5y6Z80aw_lqTaUAAAr
7/10/2023, 4:05:42 PM [debug]  Message :  CLIENT CONNECTED with ID -  SIs-SYQYluRTtSiCAAAt
7/10/2023, 4:07:10 PM [info]  Message :  canceling the previous backup notification
7/10/2023, 4:07:10 PM [info]  Message :  Enabling daily backup for sunil.pandvd41@gmail.com at 0:1 - Asia/Kolkata
7/10/2023, 4:07:10 PM [info]  Message :  -----------------------------------
7/10/2023, 4:13:58 PM [info]  Message :  server started on port number 3000 }
7/10/2023, 4:13:58 PM [info]  Message :  Database Connected (production) : ac-hbi6taw-shard-00-02.lrqxoge.mongodb.net
7/10/2023, 4:13:59 PM [debug]  Message :  CLIENT CONNECTED with ID -  wb4B0EuCBZgnGVAQAAAB
7/10/2023, 4:14:06 PM [warn]  Message :  CLIENT DISCONNECTED with ID -  wb4B0EuCBZgnGVAQAAAB
7/10/2023, 4:14:07 PM [debug]  Message :  CLIENT CONNECTED with ID -  Z686gEqR6v91XwpgAAAD
7/10/2023, 4:14:20 PM [info]  Message :  sending daily update notifications to users  - 
7/10/2023, 4:16:22 PM [info]  Message :  server started on port number 3000 }
7/10/2023, 4:16:22 PM [debug]  Message :  CLIENT CONNECTED with ID -  j68HxJ4x4KZbRbjeAAAB
7/10/2023, 4:16:22 PM [info]  Message :  Database Connected (production) : ac-hbi6taw-shard-00-02.lrqxoge.mongodb.net
7/10/2023, 4:16:25 PM [info]  Message :  sending daily update notifications to users  - 
7/10/2023, 4:16:46 PM [info]  Message :  server started on port number 3000 }
7/10/2023, 4:16:47 PM [info]  Message :  Database Connected (production) : ac-hbi6taw-shard-00-00.lrqxoge.mongodb.net
7/10/2023, 4:16:47 PM [debug]  Message :  CLIENT CONNECTED with ID -  pwsUmeRw5y2-xG9yAAAB
7/10/2023, 4:16:55 PM [info]  Message :  sending daily update notifications to users  - 
7/10/2023, 4:17:25 PM [info]  Message :  server started on port number 3000 }
7/10/2023, 4:17:26 PM [info]  Message :  Database Connected (production) : ac-hbi6taw-shard-00-02.lrqxoge.mongodb.net
7/10/2023, 4:17:26 PM [debug]  Message :  CLIENT CONNECTED with ID -  eLPnf2FIOon0J5rvAAAB
7/10/2023, 4:17:31 PM [info]  Message :  sending daily update notifications to users  - 
7/10/2023, 4:18:15 PM [info]  Message :  server started on port number 3000 }
7/10/2023, 4:18:16 PM [info]  Message :  Database Connected (production) : ac-hbi6taw-shard-00-02.lrqxoge.mongodb.net
7/10/2023, 4:18:16 PM [debug]  Message :  CLIENT CONNECTED with ID -  H3rna5ch98FNL7cSAAAB
7/10/2023, 4:18:17 PM [info]  Message :  sending daily update notifications to users  - 
7/10/2023, 4:18:59 PM [warn]  Message :  CLIENT DISCONNECTED with ID -  H3rna5ch98FNL7cSAAAB
7/10/2023, 4:19:00 PM [debug]  Message :  CLIENT CONNECTED with ID -  2GXBiTVE5uG3bZ-cAAAD
7/10/2023, 4:19:12 PM [info]  Message :  sending daily update notifications to users  - 
7/10/2023, 4:20:10 PM [warn]  Message :  CLIENT DISCONNECTED with ID -  2GXBiTVE5uG3bZ-cAAAD
7/10/2023, 4:20:11 PM [debug]  Message :  CLIENT CONNECTED with ID -  bPKppJ9ybSCFL87iAAAF
7/10/2023, 4:20:19 PM [info]  Message :  sending daily update notifications to users  - 
7/10/2023, 4:20:35 PM [info]  Message :  server started on port number 3000 }
7/10/2023, 4:20:35 PM [debug]  Message :  CLIENT CONNECTED with ID -  83ZODq2Py5aCxYLDAAAB
7/10/2023, 4:20:36 PM [info]  Message :  Database Connected (production) : ac-hbi6taw-shard-00-00.lrqxoge.mongodb.net
7/10/2023, 4:20:51 PM [info]  Message :  server started on port number 3000 }
7/10/2023, 4:20:52 PM [info]  Message :  Database Connected (production) : ac-hbi6taw-shard-00-00.lrqxoge.mongodb.net
7/10/2023, 4:20:52 PM [debug]  Message :  CLIENT CONNECTED with ID -  fpfkAtBvWGkYP5otAAAB
7/10/2023, 4:21:04 PM [info]  Message :  server started on port number 3000 }
7/10/2023, 4:21:04 PM [debug]  Message :  CLIENT CONNECTED with ID -  UBpgMJib2y9tHdvgAAAB
7/10/2023, 4:21:04 PM [info]  Message :  Database Connected (production) : ac-hbi6taw-shard-00-01.lrqxoge.mongodb.net
7/10/2023, 4:22:20 PM [info]  Message :  sending daily update notifications to users  - 
7/10/2023, 4:22:20 PM [info]  Message :  {"id":"6934558f-951a-4670-89fb-e584ee78eee8","external_id":null} DAILY UPDATE
7/10/2023, 4:22:59 PM [info]  Message :  server started on port number 3000 }
7/10/2023, 4:23:00 PM [info]  Message :  Database Connected (production) : ac-hbi6taw-shard-00-01.lrqxoge.mongodb.net
7/10/2023, 4:23:01 PM [debug]  Message :  CLIENT CONNECTED with ID -  kgPQ_CcfbFrjbXR6AAAB
7/10/2023, 4:24:28 PM [info]  Message :  sending daily update notifications to users  - 
7/10/2023, 4:24:29 PM [info]  Message :  {"id":"861525cc-ac02-49a4-838f-187985615271","external_id":null} DAILY UPDATE
7/10/2023, 4:26:10 PM [info]  Message :  server started on port number 3000 }
7/10/2023, 4:26:10 PM [debug]  Message :  CLIENT CONNECTED with ID -  0hgPQyWIxKM1peNMAAAB
7/10/2023, 4:26:11 PM [info]  Message :  Database Connected (production) : ac-hbi6taw-shard-00-02.lrqxoge.mongodb.net
7/10/2023, 4:26:43 PM [warn]  Message :  CLIENT DISCONNECTED with ID -  0hgPQyWIxKM1peNMAAAB
7/10/2023, 4:26:44 PM [debug]  Message :  CLIENT CONNECTED with ID -  UmQW6fCVoR_EWxoVAAAD
7/10/2023, 4:27:30 PM [info]  Message :  server started on port number 3000 }
7/10/2023, 4:27:31 PM [debug]  Message :  CLIENT CONNECTED with ID -  6VZbGdZZI_NUE84JAAAB
7/10/2023, 4:27:31 PM [info]  Message :  Database Connected (production) : ac-hbi6taw-shard-00-02.lrqxoge.mongodb.net
7/10/2023, 4:27:59 PM [info]  Message :  sending daily update notifications to users  - 
7/10/2023, 4:28:00 PM [info]  Message :  {"id":"21f8604f-9371-49e1-b431-5b760a105362","external_id":null} DAILY UPDATE
7/10/2023, 4:28:22 PM [info]  Message :  server started on port number 3000 }
7/10/2023, 4:28:23 PM [info]  Message :  Database Connected (production) : ac-hbi6taw-shard-00-00.lrqxoge.mongodb.net
7/10/2023, 4:28:23 PM [debug]  Message :  CLIENT CONNECTED with ID -  MvvGJB01YToAjDaLAAAB
7/10/2023, 4:30:54 PM [info]  Message :  server started on port number 3000 }
7/10/2023, 4:30:55 PM [info]  Message :  Database Connected (production) : ac-hbi6taw-shard-00-02.lrqxoge.mongodb.net
7/10/2023, 4:30:55 PM [debug]  Message :  CLIENT CONNECTED with ID -  bM1tskwNE5mVsEXJAAAB
7/10/2023, 4:32:43 PM [info]  Message :  sending daily update notifications to users  - 
7/10/2023, 4:32:44 PM [info]  Message :  {"id":"4bc5a9fd-fb49-4abc-9ffe-859610c964f0","external_id":null} DAILY UPDATE
7/10/2023, 4:35:04 PM [info]  Message :  server started on port number 3000 }
7/10/2023, 4:35:05 PM [debug]  Message :  CLIENT CONNECTED with ID -  61n-vl5UaUN5nxO1AAAB
7/10/2023, 4:35:05 PM [info]  Message :  Database Connected (production) : ac-hbi6taw-shard-00-01.lrqxoge.mongodb.net
7/10/2023, 4:35:07 PM [info]  Message :  sending daily update notifications to users  - 
7/10/2023, 4:35:07 PM [info]  Message :  {"id":"a9f99742-5e59-40f1-8e27-00f655ef9b44","external_id":null} DAILY UPDATE
7/10/2023, 4:36:11 PM [info]  Message :  server started on port number 3000 }
7/10/2023, 4:36:12 PM [info]  Message :  Database Connected (production) : ac-hbi6taw-shard-00-00.lrqxoge.mongodb.net
7/10/2023, 4:36:12 PM [debug]  Message :  CLIENT CONNECTED with ID -  XwpIOlR91ELbCuYZAAAB
7/10/2023, 4:36:14 PM [info]  Message :  sending daily update notifications to users  - 
7/10/2023, 4:36:15 PM [info]  Message :  {"id":"0b7637b2-546b-4560-8745-cee48e67e5b5","external_id":null} DAILY UPDATE
7/10/2023, 4:37:33 PM [info]  Message :  server started on port number 3000 }
7/10/2023, 4:37:34 PM [debug]  Message :  CLIENT CONNECTED with ID -  rJGLK4qf_P_OAlC6AAAB
7/10/2023, 4:37:36 PM [info]  Message :  Database Connected (production) : ac-hbi6taw-shard-00-01.lrqxoge.mongodb.net
7/10/2023, 4:37:37 PM [info]  Message :  sending daily update notifications to users  - 
7/10/2023, 4:37:38 PM [info]  Message :  {"id":"5affb6fe-4d01-4c93-82da-da36f3fe6671","external_id":null} DAILY UPDATE
7/10/2023, 4:39:34 PM [info]  Message :  server started on port number 3000 }
7/10/2023, 4:39:35 PM [info]  Message :  Database Connected (production) : ac-hbi6taw-shard-00-02.lrqxoge.mongodb.net
7/10/2023, 4:39:35 PM [debug]  Message :  CLIENT CONNECTED with ID -  w6NWkvv_D6UL_aSFAAAB
7/10/2023, 4:39:39 PM [info]  Message :  sending daily update notifications to users  - 
7/10/2023, 4:39:40 PM [info]  Message :  {"id":"7f69a2e3-9848-4921-8ea1-0aa97193041d","external_id":null} DAILY UPDATE
7/10/2023, 4:40:13 PM [info]  Message :  server started on port number 3000 }
7/10/2023, 4:40:13 PM [info]  Message :  Database Connected (production) : ac-hbi6taw-shard-00-01.lrqxoge.mongodb.net
7/10/2023, 4:40:13 PM [debug]  Message :  CLIENT CONNECTED with ID -  LoX2QeRxmq_5pxCqAAAB
7/10/2023, 4:40:21 PM [info]  Message :  sending daily update notifications to users  - 
7/10/2023, 4:40:22 PM [info]  Message :  {"id":"a56f9eae-9c63-463b-8482-46f00a10660f","external_id":null} DAILY UPDATE
7/10/2023, 4:41:16 PM [info]  Message :  server started on port number 3000 }
7/10/2023, 4:41:17 PM [debug]  Message :  CLIENT CONNECTED with ID -  8WqkWnyeahCH0uRcAAAB
7/10/2023, 4:41:17 PM [info]  Message :  Database Connected (production) : ac-hbi6taw-shard-00-01.lrqxoge.mongodb.net
7/10/2023, 4:41:19 PM [info]  Message :  sending daily update notifications to users  - 
7/10/2023, 4:41:19 PM [info]  Message :  {"id":"0a4f7a46-d8c5-4d4b-b700-66dec43dac40","external_id":null} DAILY UPDATE
7/10/2023, 4:42:37 PM [info]  Message :  server started on port number 3000 }
7/10/2023, 4:42:37 PM [info]  Message :  Database Connected (production) : ac-hbi6taw-shard-00-01.lrqxoge.mongodb.net
7/10/2023, 4:42:37 PM [debug]  Message :  CLIENT CONNECTED with ID -  D0Bwj_NJQE4WJqYxAAAB
7/10/2023, 4:42:42 PM [info]  Message :  sending daily update notifications to users  - 
7/10/2023, 4:42:43 PM [info]  Message :  {"id":"27c7ec1e-0100-416b-874e-a6b0dc4ff992","external_id":null} DAILY UPDATE
7/10/2023, 4:42:53 PM [info]  Message :  server started on port number 3000 }
7/10/2023, 4:42:54 PM [info]  Message :  Database Connected (production) : ac-hbi6taw-shard-00-01.lrqxoge.mongodb.net
7/10/2023, 4:42:54 PM [debug]  Message :  CLIENT CONNECTED with ID -  BDZZDBxYiSlhp_glAAAB
7/10/2023, 4:42:57 PM [info]  Message :  sending daily update notifications to users  - 
7/10/2023, 4:42:57 PM [info]  Message :  {"id":"cb9476b7-6ba0-458f-b1b3-39f2512cf28c","external_id":null} DAILY UPDATE
7/10/2023, 4:43:09 PM [info]  Message :  server started on port number 3000 }
7/10/2023, 4:43:09 PM [info]  Message :  Database Connected (production) : ac-hbi6taw-shard-00-02.lrqxoge.mongodb.net
7/10/2023, 4:43:09 PM [debug]  Message :  CLIENT CONNECTED with ID -  yz6WTABXXllw3gYVAAAB
7/10/2023, 4:49:03 PM [info]  Message :  server started on port number 3000 }
7/10/2023, 4:49:03 PM [debug]  Message :  CLIENT CONNECTED with ID -  jW9RwJ_D1dnAsdE-AAAB
7/10/2023, 4:49:03 PM [info]  Message :  Database Connected (production) : ac-hbi6taw-shard-00-02.lrqxoge.mongodb.net
7/10/2023, 4:49:06 PM [info]  Message :  sending daily update notifications to users  - 
7/10/2023, 4:49:07 PM [info]  Message :  {"id":"cb789394-8369-41a9-b918-1d285f8e3878","external_id":null} DAILY UPDATE
7/10/2023, 4:49:10 PM [info]  Message :  Error in getting the view notification data {}
7/10/2023, 4:49:10 PM [error]  Message :  ----- Reason -----
7/10/2023, 4:49:10 PM [error]  Message :  response.status is not a function
7/10/2023, 4:49:39 PM [info]  Message :  server started on port number 3000 }
7/10/2023, 4:49:40 PM [debug]  Message :  CLIENT CONNECTED with ID -  Cmm_juqKFB3jjZTSAAAB
7/10/2023, 4:49:40 PM [info]  Message :  Database Connected (production) : ac-hbi6taw-shard-00-00.lrqxoge.mongodb.net
7/10/2023, 4:49:42 PM [info]  Message :  sending daily update notifications to users  - 
7/10/2023, 4:49:42 PM [info]  Message :  undefined DAILY UPDATE
7/10/2023, 4:49:46 PM [error]  Message :  unauthorized, there is no access token but refesh token
7/10/2023, 4:50:17 PM [info]  Message :  sending daily update notifications to users  - 
7/10/2023, 4:50:18 PM [info]  Message :  undefined DAILY UPDATE
7/10/2023, 4:51:03 PM [info]  Message :  server started on port number 3000 }
7/10/2023, 4:51:03 PM [debug]  Message :  CLIENT CONNECTED with ID -  -PGCKe5WqHU8LgSCAAAB
7/10/2023, 4:51:03 PM [info]  Message :  Database Connected (production) : ac-hbi6taw-shard-00-02.lrqxoge.mongodb.net
7/10/2023, 4:51:10 PM [info]  Message :  server started on port number 3000 }
7/10/2023, 4:51:10 PM [info]  Message :  Database Connected (production) : ac-hbi6taw-shard-00-00.lrqxoge.mongodb.net
7/10/2023, 4:51:10 PM [debug]  Message :  CLIENT CONNECTED with ID -  Cjf3DASaGoqLDCu8AAAB
7/10/2023, 4:51:17 PM [info]  Message :  sending daily update notifications to users  - 
7/10/2023, 4:51:18 PM [info]  Message :  undefined DAILY UPDATE
7/10/2023, 4:52:09 PM [info]  Message :  server started on port number 3000 }
7/10/2023, 4:52:09 PM [info]  Message :  Database Connected (production) : ac-hbi6taw-shard-00-00.lrqxoge.mongodb.net
7/10/2023, 4:52:09 PM [debug]  Message :  CLIENT CONNECTED with ID -  lYuo2Ni62lljWSoWAAAB
7/10/2023, 4:52:14 PM [info]  Message :  sending daily update notifications to users  - 
7/10/2023, 4:52:15 PM [info]  Message :  undefined DAILY UPDATE
7/10/2023, 4:52:48 PM [info]  Message :  server started on port number 3000 }
7/10/2023, 4:52:48 PM [debug]  Message :  CLIENT CONNECTED with ID -  1JAY4xbqKgPZ7XwCAAAB
7/10/2023, 4:52:49 PM [info]  Message :  Database Connected (production) : ac-hbi6taw-shard-00-00.lrqxoge.mongodb.net
7/10/2023, 4:52:58 PM [info]  Message :  sending daily update notifications to users  - 
7/10/2023, 4:52:58 PM [info]  Message :  undefined DAILY UPDATE
7/10/2023, 4:53:12 PM [info]  Message :  server started on port number 3000 }
7/10/2023, 4:53:13 PM [info]  Message :  Database Connected (production) : ac-hbi6taw-shard-00-00.lrqxoge.mongodb.net
7/10/2023, 4:53:13 PM [debug]  Message :  CLIENT CONNECTED with ID -  UyWIAK50N4cuUNCCAAAB
7/10/2023, 4:53:15 PM [info]  Message :  server started on port number 3000 }
7/10/2023, 4:53:16 PM [debug]  Message :  CLIENT CONNECTED with ID -  pT1PdMaVFqTfeu7tAAAB
7/10/2023, 4:53:16 PM [info]  Message :  Database Connected (production) : ac-hbi6taw-shard-00-00.lrqxoge.mongodb.net
7/10/2023, 4:53:22 PM [info]  Message :  sending daily update notifications to users  - 
7/10/2023, 4:53:22 PM [info]  Message :  undefined DAILY UPDATE
7/10/2023, 4:53:36 PM [info]  Message :  server started on port number 3000 }
7/10/2023, 4:53:36 PM [info]  Message :  Database Connected (production) : ac-hbi6taw-shard-00-01.lrqxoge.mongodb.net
7/10/2023, 4:53:37 PM [debug]  Message :  CLIENT CONNECTED with ID -  -rqg9U3smKkq8FGKAAAB
7/10/2023, 4:53:40 PM [info]  Message :  sending daily update notifications to users  - 
7/10/2023, 4:53:40 PM [info]  Message :  undefined DAILY UPDATE
7/10/2023, 4:53:48 PM [info]  Message :  server started on port number 3000 }
7/10/2023, 4:53:49 PM [info]  Message :  Database Connected (production) : ac-hbi6taw-shard-00-00.lrqxoge.mongodb.net
7/10/2023, 4:53:49 PM [debug]  Message :  CLIENT CONNECTED with ID -  3jtV1wb58WnfpS61AAAB
7/10/2023, 4:53:54 PM [info]  Message :  sending daily update notifications to users  - 
7/10/2023, 4:53:54 PM [info]  Message :  undefined DAILY UPDATE
7/10/2023, 4:54:11 PM [info]  Message :  server started on port number 3000 }
7/10/2023, 4:54:11 PM [debug]  Message :  CLIENT CONNECTED with ID -  3cZ62pNtIhD9gwB7AAAB
7/10/2023, 4:54:12 PM [info]  Message :  Database Connected (production) : ac-hbi6taw-shard-00-02.lrqxoge.mongodb.net
7/10/2023, 4:55:40 PM [warn]  Message :  CLIENT DISCONNECTED with ID -  3cZ62pNtIhD9gwB7AAAB
7/10/2023, 4:55:41 PM [debug]  Message :  CLIENT CONNECTED with ID -  Jvbf4DKrVZZy02dRAAAD
7/11/2023, 4:34:29 AM [warn]  Message :  CLIENT DISCONNECTED with ID -  Jvbf4DKrVZZy02dRAAAD
7/11/2023, 4:34:31 AM [debug]  Message :  CLIENT CONNECTED with ID -  lE1hljvQZQm0yEnjAAAF
