2/27/2025, 4:32:07 AM [info]  Message :  server started on port number 3000 }
2/27/2025, 4:32:07 AM [debug]  Message :  CLIENT CONNECTED with ID -  tton42TWOTQY8zNBAAAB
2/27/2025, 4:32:07 AM [debug]  Message :  CLIENT CONNECTED with ID -  ae5p4n_dIEjIYrUBAAAD
2/27/2025, 4:32:12 AM [info]  Message :  Database Connected (production) : ac-hbi6taw-shard-00-01.lrqxoge.mongodb.net
2/27/2025, 4:32:27 AM [info]  Message :  server started on port number 3000 }
2/27/2025, 4:32:27 AM [debug]  Message :  CLIENT CONNECTED with ID -  JA3RtiZZvz6Nb4TlAAAB
2/27/2025, 4:32:30 AM [debug]  Message :  CLIENT CONNECTED with ID -  JPsudp53cjaDE5FQAAAD
2/27/2025, 4:32:31 AM [info]  Message :  Database Connected (production) : ac-hbi6taw-shard-00-00.lrqxoge.mongodb.net
2/27/2025, 4:33:28 AM [info]  Message :  server started on port number 3000 }
2/27/2025, 4:33:28 AM [debug]  Message :  CLIENT CONNECTED with ID -  LCFC3oG_LmyOlQ3vAAAB
2/27/2025, 4:33:28 AM [debug]  Message :  CLIENT CONNECTED with ID -  i_zDPuYnsw47NSVDAAAD
2/27/2025, 4:33:32 AM [info]  Message :  Database Connected (production) : ac-hbi6taw-shard-00-02.lrqxoge.mongodb.net
2/27/2025, 4:35:23 AM [info]  Message :  server started on port number 3000 }
2/27/2025, 4:35:23 AM [debug]  Message :  CLIENT CONNECTED with ID -  NqapkdasZwesvJ3lAAAB
2/27/2025, 4:35:23 AM [debug]  Message :  CLIENT CONNECTED with ID -  cQocNw1JOj6I_1toAAAD
2/27/2025, 4:35:27 AM [info]  Message :  Database Connected (production) : ac-hbi6taw-shard-00-02.lrqxoge.mongodb.net
2/27/2025, 4:36:03 AM [info]  Message :  server started on port number 3000 }
2/27/2025, 4:36:03 AM [debug]  Message :  CLIENT CONNECTED with ID -  eBRmEIw1RUngiMwZAAAB
2/27/2025, 4:36:03 AM [debug]  Message :  CLIENT CONNECTED with ID -  QkNf9O8O7RyTKkupAAAD
2/27/2025, 4:36:07 AM [info]  Message :  Database Connected (production) : ac-hbi6taw-shard-00-01.lrqxoge.mongodb.net
2/27/2025, 4:36:10 AM [info]  Message :  server started on port number 3000 }
2/27/2025, 4:36:10 AM [debug]  Message :  CLIENT CONNECTED with ID -  XyJCHRiheZ7N9A8-AAAB
2/27/2025, 4:36:11 AM [debug]  Message :  CLIENT CONNECTED with ID -  LFwnp8kQDESqp86AAAAD
2/27/2025, 4:36:15 AM [info]  Message :  Database Connected (production) : ac-hbi6taw-shard-00-02.lrqxoge.mongodb.net
2/27/2025, 4:36:22 AM [info]  Message :  server started on port number 3000 }
2/27/2025, 4:36:22 AM [debug]  Message :  CLIENT CONNECTED with ID -  6TuCX2GPrJ4xyDO8AAAB
2/27/2025, 4:36:23 AM [debug]  Message :  CLIENT CONNECTED with ID -  36E-z-M7wbSejfX2AAAD
2/27/2025, 4:36:27 AM [info]  Message :  Database Connected (production) : ac-hbi6taw-shard-00-02.lrqxoge.mongodb.net
2/27/2025, 4:36:35 AM [info]  Message :  server started on port number 3000 }
2/27/2025, 4:36:36 AM [debug]  Message :  CLIENT CONNECTED with ID -  H13372vzFhsU1W4-AAAB
2/27/2025, 4:36:36 AM [debug]  Message :  CLIENT CONNECTED with ID -  cIwQwtaXrZSFFF17AAAD
2/27/2025, 4:36:40 AM [info]  Message :  Database Connected (production) : ac-hbi6taw-shard-00-00.lrqxoge.mongodb.net
2/27/2025, 4:37:44 AM [info]  Message :  server started on port number 3000 }
2/27/2025, 4:37:45 AM [debug]  Message :  CLIENT CONNECTED with ID -  w0eKgrZBwYmOhw-GAAAB
2/27/2025, 4:37:46 AM [debug]  Message :  CLIENT CONNECTED with ID -  _JNlzFt32LqOSSUpAAAD
2/27/2025, 4:37:49 AM [info]  Message :  Database Connected (production) : ac-hbi6taw-shard-00-01.lrqxoge.mongodb.net
2/27/2025, 4:38:02 AM [info]  Message :  server started on port number 3000 }
2/27/2025, 4:38:02 AM [debug]  Message :  CLIENT CONNECTED with ID -  VzJN7foIy4GSuDx0AAAB
2/27/2025, 4:38:03 AM [debug]  Message :  CLIENT CONNECTED with ID -  S6NfZMMN79zhrIrwAAAD
2/27/2025, 4:38:06 AM [info]  Message :  Database Connected (production) : ac-hbi6taw-shard-00-01.lrqxoge.mongodb.net
2/27/2025, 4:42:38 AM [info]  Message :  server started on port number 3000 }
2/27/2025, 4:42:38 AM [debug]  Message :  CLIENT CONNECTED with ID -  U2KurnOgpIu0ilKoAAAB
2/27/2025, 4:42:40 AM [debug]  Message :  CLIENT CONNECTED with ID -  m_wGdvipD0a3FbMwAAAD
2/27/2025, 4:42:42 AM [info]  Message :  Database Connected (production) : ac-hbi6taw-shard-00-02.lrqxoge.mongodb.net
2/27/2025, 4:47:56 AM [info]  Message :  server started on port number 3000 }
2/27/2025, 4:47:56 AM [debug]  Message :  CLIENT CONNECTED with ID -  mQMaah_9oVRpVJlLAAAB
2/27/2025, 4:47:57 AM [debug]  Message :  CLIENT CONNECTED with ID -  teRkJ0DGPbq9QJNNAAAD
2/27/2025, 4:48:00 AM [info]  Message :  Database Connected (production) : ac-hbi6taw-shard-00-01.lrqxoge.mongodb.net
2/27/2025, 4:48:25 AM [info]  Message :  server started on port number 3000 }
2/27/2025, 4:48:26 AM [debug]  Message :  CLIENT CONNECTED with ID -  r-sdggSD7G_2WP1ZAAAB
2/27/2025, 4:48:26 AM [debug]  Message :  CLIENT CONNECTED with ID -  MzO7x9RClDBFyo-IAAAD
2/27/2025, 4:48:29 AM [info]  Message :  Database Connected (production) : ac-hbi6taw-shard-00-02.lrqxoge.mongodb.net
2/27/2025, 4:49:09 AM [info]  Message :  server started on port number 3000 }
2/27/2025, 4:49:09 AM [debug]  Message :  CLIENT CONNECTED with ID -  cqcTghScVGmRZzkiAAAB
2/27/2025, 4:49:10 AM [debug]  Message :  CLIENT CONNECTED with ID -  fTNHJXhLdujIVodzAAAD
2/27/2025, 4:49:13 AM [info]  Message :  Database Connected (production) : ac-hbi6taw-shard-00-00.lrqxoge.mongodb.net
2/27/2025, 4:49:16 AM [info]  Message :  server started on port number 3000 }
2/27/2025, 4:49:16 AM [debug]  Message :  CLIENT CONNECTED with ID -  PmJ5tbN-X4uD20hpAAAB
2/27/2025, 4:49:17 AM [debug]  Message :  CLIENT CONNECTED with ID -  zKx3ZLGEoeNjPWEAAAAD
2/27/2025, 4:49:21 AM [info]  Message :  Database Connected (production) : ac-hbi6taw-shard-00-00.lrqxoge.mongodb.net
2/27/2025, 4:49:51 AM [info]  Message :  server started on port number 3000 }
2/27/2025, 4:49:52 AM [debug]  Message :  CLIENT CONNECTED with ID -  hrnoWH5qf7P4lIdGAAAB
2/27/2025, 4:49:52 AM [debug]  Message :  CLIENT CONNECTED with ID -  QN4do11JwZzMPzC4AAAD
2/27/2025, 4:49:55 AM [info]  Message :  Database Connected (production) : ac-hbi6taw-shard-00-00.lrqxoge.mongodb.net
2/27/2025, 4:50:14 AM [info]  Message :  server started on port number 3000 }
2/27/2025, 4:50:14 AM [debug]  Message :  CLIENT CONNECTED with ID -  ycnzX9FMAIb-pgIpAAAB
2/27/2025, 4:50:15 AM [debug]  Message :  CLIENT CONNECTED with ID -  lu716z7NL6fsG_lDAAAD
2/27/2025, 4:50:16 AM [info]  Message :  server started on port number 3000 }
2/27/2025, 4:50:17 AM [debug]  Message :  CLIENT CONNECTED with ID -  -8ErLrJ2bGZBeZrBAAAB
2/27/2025, 4:50:17 AM [debug]  Message :  CLIENT CONNECTED with ID -  IuFGUviNxwhs5C4UAAAD
2/27/2025, 4:50:21 AM [info]  Message :  Database Connected (production) : ac-hbi6taw-shard-00-01.lrqxoge.mongodb.net
2/27/2025, 4:55:35 AM [info]  Message :  server started on port number 3000 }
2/27/2025, 4:55:35 AM [debug]  Message :  CLIENT CONNECTED with ID -  5HRToM1P2bu48nquAAAB
2/27/2025, 4:55:35 AM [debug]  Message :  CLIENT CONNECTED with ID -  WA1wPDXMeEQk1X5yAAAD
2/27/2025, 4:55:39 AM [info]  Message :  Database Connected (production) : ac-hbi6taw-shard-00-01.lrqxoge.mongodb.net
2/27/2025, 4:55:49 AM [info]  Message :  server started on port number 3000 }
2/27/2025, 4:55:49 AM [debug]  Message :  CLIENT CONNECTED with ID -  TCin45VsWYI_bClcAAAB
2/27/2025, 4:55:50 AM [debug]  Message :  CLIENT CONNECTED with ID -  o4PMT0Ju9TGjEph1AAAD
2/27/2025, 4:55:54 AM [info]  Message :  Database Connected (production) : ac-hbi6taw-shard-00-02.lrqxoge.mongodb.net
2/27/2025, 4:57:16 AM [info]  Message :  server started on port number 3000 }
2/27/2025, 4:57:16 AM [debug]  Message :  CLIENT CONNECTED with ID -  ctOVWkeWmHEWL-NaAAAB
2/27/2025, 4:57:17 AM [debug]  Message :  CLIENT CONNECTED with ID -  _iMS9ixez2bYmJSHAAAD
2/27/2025, 4:57:21 AM [info]  Message :  Database Connected (production) : ac-hbi6taw-shard-00-00.lrqxoge.mongodb.net
2/27/2025, 4:57:23 AM [info]  Message :  server started on port number 3000 }
2/27/2025, 4:57:24 AM [debug]  Message :  CLIENT CONNECTED with ID -  3Ryc1JIAhIqqTJR3AAAB
2/27/2025, 4:57:24 AM [debug]  Message :  CLIENT CONNECTED with ID -  mDMf7nkAdis8Vo9zAAAD
2/27/2025, 4:57:28 AM [info]  Message :  Database Connected (production) : ac-hbi6taw-shard-00-02.lrqxoge.mongodb.net
2/27/2025, 6:09:02 AM [warn]  Message :  CLIENT DISCONNECTED with ID -  3Ryc1JIAhIqqTJR3AAAB
2/27/2025, 6:09:02 AM [warn]  Message :  CLIENT DISCONNECTED with ID -  mDMf7nkAdis8Vo9zAAAD
2/27/2025, 6:09:03 AM [debug]  Message :  CLIENT CONNECTED with ID -  6SoY9SGmZHR_nNhIAAAF
2/27/2025, 6:09:03 AM [debug]  Message :  CLIENT CONNECTED with ID -  jfzHkPSwexY0RLt8AAAH
2/27/2025, 6:14:48 AM [info]  Message :  server started on port number 3000 }
2/27/2025, 6:14:48 AM [debug]  Message :  CLIENT CONNECTED with ID -  UYVZXYgNuxxGNRBzAAAB
2/27/2025, 6:14:48 AM [debug]  Message :  CLIENT CONNECTED with ID -  LeyMqArPa-8KpOUpAAAD
2/27/2025, 6:14:52 AM [info]  Message :  Database Connected (production) : ac-hbi6taw-shard-00-02.lrqxoge.mongodb.net
2/27/2025, 6:18:42 AM [info]  Message :  server started on port number 3000 }
2/27/2025, 6:18:43 AM [debug]  Message :  CLIENT CONNECTED with ID -  cmpgXxikeR-L5lj9AAAB
2/27/2025, 6:18:44 AM [debug]  Message :  CLIENT CONNECTED with ID -  pR9GxwNCue9IZYd3AAAD
2/27/2025, 6:18:47 AM [info]  Message :  Database Connected (production) : ac-hbi6taw-shard-00-00.lrqxoge.mongodb.net
2/27/2025, 6:18:51 AM [info]  Message :  server started on port number 3000 }
2/27/2025, 6:18:51 AM [debug]  Message :  CLIENT CONNECTED with ID -  gsliz2CB8lS7gQ4-AAAB
2/27/2025, 6:18:52 AM [debug]  Message :  CLIENT CONNECTED with ID -  mDedqIDPhi0WQ2l7AAAD
2/27/2025, 6:18:55 AM [info]  Message :  Database Connected (production) : ac-hbi6taw-shard-00-02.lrqxoge.mongodb.net
2/27/2025, 6:20:08 AM [info]  Message :  server started on port number 3000 }
2/27/2025, 6:20:09 AM [debug]  Message :  CLIENT CONNECTED with ID -  1l4DL2wEk_nb9TuSAAAB
2/27/2025, 6:20:09 AM [debug]  Message :  CLIENT CONNECTED with ID -  dMOJ3PsZ_O2KoNw9AAAD
2/27/2025, 6:20:12 AM [info]  Message :  Database Connected (production) : ac-hbi6taw-shard-00-02.lrqxoge.mongodb.net
2/27/2025, 6:20:13 AM [info]  Message :  server started on port number 3000 }
2/27/2025, 6:20:14 AM [debug]  Message :  CLIENT CONNECTED with ID -  WugFkGYXihpaGwzPAAAB
2/27/2025, 6:20:14 AM [debug]  Message :  CLIENT CONNECTED with ID -  59d9ZIaC7mytqz6uAAAD
2/27/2025, 6:20:17 AM [info]  Message :  Database Connected (production) : ac-hbi6taw-shard-00-01.lrqxoge.mongodb.net
2/27/2025, 6:21:44 AM [info]  Message :  server started on port number 3000 }
2/27/2025, 6:21:44 AM [debug]  Message :  CLIENT CONNECTED with ID -  t8WZfa-T-GdVG5MGAAAB
2/27/2025, 6:21:45 AM [debug]  Message :  CLIENT CONNECTED with ID -  MgjxKs7YBlfitMrlAAAD
2/27/2025, 6:21:48 AM [info]  Message :  Database Connected (production) : ac-hbi6taw-shard-00-01.lrqxoge.mongodb.net
2/27/2025, 6:21:54 AM [info]  Message :  server started on port number 3000 }
2/27/2025, 6:21:55 AM [debug]  Message :  CLIENT CONNECTED with ID -  WIsP9JWVFeyqX-7YAAAB
2/27/2025, 6:21:55 AM [debug]  Message :  CLIENT CONNECTED with ID -  f7SabxzQvTKIiTYBAAAD
2/27/2025, 6:21:58 AM [info]  Message :  Database Connected (production) : ac-hbi6taw-shard-00-01.lrqxoge.mongodb.net
2/27/2025, 6:22:15 AM [info]  Message :  server started on port number 3000 }
2/27/2025, 6:22:16 AM [debug]  Message :  CLIENT CONNECTED with ID -  6tRGNmTgVata32JPAAAB
2/27/2025, 6:22:17 AM [debug]  Message :  CLIENT CONNECTED with ID -  itHpks8BiYdxpBH2AAAD
2/27/2025, 6:22:20 AM [info]  Message :  Database Connected (production) : ac-hbi6taw-shard-00-00.lrqxoge.mongodb.net
2/27/2025, 6:23:28 AM [info]  Message :  server started on port number 3000 }
2/27/2025, 6:23:29 AM [debug]  Message :  CLIENT CONNECTED with ID -  pzfkEqB1un6nGzTKAAAB
2/27/2025, 6:23:29 AM [debug]  Message :  CLIENT CONNECTED with ID -  InAUXI6UM5_nZvzbAAAD
2/27/2025, 6:23:32 AM [info]  Message :  Database Connected (production) : ac-hbi6taw-shard-00-00.lrqxoge.mongodb.net
2/27/2025, 6:24:37 AM [info]  Message :  server started on port number 3000 }
2/27/2025, 6:24:38 AM [debug]  Message :  CLIENT CONNECTED with ID -  OV24libdwxK1-nBWAAAB
2/27/2025, 6:24:38 AM [debug]  Message :  CLIENT CONNECTED with ID -  msbYNr63BvSdJ-qWAAAD
2/27/2025, 6:24:41 AM [info]  Message :  Database Connected (production) : ac-hbi6taw-shard-00-00.lrqxoge.mongodb.net
2/27/2025, 6:24:50 AM [info]  Message :  server started on port number 3000 }
2/27/2025, 6:24:50 AM [debug]  Message :  CLIENT CONNECTED with ID -  -l7ezh7k5RxDCSbLAAAB
2/27/2025, 6:24:50 AM [debug]  Message :  CLIENT CONNECTED with ID -  BaIrpxODFQoU4b9dAAAD
2/27/2025, 6:24:54 AM [info]  Message :  Database Connected (production) : ac-hbi6taw-shard-00-00.lrqxoge.mongodb.net
2/27/2025, 6:25:09 AM [info]  Message :  server started on port number 3000 }
2/27/2025, 6:25:09 AM [debug]  Message :  CLIENT CONNECTED with ID -  UDAhQ7rsrdckqQxGAAAB
2/27/2025, 6:25:09 AM [debug]  Message :  CLIENT CONNECTED with ID -  tdbB1bn7rvKEOXVcAAAD
2/27/2025, 6:25:13 AM [info]  Message :  Database Connected (production) : ac-hbi6taw-shard-00-00.lrqxoge.mongodb.net
2/27/2025, 6:25:25 AM [info]  Message :  server started on port number 3000 }
2/27/2025, 6:25:26 AM [debug]  Message :  CLIENT CONNECTED with ID -  h2y70dPSsWWTr7pBAAAB
2/27/2025, 6:25:26 AM [debug]  Message :  CLIENT CONNECTED with ID -  Kds6kctv9a0FtxZiAAAD
2/27/2025, 6:25:30 AM [info]  Message :  Database Connected (production) : ac-hbi6taw-shard-00-01.lrqxoge.mongodb.net
2/27/2025, 6:25:45 AM [info]  Message :  server started on port number 3000 }
2/27/2025, 6:25:46 AM [debug]  Message :  CLIENT CONNECTED with ID -  zyvvcvauJ_AyV3C7AAAB
2/27/2025, 6:25:46 AM [debug]  Message :  CLIENT CONNECTED with ID -  SA-N5f73dfwHSZvPAAAD
2/27/2025, 6:25:47 AM [info]  Message :  server started on port number 3000 }
2/27/2025, 6:25:48 AM [debug]  Message :  CLIENT CONNECTED with ID -  VtJB5VfpMPZSaAL-AAAB
2/27/2025, 6:25:49 AM [debug]  Message :  CLIENT CONNECTED with ID -  zP-PhwgCEaj3wNY-AAAD
2/27/2025, 6:25:52 AM [info]  Message :  Database Connected (production) : ac-hbi6taw-shard-00-01.lrqxoge.mongodb.net
2/27/2025, 6:25:57 AM [info]  Message :  server started on port number 3000 }
2/27/2025, 6:25:58 AM [debug]  Message :  CLIENT CONNECTED with ID -  dWb6V8KaHcIbcuwZAAAB
2/27/2025, 6:25:58 AM [debug]  Message :  CLIENT CONNECTED with ID -  4QqU3SI5k70xup2JAAAD
2/27/2025, 6:26:00 AM [info]  Message :  server started on port number 3000 }
2/27/2025, 6:26:01 AM [debug]  Message :  CLIENT CONNECTED with ID -  FzXyMinukvcBowtjAAAB
2/27/2025, 6:26:01 AM [debug]  Message :  CLIENT CONNECTED with ID -  YY3Q8-sCfhX02pnnAAAD
2/27/2025, 6:26:02 AM [info]  Message :  server started on port number 3000 }
2/27/2025, 6:26:03 AM [debug]  Message :  CLIENT CONNECTED with ID -  arLHS6pC58gYvOf0AAAB
2/27/2025, 6:26:03 AM [debug]  Message :  CLIENT CONNECTED with ID -  It-uXpwE2HM1YL6EAAAD
2/27/2025, 6:26:06 AM [info]  Message :  Database Connected (production) : ac-hbi6taw-shard-00-02.lrqxoge.mongodb.net
2/27/2025, 6:26:12 AM [info]  Message :  server started on port number 3000 }
2/27/2025, 6:26:13 AM [debug]  Message :  CLIENT CONNECTED with ID -  bCZwInFG29e2HTGwAAAB
2/27/2025, 6:26:13 AM [debug]  Message :  CLIENT CONNECTED with ID -  4BbwEL2F1nJ5eB92AAAD
2/27/2025, 6:26:16 AM [info]  Message :  Database Connected (production) : ac-hbi6taw-shard-00-02.lrqxoge.mongodb.net
2/27/2025, 6:26:37 AM [info]  Message :  server started on port number 3000 }
2/27/2025, 6:26:38 AM [debug]  Message :  CLIENT CONNECTED with ID -  GISbVpBvEt93nfTOAAAB
2/27/2025, 6:26:39 AM [debug]  Message :  CLIENT CONNECTED with ID -  iMOrZqNxQK8O0Wm5AAAD
2/27/2025, 6:26:41 AM [info]  Message :  Database Connected (production) : ac-hbi6taw-shard-00-00.lrqxoge.mongodb.net
2/27/2025, 6:28:13 AM [info]  Message :  server started on port number 3000 }
2/27/2025, 6:28:14 AM [debug]  Message :  CLIENT CONNECTED with ID -  nfoT7TTkvfFXK8O5AAAB
2/27/2025, 6:28:14 AM [debug]  Message :  CLIENT CONNECTED with ID -  38VD0GGOllJC9jYsAAAD
2/27/2025, 6:28:18 AM [info]  Message :  Database Connected (production) : ac-hbi6taw-shard-00-01.lrqxoge.mongodb.net
2/27/2025, 7:07:37 AM [info]  Message :  server started on port number 3000 }
2/27/2025, 7:07:38 AM [debug]  Message :  CLIENT CONNECTED with ID -  l1_Z5EOCZ7nMQE7ZAAAB
2/27/2025, 7:07:38 AM [debug]  Message :  CLIENT CONNECTED with ID -  3Lr8Wd-3MZSpIYgXAAAD
2/27/2025, 7:07:42 AM [info]  Message :  Database Connected (production) : ac-hbi6taw-shard-00-02.lrqxoge.mongodb.net
2/27/2025, 7:21:24 AM [info]  Message :  server started on port number 3000 }
2/27/2025, 7:21:24 AM [debug]  Message :  CLIENT CONNECTED with ID -  XZcLeEm75vwIh3zVAAAB
2/27/2025, 7:21:24 AM [debug]  Message :  CLIENT CONNECTED with ID -  -sew1cM0AU5PnBIEAAAD
2/27/2025, 7:21:28 AM [info]  Message :  Database Connected (production) : ac-hbi6taw-shard-00-01.lrqxoge.mongodb.net
2/27/2025, 7:21:52 AM [info]  Message :  server started on port number 3000 }
2/27/2025, 7:21:54 AM [debug]  Message :  CLIENT CONNECTED with ID -  N1GvRlzYXYL-QydhAAAB
2/27/2025, 7:21:55 AM [debug]  Message :  CLIENT CONNECTED with ID -  oBH_G50La1oN3qahAAAD
2/27/2025, 7:21:56 AM [info]  Message :  Database Connected (production) : ac-hbi6taw-shard-00-02.lrqxoge.mongodb.net
2/27/2025, 7:22:32 AM [info]  Message :  server started on port number 3000 }
2/27/2025, 7:22:33 AM [debug]  Message :  CLIENT CONNECTED with ID -  NNsdeo8pZ3kYupvbAAAB
2/27/2025, 7:22:33 AM [debug]  Message :  CLIENT CONNECTED with ID -  mQa8euPqhSqoCSiMAAAD
2/27/2025, 7:22:36 AM [info]  Message :  Database Connected (production) : ac-hbi6taw-shard-00-00.lrqxoge.mongodb.net
2/27/2025, 8:17:21 AM [info]  Message :  server started on port number 3000 }
2/27/2025, 8:17:22 AM [debug]  Message :  CLIENT CONNECTED with ID -  IipMmQTFAmC0-_kyAAAB
2/27/2025, 8:17:22 AM [debug]  Message :  CLIENT CONNECTED with ID -  0tIAD-c3xO72F--XAAAD
2/27/2025, 8:17:26 AM [info]  Message :  Database Connected (production) : ac-hbi6taw-shard-00-01.lrqxoge.mongodb.net
2/27/2025, 8:22:32 AM [info]  Message :  -----------------------------------
2/27/2025, 8:23:56 AM [info]  Message :  -----------------------------------
2/27/2025, 8:24:16 AM [info]  Message :  -----------------------------------
2/27/2025, 8:24:53 AM [info]  Message :  -----------------------------------
2/27/2025, 8:35:28 AM [info]  Message :  -----------------------------------
2/27/2025, 8:35:40 AM [info]  Message :  -----------------------------------
2/27/2025, 9:15:03 AM [info]  Message :  -----------------------------------
2/27/2025, 9:16:05 AM [info]  Message :  -----------------------------------
2/27/2025, 9:26:19 AM [error]  Message :  Error generating link token: Error in generating token sorry
2/27/2025, 9:26:32 AM [info]  Message :  -----------------------------------
2/27/2025, 9:31:01 AM [error]  Message :  Error generating link token: Error in generating token sorry
2/27/2025, 9:31:06 AM [info]  Message :  server started on port number 3000 }
2/27/2025, 9:31:07 AM [debug]  Message :  CLIENT CONNECTED with ID -  tBMQUawBRRqxIM25AAAB
2/27/2025, 9:31:07 AM [debug]  Message :  CLIENT CONNECTED with ID -  -CSfLdDugBLagW53AAAD
2/27/2025, 9:31:11 AM [info]  Message :  Database Connected (production) : ac-hbi6taw-shard-00-01.lrqxoge.mongodb.net
2/27/2025, 9:35:56 AM [info]  Message :  -----------------------------------
2/27/2025, 10:04:55 AM [info]  Message :  -----------------------------------
2/27/2025, 10:27:11 AM [warn]  Message :  CLIENT DISCONNECTED with ID -  tBMQUawBRRqxIM25AAAB
2/27/2025, 10:27:11 AM [warn]  Message :  CLIENT DISCONNECTED with ID -  -CSfLdDugBLagW53AAAD
2/27/2025, 10:27:12 AM [debug]  Message :  CLIENT CONNECTED with ID -  c5DJhCJX2u1pRO6IAAAF
2/27/2025, 10:27:13 AM [debug]  Message :  CLIENT CONNECTED with ID -  6D_auRlCgXxOmoW5AAAH
2/27/2025, 10:45:10 AM [warn]  Message :  CLIENT DISCONNECTED with ID -  c5DJhCJX2u1pRO6IAAAF
2/27/2025, 10:45:10 AM [warn]  Message :  CLIENT DISCONNECTED with ID -  6D_auRlCgXxOmoW5AAAH
2/27/2025, 10:45:12 AM [debug]  Message :  CLIENT CONNECTED with ID -  2Lea1BxUH8V8wv65AAAJ
2/27/2025, 10:45:12 AM [debug]  Message :  CLIENT CONNECTED with ID -  hjhVMG3ar-q4xsaYAAAL
2/27/2025, 11:54:35 AM [warn]  Message :  CLIENT DISCONNECTED with ID -  2Lea1BxUH8V8wv65AAAJ
2/27/2025, 11:54:35 AM [warn]  Message :  CLIENT DISCONNECTED with ID -  hjhVMG3ar-q4xsaYAAAL
2/27/2025, 11:54:36 AM [debug]  Message :  CLIENT CONNECTED with ID -  OKNHkjkTuwE-_sauAAAN
2/27/2025, 11:54:36 AM [debug]  Message :  CLIENT CONNECTED with ID -  psRVcNDamPWZ-wjOAAAP
2/27/2025, 12:12:26 PM [warn]  Message :  CLIENT DISCONNECTED with ID -  OKNHkjkTuwE-_sauAAAN
2/27/2025, 12:12:26 PM [warn]  Message :  CLIENT DISCONNECTED with ID -  psRVcNDamPWZ-wjOAAAP
2/27/2025, 12:12:26 PM [debug]  Message :  CLIENT CONNECTED with ID -  735PdAQwipiTfC9xAAAR
2/27/2025, 12:12:27 PM [debug]  Message :  CLIENT CONNECTED with ID -  wMurKYRMOlwhWs4iAAAT
2/27/2025, 12:28:15 PM [warn]  Message :  CLIENT DISCONNECTED with ID -  735PdAQwipiTfC9xAAAR
2/27/2025, 12:28:15 PM [warn]  Message :  CLIENT DISCONNECTED with ID -  wMurKYRMOlwhWs4iAAAT
2/27/2025, 12:28:16 PM [debug]  Message :  CLIENT CONNECTED with ID -  SIhL-DuxKaoY0K0DAAAV
2/27/2025, 12:28:17 PM [debug]  Message :  CLIENT CONNECTED with ID -  7fiSP2-U8Z2J3ZwzAAAX
2/27/2025, 12:48:40 PM [warn]  Message :  CLIENT DISCONNECTED with ID -  SIhL-DuxKaoY0K0DAAAV
2/27/2025, 12:48:40 PM [warn]  Message :  CLIENT DISCONNECTED with ID -  7fiSP2-U8Z2J3ZwzAAAX
2/27/2025, 12:48:40 PM [debug]  Message :  CLIENT CONNECTED with ID -  cJ294sXAtwoLpg3vAAAZ
2/27/2025, 12:48:41 PM [debug]  Message :  CLIENT CONNECTED with ID -  oouwD1QeK-bIm9fUAAAb
2/27/2025, 1:12:13 PM [warn]  Message :  CLIENT DISCONNECTED with ID -  cJ294sXAtwoLpg3vAAAZ
2/27/2025, 1:12:13 PM [warn]  Message :  CLIENT DISCONNECTED with ID -  oouwD1QeK-bIm9fUAAAb
2/27/2025, 1:12:15 PM [debug]  Message :  CLIENT CONNECTED with ID -  7dhaXWXLm72P13H7AAAd
2/27/2025, 1:12:15 PM [debug]  Message :  CLIENT CONNECTED with ID -  PuM1_E6apeuFonWPAAAf
2/27/2025, 2:32:07 PM [warn]  Message :  CLIENT DISCONNECTED with ID -  7dhaXWXLm72P13H7AAAd
2/27/2025, 2:32:07 PM [warn]  Message :  CLIENT DISCONNECTED with ID -  PuM1_E6apeuFonWPAAAf
2/27/2025, 2:32:08 PM [debug]  Message :  CLIENT CONNECTED with ID -  3ZNS_Eb14iTmP6JmAAAh
2/27/2025, 2:32:09 PM [debug]  Message :  CLIENT CONNECTED with ID -  pxL9tVNNgTd79u41AAAj
2/27/2025, 2:48:07 PM [warn]  Message :  CLIENT DISCONNECTED with ID -  3ZNS_Eb14iTmP6JmAAAh
2/27/2025, 2:48:07 PM [warn]  Message :  CLIENT DISCONNECTED with ID -  pxL9tVNNgTd79u41AAAj
2/27/2025, 2:48:08 PM [debug]  Message :  CLIENT CONNECTED with ID -  QhLtI_BS3aF1m1JfAAAl
2/27/2025, 2:48:09 PM [debug]  Message :  CLIENT CONNECTED with ID -  mh3Fm1NhXX0HsJH-AAAn
2/27/2025, 3:04:59 PM [warn]  Message :  CLIENT DISCONNECTED with ID -  QhLtI_BS3aF1m1JfAAAl
2/27/2025, 3:04:59 PM [warn]  Message :  CLIENT DISCONNECTED with ID -  mh3Fm1NhXX0HsJH-AAAn
2/27/2025, 3:05:00 PM [debug]  Message :  CLIENT CONNECTED with ID -  T6P-zQ_tyz2pgothAAAp
2/27/2025, 3:05:00 PM [debug]  Message :  CLIENT CONNECTED with ID -  zUD6IRNkw0My5VyRAAAr
2/27/2025, 3:21:23 PM [warn]  Message :  CLIENT DISCONNECTED with ID -  T6P-zQ_tyz2pgothAAAp
2/27/2025, 3:21:23 PM [warn]  Message :  CLIENT DISCONNECTED with ID -  zUD6IRNkw0My5VyRAAAr
2/27/2025, 3:21:24 PM [debug]  Message :  CLIENT CONNECTED with ID -  kWwB36y60q7hmY3BAAAt
2/27/2025, 3:21:25 PM [debug]  Message :  CLIENT CONNECTED with ID -  GvvaW-UNBhjAxQkTAAAv
2/27/2025, 3:27:36 PM [warn]  Message :  CLIENT DISCONNECTED with ID -  kWwB36y60q7hmY3BAAAt
2/27/2025, 3:27:36 PM [warn]  Message :  CLIENT DISCONNECTED with ID -  GvvaW-UNBhjAxQkTAAAv
2/27/2025, 3:27:38 PM [debug]  Message :  CLIENT CONNECTED with ID -  49GFet5djyR3DyoEAAAx
2/27/2025, 3:27:38 PM [debug]  Message :  CLIENT CONNECTED with ID -  K68FNtJG1RHvA0sUAAAz
2/27/2025, 3:43:21 PM [warn]  Message :  CLIENT DISCONNECTED with ID -  49GFet5djyR3DyoEAAAx
2/27/2025, 3:43:21 PM [warn]  Message :  CLIENT DISCONNECTED with ID -  K68FNtJG1RHvA0sUAAAz
2/27/2025, 3:43:23 PM [debug]  Message :  CLIENT CONNECTED with ID -  1-vbu1dri6zE9hkwAAA1
2/27/2025, 3:43:23 PM [debug]  Message :  CLIENT CONNECTED with ID -  8568wG-VGAHEWQVuAAA3
2/27/2025, 4:26:44 PM [warn]  Message :  CLIENT DISCONNECTED with ID -  1-vbu1dri6zE9hkwAAA1
2/27/2025, 4:26:44 PM [warn]  Message :  CLIENT DISCONNECTED with ID -  8568wG-VGAHEWQVuAAA3
2/27/2025, 4:26:46 PM [debug]  Message :  CLIENT CONNECTED with ID -  igD-RxMZ19xEfc43AAA5
2/27/2025, 4:26:46 PM [debug]  Message :  CLIENT CONNECTED with ID -  G_nCTNcxLS1o48ZrAAA7
2/27/2025, 4:42:34 PM [warn]  Message :  CLIENT DISCONNECTED with ID -  igD-RxMZ19xEfc43AAA5
2/27/2025, 4:42:34 PM [warn]  Message :  CLIENT DISCONNECTED with ID -  G_nCTNcxLS1o48ZrAAA7
2/27/2025, 4:42:36 PM [debug]  Message :  CLIENT CONNECTED with ID -  ocvOaAw72fZbBjBZAAA9
2/27/2025, 4:42:37 PM [debug]  Message :  CLIENT CONNECTED with ID -  XXXgBV4lESuw0LBOAAA_
2/27/2025, 5:02:33 PM [warn]  Message :  CLIENT DISCONNECTED with ID -  ocvOaAw72fZbBjBZAAA9
2/27/2025, 5:02:33 PM [warn]  Message :  CLIENT DISCONNECTED with ID -  XXXgBV4lESuw0LBOAAA_
2/27/2025, 5:02:35 PM [debug]  Message :  CLIENT CONNECTED with ID -  sZH5xDyhx8c8P3xmAABB
2/27/2025, 5:02:36 PM [debug]  Message :  CLIENT CONNECTED with ID -  C5dqK08ZttvNdAqcAABD
2/27/2025, 5:20:37 PM [warn]  Message :  CLIENT DISCONNECTED with ID -  sZH5xDyhx8c8P3xmAABB
2/27/2025, 5:20:37 PM [warn]  Message :  CLIENT DISCONNECTED with ID -  C5dqK08ZttvNdAqcAABD
2/27/2025, 5:20:38 PM [debug]  Message :  CLIENT CONNECTED with ID -  Fv6jbrwBwWU6xOzfAABF
2/27/2025, 5:20:38 PM [debug]  Message :  CLIENT CONNECTED with ID -  RERReAlhAjG9kYVpAABH
2/27/2025, 5:37:15 PM [warn]  Message :  CLIENT DISCONNECTED with ID -  Fv6jbrwBwWU6xOzfAABF
2/27/2025, 5:37:15 PM [warn]  Message :  CLIENT DISCONNECTED with ID -  RERReAlhAjG9kYVpAABH
2/27/2025, 5:37:16 PM [debug]  Message :  CLIENT CONNECTED with ID -  IGlsTfwlCdtmHeKuAABJ
2/27/2025, 5:37:17 PM [debug]  Message :  CLIENT CONNECTED with ID -  A4JcS_eTrB495mryAABL
2/27/2025, 7:00:07 PM [warn]  Message :  CLIENT DISCONNECTED with ID -  IGlsTfwlCdtmHeKuAABJ
2/27/2025, 7:00:07 PM [warn]  Message :  CLIENT DISCONNECTED with ID -  A4JcS_eTrB495mryAABL
2/27/2025, 7:00:09 PM [debug]  Message :  CLIENT CONNECTED with ID -  lOQpX9JzMBQcHoEjAABN
2/27/2025, 7:00:09 PM [debug]  Message :  CLIENT CONNECTED with ID -  M0N9xtzUj8gcYtC7AABP
2/27/2025, 7:02:15 PM [warn]  Message :  CLIENT DISCONNECTED with ID -  lOQpX9JzMBQcHoEjAABN
2/27/2025, 7:02:15 PM [warn]  Message :  CLIENT DISCONNECTED with ID -  M0N9xtzUj8gcYtC7AABP
2/27/2025, 7:02:16 PM [debug]  Message :  CLIENT CONNECTED with ID -  zCvuZ8jLtZBLWHgBAABR
2/27/2025, 7:02:17 PM [debug]  Message :  CLIENT CONNECTED with ID -  Tvy36CJ-sKf1vhSYAABT
2/28/2025, 1:31:21 AM [info]  Message :  -----------------------------------
2/28/2025, 1:40:34 AM [info]  Message :  -----------------------------------
2/28/2025, 1:54:00 AM [info]  Message :  -----------------------------------
2/28/2025, 1:54:11 AM [info]  Message :  -----------------------------------
