6/19/2023, 12:01:35 AM [info]  Message :  server started on port number 3000
6/19/2023, 12:01:36 AM [info]  Message :  Database Connected (production) : ac-hbi6taw-shard-00-02.lrqxoge.mongodb.net
6/19/2023, 12:01:37 AM [info]  Message :  Enabling daily reminder for 19-R-04C3 Manikanta at time - 22:52
6/19/2023, 12:01:38 AM [info]  Message :  Enabling daily backup for 19-R-04C3 Manikanta 
6/19/2023, 12:01:38 AM [info]  Message :  -----------------------------------
6/19/2023, 12:01:38 AM [info]  Message :  Enabling daily reminder for Mounika Pasupuleti at time - 21:00
6/19/2023, 12:01:38 AM [info]  Message :  Enabling daily backup for Mounika Pasupuleti 
6/19/2023, 12:01:38 AM [info]  Message :  -----------------------------------
6/19/2023, 12:01:38 AM [info]  Message :  Enabling daily backup for Sanjay Murali 
6/19/2023, 12:01:38 AM [info]  Message :  -----------------------------------
6/19/2023, 12:01:38 AM [info]  Message :  Enabling daily backup for undefined 
6/19/2023, 12:01:38 AM [info]  Message :  -----------------------------------
6/19/2023, 12:01:38 AM [info]  Message :  Enabling daily backup for undefined 
6/19/2023, 12:01:38 AM [info]  Message :  -----------------------------------
6/19/2023, 12:01:38 AM [info]  Message :  Enabling daily backup for undefined 
6/19/2023, 12:01:38 AM [info]  Message :  -----------------------------------
6/19/2023, 12:01:38 AM [info]  Message :  Enabling daily reminder for undefined at time - 13:35
6/19/2023, 12:01:38 AM [info]  Message :  Enabling daily backup for undefined 
6/19/2023, 12:01:38 AM [info]  Message :  -----------------------------------
6/19/2023, 12:01:38 AM [info]  Message :  Enabling daily reminder for Sakeena Banu at time - 05:10
6/19/2023, 12:01:38 AM [info]  Message :  Enabling daily backup for Sakeena Banu 
6/19/2023, 12:01:38 AM [info]  Message :  -----------------------------------
6/19/2023, 12:01:38 AM [info]  Message :  Enabling daily backup for Emily Allen 
6/19/2023, 12:01:38 AM [info]  Message :  -----------------------------------
6/19/2023, 12:01:38 AM [info]  Message :  Enabling daily reminder for Mr. Arjun Kumar at time - 23:00
6/19/2023, 12:01:38 AM [info]  Message :  Enabling daily backup for Mr. Arjun Kumar 
6/19/2023, 12:01:38 AM [info]  Message :  -----------------------------------
6/19/2023, 12:01:38 AM [info]  Message :  Enabling daily backup for Bhavana chinnam 
6/19/2023, 12:01:38 AM [info]  Message :  -----------------------------------
6/19/2023, 12:01:38 AM [info]  Message :  Enabling daily backup for Bhavana Chinnam 
6/19/2023, 12:01:38 AM [info]  Message :  -----------------------------------
6/19/2023, 12:01:38 AM [info]  Message :  Enabling daily backup for T Tirumalesh 
6/19/2023, 12:01:38 AM [info]  Message :  -----------------------------------
6/19/2023, 12:01:38 AM [info]  Message :  Enabling daily backup for DINESH DINO 
6/19/2023, 12:01:38 AM [info]  Message :  -----------------------------------
6/19/2023, 12:01:38 AM [info]  Message :  Enabling daily backup for undefined 
6/19/2023, 12:01:38 AM [info]  Message :  -----------------------------------
6/19/2023, 12:01:38 AM [info]  Message :  Enabling daily backup for Dushyant Waghmare 
6/19/2023, 12:01:38 AM [info]  Message :  -----------------------------------
6/19/2023, 12:01:38 AM [info]  Message :  Enabling daily backup for Parthiban S 
6/19/2023, 12:01:38 AM [info]  Message :  -----------------------------------
6/19/2023, 12:01:38 AM [info]  Message :  Enabling daily backup for Paresh Kalathiya 
6/19/2023, 12:01:38 AM [info]  Message :  -----------------------------------
6/19/2023, 12:01:38 AM [info]  Message :  Enabling daily backup for Govind Koppisetty 
6/19/2023, 12:01:38 AM [info]  Message :  -----------------------------------
6/19/2023, 12:01:38 AM [info]  Message :  Enabling daily backup for SANJAY BEHERA 
6/19/2023, 12:01:38 AM [info]  Message :  -----------------------------------
6/19/2023, 12:01:38 AM [info]  Message :  Enabling daily backup for Krrish Sharma 
6/19/2023, 12:01:38 AM [info]  Message :  -----------------------------------
6/19/2023, 12:01:38 AM [info]  Message :  Enabling daily backup for undefined 
6/19/2023, 12:01:38 AM [info]  Message :  -----------------------------------
6/19/2023, 12:01:38 AM [info]  Message :  Enabling daily backup for Krrish Sharma 
6/19/2023, 12:01:38 AM [info]  Message :  -----------------------------------
6/19/2023, 12:01:38 AM [info]  Message :  Enabling daily backup for undefined 
6/19/2023, 12:01:38 AM [info]  Message :  -----------------------------------
6/19/2023, 12:01:38 AM [info]  Message :  Enabling daily backup for dynamic work 
6/19/2023, 12:01:38 AM [info]  Message :  -----------------------------------
6/19/2023, 12:01:38 AM [info]  Message :  Enabling daily backup for Kavi Nilavan 
6/19/2023, 12:01:38 AM [info]  Message :  -----------------------------------
6/19/2023, 12:01:38 AM [info]  Message :  Enabling daily backup for Nitin Phanse 
6/19/2023, 12:01:38 AM [info]  Message :  -----------------------------------
6/19/2023, 12:01:38 AM [info]  Message :  Enabling daily backup for undefined 
6/19/2023, 12:01:38 AM [info]  Message :  -----------------------------------
6/19/2023, 12:01:38 AM [info]  Message :  Enabling daily backup for undefined 
6/19/2023, 12:01:38 AM [info]  Message :  -----------------------------------
6/19/2023, 12:01:38 AM [info]  Message :  Enabling daily backup for Dinesh Waradkar 
6/19/2023, 12:01:38 AM [info]  Message :  -----------------------------------
6/19/2023, 12:01:38 AM [info]  Message :  Enabling daily backup for Ashok B Chowdhury 
6/19/2023, 12:01:38 AM [info]  Message :  -----------------------------------
6/19/2023, 12:01:38 AM [info]  Message :  Enabling daily reminder for nitin tulsyan at time - 18:30
6/19/2023, 12:01:38 AM [info]  Message :  Enabling daily backup for nitin tulsyan 
6/19/2023, 12:01:38 AM [info]  Message :  -----------------------------------
6/19/2023, 12:01:38 AM [info]  Message :  Enabling daily backup for Joshua Mohan 
6/19/2023, 12:01:38 AM [info]  Message :  -----------------------------------
6/19/2023, 12:01:38 AM [info]  Message :  Enabling daily backup for Dilip Rajbhar 
6/19/2023, 12:01:38 AM [info]  Message :  -----------------------------------
6/19/2023, 12:01:38 AM [info]  Message :  Enabling daily backup for undefined 
6/19/2023, 12:01:38 AM [info]  Message :  -----------------------------------
6/19/2023, 12:01:38 AM [info]  Message :  Enabling daily backup for undefined 
6/19/2023, 12:01:38 AM [info]  Message :  -----------------------------------
6/19/2023, 12:01:38 AM [info]  Message :  Enabling daily backup for Adiya Tripathi 
6/19/2023, 12:01:38 AM [info]  Message :  -----------------------------------
6/19/2023, 12:01:38 AM [info]  Message :  Enabling daily backup for Eswaramoorthy .K 
6/19/2023, 12:01:38 AM [info]  Message :  -----------------------------------
6/19/2023, 12:01:38 AM [info]  Message :  Enabling daily backup for Sreekuttan Vn 
6/19/2023, 12:01:38 AM [info]  Message :  -----------------------------------
6/19/2023, 12:01:38 AM [info]  Message :  Enabling daily backup for undefined 
6/19/2023, 12:01:38 AM [info]  Message :  -----------------------------------
6/19/2023, 12:01:38 AM [info]  Message :  Enabling daily backup for undefined 
6/19/2023, 12:01:38 AM [info]  Message :  -----------------------------------
6/19/2023, 12:01:38 AM [info]  Message :  Enabling daily backup for Deep Jyoti Das 
6/19/2023, 12:01:38 AM [info]  Message :  -----------------------------------
6/19/2023, 6:48:14 AM [info]  Message :  server started on port number 3000
6/19/2023, 6:48:16 AM [info]  Message :  Database Connected (production) : ac-hbi6taw-shard-00-00.lrqxoge.mongodb.net
