6/25/2023, 9:48:28 PM [info]  Message :  server started on port number 3000 }
6/25/2023, 9:48:29 PM [info]  Message :  Database Connected (production) : ac-hbi6taw-shard-00-00.lrqxoge.mongodb.net
6/25/2023, 9:54:33 PM [info]  Message :  server started on port number 3000 }
6/25/2023, 9:54:33 PM [info]  Message :  Database Connected (production) : ac-hbi6taw-shard-00-00.lrqxoge.mongodb.net
6/25/2023, 9:56:44 PM [info]  Message :  server started on port number 3000 }
6/25/2023, 9:56:45 PM [info]  Message :  Database Connected (production) : ac-hbi6taw-shard-00-01.lrqxoge.mongodb.net
6/25/2023, 9:58:06 PM [info]  Message :  server started on port number 3000 }
6/25/2023, 9:58:07 PM [info]  Message :  Database Connected (production) : ac-hbi6taw-shard-00-00.lrqxoge.mongodb.net
6/25/2023, 10:01:35 PM [info]  Message :  server started on port number 3000 }
6/25/2023, 10:01:36 PM [info]  Message :  Database Connected (production) : ac-hbi6taw-shard-00-00.lrqxoge.mongodb.net
6/25/2023, 10:01:37 PM [info]  Message :  server started on port number 3000 }
6/25/2023, 10:01:38 PM [info]  Message :  Database Connected (production) : ac-hbi6taw-shard-00-01.lrqxoge.mongodb.net
6/25/2023, 10:03:35 PM [info]  Message :  server started on port number 3000 }
6/25/2023, 10:03:35 PM [info]  Message :  Database Connected (production) : ac-hbi6taw-shard-00-02.lrqxoge.mongodb.net
6/25/2023, 10:03:39 PM [info]  Message :  server started on port number 3000 }
6/25/2023, 10:03:40 PM [info]  Message :  Database Connected (production) : ac-hbi6taw-shard-00-00.lrqxoge.mongodb.net
6/25/2023, 10:03:47 PM [info]  Message :  server started on port number 3000 }
6/25/2023, 10:03:47 PM [info]  Message :  Database Connected (production) : ac-hbi6taw-shard-00-00.lrqxoge.mongodb.net
6/25/2023, 10:03:56 PM [info]  Message :  server started on port number 3000 }
6/25/2023, 10:03:57 PM [info]  Message :  Database Connected (production) : ac-hbi6taw-shard-00-00.lrqxoge.mongodb.net
6/25/2023, 10:06:03 PM [info]  Message :  server started on port number 3000 }
6/25/2023, 10:06:03 PM [info]  Message :  Database Connected (production) : ac-hbi6taw-shard-00-00.lrqxoge.mongodb.net
6/25/2023, 10:23:36 PM [info]  Message :  server started on port number 3000 }
6/25/2023, 10:23:37 PM [info]  Message :  Database Connected (production) : ac-hbi6taw-shard-00-02.lrqxoge.mongodb.net
6/25/2023, 10:24:01 PM [info]  Message :  server started on port number 3000 }
6/25/2023, 10:24:02 PM [info]  Message :  Database Connected (production) : ac-hbi6taw-shard-00-02.lrqxoge.mongodb.net
6/25/2023, 10:24:55 PM [info]  Message :  server started on port number 3000 }
6/25/2023, 10:24:56 PM [info]  Message :  Database Connected (production) : ac-hbi6taw-shard-00-01.lrqxoge.mongodb.net
6/25/2023, 10:26:22 PM [info]  Message :  server started on port number 3000 }
6/25/2023, 10:26:23 PM [info]  Message :  Database Connected (production) : ac-hbi6taw-shard-00-02.lrqxoge.mongodb.net
6/25/2023, 10:30:46 PM [info]  Message :  server started on port number 3000 }
6/25/2023, 10:30:47 PM [info]  Message :  Database Connected (production) : ac-hbi6taw-shard-00-02.lrqxoge.mongodb.net
6/25/2023, 10:31:38 PM [error]  Message :  undefined
6/25/2023, 10:32:24 PM [info]  Message :  server started on port number 3000 }
6/25/2023, 10:32:24 PM [info]  Message :  Database Connected (production) : ac-hbi6taw-shard-00-02.lrqxoge.mongodb.net
6/25/2023, 10:33:15 PM [info]  Message :  server started on port number 3000 }
6/25/2023, 10:33:17 PM [info]  Message :  Database Connected (production) : ac-hbi6taw-shard-00-02.lrqxoge.mongodb.net
6/25/2023, 10:34:11 PM [info]  Message :  server started on port number 3000 }
6/25/2023, 10:34:11 PM [info]  Message :  Database Connected (production) : ac-hbi6taw-shard-00-00.lrqxoge.mongodb.net
6/25/2023, 10:35:47 PM [info]  Message :  server started on port number 3000 }
6/25/2023, 10:35:49 PM [info]  Message :  Database Connected (production) : ac-hbi6taw-shard-00-02.lrqxoge.mongodb.net
6/25/2023, 10:36:17 PM [info]  Message :  server started on port number 3000 }
6/25/2023, 10:36:18 PM [info]  Message :  Database Connected (production) : ac-hbi6taw-shard-00-00.lrqxoge.mongodb.net
6/25/2023, 10:38:47 PM [info]  Message :  server started on port number 3000 }
6/25/2023, 10:38:48 PM [info]  Message :  Database Connected (production) : ac-hbi6taw-shard-00-01.lrqxoge.mongodb.net
6/25/2023, 10:38:53 PM [info]  Message :  server started on port number 3000 }
6/25/2023, 10:38:54 PM [info]  Message :  Database Connected (production) : ac-hbi6taw-shard-00-00.lrqxoge.mongodb.net
6/25/2023, 10:39:00 PM [info]  Message :  server started on port number 3000 }
6/25/2023, 10:39:01 PM [info]  Message :  Database Connected (production) : ac-hbi6taw-shard-00-00.lrqxoge.mongodb.net
6/25/2023, 10:40:21 PM [error]  Message :  ----- Reason -----
6/25/2023, 10:40:21 PM [error]  Message :  currentSheetId is not defined
6/25/2023, 10:40:40 PM [info]  Message :  server started on port number 3000 }
6/25/2023, 10:40:41 PM [info]  Message :  Database Connected (production) : ac-hbi6taw-shard-00-02.lrqxoge.mongodb.net
6/25/2023, 10:42:35 PM [info]  Message :  server started on port number 3000 }
6/25/2023, 10:42:36 PM [info]  Message :  Database Connected (production) : ac-hbi6taw-shard-00-02.lrqxoge.mongodb.net
6/25/2023, 10:43:08 PM [info]  Message :  server started on port number 3000 }
6/25/2023, 10:43:08 PM [info]  Message :  Database Connected (production) : ac-hbi6taw-shard-00-02.lrqxoge.mongodb.net
6/25/2023, 10:44:20 PM [error]  Message :  ----- Reason -----
6/25/2023, 10:44:20 PM [error]  Message :  sheetDetailId is not defined
6/25/2023, 10:44:53 PM [info]  Message :  server started on port number 3000 }
6/25/2023, 10:44:54 PM [info]  Message :  Database Connected (production) : ac-hbi6taw-shard-00-01.lrqxoge.mongodb.net
6/25/2023, 10:46:30 PM [info]  Message :  server started on port number 3000 }
6/25/2023, 10:46:31 PM [info]  Message :  Database Connected (production) : ac-hbi6taw-shard-00-00.lrqxoge.mongodb.net
6/25/2023, 10:48:17 PM [info]  Message :  server started on port number 3000 }
6/25/2023, 10:48:18 PM [info]  Message :  Database Connected (production) : ac-hbi6taw-shard-00-00.lrqxoge.mongodb.net
6/25/2023, 10:48:40 PM [info]  Message :  server started on port number 3000 }
6/25/2023, 10:48:41 PM [info]  Message :  Database Connected (production) : ac-hbi6taw-shard-00-01.lrqxoge.mongodb.net
6/25/2023, 10:48:46 PM [error]  Message :  {"errno":-2,"code":"ENOENT","syscall":"lstat","path":"/Users/sunilkumarpasupuleti/Desktop/projects/apps/expensesmanager/backend/public/users/uGsNJkkVl1hp3ws8en9bg5cGlxE3/lj96ur1pf3w0zyzuxpg/ljboxg8meqjlphsf32u/ljaue0z4i3sw73i3jfl.jpg"}
6/25/2023, 10:49:11 PM [info]  Message :  server started on port number 3000 }
6/25/2023, 10:49:12 PM [info]  Message :  Database Connected (production) : ac-hbi6taw-shard-00-01.lrqxoge.mongodb.net
6/25/2023, 10:50:42 PM [info]  Message :  server started on port number 3000 }
6/25/2023, 10:50:43 PM [info]  Message :  Database Connected (production) : ac-hbi6taw-shard-00-00.lrqxoge.mongodb.net
6/25/2023, 10:52:24 PM [info]  Message :  server started on port number 3000 }
6/25/2023, 10:52:25 PM [info]  Message :  Database Connected (production) : ac-hbi6taw-shard-00-02.lrqxoge.mongodb.net
6/25/2023, 10:54:19 PM [info]  Message :  server started on port number 3000 }
6/25/2023, 10:54:20 PM [info]  Message :  Database Connected (production) : ac-hbi6taw-shard-00-00.lrqxoge.mongodb.net
