2/21/2025, 7:17:54 AM [info]  Message :  server started on port number 3000 }
2/21/2025, 7:17:59 AM [info]  Message :  Database Connected (production) : ac-hbi6taw-shard-00-02.lrqxoge.mongodb.net
2/21/2025, 7:18:01 AM [debug]  Message :  CLIENT CONNECTED with ID -  km1dUavxGG1php2iAAAB
2/21/2025, 7:29:31 AM [info]  Message :  server started on port number 3000 }
2/21/2025, 7:29:32 AM [debug]  Message :  CLIENT CONNECTED with ID -  kyilT7MrWiyV5dOPAAAB
2/21/2025, 7:29:36 AM [info]  Message :  Database Connected (production) : ac-hbi6taw-shard-00-01.lrqxoge.mongodb.net
2/21/2025, 7:29:51 AM [error]  Message :  ----- Reason -----
2/21/2025, 7:29:51 AM [error]  Message :  startSyncingElasticsearch is not a function
2/21/2025, 7:30:40 AM [info]  Message :  server started on port number 3000 }
2/21/2025, 7:30:41 AM [debug]  Message :  CLIENT CONNECTED with ID -  j_cS_sHR1_Uh4m2-AAAB
2/21/2025, 7:30:44 AM [info]  Message :  Database Connected (production) : ac-hbi6taw-shard-00-00.lrqxoge.mongodb.net
2/21/2025, 7:32:14 AM [warn]  Message :  CLIENT DISCONNECTED with ID -  j_cS_sHR1_Uh4m2-AAAB
2/21/2025, 7:32:15 AM [debug]  Message :  CLIENT CONNECTED with ID -  TMq6GnVBBUQ5PqX8AAAD
2/21/2025, 7:34:05 AM [info]  Message :  sending daily update notifications to users  - 
2/21/2025, 7:34:07 AM [info]  Message :  undefined DAILY UPDATE
2/21/2025, 7:56:24 AM [info]  Message :  server started on port number 3000 }
2/21/2025, 7:56:25 AM [info]  Message :  Enabling daily backup for RAYAPUDI NAGA GANESH MANIKANTA - Asia/Kolkata
2/21/2025, 7:56:25 AM [info]  Message :  -----------------------------------
2/21/2025, 7:56:25 AM [info]  Message :  Enabling daily backup for Swetha Vijayakumar - Asia/Kolkata
2/21/2025, 7:56:25 AM [info]  Message :  -----------------------------------
2/21/2025, 7:56:25 AM [info]  Message :  Enabling daily reminder for +919413008003 at time - 20:00 - Asia/Calcutta
2/21/2025, 7:56:25 AM [info]  Message :  Enabling daily backup for +919413008003 - Asia/Calcutta
2/21/2025, 7:56:25 AM [info]  Message :  -----------------------------------
2/21/2025, 7:56:25 AM [info]  Message :  Enabling daily backup for Tree2Box - Asia/Kolkata
2/21/2025, 7:56:25 AM [info]  Message :  -----------------------------------
2/21/2025, 7:56:25 AM [info]  Message :  Enabling daily backup for Chun Guan Neo - Asia/Singapore
2/21/2025, 7:56:25 AM [info]  Message :  -----------------------------------
2/21/2025, 7:56:25 AM [info]  Message :  Enabling daily reminder for Sunil Kumar at time - 21:27 - America/Toronto
2/21/2025, 7:56:25 AM [info]  Message :  Enabling daily backup for Sunil Kumar - America/Toronto
2/21/2025, 7:56:25 AM [info]  Message :  -----------------------------------
2/21/2025, 7:56:25 AM [info]  Message :  Enabling daily reminder for +919999999999 at time - 15:51 - America/Toronto
2/21/2025, 7:56:25 AM [info]  Message :  Enabling daily reminder for +16474589275 at time - 20:29 - America/Toronto
2/21/2025, 7:56:25 AM [info]  Message :  Enabling daily backup for +16474589275 - America/Toronto
2/21/2025, 7:56:25 AM [info]  Message :  -----------------------------------
2/21/2025, 7:56:25 AM [info]  Message :  Enabling daily reminder for bhaskar.cheerup@gmail.com at time - 09:43 - Asia/Calcutta
2/21/2025, 7:56:25 AM [info]  Message :  Enabling daily backup for bhaskar.cheerup@gmail.com - Asia/Calcutta
2/21/2025, 7:56:25 AM [info]  Message :  -----------------------------------
2/21/2025, 7:56:25 AM [info]  Message :  Enabling daily backup for +918892249434 - Asia/Kolkata
2/21/2025, 7:56:25 AM [info]  Message :  -----------------------------------
2/21/2025, 7:56:25 AM [info]  Message :  Enabling daily backup for keithleuterio06@gmail.com - Europe/Malta
2/21/2025, 7:56:25 AM [info]  Message :  -----------------------------------
2/21/2025, 7:56:27 AM [debug]  Message :  CLIENT CONNECTED with ID -  nXeSpQEmrtnGUGD_AAAB
2/21/2025, 7:56:29 AM [info]  Message :  Database Connected (production) : ac-hbi6taw-shard-00-01.lrqxoge.mongodb.net
2/21/2025, 7:57:00 AM [info]  Message :  sending daily reminder notification to  - Sunil Kumar
2/21/2025, 7:57:00 AM [info]  Message :  {"id":"d31faaf7-c9b8-4374-abc8-f2b9eb25f735","external_id":null}
