1/10/2025, 7:48:42 AM [info]  Message :  server started on port number 3000 }
1/10/2025, 7:48:42 AM [debug]  Message :  CLIENT CONNECTED with ID -  vWgQ-qqzfQf_8A-jAAAB
1/10/2025, 7:48:46 AM [info]  Message :  Database Connected (production) : ac-hbi6taw-shard-00-00.lrqxoge.mongodb.net
1/10/2025, 7:50:38 AM [info]  Message :  server started on port number 3000 }
1/10/2025, 7:50:39 AM [debug]  Message :  CLIENT CONNECTED with ID -  S1Ev1K1MrDZZdcCvAAAB
1/10/2025, 7:50:42 AM [info]  Message :  Database Connected (production) : ac-hbi6taw-shard-00-01.lrqxoge.mongodb.net
1/10/2025, 7:58:56 AM [info]  Message :  server started on port number 3000 }
1/10/2025, 7:58:56 AM [debug]  Message :  CLIENT CONNECTED with ID -  KWZjZaWidho-JrtkAAAB
1/10/2025, 7:59:01 AM [info]  Message :  Database Connected (production) : ac-hbi6taw-shard-00-00.lrqxoge.mongodb.net
1/10/2025, 7:59:02 AM [info]  Message :  server started on port number 3000 }
1/10/2025, 7:59:02 AM [debug]  Message :  CLIENT CONNECTED with ID -  dK-iU8KU344XYqKFAAAB
1/10/2025, 7:59:06 AM [info]  Message :  Database Connected (production) : ac-hbi6taw-shard-00-02.lrqxoge.mongodb.net
1/10/2025, 8:19:52 AM [info]  Message :  server started on port number 3000 }
1/10/2025, 8:19:53 AM [debug]  Message :  CLIENT CONNECTED with ID -  xFpRwgeTYVWv0cWBAAAB
1/10/2025, 8:19:55 AM [info]  Message :  server started on port number 3000 }
1/10/2025, 8:19:56 AM [debug]  Message :  CLIENT CONNECTED with ID -  UpaIt2T1lpyEiI4HAAAB
1/10/2025, 8:19:59 AM [info]  Message :  Database Connected (production) : ac-hbi6taw-shard-00-02.lrqxoge.mongodb.net
1/10/2025, 8:20:02 AM [info]  Message :  server started on port number 3000 }
1/10/2025, 8:20:02 AM [debug]  Message :  CLIENT CONNECTED with ID -  VzXK7RqwSCYkA3pHAAAB
1/10/2025, 8:20:07 AM [info]  Message :  Database Connected (production) : ac-hbi6taw-shard-00-01.lrqxoge.mongodb.net
1/10/2025, 8:23:34 AM [info]  Message :  server started on port number 3000 }
1/10/2025, 8:23:35 AM [debug]  Message :  CLIENT CONNECTED with ID -  7MGt6LU-VxDOA7yfAAAB
1/10/2025, 8:23:39 AM [info]  Message :  Database Connected (production) : ac-hbi6taw-shard-00-02.lrqxoge.mongodb.net
1/10/2025, 8:23:52 AM [info]  Message :  server started on port number 3000 }
1/10/2025, 8:23:53 AM [debug]  Message :  CLIENT CONNECTED with ID -  _ZnZPi3rqeIKcu7eAAAB
1/10/2025, 8:23:57 AM [info]  Message :  Database Connected (production) : ac-hbi6taw-shard-00-00.lrqxoge.mongodb.net
1/10/2025, 8:24:39 AM [info]  Message :  server started on port number 3000 }
1/10/2025, 8:24:40 AM [debug]  Message :  CLIENT CONNECTED with ID -  7C7MUnFwIFNfGPF_AAAB
1/10/2025, 8:24:45 AM [info]  Message :  Database Connected (production) : ac-hbi6taw-shard-00-02.lrqxoge.mongodb.net
1/10/2025, 8:25:51 AM [info]  Message :  server started on port number 3000 }
1/10/2025, 8:25:52 AM [debug]  Message :  CLIENT CONNECTED with ID -  mDJMTMI7f7S0cqnJAAAB
1/10/2025, 8:25:56 AM [info]  Message :  Database Connected (production) : ac-hbi6taw-shard-00-00.lrqxoge.mongodb.net
1/10/2025, 8:27:15 AM [info]  Message :  server started on port number 3000 }
1/10/2025, 8:27:16 AM [debug]  Message :  CLIENT CONNECTED with ID -  vO2NrxUSAGsN2V3oAAAB
1/10/2025, 8:27:20 AM [info]  Message :  Database Connected (production) : ac-hbi6taw-shard-00-01.lrqxoge.mongodb.net
1/10/2025, 8:27:36 AM [error]  Message :  unauthorized, there is no access token but refesh token
1/10/2025, 8:27:39 AM [warn]  Message :  CLIENT DISCONNECTED with ID -  vO2NrxUSAGsN2V3oAAAB
1/10/2025, 8:27:40 AM [debug]  Message :  CLIENT CONNECTED with ID -  db2cqzK7hV9hy9ufAAAD
1/10/2025, 8:32:36 AM [info]  Message :  server started on port number 3000 }
1/10/2025, 8:32:36 AM [debug]  Message :  CLIENT CONNECTED with ID -  V-YnP4JL0A1-EBr6AAAB
1/10/2025, 8:32:41 AM [info]  Message :  Database Connected (production) : ac-hbi6taw-shard-00-01.lrqxoge.mongodb.net
1/10/2025, 8:33:15 AM [info]  Message :  server started on port number 3000 }
1/10/2025, 8:33:16 AM [debug]  Message :  CLIENT CONNECTED with ID -  mGavHkgd3-8RQd7qAAAB
1/10/2025, 8:33:20 AM [info]  Message :  Database Connected (production) : ac-hbi6taw-shard-00-01.lrqxoge.mongodb.net
1/10/2025, 8:35:11 AM [info]  Message :  server started on port number 3000 }
1/10/2025, 8:35:12 AM [debug]  Message :  CLIENT CONNECTED with ID -  OmbcB32yFlZA05E7AAAB
1/10/2025, 8:35:16 AM [info]  Message :  Database Connected (production) : ac-hbi6taw-shard-00-02.lrqxoge.mongodb.net
1/10/2025, 8:39:27 AM [info]  Message :  server started on port number 3000 }
1/10/2025, 8:39:30 AM [info]  Message :  Database Connected (production) : ac-hbi6taw-shard-00-02.lrqxoge.mongodb.net
1/10/2025, 8:39:37 AM [debug]  Message :  CLIENT CONNECTED with ID -  UN6k6btqChXP6RG3AAAB
1/10/2025, 8:44:46 AM [warn]  Message :  CLIENT DISCONNECTED with ID -  UN6k6btqChXP6RG3AAAB
1/10/2025, 8:44:46 AM [debug]  Message :  CLIENT CONNECTED with ID -  HkvpiTR770gb_IspAAAD
1/10/2025, 8:50:09 AM [info]  Message :  server started on port number 3000 }
1/10/2025, 8:50:09 AM [debug]  Message :  CLIENT CONNECTED with ID -  gMh-YouXxETFPj5vAAAB
1/10/2025, 8:50:12 AM [info]  Message :  Database Connected (production) : ac-hbi6taw-shard-00-01.lrqxoge.mongodb.net
1/10/2025, 8:50:22 AM [info]  Message :  server started on port number 3000 }
1/10/2025, 8:50:23 AM [debug]  Message :  CLIENT CONNECTED with ID -  Hk_sHEGZ5Rskr9VmAAAB
1/10/2025, 8:50:26 AM [info]  Message :  Database Connected (production) : ac-hbi6taw-shard-00-00.lrqxoge.mongodb.net
1/10/2025, 8:58:13 AM [warn]  Message :  CLIENT DISCONNECTED with ID -  Hk_sHEGZ5Rskr9VmAAAB
1/10/2025, 8:58:13 AM [debug]  Message :  CLIENT CONNECTED with ID -  tqseJHCPPaZwETnrAAAD
1/10/2025, 9:15:45 AM [warn]  Message :  CLIENT DISCONNECTED with ID -  tqseJHCPPaZwETnrAAAD
1/10/2025, 9:15:46 AM [debug]  Message :  CLIENT CONNECTED with ID -  QcYx-xtKxBmpvgKlAAAF
1/10/2025, 9:17:09 AM [info]  Message :  server started on port number 3000 }
1/10/2025, 9:17:10 AM [debug]  Message :  CLIENT CONNECTED with ID -  2vhnL-UHfh7dDgjQAAAB
1/10/2025, 9:17:12 AM [error]  Message :  Invalid Status Provided
1/10/2025, 9:17:14 AM [info]  Message :  Database Connected (production) : ac-hbi6taw-shard-00-00.lrqxoge.mongodb.net
1/10/2025, 9:17:17 AM [error]  Message :  Invalid Status Provided
1/10/2025, 9:17:54 AM [error]  Message :  Invalid Status Provided
1/10/2025, 9:18:27 AM [error]  Message :  Invalid Status Provided
1/10/2025, 9:18:28 AM [warn]  Message :  CLIENT DISCONNECTED with ID -  2vhnL-UHfh7dDgjQAAAB
1/10/2025, 9:18:29 AM [error]  Message :  Invalid Status Provided
1/10/2025, 9:18:29 AM [debug]  Message :  CLIENT CONNECTED with ID -  B8j_yGRLdmC7MBegAAAD
1/10/2025, 9:19:28 AM [error]  Message :  Invalid Status Provided
1/10/2025, 9:19:29 AM [warn]  Message :  CLIENT DISCONNECTED with ID -  B8j_yGRLdmC7MBegAAAD
1/10/2025, 9:19:29 AM [error]  Message :  Invalid Status Provided
1/10/2025, 9:19:29 AM [debug]  Message :  CLIENT CONNECTED with ID -  rO1Ct36CcydYJZ31AAAF
1/10/2025, 9:19:35 AM [error]  Message :  Invalid Status Provided
1/10/2025, 9:19:36 AM [warn]  Message :  CLIENT DISCONNECTED with ID -  rO1Ct36CcydYJZ31AAAF
1/10/2025, 9:19:36 AM [error]  Message :  Invalid Status Provided
1/10/2025, 9:19:36 AM [debug]  Message :  CLIENT CONNECTED with ID -  bkOBtrb6cJ6iLQp5AAAH
1/10/2025, 9:19:37 AM [warn]  Message :  CLIENT DISCONNECTED with ID -  bkOBtrb6cJ6iLQp5AAAH
1/10/2025, 9:19:38 AM [error]  Message :  Invalid Status Provided
1/10/2025, 9:19:38 AM [debug]  Message :  CLIENT CONNECTED with ID -  UTg9QCgFyVq7Rrq6AAAJ
1/10/2025, 9:19:39 AM [warn]  Message :  CLIENT DISCONNECTED with ID -  UTg9QCgFyVq7Rrq6AAAJ
1/10/2025, 9:19:39 AM [error]  Message :  Invalid Status Provided
1/10/2025, 9:19:39 AM [debug]  Message :  CLIENT CONNECTED with ID -  HKvu6k2eLVLdxmQsAAAL
1/10/2025, 9:19:54 AM [warn]  Message :  CLIENT DISCONNECTED with ID -  HKvu6k2eLVLdxmQsAAAL
1/10/2025, 9:19:55 AM [error]  Message :  Invalid Status Provided
1/10/2025, 9:19:55 AM [debug]  Message :  CLIENT CONNECTED with ID -  8kqk7XBT3_0L9ucXAAAN
1/10/2025, 9:19:56 AM [warn]  Message :  CLIENT DISCONNECTED with ID -  8kqk7XBT3_0L9ucXAAAN
1/10/2025, 9:19:57 AM [error]  Message :  Invalid Status Provided
1/10/2025, 9:19:57 AM [debug]  Message :  CLIENT CONNECTED with ID -  Wb3vTu4F5Oj05pp6AAAP
1/10/2025, 9:20:07 AM [error]  Message :  Invalid Status Provided
1/10/2025, 9:20:38 AM [debug]  Message :  CLIENT CONNECTED with ID -  BGtk4CcFOz8W9n9qAAAR
1/10/2025, 9:20:38 AM [warn]  Message :  CLIENT DISCONNECTED with ID -  Wb3vTu4F5Oj05pp6AAAP
1/10/2025, 9:20:39 AM [error]  Message :  Invalid Status Provided
1/10/2025, 9:20:39 AM [debug]  Message :  CLIENT CONNECTED with ID -  RG3MqyNddxDuj2IPAAAT
1/10/2025, 9:20:40 AM [warn]  Message :  CLIENT DISCONNECTED with ID -  RG3MqyNddxDuj2IPAAAT
1/10/2025, 9:20:40 AM [error]  Message :  Invalid Status Provided
1/10/2025, 9:20:40 AM [debug]  Message :  CLIENT CONNECTED with ID -  OFUme6Y2XX9TATiCAAAV
1/10/2025, 9:20:41 AM [warn]  Message :  CLIENT DISCONNECTED with ID -  OFUme6Y2XX9TATiCAAAV
1/10/2025, 9:20:42 AM [error]  Message :  Invalid Status Provided
1/10/2025, 9:20:42 AM [debug]  Message :  CLIENT CONNECTED with ID -  L09Mxr09QQvgX5UbAAAX
1/10/2025, 9:20:48 AM [warn]  Message :  CLIENT DISCONNECTED with ID -  L09Mxr09QQvgX5UbAAAX
1/10/2025, 9:20:48 AM [error]  Message :  Invalid Status Provided
1/10/2025, 9:20:48 AM [debug]  Message :  CLIENT CONNECTED with ID -  jqaIMA1f8nQOUUw_AAAZ
1/10/2025, 9:21:07 AM [info]  Message :  server started on port number 3000 }
1/10/2025, 9:21:07 AM [debug]  Message :  CLIENT CONNECTED with ID -  LZ1xhoxr1hQXxLMWAAAB
1/10/2025, 9:21:08 AM [debug]  Message :  CLIENT CONNECTED with ID -  X2Rmr9o7O_soaEwIAAAD
1/10/2025, 9:21:08 AM [warn]  Message :  CLIENT DISCONNECTED with ID -  X2Rmr9o7O_soaEwIAAAD
1/10/2025, 9:21:10 AM [error]  Message :  Invalid Status Provided
1/10/2025, 9:21:10 AM [debug]  Message :  CLIENT CONNECTED with ID -  20-kS90P9rQRZ7NoAAAF
1/10/2025, 9:21:12 AM [info]  Message :  Database Connected (production) : ac-hbi6taw-shard-00-00.lrqxoge.mongodb.net
1/10/2025, 9:22:38 AM [info]  Message :  server started on port number 3000 }
1/10/2025, 9:22:39 AM [debug]  Message :  CLIENT CONNECTED with ID -  Wj923NC8D1Z1syvnAAAB
1/10/2025, 9:22:39 AM [debug]  Message :  CLIENT CONNECTED with ID -  L0EGwH6i1hwl667XAAAD
1/10/2025, 9:22:41 AM [warn]  Message :  CLIENT DISCONNECTED with ID -  L0EGwH6i1hwl667XAAAD
1/10/2025, 9:22:42 AM [info]  Message :  Database Connected (production) : ac-hbi6taw-shard-00-02.lrqxoge.mongodb.net
1/10/2025, 9:22:43 AM [error]  Message :  Invalid Status Provided
1/10/2025, 9:22:43 AM [debug]  Message :  CLIENT CONNECTED with ID -  vst99OfgkOUtTw2yAAAF
1/10/2025, 9:22:44 AM [warn]  Message :  CLIENT DISCONNECTED with ID -  vst99OfgkOUtTw2yAAAF
1/10/2025, 9:22:45 AM [error]  Message :  Invalid Status Provided
1/10/2025, 9:22:45 AM [debug]  Message :  CLIENT CONNECTED with ID -  p1GfDfZ9EEdI1ENfAAAH
1/10/2025, 9:22:45 AM [warn]  Message :  CLIENT DISCONNECTED with ID -  p1GfDfZ9EEdI1ENfAAAH
1/10/2025, 9:22:46 AM [error]  Message :  Invalid Status Provided
1/10/2025, 9:22:46 AM [debug]  Message :  CLIENT CONNECTED with ID -  ducCStBM4IKXv3FpAAAJ
1/10/2025, 9:22:47 AM [warn]  Message :  CLIENT DISCONNECTED with ID -  ducCStBM4IKXv3FpAAAJ
1/10/2025, 9:22:47 AM [error]  Message :  Invalid Status Provided
1/10/2025, 9:22:47 AM [debug]  Message :  CLIENT CONNECTED with ID -  dMpXFf_Ajp0XCzO5AAAL
1/10/2025, 9:22:48 AM [warn]  Message :  CLIENT DISCONNECTED with ID -  dMpXFf_Ajp0XCzO5AAAL
1/10/2025, 9:22:48 AM [error]  Message :  Invalid Status Provided
1/10/2025, 9:22:48 AM [debug]  Message :  CLIENT CONNECTED with ID -  8o17kiFdCnfE7MDOAAAN
1/10/2025, 9:23:08 AM [info]  Message :  server started on port number 3000 }
1/10/2025, 9:23:09 AM [debug]  Message :  CLIENT CONNECTED with ID -  jb16sWwc8YFQ2GwkAAAB
1/10/2025, 9:23:10 AM [debug]  Message :  CLIENT CONNECTED with ID -  cd8lnOo9O7C9clc8AAAD
1/10/2025, 9:23:11 AM [warn]  Message :  CLIENT DISCONNECTED with ID -  jb16sWwc8YFQ2GwkAAAB
1/10/2025, 9:23:12 AM [info]  Message :  Database Connected (production) : ac-hbi6taw-shard-00-02.lrqxoge.mongodb.net
1/10/2025, 9:23:14 AM [error]  Message :  Invalid Status Provided
1/10/2025, 9:23:14 AM [debug]  Message :  CLIENT CONNECTED with ID -  By5dSR0f2cbX1lymAAAF
1/10/2025, 9:23:40 AM [info]  Message :  server started on port number 3000 }
1/10/2025, 9:23:41 AM [debug]  Message :  CLIENT CONNECTED with ID -  MOEbr4WoXD_ApEKHAAAB
1/10/2025, 9:23:42 AM [debug]  Message :  CLIENT CONNECTED with ID -  RrCsJNXiD6tMPL5NAAAD
1/10/2025, 9:23:42 AM [warn]  Message :  CLIENT DISCONNECTED with ID -  MOEbr4WoXD_ApEKHAAAB
1/10/2025, 9:23:44 AM [info]  Message :  Database Connected (production) : ac-hbi6taw-shard-00-01.lrqxoge.mongodb.net
1/10/2025, 9:23:45 AM [error]  Message :  Invalid Status Provided
1/10/2025, 9:23:45 AM [debug]  Message :  CLIENT CONNECTED with ID -  HOIqAy-fWuNcmGw-AAAF
1/10/2025, 9:24:32 AM [warn]  Message :  CLIENT DISCONNECTED with ID -  HOIqAy-fWuNcmGw-AAAF
1/10/2025, 9:24:33 AM [error]  Message :  Invalid Status Provided
1/10/2025, 9:24:33 AM [debug]  Message :  CLIENT CONNECTED with ID -  pGjVcftdg_0-KnN2AAAH
1/10/2025, 9:25:01 AM [info]  Message :  server started on port number 3000 }
1/10/2025, 9:25:01 AM [debug]  Message :  CLIENT CONNECTED with ID -  UXpvVJxS4g6NeWiAAAAB
1/10/2025, 9:25:02 AM [debug]  Message :  CLIENT CONNECTED with ID -  714M92VfvUM96OkoAAAD
1/10/2025, 9:25:04 AM [info]  Message :  Database Connected (production) : ac-hbi6taw-shard-00-00.lrqxoge.mongodb.net
1/10/2025, 9:25:21 AM [info]  Message :  server started on port number 3000 }
1/10/2025, 9:25:21 AM [debug]  Message :  CLIENT CONNECTED with ID -  9HH0_Ia5p2ayFFqgAAAB
1/10/2025, 9:25:21 AM [debug]  Message :  CLIENT CONNECTED with ID -  XFOuCOyyYrJ2oQJlAAAD
1/10/2025, 9:25:23 AM [warn]  Message :  CLIENT DISCONNECTED with ID -  9HH0_Ia5p2ayFFqgAAAB
1/10/2025, 9:25:24 AM [debug]  Message :  CLIENT CONNECTED with ID -  TssqZhgoDoWYjhfhAAAF
1/10/2025, 9:25:26 AM [info]  Message :  Database Connected (production) : ac-hbi6taw-shard-00-00.lrqxoge.mongodb.net
1/10/2025, 9:25:36 AM [info]  Message :  server started on port number 3000 }
1/10/2025, 9:25:37 AM [debug]  Message :  CLIENT CONNECTED with ID -  7I0fYQF-RA1qPUBFAAAB
1/10/2025, 9:25:37 AM [debug]  Message :  CLIENT CONNECTED with ID -  qprZSMzylvCMtkP0AAAD
1/10/2025, 9:25:41 AM [info]  Message :  Database Connected (production) : ac-hbi6taw-shard-00-01.lrqxoge.mongodb.net
1/10/2025, 9:25:51 AM [warn]  Message :  CLIENT DISCONNECTED with ID -  7I0fYQF-RA1qPUBFAAAB
1/10/2025, 9:25:52 AM [debug]  Message :  CLIENT CONNECTED with ID -  i2NsAnhoh-xmM31JAAAF
1/10/2025, 9:26:13 AM [info]  Message :  server started on port number 3000 }
1/10/2025, 9:26:13 AM [debug]  Message :  CLIENT CONNECTED with ID -  XhYe0bY5wzDOdeD4AAAB
1/10/2025, 9:26:14 AM [debug]  Message :  CLIENT CONNECTED with ID -  Xw6eUisG7lPciDLoAAAD
1/10/2025, 9:26:16 AM [warn]  Message :  CLIENT DISCONNECTED with ID -  Xw6eUisG7lPciDLoAAAD
1/10/2025, 9:26:17 AM [info]  Message :  Database Connected (production) : ac-hbi6taw-shard-00-02.lrqxoge.mongodb.net
1/10/2025, 9:26:19 AM [debug]  Message :  CLIENT CONNECTED with ID -  eZkx0zRgGM40hye-AAAF
1/10/2025, 9:26:59 AM [info]  Message :  server started on port number 3000 }
1/10/2025, 9:26:59 AM [debug]  Message :  CLIENT CONNECTED with ID -  eEfS5CmQVQTkIImeAAAB
1/10/2025, 9:27:00 AM [warn]  Message :  CLIENT DISCONNECTED with ID -  eEfS5CmQVQTkIImeAAAB
1/10/2025, 9:27:00 AM [debug]  Message :  CLIENT CONNECTED with ID -  SyaHjf0qLbhdf3VvAAAD
1/10/2025, 9:27:02 AM [debug]  Message :  CLIENT CONNECTED with ID -  MoO7_wlLvRD2Xw4BAAAF
1/10/2025, 9:27:04 AM [info]  Message :  Database Connected (production) : ac-hbi6taw-shard-00-00.lrqxoge.mongodb.net
1/10/2025, 9:42:32 AM [info]  Message :  server started on port number 3000 }
1/10/2025, 9:42:33 AM [debug]  Message :  CLIENT CONNECTED with ID -  y8neOBNyDTfJljFwAAAB
1/10/2025, 9:42:33 AM [debug]  Message :  CLIENT CONNECTED with ID -  MElMY1sXNgFG5iSZAAAD
1/10/2025, 9:42:36 AM [info]  Message :  Database Connected (production) : ac-hbi6taw-shard-00-01.lrqxoge.mongodb.net
1/10/2025, 9:42:37 AM [warn]  Message :  CLIENT DISCONNECTED with ID -  MElMY1sXNgFG5iSZAAAD
1/10/2025, 9:42:37 AM [error]  Message :  unauthorized, there is no access token but refesh token
1/10/2025, 9:42:40 AM [error]  Message :  Error: Query.isEqual failed: First argument must be an instance of firebase.database.Query.
1/10/2025, 9:42:40 AM [debug]  Message :  CLIENT CONNECTED with ID -  3Ys0w8umLdnXR-4eAAAF
1/10/2025, 9:42:49 AM [info]  Message :  server started on port number 3000 }
1/10/2025, 9:42:49 AM [debug]  Message :  CLIENT CONNECTED with ID -  1-FTtvuwCKiyC_pnAAAB
1/10/2025, 9:42:49 AM [debug]  Message :  CLIENT CONNECTED with ID -  Jvo1Ita5NCmHinKsAAAD
1/10/2025, 9:42:54 AM [info]  Message :  Database Connected (production) : ac-hbi6taw-shard-00-01.lrqxoge.mongodb.net
1/10/2025, 9:45:45 AM [info]  Message :  server started on port number 3000 }
1/10/2025, 9:45:45 AM [debug]  Message :  CLIENT CONNECTED with ID -  W-FciAigjwPuJ72VAAAB
1/10/2025, 9:45:45 AM [debug]  Message :  CLIENT CONNECTED with ID -  I64MzY1QpYMwVrLZAAAD
1/10/2025, 9:45:48 AM [warn]  Message :  CLIENT DISCONNECTED with ID -  W-FciAigjwPuJ72VAAAB
1/10/2025, 9:45:49 AM [info]  Message :  Database Connected (production) : ac-hbi6taw-shard-00-02.lrqxoge.mongodb.net
1/10/2025, 9:45:50 AM [debug]  Message :  CLIENT CONNECTED with ID -  YIEQS3PCSQK_33R7AAAF
1/10/2025, 9:47:03 AM [info]  Message :  server started on port number 3000 }
1/10/2025, 9:47:04 AM [debug]  Message :  CLIENT CONNECTED with ID -  vXQLKBr2V3mdTSEqAAAB
1/10/2025, 9:47:04 AM [debug]  Message :  CLIENT CONNECTED with ID -  eqRsQZjI7hzzTN5WAAAD
1/10/2025, 9:47:05 AM [warn]  Message :  CLIENT DISCONNECTED with ID -  vXQLKBr2V3mdTSEqAAAB
1/10/2025, 9:47:07 AM [error]  Message :  Error: Query.orderByValue failed: Was called with 1 argument. Expects none.
1/10/2025, 9:47:07 AM [debug]  Message :  CLIENT CONNECTED with ID -  ZSwKLO7RAlai81J3AAAF
1/10/2025, 9:47:08 AM [info]  Message :  Database Connected (production) : ac-hbi6taw-shard-00-02.lrqxoge.mongodb.net
1/10/2025, 9:47:18 AM [info]  Message :  server started on port number 3000 }
1/10/2025, 9:47:18 AM [debug]  Message :  CLIENT CONNECTED with ID -  Q5oVbQFPGQfe4wbZAAAB
1/10/2025, 9:47:18 AM [debug]  Message :  CLIENT CONNECTED with ID -  HxdwqBFFU9C0WlJbAAAD
1/10/2025, 9:47:21 AM [info]  Message :  Database Connected (production) : ac-hbi6taw-shard-00-00.lrqxoge.mongodb.net
1/10/2025, 9:49:08 AM [info]  Message :  server started on port number 3000 }
1/10/2025, 9:49:09 AM [debug]  Message :  CLIENT CONNECTED with ID -  liJYUcRKNhEPHGr-AAAB
1/10/2025, 9:49:09 AM [debug]  Message :  CLIENT CONNECTED with ID -  wF3B-JiaJFqmh8r9AAAD
1/10/2025, 9:49:10 AM [warn]  Message :  CLIENT DISCONNECTED with ID -  liJYUcRKNhEPHGr-AAAB
1/10/2025, 9:49:11 AM [debug]  Message :  CLIENT CONNECTED with ID -  -CmrHMpdPfx5_np0AAAF
1/10/2025, 9:49:13 AM [info]  Message :  Database Connected (production) : ac-hbi6taw-shard-00-01.lrqxoge.mongodb.net
1/10/2025, 9:50:43 AM [warn]  Message :  CLIENT DISCONNECTED with ID -  -CmrHMpdPfx5_np0AAAF
1/10/2025, 9:50:43 AM [debug]  Message :  CLIENT CONNECTED with ID -  Umtll1d--RI_n1S-AAAH
1/10/2025, 9:50:59 AM [warn]  Message :  CLIENT DISCONNECTED with ID -  Umtll1d--RI_n1S-AAAH
1/10/2025, 9:50:59 AM [debug]  Message :  CLIENT CONNECTED with ID -  QA5vUIwof6tzN0KrAAAJ
1/10/2025, 9:51:12 AM [info]  Message :  server started on port number 3000 }
1/10/2025, 9:51:13 AM [debug]  Message :  CLIENT CONNECTED with ID -  BDcyzNu0oswbLty_AAAB
1/10/2025, 9:51:13 AM [debug]  Message :  CLIENT CONNECTED with ID -  m2kgN-H4YOxn9n7BAAAD
1/10/2025, 9:51:16 AM [info]  Message :  Database Connected (production) : ac-hbi6taw-shard-00-02.lrqxoge.mongodb.net
1/10/2025, 9:51:20 AM [info]  Message :  server started on port number 3000 }
1/10/2025, 9:51:20 AM [debug]  Message :  CLIENT CONNECTED with ID -  e7BJD3tAbBlJnz6NAAAB
1/10/2025, 9:51:20 AM [debug]  Message :  CLIENT CONNECTED with ID -  zqL7Eq08CCJBStSnAAAD
1/10/2025, 9:51:25 AM [info]  Message :  Database Connected (production) : ac-hbi6taw-shard-00-01.lrqxoge.mongodb.net
1/10/2025, 9:51:28 AM [warn]  Message :  CLIENT DISCONNECTED with ID -  zqL7Eq08CCJBStSnAAAD
1/10/2025, 9:51:28 AM [debug]  Message :  CLIENT CONNECTED with ID -  GBF4imYKM727eTpQAAAF
1/10/2025, 9:51:43 AM [info]  Message :  server started on port number 3000 }
1/10/2025, 9:51:43 AM [debug]  Message :  CLIENT CONNECTED with ID -  4Fn77qxtYld2BKIEAAAB
1/10/2025, 9:51:43 AM [debug]  Message :  CLIENT CONNECTED with ID -  CTyXU2iNiV4ro_RRAAAD
1/10/2025, 9:51:46 AM [info]  Message :  Database Connected (production) : ac-hbi6taw-shard-00-01.lrqxoge.mongodb.net
1/10/2025, 9:53:38 AM [info]  Message :  server started on port number 3000 }
1/10/2025, 9:53:39 AM [debug]  Message :  CLIENT CONNECTED with ID -  VOyg2KoSPfhuIj1rAAAB
1/10/2025, 9:53:40 AM [debug]  Message :  CLIENT CONNECTED with ID -  KmfVEwgdFRoCytRbAAAD
1/10/2025, 9:53:43 AM [info]  Message :  Database Connected (production) : ac-hbi6taw-shard-00-01.lrqxoge.mongodb.net
1/10/2025, 9:53:50 AM [warn]  Message :  CLIENT DISCONNECTED with ID -  KmfVEwgdFRoCytRbAAAD
1/10/2025, 9:53:51 AM [debug]  Message :  CLIENT CONNECTED with ID -  gdXBxB0kHHU4rnTbAAAF
1/10/2025, 9:56:38 AM [info]  Message :  server started on port number 3000 }
1/10/2025, 9:56:38 AM [debug]  Message :  CLIENT CONNECTED with ID -  ii229ButGWMRP8XkAAAB
1/10/2025, 9:56:39 AM [debug]  Message :  CLIENT CONNECTED with ID -  u_qGcLl3Jkn7VP7PAAAD
1/10/2025, 9:56:41 AM [warn]  Message :  CLIENT DISCONNECTED with ID -  u_qGcLl3Jkn7VP7PAAAD
1/10/2025, 9:56:42 AM [info]  Message :  Database Connected (production) : ac-hbi6taw-shard-00-01.lrqxoge.mongodb.net
1/10/2025, 9:56:43 AM [error]  Message :  Error: Reference.child failed: Was called with 0 arguments. Expects at least 1.
1/10/2025, 9:56:43 AM [debug]  Message :  CLIENT CONNECTED with ID -  -8L6PoCGI0kDat3UAAAF
1/10/2025, 9:57:19 AM [info]  Message :  server started on port number 3000 }
1/10/2025, 9:57:20 AM [debug]  Message :  CLIENT CONNECTED with ID -  l83Bz7Tdy_EKYymuAAAB
1/10/2025, 9:57:20 AM [debug]  Message :  CLIENT CONNECTED with ID -  gCNVSxASmFlqJCvuAAAD
1/10/2025, 9:57:22 AM [warn]  Message :  CLIENT DISCONNECTED with ID -  l83Bz7Tdy_EKYymuAAAB
1/10/2025, 9:57:23 AM [info]  Message :  Database Connected (production) : ac-hbi6taw-shard-00-01.lrqxoge.mongodb.net
1/10/2025, 9:57:24 AM [debug]  Message :  CLIENT CONNECTED with ID -  xrh7l7Ch26bP4SaPAAAF
1/10/2025, 9:57:53 AM [info]  Message :  server started on port number 3000 }
1/10/2025, 9:57:54 AM [debug]  Message :  CLIENT CONNECTED with ID -  m62q3jKJYbaFRpIzAAAB
1/10/2025, 9:57:54 AM [debug]  Message :  CLIENT CONNECTED with ID -  b-WPgw_Y95QnNHEQAAAD
1/10/2025, 9:57:55 AM [warn]  Message :  CLIENT DISCONNECTED with ID -  m62q3jKJYbaFRpIzAAAB
1/10/2025, 9:57:56 AM [debug]  Message :  CLIENT CONNECTED with ID -  zieBBH3jthELOn77AAAF
1/10/2025, 9:57:58 AM [info]  Message :  Database Connected (production) : ac-hbi6taw-shard-00-02.lrqxoge.mongodb.net
1/10/2025, 9:58:14 AM [info]  Message :  server started on port number 3000 }
1/10/2025, 9:58:15 AM [debug]  Message :  CLIENT CONNECTED with ID -  17YaVhS-UId5qjMYAAAB
1/10/2025, 9:58:15 AM [debug]  Message :  CLIENT CONNECTED with ID -  lcCVdszLXI3Xs4bZAAAD
1/10/2025, 9:58:17 AM [warn]  Message :  CLIENT DISCONNECTED with ID -  17YaVhS-UId5qjMYAAAB
1/10/2025, 9:58:18 AM [info]  Message :  Database Connected (production) : ac-hbi6taw-shard-00-02.lrqxoge.mongodb.net
1/10/2025, 9:58:19 AM [debug]  Message :  CLIENT CONNECTED with ID -  1sMc4509HM9RQmHTAAAF
1/10/2025, 9:58:46 AM [info]  Message :  server started on port number 3000 }
1/10/2025, 9:58:47 AM [debug]  Message :  CLIENT CONNECTED with ID -  z56qAbxM1NDUTXFNAAAB
1/10/2025, 9:58:47 AM [debug]  Message :  CLIENT CONNECTED with ID -  gY4nhGdL1BYiuOkDAAAD
1/10/2025, 9:58:48 AM [warn]  Message :  CLIENT DISCONNECTED with ID -  z56qAbxM1NDUTXFNAAAB
1/10/2025, 9:58:50 AM [debug]  Message :  CLIENT CONNECTED with ID -  HX1xu-wNRJdUis80AAAF
1/10/2025, 9:58:52 AM [info]  Message :  Database Connected (production) : ac-hbi6taw-shard-00-02.lrqxoge.mongodb.net
1/10/2025, 10:00:23 AM [info]  Message :  server started on port number 3000 }
1/10/2025, 10:00:23 AM [debug]  Message :  CLIENT CONNECTED with ID -  FqSrgedKXqhiRj0OAAAB
1/10/2025, 10:00:24 AM [debug]  Message :  CLIENT CONNECTED with ID -  U0LJZXLrRvHryzEyAAAD
1/10/2025, 10:00:26 AM [warn]  Message :  CLIENT DISCONNECTED with ID -  FqSrgedKXqhiRj0OAAAB
1/10/2025, 10:00:27 AM [info]  Message :  Database Connected (production) : ac-hbi6taw-shard-00-00.lrqxoge.mongodb.net
1/10/2025, 10:00:29 AM [debug]  Message :  CLIENT CONNECTED with ID -  RtSiAjaq4PIsOBHgAAAF
1/10/2025, 10:01:03 AM [warn]  Message :  CLIENT DISCONNECTED with ID -  RtSiAjaq4PIsOBHgAAAF
1/10/2025, 10:01:03 AM [debug]  Message :  CLIENT CONNECTED with ID -  CtxkUOLtDJ3NFIuaAAAH
1/10/2025, 10:01:20 AM [error]  Message :  Invalid Status Provided
1/10/2025, 10:01:30 AM [error]  Message :  Invalid Status Provided
1/10/2025, 10:02:48 AM [error]  Message :  Invalid Status Provided
1/10/2025, 10:03:01 AM [info]  Message :  server started on port number 3000 }
1/10/2025, 10:03:02 AM [debug]  Message :  CLIENT CONNECTED with ID -  k3j-S5hqw5TExPLLAAAB
1/10/2025, 10:03:02 AM [debug]  Message :  CLIENT CONNECTED with ID -  y4W7Ao2zTyTSaPlFAAAD
1/10/2025, 10:03:07 AM [info]  Message :  Database Connected (production) : ac-hbi6taw-shard-00-02.lrqxoge.mongodb.net
1/10/2025, 10:03:34 AM [info]  Message :  server started on port number 3000 }
1/10/2025, 10:03:34 AM [debug]  Message :  CLIENT CONNECTED with ID -  X0ueU5rLQDBoVmoTAAAB
1/10/2025, 10:03:34 AM [debug]  Message :  CLIENT CONNECTED with ID -  nVWV4UmcfEr8_-RNAAAD
1/10/2025, 10:03:35 AM [warn]  Message :  CLIENT DISCONNECTED with ID -  X0ueU5rLQDBoVmoTAAAB
1/10/2025, 10:03:37 AM [debug]  Message :  CLIENT CONNECTED with ID -  AgnTnbc8v87uBoN5AAAF
1/10/2025, 10:03:39 AM [info]  Message :  Database Connected (production) : ac-hbi6taw-shard-00-00.lrqxoge.mongodb.net
1/10/2025, 1:21:14 PM [warn]  Message :  CLIENT DISCONNECTED with ID -  nVWV4UmcfEr8_-RNAAAD
