1/9/2025, 9:20:51 AM [info]  Message :  server started on port number 3000 }
1/9/2025, 9:20:52 AM [debug]  Message :  CLIENT CONNECTED with ID -  K6crAwl3N0W2c9X8AAAB
1/9/2025, 9:20:55 AM [info]  Message :  Database Connected (production) : ac-hbi6taw-shard-00-00.lrqxoge.mongodb.net
1/9/2025, 9:20:56 AM [info]  Message :  server started on port number 3000 }
1/9/2025, 9:20:57 AM [debug]  Message :  CLIENT CONNECTED with ID -  pJUQFGeN5_U2bB_QAAAB
1/9/2025, 9:21:00 AM [info]  Message :  Database Connected (production) : ac-hbi6taw-shard-00-00.lrqxoge.mongodb.net
1/9/2025, 9:21:08 AM [info]  Message :  server started on port number 3000 }
1/9/2025, 9:21:09 AM [debug]  Message :  CLIENT CONNECTED with ID -  BUzcBPEnmNNSVzuiAAAB
1/9/2025, 9:21:12 AM [info]  Message :  Database Connected (production) : ac-hbi6taw-shard-00-00.lrqxoge.mongodb.net
1/9/2025, 9:21:24 AM [info]  Message :  server started on port number 3000 }
1/9/2025, 9:21:25 AM [debug]  Message :  CLIENT CONNECTED with ID -  oR6NfC3skSdVUrJZAAAB
1/9/2025, 9:21:28 AM [info]  Message :  Database Connected (production) : ac-hbi6taw-shard-00-02.lrqxoge.mongodb.net
1/9/2025, 9:24:09 AM [info]  Message :  server started on port number 3000 }
1/9/2025, 9:24:10 AM [debug]  Message :  CLIENT CONNECTED with ID -  _Qp7MpG2ZBJ7y_TKAAAB
1/9/2025, 9:24:13 AM [info]  Message :  Database Connected (production) : ac-hbi6taw-shard-00-01.lrqxoge.mongodb.net
1/9/2025, 9:30:54 AM [warn]  Message :  CLIENT DISCONNECTED with ID -  _Qp7MpG2ZBJ7y_TKAAAB
1/9/2025, 9:30:54 AM [error]  Message :  unauthorized, there is no access token but refesh token
1/9/2025, 9:30:57 AM [debug]  Message :  CLIENT CONNECTED with ID -  tOC4hRhhI_1Lt0YpAAAD
1/9/2025, 10:07:04 AM [warn]  Message :  CLIENT DISCONNECTED with ID -  tOC4hRhhI_1Lt0YpAAAD
1/9/2025, 10:07:06 AM [debug]  Message :  CLIENT CONNECTED with ID -  4mwyA3TwGK9oiY9WAAAF
1/9/2025, 10:24:59 AM [warn]  Message :  CLIENT DISCONNECTED with ID -  4mwyA3TwGK9oiY9WAAAF
1/9/2025, 10:25:00 AM [debug]  Message :  CLIENT CONNECTED with ID -  ECGw9TsfJiwSdGT_AAAH
1/9/2025, 10:30:41 AM [warn]  Message :  CLIENT DISCONNECTED with ID -  ECGw9TsfJiwSdGT_AAAH
1/9/2025, 10:30:42 AM [debug]  Message :  CLIENT CONNECTED with ID -  xllJ2yZhMVtQmr0oAAAJ
1/9/2025, 11:58:42 AM [warn]  Message :  CLIENT DISCONNECTED with ID -  xllJ2yZhMVtQmr0oAAAJ
1/9/2025, 11:58:43 AM [debug]  Message :  CLIENT CONNECTED with ID -  Z76ZSZdzkMkvNLWVAAAL
1/9/2025, 12:15:33 PM [warn]  Message :  CLIENT DISCONNECTED with ID -  Z76ZSZdzkMkvNLWVAAAL
1/9/2025, 12:15:34 PM [debug]  Message :  CLIENT CONNECTED with ID -  bD2hVf3OLFUxZcE3AAAN
1/9/2025, 12:16:49 PM [warn]  Message :  CLIENT DISCONNECTED with ID -  bD2hVf3OLFUxZcE3AAAN
1/9/2025, 12:16:51 PM [debug]  Message :  CLIENT CONNECTED with ID -  tcsW7TtJsHhAOd6IAAAP
1/9/2025, 12:21:28 PM [warn]  Message :  CLIENT DISCONNECTED with ID -  tcsW7TtJsHhAOd6IAAAP
1/9/2025, 12:21:30 PM [debug]  Message :  CLIENT CONNECTED with ID -  aCmz2V_sVfwFIe6yAAAR
1/9/2025, 12:37:14 PM [warn]  Message :  CLIENT DISCONNECTED with ID -  aCmz2V_sVfwFIe6yAAAR
1/9/2025, 12:37:16 PM [debug]  Message :  CLIENT CONNECTED with ID -  q5BL2lwTFZlmWsTPAAAT
1/9/2025, 1:29:11 PM [warn]  Message :  CLIENT DISCONNECTED with ID -  q5BL2lwTFZlmWsTPAAAT
1/9/2025, 1:29:14 PM [debug]  Message :  CLIENT CONNECTED with ID -  yyMhxP3j6tIkp7OrAAAV
1/9/2025, 1:45:47 PM [warn]  Message :  CLIENT DISCONNECTED with ID -  yyMhxP3j6tIkp7OrAAAV
1/9/2025, 1:45:48 PM [debug]  Message :  CLIENT CONNECTED with ID -  4ALwfVLI3SJQ6dd1AAAX
1/9/2025, 2:01:32 PM [warn]  Message :  CLIENT DISCONNECTED with ID -  4ALwfVLI3SJQ6dd1AAAX
1/9/2025, 2:01:34 PM [debug]  Message :  CLIENT CONNECTED with ID -  NOdDpClnKD6N3-DAAAAZ
1/9/2025, 2:18:34 PM [warn]  Message :  CLIENT DISCONNECTED with ID -  NOdDpClnKD6N3-DAAAAZ
1/9/2025, 2:18:36 PM [debug]  Message :  CLIENT CONNECTED with ID -  FTuTkJ2APQxY36jxAAAb
1/9/2025, 2:34:36 PM [warn]  Message :  CLIENT DISCONNECTED with ID -  FTuTkJ2APQxY36jxAAAb
1/9/2025, 2:34:38 PM [debug]  Message :  CLIENT CONNECTED with ID -  r0VuUHVJ_IIbDa09AAAd
1/9/2025, 2:50:16 PM [warn]  Message :  CLIENT DISCONNECTED with ID -  r0VuUHVJ_IIbDa09AAAd
1/9/2025, 2:50:17 PM [debug]  Message :  CLIENT CONNECTED with ID -  PCTFmZ26S7GQT-xKAAAf
1/9/2025, 3:06:20 PM [warn]  Message :  CLIENT DISCONNECTED with ID -  PCTFmZ26S7GQT-xKAAAf
1/9/2025, 3:06:22 PM [debug]  Message :  CLIENT CONNECTED with ID -  r027tPx-UJvS5WmXAAAh
1/9/2025, 3:25:30 PM [warn]  Message :  CLIENT DISCONNECTED with ID -  r027tPx-UJvS5WmXAAAh
1/9/2025, 3:25:33 PM [debug]  Message :  CLIENT CONNECTED with ID -  m2NWbK1JRa13WaJsAAAj
1/9/2025, 3:42:10 PM [warn]  Message :  CLIENT DISCONNECTED with ID -  m2NWbK1JRa13WaJsAAAj
1/9/2025, 3:42:12 PM [debug]  Message :  CLIENT CONNECTED with ID -  T5MAIZEWHgUzUYE4AAAl
1/9/2025, 3:57:56 PM [warn]  Message :  CLIENT DISCONNECTED with ID -  T5MAIZEWHgUzUYE4AAAl
1/9/2025, 3:57:57 PM [debug]  Message :  CLIENT CONNECTED with ID -  0xLYQB7MDkqgpfU4AAAn
1/9/2025, 4:14:01 PM [warn]  Message :  CLIENT DISCONNECTED with ID -  0xLYQB7MDkqgpfU4AAAn
1/9/2025, 4:14:03 PM [debug]  Message :  CLIENT CONNECTED with ID -  G3dEGykoaVA0Jzf9AAAp
1/9/2025, 4:31:06 PM [warn]  Message :  CLIENT DISCONNECTED with ID -  G3dEGykoaVA0Jzf9AAAp
1/9/2025, 4:31:07 PM [debug]  Message :  CLIENT CONNECTED with ID -  Ie9vhsr6B3rtLwMUAAAr
1/9/2025, 5:43:45 PM [warn]  Message :  CLIENT DISCONNECTED with ID -  Ie9vhsr6B3rtLwMUAAAr
1/9/2025, 5:43:47 PM [debug]  Message :  CLIENT CONNECTED with ID -  JqshajcPD-J-DWYVAAAt
1/9/2025, 6:00:40 PM [warn]  Message :  CLIENT DISCONNECTED with ID -  JqshajcPD-J-DWYVAAAt
1/9/2025, 6:00:41 PM [debug]  Message :  CLIENT CONNECTED with ID -  zM_I6GY1PEdXDripAAAv
1/9/2025, 6:17:15 PM [warn]  Message :  CLIENT DISCONNECTED with ID -  zM_I6GY1PEdXDripAAAv
1/9/2025, 6:17:17 PM [debug]  Message :  CLIENT CONNECTED with ID -  ZW2fEbX8CymGL0LhAAAx
1/9/2025, 6:32:01 PM [warn]  Message :  CLIENT DISCONNECTED with ID -  ZW2fEbX8CymGL0LhAAAx
1/9/2025, 6:32:03 PM [debug]  Message :  CLIENT CONNECTED with ID -  M_lqS3PN0SSl-Jw-AAAz
1/9/2025, 6:46:58 PM [warn]  Message :  CLIENT DISCONNECTED with ID -  M_lqS3PN0SSl-Jw-AAAz
1/9/2025, 6:47:00 PM [debug]  Message :  CLIENT CONNECTED with ID -  HnGcEy1snMy2Wey9AAA1
1/9/2025, 7:03:24 PM [warn]  Message :  CLIENT DISCONNECTED with ID -  HnGcEy1snMy2Wey9AAA1
1/9/2025, 7:03:26 PM [debug]  Message :  CLIENT CONNECTED with ID -  4UYcKXVWTPLceFxvAAA3
1/9/2025, 7:20:38 PM [warn]  Message :  CLIENT DISCONNECTED with ID -  4UYcKXVWTPLceFxvAAA3
1/9/2025, 7:20:40 PM [debug]  Message :  CLIENT CONNECTED with ID -  GWlEca7EkI2-5ZWxAAA5
1/9/2025, 7:23:16 PM [warn]  Message :  CLIENT DISCONNECTED with ID -  GWlEca7EkI2-5ZWxAAA5
1/9/2025, 7:23:18 PM [debug]  Message :  CLIENT CONNECTED with ID -  fqqXjlAnUr1Zgvg8AAA7
1/9/2025, 7:33:07 PM [warn]  Message :  CLIENT DISCONNECTED with ID -  fqqXjlAnUr1Zgvg8AAA7
1/9/2025, 7:33:09 PM [debug]  Message :  CLIENT CONNECTED with ID -  rQoHQofP0qCfFJbGAAA9
1/9/2025, 7:52:05 PM [warn]  Message :  CLIENT DISCONNECTED with ID -  rQoHQofP0qCfFJbGAAA9
1/9/2025, 7:52:06 PM [debug]  Message :  CLIENT CONNECTED with ID -  FNDEiIXxQgePDvtUAAA_
1/9/2025, 8:07:55 PM [warn]  Message :  CLIENT DISCONNECTED with ID -  FNDEiIXxQgePDvtUAAA_
1/9/2025, 8:07:56 PM [debug]  Message :  CLIENT CONNECTED with ID -  NmclmegiFfFZnYsyAABB
1/9/2025, 8:13:26 PM [warn]  Message :  CLIENT DISCONNECTED with ID -  NmclmegiFfFZnYsyAABB
1/9/2025, 8:13:27 PM [debug]  Message :  CLIENT CONNECTED with ID -  2MRWcwwJtp0ANbheAABD
1/9/2025, 8:23:09 PM [warn]  Message :  CLIENT DISCONNECTED with ID -  2MRWcwwJtp0ANbheAABD
1/9/2025, 8:23:10 PM [debug]  Message :  CLIENT CONNECTED with ID -  E2PvucTQdPwJJdvMAABF
1/9/2025, 8:33:04 PM [warn]  Message :  CLIENT DISCONNECTED with ID -  E2PvucTQdPwJJdvMAABF
1/9/2025, 8:33:06 PM [debug]  Message :  CLIENT CONNECTED with ID -  4KtCD32FUiyUQx9JAABH
1/9/2025, 8:37:42 PM [warn]  Message :  CLIENT DISCONNECTED with ID -  4KtCD32FUiyUQx9JAABH
1/9/2025, 8:37:44 PM [debug]  Message :  CLIENT CONNECTED with ID -  HOlzy8pq3p7VsKTUAABJ
1/9/2025, 8:41:44 PM [warn]  Message :  CLIENT DISCONNECTED with ID -  HOlzy8pq3p7VsKTUAABJ
1/9/2025, 8:41:45 PM [debug]  Message :  CLIENT CONNECTED with ID -  AOihcTIpe0bG7cOPAABL
1/9/2025, 10:01:18 PM [warn]  Message :  CLIENT DISCONNECTED with ID -  AOihcTIpe0bG7cOPAABL
1/9/2025, 10:01:19 PM [debug]  Message :  CLIENT CONNECTED with ID -  lSpfDmgrW6dDUDanAABN
1/9/2025, 10:12:17 PM [warn]  Message :  CLIENT DISCONNECTED with ID -  lSpfDmgrW6dDUDanAABN
1/9/2025, 10:12:19 PM [debug]  Message :  CLIENT CONNECTED with ID -  5s8tmlLyDONNRnvmAABP
1/9/2025, 10:29:09 PM [warn]  Message :  CLIENT DISCONNECTED with ID -  5s8tmlLyDONNRnvmAABP
1/9/2025, 10:29:10 PM [debug]  Message :  CLIENT CONNECTED with ID -  IBhSd1wC7jB7qhoQAABR
1/9/2025, 10:59:33 PM [warn]  Message :  CLIENT DISCONNECTED with ID -  IBhSd1wC7jB7qhoQAABR
1/9/2025, 10:59:35 PM [debug]  Message :  CLIENT CONNECTED with ID -  QDhEtWFSxPHKEzirAABT
1/9/2025, 11:03:24 PM [warn]  Message :  CLIENT DISCONNECTED with ID -  QDhEtWFSxPHKEzirAABT
1/9/2025, 11:03:26 PM [debug]  Message :  CLIENT CONNECTED with ID -  DtmsbiyJ9ZpRNWCnAABV
1/9/2025, 11:20:08 PM [warn]  Message :  CLIENT DISCONNECTED with ID -  DtmsbiyJ9ZpRNWCnAABV
1/9/2025, 11:20:09 PM [debug]  Message :  CLIENT CONNECTED with ID -  lqslHwmKFIO2NjGLAABX
1/9/2025, 11:58:51 PM [warn]  Message :  CLIENT DISCONNECTED with ID -  lqslHwmKFIO2NjGLAABX
1/9/2025, 11:58:52 PM [debug]  Message :  CLIENT CONNECTED with ID -  -1nqR_ki1B6_vbxbAABZ
1/10/2025, 12:05:42 AM [warn]  Message :  CLIENT DISCONNECTED with ID -  -1nqR_ki1B6_vbxbAABZ
1/10/2025, 12:05:43 AM [debug]  Message :  CLIENT CONNECTED with ID -  3wYfUXQudyVDQ5_AAABb
1/10/2025, 12:21:27 AM [warn]  Message :  CLIENT DISCONNECTED with ID -  3wYfUXQudyVDQ5_AAABb
1/10/2025, 12:21:29 AM [debug]  Message :  CLIENT CONNECTED with ID -  Yz2WSIR-AJgENbtgAABd
1/10/2025, 12:52:33 AM [warn]  Message :  CLIENT DISCONNECTED with ID -  Yz2WSIR-AJgENbtgAABd
1/10/2025, 12:52:35 AM [debug]  Message :  CLIENT CONNECTED with ID -  3_HXFCW36moRhXCCAABf
1/10/2025, 1:00:40 AM [warn]  Message :  CLIENT DISCONNECTED with ID -  3_HXFCW36moRhXCCAABf
1/10/2025, 1:00:42 AM [debug]  Message :  CLIENT CONNECTED with ID -  f8tY5v4UVFiVQ6LeAABh
1/10/2025, 1:20:30 AM [warn]  Message :  CLIENT DISCONNECTED with ID -  f8tY5v4UVFiVQ6LeAABh
1/10/2025, 1:20:32 AM [debug]  Message :  CLIENT CONNECTED with ID -  FNQEvMeIHdRY7R3sAABj
1/10/2025, 1:36:51 AM [warn]  Message :  CLIENT DISCONNECTED with ID -  FNQEvMeIHdRY7R3sAABj
1/10/2025, 1:36:52 AM [debug]  Message :  CLIENT CONNECTED with ID -  rVVpEksP_riWWQL9AABl
1/10/2025, 2:10:18 AM [warn]  Message :  CLIENT DISCONNECTED with ID -  rVVpEksP_riWWQL9AABl
1/10/2025, 2:10:20 AM [debug]  Message :  CLIENT CONNECTED with ID -  xQLh1SHgXzJvOEusAABn
1/10/2025, 2:10:42 AM [warn]  Message :  CLIENT DISCONNECTED with ID -  xQLh1SHgXzJvOEusAABn
1/10/2025, 2:10:43 AM [debug]  Message :  CLIENT CONNECTED with ID -  kV7rTpH9nJBOxe7xAABp
1/10/2025, 2:53:39 AM [warn]  Message :  CLIENT DISCONNECTED with ID -  kV7rTpH9nJBOxe7xAABp
1/10/2025, 2:53:41 AM [debug]  Message :  CLIENT CONNECTED with ID -  5xlSVDleZa7DNPPqAABr
1/10/2025, 3:00:17 AM [warn]  Message :  CLIENT DISCONNECTED with ID -  5xlSVDleZa7DNPPqAABr
1/10/2025, 3:00:19 AM [debug]  Message :  CLIENT CONNECTED with ID -  EFz1T4j6OtIR_0hiAABt
1/10/2025, 3:17:51 AM [warn]  Message :  CLIENT DISCONNECTED with ID -  EFz1T4j6OtIR_0hiAABt
1/10/2025, 3:17:52 AM [debug]  Message :  CLIENT CONNECTED with ID -  76Y90CjORTZq6bPBAABv
1/10/2025, 4:28:40 AM [warn]  Message :  CLIENT DISCONNECTED with ID -  76Y90CjORTZq6bPBAABv
1/10/2025, 4:28:42 AM [debug]  Message :  CLIENT CONNECTED with ID -  Gt3TWVxuBYxZupzAAABx
1/10/2025, 4:47:24 AM [warn]  Message :  CLIENT DISCONNECTED with ID -  Gt3TWVxuBYxZupzAAABx
1/10/2025, 4:47:25 AM [debug]  Message :  CLIENT CONNECTED with ID -  7SkWBDeoWEN-uR13AABz
1/10/2025, 5:38:26 AM [warn]  Message :  CLIENT DISCONNECTED with ID -  7SkWBDeoWEN-uR13AABz
1/10/2025, 5:38:28 AM [debug]  Message :  CLIENT CONNECTED with ID -  l79eq0WAhyy8h_OWAAB1
1/10/2025, 6:06:12 AM [warn]  Message :  CLIENT DISCONNECTED with ID -  l79eq0WAhyy8h_OWAAB1
1/10/2025, 6:06:14 AM [debug]  Message :  CLIENT CONNECTED with ID -  -LTxIP5KMOWLjU2ZAAB3
1/10/2025, 6:18:58 AM [warn]  Message :  CLIENT DISCONNECTED with ID -  -LTxIP5KMOWLjU2ZAAB3
1/10/2025, 6:19:00 AM [debug]  Message :  CLIENT CONNECTED with ID -  8Yt2cMMMBSisTojMAAB5
1/10/2025, 6:28:35 AM [warn]  Message :  CLIENT DISCONNECTED with ID -  8Yt2cMMMBSisTojMAAB5
1/10/2025, 6:28:37 AM [debug]  Message :  CLIENT CONNECTED with ID -  aEKohgZrZXH6X4XoAAB7
1/10/2025, 6:45:14 AM [warn]  Message :  CLIENT DISCONNECTED with ID -  aEKohgZrZXH6X4XoAAB7
1/10/2025, 6:45:16 AM [debug]  Message :  CLIENT CONNECTED with ID -  VOSqTCLRyJWEYwOwAAB9
1/10/2025, 7:04:00 AM [warn]  Message :  CLIENT DISCONNECTED with ID -  VOSqTCLRyJWEYwOwAAB9
1/10/2025, 7:04:02 AM [debug]  Message :  CLIENT CONNECTED with ID -  a0t51I-vv1s_22KjAAB_
1/10/2025, 7:10:39 AM [warn]  Message :  CLIENT DISCONNECTED with ID -  a0t51I-vv1s_22KjAAB_
1/10/2025, 7:10:39 AM [debug]  Message :  CLIENT CONNECTED with ID -  E12m-JbvVmwci0psAACB
1/10/2025, 7:33:02 AM [warn]  Message :  CLIENT DISCONNECTED with ID -  E12m-JbvVmwci0psAACB
1/10/2025, 7:33:03 AM [debug]  Message :  CLIENT CONNECTED with ID -  kAhHvnwoCkCvPqqFAACD
