7/19/2023, 6:40:25 AM [info]  Message :  server started on port number 3000 }
7/19/2023, 6:40:27 AM [info]  Message :  Database Connected (production) : ac-hbi6taw-shard-00-02.lrqxoge.mongodb.net
7/19/2023, 11:23:20 AM [info]  Message :  Enabling daily reminder for Sunil Kumar at time - 06:23 - Asia/Kolkata
7/19/2023, 11:23:20 AM [info]  Message :  Enabling daily backup for Sunil Kumar at 0:1 - Asia/Kolkata
7/19/2023, 11:23:20 AM [info]  Message :  -----------------------------------
7/19/2023, 11:26:00 AM [info]  Message :  server started on port number 3000 }
7/19/2023, 11:26:01 AM [info]  Message :  Database Connected (production) : ac-hbi6taw-shard-00-00.lrqxoge.mongodb.net
7/19/2023, 12:02:32 PM [info]  Message :  server started on port number 3000 }
7/19/2023, 12:02:33 PM [info]  Message :  Database Connected (production) : ac-hbi6taw-shard-00-02.lrqxoge.mongodb.net
7/19/2023, 12:03:04 PM [info]  Message :  server started on port number 3000 }
7/19/2023, 12:03:05 PM [info]  Message :  Database Connected (production) : ac-hbi6taw-shard-00-01.lrqxoge.mongodb.net
7/19/2023, 12:03:21 PM [info]  Message :  server started on port number 3000 }
7/19/2023, 12:03:22 PM [info]  Message :  Database Connected (production) : ac-hbi6taw-shard-00-01.lrqxoge.mongodb.net
7/19/2023, 12:03:34 PM [info]  Message :  server started on port number 3000 }
7/19/2023, 12:03:35 PM [info]  Message :  Database Connected (production) : ac-hbi6taw-shard-00-02.lrqxoge.mongodb.net
7/19/2023, 1:14:24 PM [info]  Message :  Enabling daily reminder for Sunil Kumar at time - 06:23 - Asia/Kolkata
7/19/2023, 1:14:24 PM [info]  Message :  Enabling daily backup for Sunil Kumar at 0:1 - Asia/Kolkata
7/19/2023, 1:14:24 PM [info]  Message :  -----------------------------------
7/19/2023, 3:48:15 PM [info]  Message :  server started on port number 3000 }
7/19/2023, 3:48:17 PM [info]  Message :  Database Connected (production) : ac-hbi6taw-shard-00-00.lrqxoge.mongodb.net
7/19/2023, 3:48:31 PM [info]  Message :  server started on port number 3000 }
7/19/2023, 3:48:32 PM [info]  Message :  Database Connected (production) : ac-hbi6taw-shard-00-00.lrqxoge.mongodb.net
7/19/2023, 3:49:29 PM [info]  Message :  server started on port number 3000 }
7/19/2023, 3:49:30 PM [info]  Message :  Database Connected (production) : ac-hbi6taw-shard-00-00.lrqxoge.mongodb.net
7/19/2023, 3:49:40 PM [info]  Message :  server started on port number 3000 }
7/19/2023, 3:49:41 PM [info]  Message :  Database Connected (production) : ac-hbi6taw-shard-00-00.lrqxoge.mongodb.net
