1/5/2025, 11:15:41 PM [info]  Message :  server started on port number 3000 }
1/5/2025, 11:15:45 PM [info]  Message :  Database Connected (production) : ac-hbi6taw-shard-00-00.lrqxoge.mongodb.net
1/5/2025, 11:30:49 PM [info]  Message :  Enabling daily reminder for Sunil Kumar at time - 00:20 - America/Toronto
1/5/2025, 11:30:49 PM [info]  Message :  Enabling daily backup for Sunil Kumar at 0:1 - America/Toronto
1/5/2025, 11:30:49 PM [info]  Message :  -----------------------------------
1/5/2025, 11:30:59 PM [info]  Message :  Destroying daily backup c7laqYaozLhIHjT0wiMEcyWQbYU2
1/5/2025, 11:30:59 PM [info]  Message :  Destroying daily reminder c7laqYaozLhIHjT0wiMEcyWQbYU2
1/5/2025, 11:30:59 PM [info]  Message :  ---------------------
1/5/2025, 11:34:54 PM [info]  Message :  ---------------------
1/5/2025, 11:39:35 PM [info]  Message :  ---------------------
1/5/2025, 11:41:15 PM [info]  Message :  ---------------------
1/5/2025, 11:45:08 PM [info]  Message :  ---------------------
1/5/2025, 11:46:03 PM [info]  Message :  ---------------------
1/5/2025, 11:48:10 PM [info]  Message :  -----------------------------------
1/5/2025, 11:48:27 PM [info]  Message :  -----------------------------------
1/5/2025, 11:48:39 PM [info]  Message :  -----------------------------------
1/5/2025, 11:48:42 PM [info]  Message :  -----------------------------------
1/5/2025, 11:48:59 PM [info]  Message :  ---------------------
1/5/2025, 11:56:23 PM [debug]  Message :  CLIENT CONNECTED with ID -  84Fndk1i1tIrncU9AAAB
1/6/2025, 12:04:55 AM [info]  Message :  server started on port number 3000 }
1/6/2025, 12:04:56 AM [debug]  Message :  CLIENT CONNECTED with ID -  H_MrOHJSlJLyP4l8AAAB
1/6/2025, 12:05:04 AM [info]  Message :  Database Connected (production) : ac-hbi6taw-shard-00-01.lrqxoge.mongodb.net
1/6/2025, 12:05:41 AM [info]  Message :  server started on port number 3000 }
1/6/2025, 12:05:42 AM [debug]  Message :  CLIENT CONNECTED with ID -  8zn7LrJzTOQltPc6AAAB
1/6/2025, 12:05:42 AM [warn]  Message :  CLIENT DISCONNECTED with ID -  8zn7LrJzTOQltPc6AAAB
1/6/2025, 12:05:50 AM [debug]  Message :  CLIENT CONNECTED with ID -  ul4ZrOiDg41tGawLAAAD
1/6/2025, 12:05:52 AM [info]  Message :  Database Connected (production) : ac-hbi6taw-shard-00-01.lrqxoge.mongodb.net
1/6/2025, 12:06:34 AM [info]  Message :  server started on port number 3000 }
1/6/2025, 12:06:35 AM [debug]  Message :  CLIENT CONNECTED with ID -  QzF8czfXbERsbWXeAAAB
1/6/2025, 12:06:38 AM [warn]  Message :  CLIENT DISCONNECTED with ID -  QzF8czfXbERsbWXeAAAB
1/6/2025, 12:06:42 AM [debug]  Message :  CLIENT CONNECTED with ID -  3T-qrBWhf0vFIoheAAAD
1/6/2025, 12:06:46 AM [info]  Message :  Database Connected (production) : ac-hbi6taw-shard-00-00.lrqxoge.mongodb.net
1/6/2025, 12:07:04 AM [debug]  Message :  CLIENT CONNECTED with ID -  6COA0iWAhZZKlO2_AAAF
1/6/2025, 12:07:18 AM [info]  Message :  server started on port number 3000 }
1/6/2025, 12:07:18 AM [debug]  Message :  CLIENT CONNECTED with ID -  mzOAI64wQ5_h6cUhAAAB
1/6/2025, 12:07:19 AM [debug]  Message :  CLIENT CONNECTED with ID -  PjfOyDduPW6w0Y7HAAAD
1/6/2025, 12:07:26 AM [info]  Message :  server started on port number 3000 }
1/6/2025, 12:07:26 AM [debug]  Message :  CLIENT CONNECTED with ID -  pYnWPGuCfLIzSUhwAAAB
1/6/2025, 12:07:26 AM [debug]  Message :  CLIENT CONNECTED with ID -  sLueZUL4cNVwyIElAAAD
1/6/2025, 12:07:28 AM [warn]  Message :  CLIENT DISCONNECTED with ID -  pYnWPGuCfLIzSUhwAAAB
1/6/2025, 12:07:32 AM [debug]  Message :  CLIENT CONNECTED with ID -  z07j4Kx60IzlDq04AAAF
1/6/2025, 12:07:37 AM [info]  Message :  Database Connected (production) : ac-hbi6taw-shard-00-02.lrqxoge.mongodb.net
1/6/2025, 12:07:48 AM [info]  Message :  server started on port number 3000 }
1/6/2025, 12:07:49 AM [debug]  Message :  CLIENT CONNECTED with ID -  NEXkzveAQaOJZMPzAAAB
1/6/2025, 12:07:49 AM [debug]  Message :  CLIENT CONNECTED with ID -  CLPXdCMbcuhE3E49AAAD
1/6/2025, 12:07:51 AM [warn]  Message :  CLIENT DISCONNECTED with ID -  CLPXdCMbcuhE3E49AAAD
1/6/2025, 12:07:55 AM [debug]  Message :  CLIENT CONNECTED with ID -  o6GkVsOhf1AF3au9AAAF
1/6/2025, 12:07:57 AM [info]  Message :  Database Connected (production) : ac-hbi6taw-shard-00-01.lrqxoge.mongodb.net
1/6/2025, 12:08:49 AM [info]  Message :  server started on port number 3000 }
1/6/2025, 12:08:49 AM [debug]  Message :  CLIENT CONNECTED with ID -  7AIlMpO7dqsQzBinAAAB
1/6/2025, 12:08:50 AM [debug]  Message :  CLIENT CONNECTED with ID -  _Bjbef2M4ZrvZ7JrAAAD
1/6/2025, 12:08:57 AM [info]  Message :  Database Connected (production) : ac-hbi6taw-shard-00-00.lrqxoge.mongodb.net
1/6/2025, 12:09:42 AM [warn]  Message :  CLIENT DISCONNECTED with ID -  _Bjbef2M4ZrvZ7JrAAAD
1/6/2025, 12:09:42 AM [debug]  Message :  CLIENT CONNECTED with ID -  luPIVFSX4StA2cg3AAAF
1/6/2025, 12:10:03 AM [info]  Message :  server started on port number 3000 }
1/6/2025, 12:10:04 AM [debug]  Message :  CLIENT CONNECTED with ID -  bKrfYz26M2reVsqyAAAB
1/6/2025, 12:10:04 AM [debug]  Message :  CLIENT CONNECTED with ID -  gFdJHNwybwIzRz6oAAAD
1/6/2025, 12:10:11 AM [info]  Message :  Database Connected (production) : ac-hbi6taw-shard-00-01.lrqxoge.mongodb.net
1/6/2025, 12:11:29 AM [info]  Message :  server started on port number 3000 }
1/6/2025, 12:11:30 AM [debug]  Message :  CLIENT CONNECTED with ID -  QJAflPbjHe9VfjOsAAAB
1/6/2025, 12:11:31 AM [debug]  Message :  CLIENT CONNECTED with ID -  Vntx7kt3DnGOUiPOAAAD
1/6/2025, 12:11:34 AM [warn]  Message :  CLIENT DISCONNECTED with ID -  Vntx7kt3DnGOUiPOAAAD
1/6/2025, 12:11:37 AM [debug]  Message :  CLIENT CONNECTED with ID -  Os_zn9jDy6ST9WRgAAAF
1/6/2025, 12:11:41 AM [info]  Message :  Database Connected (production) : ac-hbi6taw-shard-00-01.lrqxoge.mongodb.net
1/6/2025, 12:12:24 AM [info]  Message :  server started on port number 3000 }
1/6/2025, 12:12:25 AM [debug]  Message :  CLIENT CONNECTED with ID -  mQZEuEp5BVJGRU9OAAAB
1/6/2025, 12:12:25 AM [debug]  Message :  CLIENT CONNECTED with ID -  qAOKpZ_Gpf40v282AAAD
1/6/2025, 12:12:33 AM [info]  Message :  Database Connected (production) : ac-hbi6taw-shard-00-02.lrqxoge.mongodb.net
1/6/2025, 12:12:34 AM [warn]  Message :  CLIENT DISCONNECTED with ID -  qAOKpZ_Gpf40v282AAAD
1/6/2025, 12:12:35 AM [debug]  Message :  CLIENT CONNECTED with ID -  inV-4c7_tASH0SoYAAAF
1/6/2025, 12:14:39 AM [info]  Message :  server started on port number 3000 }
1/6/2025, 12:14:39 AM [debug]  Message :  CLIENT CONNECTED with ID -  Q5JpRwIyOrWgLDNnAAAB
1/6/2025, 12:14:40 AM [debug]  Message :  CLIENT CONNECTED with ID -  pfQFJL2Ff8IzmkdCAAAD
1/6/2025, 12:14:43 AM [warn]  Message :  CLIENT DISCONNECTED with ID -  pfQFJL2Ff8IzmkdCAAAD
1/6/2025, 12:14:47 AM [info]  Message :  Database Connected (production) : ac-hbi6taw-shard-00-02.lrqxoge.mongodb.net
1/6/2025, 12:14:50 AM [debug]  Message :  CLIENT CONNECTED with ID -  8RAw33hL1fVhgzDdAAAF
1/6/2025, 12:15:16 AM [info]  Message :  server started on port number 3000 }
1/6/2025, 12:15:17 AM [debug]  Message :  CLIENT CONNECTED with ID -  E8HTUqihpk65dyklAAAB
1/6/2025, 12:15:17 AM [debug]  Message :  CLIENT CONNECTED with ID -  cq0k32FGbYv7gGUAAAAD
1/6/2025, 12:15:18 AM [warn]  Message :  CLIENT DISCONNECTED with ID -  cq0k32FGbYv7gGUAAAAD
1/6/2025, 12:15:23 AM [debug]  Message :  CLIENT CONNECTED with ID -  jtjKm23KBrfBEcQGAAAF
1/6/2025, 12:15:27 AM [info]  Message :  Database Connected (production) : ac-hbi6taw-shard-00-01.lrqxoge.mongodb.net
1/6/2025, 12:21:50 AM [warn]  Message :  CLIENT DISCONNECTED with ID -  jtjKm23KBrfBEcQGAAAF
1/6/2025, 12:21:53 AM [debug]  Message :  CLIENT CONNECTED with ID -  1hpLfRW9n2wPmoF6AAAH
1/6/2025, 12:22:27 AM [warn]  Message :  CLIENT DISCONNECTED with ID -  1hpLfRW9n2wPmoF6AAAH
1/6/2025, 12:22:28 AM [debug]  Message :  CLIENT CONNECTED with ID -  yAXLkRVes-HUGovqAAAJ
1/6/2025, 12:22:31 AM [warn]  Message :  CLIENT DISCONNECTED with ID -  yAXLkRVes-HUGovqAAAJ
1/6/2025, 12:22:32 AM [debug]  Message :  CLIENT CONNECTED with ID -  lyjCnRl_BXsWa2JAAAAL
1/6/2025, 12:32:07 AM [info]  Message :  server started on port number 3000 }
1/6/2025, 12:32:08 AM [debug]  Message :  CLIENT CONNECTED with ID -  -aFReUKX0SmvoFLEAAAB
1/6/2025, 12:32:08 AM [debug]  Message :  CLIENT CONNECTED with ID -  SNTLlPjPT1EXv-4DAAAD
1/6/2025, 12:32:10 AM [info]  Message :  server started on port number 3000 }
1/6/2025, 12:32:11 AM [debug]  Message :  CLIENT CONNECTED with ID -  REzdx1FOie9Kzv6pAAAB
1/6/2025, 12:32:11 AM [debug]  Message :  CLIENT CONNECTED with ID -  cUrtZAaCiJSh2_x_AAAD
1/6/2025, 12:32:14 AM [info]  Message :  server started on port number 3000 }
1/6/2025, 12:32:15 AM [debug]  Message :  CLIENT CONNECTED with ID -  tmwFSyg8QY0Nm6MsAAAB
1/6/2025, 12:32:15 AM [debug]  Message :  CLIENT CONNECTED with ID -  dHN0oJ-TBHAGiiExAAAD
1/6/2025, 12:32:17 AM [warn]  Message :  CLIENT DISCONNECTED with ID -  dHN0oJ-TBHAGiiExAAAD
1/6/2025, 12:32:21 AM [debug]  Message :  CLIENT CONNECTED with ID -  GzhBtEal1RLDV-SAAAAF
1/6/2025, 12:32:25 AM [info]  Message :  Database Connected (production) : ac-hbi6taw-shard-00-02.lrqxoge.mongodb.net
1/6/2025, 12:32:48 AM [info]  Message :  server started on port number 3000 }
1/6/2025, 12:32:48 AM [debug]  Message :  CLIENT CONNECTED with ID -  1sJwgiKJe1xPmTWfAAAB
1/6/2025, 12:32:50 AM [debug]  Message :  CLIENT CONNECTED with ID -  gSEmpk7I63Zb5ieaAAAD
1/6/2025, 12:32:56 AM [info]  Message :  Database Connected (production) : ac-hbi6taw-shard-00-00.lrqxoge.mongodb.net
1/6/2025, 12:33:03 AM [info]  Message :  server started on port number 3000 }
1/6/2025, 12:33:03 AM [debug]  Message :  CLIENT CONNECTED with ID -  KwH36HselODQiT1PAAAB
1/6/2025, 12:33:04 AM [debug]  Message :  CLIENT CONNECTED with ID -  dZjyG7oJ0l9C1RTwAAAD
1/6/2025, 12:33:11 AM [info]  Message :  Database Connected (production) : ac-hbi6taw-shard-00-00.lrqxoge.mongodb.net
1/6/2025, 12:33:49 AM [info]  Message :  server started on port number 3000 }
1/6/2025, 12:33:50 AM [debug]  Message :  CLIENT CONNECTED with ID -  SMSYLWOEUVdGgV5gAAAB
1/6/2025, 12:33:50 AM [debug]  Message :  CLIENT CONNECTED with ID -  vDoeZ3tBeiND3hNrAAAD
1/6/2025, 12:33:54 AM [info]  Message :  server started on port number 3000 }
1/6/2025, 12:33:54 AM [debug]  Message :  CLIENT CONNECTED with ID -  1KagPWBx6duJKT-VAAAB
1/6/2025, 12:33:55 AM [debug]  Message :  CLIENT CONNECTED with ID -  K41j4E137FPI0om6AAAD
1/6/2025, 12:33:56 AM [warn]  Message :  CLIENT DISCONNECTED with ID -  K41j4E137FPI0om6AAAD
1/6/2025, 12:34:01 AM [debug]  Message :  CLIENT CONNECTED with ID -  EX0D6Muu6BXn63EEAAAF
1/6/2025, 12:34:05 AM [info]  Message :  Database Connected (production) : ac-hbi6taw-shard-00-01.lrqxoge.mongodb.net
1/6/2025, 12:34:28 AM [warn]  Message :  CLIENT DISCONNECTED with ID -  EX0D6Muu6BXn63EEAAAF
1/6/2025, 12:34:29 AM [debug]  Message :  CLIENT CONNECTED with ID -  1pkc1nOeiWh6ue4VAAAH
1/6/2025, 12:34:54 AM [warn]  Message :  CLIENT DISCONNECTED with ID -  1pkc1nOeiWh6ue4VAAAH
1/6/2025, 12:34:56 AM [debug]  Message :  CLIENT CONNECTED with ID -  p99Lee3uMCwK6g6yAAAJ
1/6/2025, 12:35:17 AM [warn]  Message :  CLIENT DISCONNECTED with ID -  p99Lee3uMCwK6g6yAAAJ
1/6/2025, 12:35:18 AM [debug]  Message :  CLIENT CONNECTED with ID -  kiLiK7o4m9Y3GnXnAAAL
1/6/2025, 12:35:28 AM [info]  Message :  server started on port number 3000 }
1/6/2025, 12:35:28 AM [debug]  Message :  CLIENT CONNECTED with ID -  TzzzOvK1Cmjf24YUAAAB
1/6/2025, 12:35:29 AM [debug]  Message :  CLIENT CONNECTED with ID -  XLh9uXDde_tJDwKrAAAD
1/6/2025, 12:35:31 AM [info]  Message :  server started on port number 3000 }
1/6/2025, 12:35:32 AM [debug]  Message :  CLIENT CONNECTED with ID -  ShmgZ4xEs4I2a7AtAAAB
1/6/2025, 12:35:32 AM [debug]  Message :  CLIENT CONNECTED with ID -  QTXcZ0WB1yOZJk9uAAAD
1/6/2025, 12:35:33 AM [info]  Message :  server started on port number 3000 }
1/6/2025, 12:35:34 AM [debug]  Message :  CLIENT CONNECTED with ID -  aEXh16kIryu9eqdYAAAB
1/6/2025, 12:35:35 AM [debug]  Message :  CLIENT CONNECTED with ID -  hler_LH9j4nc1pcWAAAD
1/6/2025, 12:35:42 AM [info]  Message :  Database Connected (production) : ac-hbi6taw-shard-00-02.lrqxoge.mongodb.net
1/6/2025, 12:36:19 AM [info]  Message :  server started on port number 3000 }
1/6/2025, 12:36:20 AM [debug]  Message :  CLIENT CONNECTED with ID -  qRu3rSlkzJr806lPAAAB
1/6/2025, 12:36:21 AM [debug]  Message :  CLIENT CONNECTED with ID -  8HvBJQ74LN-CftYQAAAD
1/6/2025, 12:36:24 AM [info]  Message :  server started on port number 3000 }
1/6/2025, 12:36:25 AM [debug]  Message :  CLIENT CONNECTED with ID -  meaj9iaR8pgROURGAAAB
1/6/2025, 12:36:25 AM [debug]  Message :  CLIENT CONNECTED with ID -  4jdmd1UcFvK1R5irAAAD
1/6/2025, 12:36:26 AM [warn]  Message :  CLIENT DISCONNECTED with ID -  meaj9iaR8pgROURGAAAB
1/6/2025, 12:36:30 AM [debug]  Message :  CLIENT CONNECTED with ID -  tY_Wa_9rN2Nb6wR_AAAF
1/6/2025, 12:36:35 AM [info]  Message :  Database Connected (production) : ac-hbi6taw-shard-00-00.lrqxoge.mongodb.net
1/6/2025, 12:36:37 AM [info]  Message :  server started on port number 3000 }
1/6/2025, 12:36:38 AM [debug]  Message :  CLIENT CONNECTED with ID -  HAFI4Vd4XYTOXY6cAAAB
1/6/2025, 12:36:38 AM [debug]  Message :  CLIENT CONNECTED with ID -  34-7OMmMP-hktigIAAAD
1/6/2025, 12:36:38 AM [warn]  Message :  CLIENT DISCONNECTED with ID -  34-7OMmMP-hktigIAAAD
1/6/2025, 12:36:43 AM [debug]  Message :  CLIENT CONNECTED with ID -  Lb2DQJG1TUswIFliAAAF
1/6/2025, 12:36:47 AM [info]  Message :  Database Connected (production) : ac-hbi6taw-shard-00-02.lrqxoge.mongodb.net
1/6/2025, 12:37:28 AM [info]  Message :  server started on port number 3000 }
1/6/2025, 12:37:28 AM [debug]  Message :  CLIENT CONNECTED with ID -  Yuh26zixjSg-WO4pAAAB
1/6/2025, 12:37:29 AM [debug]  Message :  CLIENT CONNECTED with ID -  XVkBOwe2UiGYXVbeAAAD
1/6/2025, 12:37:31 AM [warn]  Message :  CLIENT DISCONNECTED with ID -  Yuh26zixjSg-WO4pAAAB
1/6/2025, 12:37:35 AM [debug]  Message :  CLIENT CONNECTED with ID -  Ir4WcoFuzCErvIW7AAAF
1/6/2025, 12:37:39 AM [info]  Message :  Database Connected (production) : ac-hbi6taw-shard-00-02.lrqxoge.mongodb.net
1/6/2025, 12:39:13 AM [warn]  Message :  CLIENT DISCONNECTED with ID -  Ir4WcoFuzCErvIW7AAAF
1/6/2025, 12:39:14 AM [debug]  Message :  CLIENT CONNECTED with ID -  MlCPOTUcx4B-6ILtAAAH
1/6/2025, 12:39:49 AM [warn]  Message :  CLIENT DISCONNECTED with ID -  MlCPOTUcx4B-6ILtAAAH
1/6/2025, 12:39:50 AM [debug]  Message :  CLIENT CONNECTED with ID -  oZt8_mmiFJa0QoSlAAAJ
1/6/2025, 12:40:39 AM [warn]  Message :  CLIENT DISCONNECTED with ID -  oZt8_mmiFJa0QoSlAAAJ
1/6/2025, 12:40:41 AM [debug]  Message :  CLIENT CONNECTED with ID -  TDaMeesbGSpstjNzAAAL
1/6/2025, 12:41:18 AM [error]  Message :  Error: {"errors":["API rate limit exceeded"],"limit":"API Per App"}
1/6/2025, 12:42:41 AM [debug]  Message :  CLIENT CONNECTED with ID -  G-ScsNkt7ggDBhC9AAAN
1/6/2025, 12:44:29 AM [warn]  Message :  CLIENT DISCONNECTED with ID -  TDaMeesbGSpstjNzAAAL
1/6/2025, 12:44:29 AM [warn]  Message :  CLIENT DISCONNECTED with ID -  G-ScsNkt7ggDBhC9AAAN
1/6/2025, 12:44:30 AM [debug]  Message :  CLIENT CONNECTED with ID -  KG7CVbYvq1GUbbOlAAAP
1/6/2025, 12:49:51 AM [warn]  Message :  CLIENT DISCONNECTED with ID -  KG7CVbYvq1GUbbOlAAAP
1/6/2025, 12:49:52 AM [debug]  Message :  CLIENT CONNECTED with ID -  ioi7DiJprWq3OVUrAAAR
1/6/2025, 12:50:56 AM [warn]  Message :  CLIENT DISCONNECTED with ID -  ioi7DiJprWq3OVUrAAAR
1/6/2025, 12:50:57 AM [debug]  Message :  CLIENT CONNECTED with ID -  46WxIHcnQ4wTga6yAAAT
1/6/2025, 12:51:24 AM [warn]  Message :  CLIENT DISCONNECTED with ID -  46WxIHcnQ4wTga6yAAAT
1/6/2025, 12:51:25 AM [debug]  Message :  CLIENT CONNECTED with ID -  4-S5N_Aww5bpboJXAAAV
1/6/2025, 12:51:33 AM [warn]  Message :  CLIENT DISCONNECTED with ID -  4-S5N_Aww5bpboJXAAAV
1/6/2025, 12:51:36 AM [debug]  Message :  CLIENT CONNECTED with ID -  6njF1rfvbt56B6MDAAAX
1/6/2025, 12:52:01 AM [info]  Message :  server started on port number 3000 }
1/6/2025, 12:52:01 AM [debug]  Message :  CLIENT CONNECTED with ID -  NcRhhyEEHCgY6kgWAAAB
1/6/2025, 12:52:01 AM [debug]  Message :  CLIENT CONNECTED with ID -  UiDV70Q0OvBEeE2dAAAD
1/6/2025, 12:52:04 AM [warn]  Message :  CLIENT DISCONNECTED with ID -  UiDV70Q0OvBEeE2dAAAD
1/6/2025, 12:52:13 AM [info]  Message :  Database Connected (production) : ac-hbi6taw-shard-00-02.lrqxoge.mongodb.net
1/6/2025, 12:52:13 AM [debug]  Message :  CLIENT CONNECTED with ID -  mm5pQJyjQMW24bAvAAAF
1/6/2025, 12:54:30 AM [warn]  Message :  CLIENT DISCONNECTED with ID -  mm5pQJyjQMW24bAvAAAF
1/6/2025, 12:54:32 AM [debug]  Message :  CLIENT CONNECTED with ID -  wgsGPeDOWLZkEbtrAAAH
1/6/2025, 1:02:19 AM [error]  Message :  unauthorized, there is no access token but refesh token
1/6/2025, 1:02:22 AM [warn]  Message :  CLIENT DISCONNECTED with ID -  wgsGPeDOWLZkEbtrAAAH
1/6/2025, 1:02:22 AM [debug]  Message :  CLIENT CONNECTED with ID -  8axNoXxzqFWDIbofAAAJ
1/6/2025, 2:23:58 AM [warn]  Message :  CLIENT DISCONNECTED with ID -  8axNoXxzqFWDIbofAAAJ
1/6/2025, 2:23:58 AM [warn]  Message :  CLIENT DISCONNECTED with ID -  NcRhhyEEHCgY6kgWAAAB
1/6/2025, 2:23:59 AM [debug]  Message :  CLIENT CONNECTED with ID -  5uK4P6VS9ZzpGmclAAAL
1/6/2025, 2:24:00 AM [debug]  Message :  CLIENT CONNECTED with ID -  ywfC-8N7GqXUxHATAAAN
1/6/2025, 2:44:26 AM [warn]  Message :  CLIENT DISCONNECTED with ID -  5uK4P6VS9ZzpGmclAAAL
1/6/2025, 2:44:26 AM [warn]  Message :  CLIENT DISCONNECTED with ID -  ywfC-8N7GqXUxHATAAAN
1/6/2025, 2:44:27 AM [debug]  Message :  CLIENT CONNECTED with ID -  3yVQE1EsL3W0o3iHAAAP
1/6/2025, 2:44:27 AM [debug]  Message :  CLIENT CONNECTED with ID -  XB3JjMCW5LL90k9iAAAR
1/6/2025, 3:02:01 AM [warn]  Message :  CLIENT DISCONNECTED with ID -  3yVQE1EsL3W0o3iHAAAP
1/6/2025, 3:02:01 AM [warn]  Message :  CLIENT DISCONNECTED with ID -  XB3JjMCW5LL90k9iAAAR
1/6/2025, 3:02:02 AM [debug]  Message :  CLIENT CONNECTED with ID -  HeMIGAAMlzRrBcO9AAAT
1/6/2025, 3:02:03 AM [debug]  Message :  CLIENT CONNECTED with ID -  WiAp4UL-VTQ7B4PwAAAV
1/6/2025, 3:18:10 AM [warn]  Message :  CLIENT DISCONNECTED with ID -  HeMIGAAMlzRrBcO9AAAT
1/6/2025, 3:18:10 AM [warn]  Message :  CLIENT DISCONNECTED with ID -  WiAp4UL-VTQ7B4PwAAAV
1/6/2025, 3:18:11 AM [debug]  Message :  CLIENT CONNECTED with ID -  wRXev9IsmkPUFTwXAAAX
1/6/2025, 3:18:12 AM [debug]  Message :  CLIENT CONNECTED with ID -  cJO4CYnobWBAZnhRAAAZ
1/6/2025, 3:34:01 AM [warn]  Message :  CLIENT DISCONNECTED with ID -  wRXev9IsmkPUFTwXAAAX
1/6/2025, 3:34:01 AM [warn]  Message :  CLIENT DISCONNECTED with ID -  cJO4CYnobWBAZnhRAAAZ
1/6/2025, 3:34:02 AM [debug]  Message :  CLIENT CONNECTED with ID -  oI72jgUlNQh-reG2AAAb
1/6/2025, 3:34:02 AM [debug]  Message :  CLIENT CONNECTED with ID -  t0NY1bo5PMW_mYjcAAAd
1/6/2025, 3:50:52 AM [warn]  Message :  CLIENT DISCONNECTED with ID -  t0NY1bo5PMW_mYjcAAAd
1/6/2025, 3:50:52 AM [warn]  Message :  CLIENT DISCONNECTED with ID -  oI72jgUlNQh-reG2AAAb
1/6/2025, 3:50:53 AM [debug]  Message :  CLIENT CONNECTED with ID -  SEqKqpOy9yit0MriAAAf
1/6/2025, 3:50:54 AM [debug]  Message :  CLIENT CONNECTED with ID -  rDCmi8KN1sRybuMJAAAh
1/6/2025, 3:59:51 AM [warn]  Message :  CLIENT DISCONNECTED with ID -  SEqKqpOy9yit0MriAAAf
1/6/2025, 3:59:51 AM [warn]  Message :  CLIENT DISCONNECTED with ID -  rDCmi8KN1sRybuMJAAAh
1/6/2025, 3:59:53 AM [debug]  Message :  CLIENT CONNECTED with ID -  K42wDzZh3k2LvOv2AAAj
1/6/2025, 3:59:53 AM [debug]  Message :  CLIENT CONNECTED with ID -  IDnTXSh5tIMcjKvYAAAl
1/6/2025, 4:17:37 AM [warn]  Message :  CLIENT DISCONNECTED with ID -  IDnTXSh5tIMcjKvYAAAl
1/6/2025, 4:17:37 AM [warn]  Message :  CLIENT DISCONNECTED with ID -  K42wDzZh3k2LvOv2AAAj
1/6/2025, 4:17:38 AM [debug]  Message :  CLIENT CONNECTED with ID -  EbAHvkFg6QsCblIKAAAn
1/6/2025, 4:17:39 AM [debug]  Message :  CLIENT CONNECTED with ID -  SNYVZ0x_xRWB6f3xAAAp
1/6/2025, 4:35:47 AM [warn]  Message :  CLIENT DISCONNECTED with ID -  EbAHvkFg6QsCblIKAAAn
1/6/2025, 4:35:47 AM [warn]  Message :  CLIENT DISCONNECTED with ID -  SNYVZ0x_xRWB6f3xAAAp
1/6/2025, 4:35:48 AM [debug]  Message :  CLIENT CONNECTED with ID -  DJnt52QnXwWiNmScAAAr
1/6/2025, 4:35:48 AM [debug]  Message :  CLIENT CONNECTED with ID -  3Vp_bJlUJ71RqZWSAAAt
1/6/2025, 4:52:30 AM [warn]  Message :  CLIENT DISCONNECTED with ID -  3Vp_bJlUJ71RqZWSAAAt
1/6/2025, 4:52:30 AM [warn]  Message :  CLIENT DISCONNECTED with ID -  DJnt52QnXwWiNmScAAAr
1/6/2025, 4:52:31 AM [debug]  Message :  CLIENT CONNECTED with ID -  YOYpjr51r9GPRgohAAAv
1/6/2025, 4:52:32 AM [debug]  Message :  CLIENT CONNECTED with ID -  IChhuw_xYXaUAgdlAAAx
1/6/2025, 5:00:48 AM [warn]  Message :  CLIENT DISCONNECTED with ID -  YOYpjr51r9GPRgohAAAv
1/6/2025, 5:00:48 AM [warn]  Message :  CLIENT DISCONNECTED with ID -  IChhuw_xYXaUAgdlAAAx
1/6/2025, 5:00:49 AM [debug]  Message :  CLIENT CONNECTED with ID -  mZET02A0SY6MLLEIAAAz
1/6/2025, 5:00:49 AM [debug]  Message :  CLIENT CONNECTED with ID -  ERREXKepE9ONTSePAAA1
1/6/2025, 5:02:08 AM [warn]  Message :  CLIENT DISCONNECTED with ID -  ERREXKepE9ONTSePAAA1
1/6/2025, 5:02:08 AM [warn]  Message :  CLIENT DISCONNECTED with ID -  mZET02A0SY6MLLEIAAAz
1/6/2025, 5:02:10 AM [debug]  Message :  CLIENT CONNECTED with ID -  8AtKtpb0vE3CAMgmAAA3
1/6/2025, 5:02:10 AM [debug]  Message :  CLIENT CONNECTED with ID -  E9gC_zfJ-UuRWG1_AAA5
1/6/2025, 5:19:33 AM [warn]  Message :  CLIENT DISCONNECTED with ID -  8AtKtpb0vE3CAMgmAAA3
1/6/2025, 5:19:33 AM [warn]  Message :  CLIENT DISCONNECTED with ID -  E9gC_zfJ-UuRWG1_AAA5
1/6/2025, 5:19:34 AM [debug]  Message :  CLIENT CONNECTED with ID -  AOk0gs94kpy31FbaAAA7
1/6/2025, 5:19:35 AM [debug]  Message :  CLIENT CONNECTED with ID -  EOjgXnDX9j9_L3dEAAA9
1/6/2025, 7:36:34 AM [warn]  Message :  CLIENT DISCONNECTED with ID -  AOk0gs94kpy31FbaAAA7
1/6/2025, 8:43:11 PM [debug]  Message :  CLIENT CONNECTED with ID -  -b3wrTZiJxN1GL28AAA_
1/6/2025, 8:43:12 PM [warn]  Message :  CLIENT DISCONNECTED with ID -  -b3wrTZiJxN1GL28AAA_
1/6/2025, 8:43:12 PM [error]  Message :  unauthorized, there is no access token but refesh token
1/6/2025, 9:13:47 PM [warn]  Message :  CLIENT DISCONNECTED with ID -  EOjgXnDX9j9_L3dEAAA9
1/6/2025, 9:13:49 PM [debug]  Message :  CLIENT CONNECTED with ID -  itAYvTBzP9rVGJRSAABB
1/6/2025, 9:16:49 PM [warn]  Message :  CLIENT DISCONNECTED with ID -  itAYvTBzP9rVGJRSAABB
1/6/2025, 9:16:51 PM [debug]  Message :  CLIENT CONNECTED with ID -  0iEvY1-UWqPKscIJAABD
1/6/2025, 9:18:38 PM [warn]  Message :  CLIENT DISCONNECTED with ID -  0iEvY1-UWqPKscIJAABD
1/6/2025, 9:18:41 PM [debug]  Message :  CLIENT CONNECTED with ID -  GYVIwAnsrnwVGPNpAABF
1/6/2025, 9:34:33 PM [warn]  Message :  CLIENT DISCONNECTED with ID -  GYVIwAnsrnwVGPNpAABF
1/6/2025, 9:34:35 PM [debug]  Message :  CLIENT CONNECTED with ID -  KuboyFVSmwozQ_XuAABH
1/6/2025, 10:49:46 PM [warn]  Message :  CLIENT DISCONNECTED with ID -  KuboyFVSmwozQ_XuAABH
1/6/2025, 10:49:48 PM [debug]  Message :  CLIENT CONNECTED with ID -  -9h4VZwd1KvQeSxnAABJ
1/6/2025, 10:52:30 PM [warn]  Message :  CLIENT DISCONNECTED with ID -  -9h4VZwd1KvQeSxnAABJ
1/6/2025, 10:52:32 PM [debug]  Message :  CLIENT CONNECTED with ID -  E7hURhct7KmsjVh-AABL
1/6/2025, 10:53:45 PM [warn]  Message :  CLIENT DISCONNECTED with ID -  E7hURhct7KmsjVh-AABL
1/6/2025, 10:53:46 PM [debug]  Message :  CLIENT CONNECTED with ID -  7WJ01WfOsCr3YprJAABN
1/6/2025, 10:57:38 PM [warn]  Message :  CLIENT DISCONNECTED with ID -  7WJ01WfOsCr3YprJAABN
1/6/2025, 10:57:40 PM [debug]  Message :  CLIENT CONNECTED with ID -  U_5LMCDHDfWr9CkOAABP
1/6/2025, 11:06:42 PM [warn]  Message :  CLIENT DISCONNECTED with ID -  U_5LMCDHDfWr9CkOAABP
1/6/2025, 11:06:44 PM [debug]  Message :  CLIENT CONNECTED with ID -  q_WUCIWi6AsN5w8mAABR
1/6/2025, 11:22:53 PM [warn]  Message :  CLIENT DISCONNECTED with ID -  q_WUCIWi6AsN5w8mAABR
1/6/2025, 11:22:54 PM [debug]  Message :  CLIENT CONNECTED with ID -  PBnlv5fpSvNzrJceAABT
1/6/2025, 11:50:47 PM [warn]  Message :  CLIENT DISCONNECTED with ID -  PBnlv5fpSvNzrJceAABT
1/6/2025, 11:50:49 PM [debug]  Message :  CLIENT CONNECTED with ID -  MbTa5v3syjieCNDTAABV
1/6/2025, 11:53:38 PM [warn]  Message :  CLIENT DISCONNECTED with ID -  MbTa5v3syjieCNDTAABV
1/6/2025, 11:53:39 PM [debug]  Message :  CLIENT CONNECTED with ID -  jZZpPZqk1AgmcsB9AABX
1/6/2025, 11:59:13 PM [warn]  Message :  CLIENT DISCONNECTED with ID -  jZZpPZqk1AgmcsB9AABX
1/6/2025, 11:59:14 PM [debug]  Message :  CLIENT CONNECTED with ID -  CmEMon-0KpSuhl9gAABZ
1/7/2025, 12:01:39 AM [warn]  Message :  CLIENT DISCONNECTED with ID -  CmEMon-0KpSuhl9gAABZ
1/7/2025, 12:01:40 AM [debug]  Message :  CLIENT CONNECTED with ID -  u0KB8xSD5gleVjV8AABb
1/7/2025, 12:06:38 AM [warn]  Message :  CLIENT DISCONNECTED with ID -  u0KB8xSD5gleVjV8AABb
1/7/2025, 12:06:39 AM [debug]  Message :  CLIENT CONNECTED with ID -  d1AktOBfNp9kAXtnAABd
1/7/2025, 12:09:01 AM [warn]  Message :  CLIENT DISCONNECTED with ID -  d1AktOBfNp9kAXtnAABd
1/7/2025, 12:09:02 AM [debug]  Message :  CLIENT CONNECTED with ID -  m4i6Ewi98bM1SW8dAABf
1/7/2025, 12:10:25 AM [warn]  Message :  CLIENT DISCONNECTED with ID -  m4i6Ewi98bM1SW8dAABf
1/7/2025, 12:10:26 AM [debug]  Message :  CLIENT CONNECTED with ID -  h8VeP9ZNeJTBsfjOAABh
1/7/2025, 12:27:49 AM [warn]  Message :  CLIENT DISCONNECTED with ID -  h8VeP9ZNeJTBsfjOAABh
1/7/2025, 12:27:50 AM [debug]  Message :  CLIENT CONNECTED with ID -  wCPwnlyIk2lBZ0V0AABj
1/7/2025, 1:22:45 AM [warn]  Message :  CLIENT DISCONNECTED with ID -  wCPwnlyIk2lBZ0V0AABj
1/7/2025, 1:22:46 AM [debug]  Message :  CLIENT CONNECTED with ID -  Ix4PRRhlTlZRsulVAABl
1/7/2025, 1:25:53 AM [warn]  Message :  CLIENT DISCONNECTED with ID -  Ix4PRRhlTlZRsulVAABl
1/7/2025, 1:25:54 AM [debug]  Message :  CLIENT CONNECTED with ID -  l8Zz6eU7PmjiRuHbAABn
1/7/2025, 1:27:18 AM [warn]  Message :  CLIENT DISCONNECTED with ID -  l8Zz6eU7PmjiRuHbAABn
1/7/2025, 1:27:19 AM [debug]  Message :  CLIENT CONNECTED with ID -  xqdLLx_2ic6QrmzxAABp
1/7/2025, 2:45:39 AM [warn]  Message :  CLIENT DISCONNECTED with ID -  xqdLLx_2ic6QrmzxAABp
1/7/2025, 2:45:40 AM [debug]  Message :  CLIENT CONNECTED with ID -  Lr2p1ZyYHBSiNB81AABr
1/7/2025, 2:50:24 AM [warn]  Message :  CLIENT DISCONNECTED with ID -  Lr2p1ZyYHBSiNB81AABr
1/7/2025, 2:50:26 AM [debug]  Message :  CLIENT CONNECTED with ID -  xdNeeO2kF5i1TQmMAABt
1/7/2025, 2:55:32 AM [warn]  Message :  CLIENT DISCONNECTED with ID -  xdNeeO2kF5i1TQmMAABt
1/7/2025, 2:55:33 AM [debug]  Message :  CLIENT CONNECTED with ID -  PTekmc7ccnizXJTMAABv
1/7/2025, 3:00:54 AM [warn]  Message :  CLIENT DISCONNECTED with ID -  PTekmc7ccnizXJTMAABv
1/7/2025, 3:00:55 AM [debug]  Message :  CLIENT CONNECTED with ID -  tQ1H-LOJXuXjxAZfAABx
1/7/2025, 3:03:18 AM [warn]  Message :  CLIENT DISCONNECTED with ID -  tQ1H-LOJXuXjxAZfAABx
1/7/2025, 3:03:19 AM [debug]  Message :  CLIENT CONNECTED with ID -  TWFt5fk3cJ6BDV5-AABz
1/7/2025, 3:05:17 AM [warn]  Message :  CLIENT DISCONNECTED with ID -  TWFt5fk3cJ6BDV5-AABz
1/7/2025, 3:05:19 AM [debug]  Message :  CLIENT CONNECTED with ID -  k90cda-XMOCfBvVNAAB1
1/7/2025, 3:11:13 AM [warn]  Message :  CLIENT DISCONNECTED with ID -  k90cda-XMOCfBvVNAAB1
1/7/2025, 3:11:15 AM [debug]  Message :  CLIENT CONNECTED with ID -  TljfEaQZgbx5pe8fAAB3
1/7/2025, 3:39:25 AM [warn]  Message :  CLIENT DISCONNECTED with ID -  TljfEaQZgbx5pe8fAAB3
1/7/2025, 3:39:27 AM [debug]  Message :  CLIENT CONNECTED with ID -  byajEagtd5pH3smZAAB5
1/7/2025, 3:45:04 AM [warn]  Message :  CLIENT DISCONNECTED with ID -  byajEagtd5pH3smZAAB5
1/7/2025, 3:45:06 AM [debug]  Message :  CLIENT CONNECTED with ID -  0Noa_7xsq02WUSMPAAB7
1/7/2025, 4:53:22 AM [warn]  Message :  CLIENT DISCONNECTED with ID -  0Noa_7xsq02WUSMPAAB7
1/7/2025, 4:53:24 AM [debug]  Message :  CLIENT CONNECTED with ID -  IKcKvB4hgwPXKWJ3AAB9
1/7/2025, 4:57:05 AM [warn]  Message :  CLIENT DISCONNECTED with ID -  IKcKvB4hgwPXKWJ3AAB9
1/7/2025, 4:57:07 AM [debug]  Message :  CLIENT CONNECTED with ID -  C4Zg8KJXjJJUqZ3XAAB_
1/7/2025, 4:59:15 AM [warn]  Message :  CLIENT DISCONNECTED with ID -  C4Zg8KJXjJJUqZ3XAAB_
1/7/2025, 4:59:17 AM [debug]  Message :  CLIENT CONNECTED with ID -  PoVXjXFEXqiM2WQsAACB
1/7/2025, 5:01:09 AM [warn]  Message :  CLIENT DISCONNECTED with ID -  PoVXjXFEXqiM2WQsAACB
1/7/2025, 5:01:10 AM [debug]  Message :  CLIENT CONNECTED with ID -  2wL8f4TLkyw8ScHWAACD
1/7/2025, 5:03:07 AM [warn]  Message :  CLIENT DISCONNECTED with ID -  2wL8f4TLkyw8ScHWAACD
1/7/2025, 5:03:08 AM [debug]  Message :  CLIENT CONNECTED with ID -  XS-NYP7KUThSlHaoAACF
1/7/2025, 5:07:13 AM [warn]  Message :  CLIENT DISCONNECTED with ID -  XS-NYP7KUThSlHaoAACF
1/7/2025, 5:07:15 AM [debug]  Message :  CLIENT CONNECTED with ID -  -6wqgmtgy_s4LPghAACH
1/7/2025, 5:09:11 AM [warn]  Message :  CLIENT DISCONNECTED with ID -  -6wqgmtgy_s4LPghAACH
1/7/2025, 5:09:13 AM [debug]  Message :  CLIENT CONNECTED with ID -  BZsK3FxUr217P5MlAACJ
1/7/2025, 5:10:36 AM [warn]  Message :  CLIENT DISCONNECTED with ID -  BZsK3FxUr217P5MlAACJ
1/7/2025, 5:10:38 AM [debug]  Message :  CLIENT CONNECTED with ID -  G_88Hm_t6BlMGg3MAACL
1/7/2025, 5:51:45 AM [warn]  Message :  CLIENT DISCONNECTED with ID -  G_88Hm_t6BlMGg3MAACL
1/7/2025, 5:51:46 AM [debug]  Message :  CLIENT CONNECTED with ID -  R5ZN-0rl8DXYRPOaAACN
1/7/2025, 6:44:18 AM [warn]  Message :  CLIENT DISCONNECTED with ID -  R5ZN-0rl8DXYRPOaAACN
1/7/2025, 6:44:20 AM [debug]  Message :  CLIENT CONNECTED with ID -  Ii0qhZf4E5uAeTayAACP
1/7/2025, 7:00:08 AM [warn]  Message :  CLIENT DISCONNECTED with ID -  Ii0qhZf4E5uAeTayAACP
1/7/2025, 7:00:09 AM [debug]  Message :  CLIENT CONNECTED with ID -  UTUI_mi2pcHxrsHfAACR
1/7/2025, 7:17:09 AM [warn]  Message :  CLIENT DISCONNECTED with ID -  UTUI_mi2pcHxrsHfAACR
1/7/2025, 7:17:11 AM [debug]  Message :  CLIENT CONNECTED with ID -  S417zYT2djmd0ZYtAACT
1/7/2025, 7:33:04 AM [warn]  Message :  CLIENT DISCONNECTED with ID -  S417zYT2djmd0ZYtAACT
1/7/2025, 7:33:05 AM [debug]  Message :  CLIENT CONNECTED with ID -  VR_s0BklAZ7LrrCCAACV
1/7/2025, 7:34:28 AM [warn]  Message :  CLIENT DISCONNECTED with ID -  VR_s0BklAZ7LrrCCAACV
1/7/2025, 7:34:30 AM [debug]  Message :  CLIENT CONNECTED with ID -  piBVEwuETdVSfzu8AACX
1/7/2025, 7:52:44 AM [warn]  Message :  CLIENT DISCONNECTED with ID -  piBVEwuETdVSfzu8AACX
1/7/2025, 7:52:45 AM [debug]  Message :  CLIENT CONNECTED with ID -  YOmwzWcyLKHAE7iIAACZ
1/7/2025, 7:57:38 AM [warn]  Message :  CLIENT DISCONNECTED with ID -  YOmwzWcyLKHAE7iIAACZ
1/7/2025, 7:57:39 AM [debug]  Message :  CLIENT CONNECTED with ID -  VaHUkwfo9zCsh17jAACb
1/7/2025, 8:15:28 AM [warn]  Message :  CLIENT DISCONNECTED with ID -  VaHUkwfo9zCsh17jAACb
1/7/2025, 8:15:30 AM [debug]  Message :  CLIENT CONNECTED with ID -  3bvPEkj5fVUCX0B2AACd
1/7/2025, 8:32:17 AM [warn]  Message :  CLIENT DISCONNECTED with ID -  3bvPEkj5fVUCX0B2AACd
1/7/2025, 8:32:19 AM [debug]  Message :  CLIENT CONNECTED with ID -  2OI9aj2Act_kvkYhAACf
1/7/2025, 8:50:09 AM [warn]  Message :  CLIENT DISCONNECTED with ID -  2OI9aj2Act_kvkYhAACf
1/7/2025, 8:50:10 AM [debug]  Message :  CLIENT CONNECTED with ID -  eS7gn9Z9gLxq9cDIAACh
1/7/2025, 8:53:43 AM [warn]  Message :  CLIENT DISCONNECTED with ID -  eS7gn9Z9gLxq9cDIAACh
1/7/2025, 8:53:45 AM [debug]  Message :  CLIENT CONNECTED with ID -  mqfIBEr2cQzlp-zeAACj
1/7/2025, 10:12:50 AM [warn]  Message :  CLIENT DISCONNECTED with ID -  mqfIBEr2cQzlp-zeAACj
1/7/2025, 10:12:52 AM [debug]  Message :  CLIENT CONNECTED with ID -  n3LbRHTvH7mvfE4sAACl
1/7/2025, 10:14:31 AM [warn]  Message :  CLIENT DISCONNECTED with ID -  n3LbRHTvH7mvfE4sAACl
1/7/2025, 10:14:33 AM [debug]  Message :  CLIENT CONNECTED with ID -  adSNtDr3A7qiazMIAACn
1/7/2025, 10:17:08 AM [warn]  Message :  CLIENT DISCONNECTED with ID -  adSNtDr3A7qiazMIAACn
1/7/2025, 10:17:10 AM [debug]  Message :  CLIENT CONNECTED with ID -  Qfo2TO-qwh4SNShdAACp
1/7/2025, 11:49:48 AM [warn]  Message :  CLIENT DISCONNECTED with ID -  Qfo2TO-qwh4SNShdAACp
1/7/2025, 11:49:49 AM [debug]  Message :  CLIENT CONNECTED with ID -  ZCoMQP7nhx1c9PWwAACr
1/7/2025, 11:55:54 AM [warn]  Message :  CLIENT DISCONNECTED with ID -  ZCoMQP7nhx1c9PWwAACr
1/7/2025, 11:55:54 AM [debug]  Message :  CLIENT CONNECTED with ID -  oUlT_lOrFMfyxnquAACt
1/7/2025, 12:12:59 PM [warn]  Message :  CLIENT DISCONNECTED with ID -  oUlT_lOrFMfyxnquAACt
1/7/2025, 12:13:00 PM [debug]  Message :  CLIENT CONNECTED with ID -  O-b28HYdRNBbN_uCAACv
1/7/2025, 12:29:59 PM [warn]  Message :  CLIENT DISCONNECTED with ID -  O-b28HYdRNBbN_uCAACv
1/7/2025, 12:30:00 PM [debug]  Message :  CLIENT CONNECTED with ID -  h2SJYmURyJUIFEtpAACx
1/7/2025, 12:46:52 PM [warn]  Message :  CLIENT DISCONNECTED with ID -  h2SJYmURyJUIFEtpAACx
1/7/2025, 12:46:53 PM [debug]  Message :  CLIENT CONNECTED with ID -  58urC0eIJ2F4cOBQAACz
1/7/2025, 1:03:49 PM [warn]  Message :  CLIENT DISCONNECTED with ID -  58urC0eIJ2F4cOBQAACz
1/7/2025, 1:03:50 PM [debug]  Message :  CLIENT CONNECTED with ID -  kGFT-Fk9sV7SzLk4AAC1
1/7/2025, 1:20:37 PM [warn]  Message :  CLIENT DISCONNECTED with ID -  kGFT-Fk9sV7SzLk4AAC1
1/7/2025, 1:20:39 PM [debug]  Message :  CLIENT CONNECTED with ID -  NFCkxSZ1rDy8eo64AAC3
1/7/2025, 1:26:05 PM [warn]  Message :  CLIENT DISCONNECTED with ID -  NFCkxSZ1rDy8eo64AAC3
1/7/2025, 1:26:07 PM [debug]  Message :  CLIENT CONNECTED with ID -  0JwPogUhwzRDEkY-AAC5
1/7/2025, 1:46:30 PM [warn]  Message :  CLIENT DISCONNECTED with ID -  0JwPogUhwzRDEkY-AAC5
1/7/2025, 1:46:32 PM [debug]  Message :  CLIENT CONNECTED with ID -  9CtqoHOSsHXmQrE2AAC7
1/7/2025, 2:02:42 PM [warn]  Message :  CLIENT DISCONNECTED with ID -  9CtqoHOSsHXmQrE2AAC7
1/7/2025, 2:02:44 PM [debug]  Message :  CLIENT CONNECTED with ID -  VW-pUgZ1XdIIfsLlAAC9
1/7/2025, 2:20:30 PM [warn]  Message :  CLIENT DISCONNECTED with ID -  VW-pUgZ1XdIIfsLlAAC9
1/7/2025, 2:20:32 PM [debug]  Message :  CLIENT CONNECTED with ID -  r-2ANDgAY3TZwltyAAC_
1/7/2025, 3:54:48 PM [warn]  Message :  CLIENT DISCONNECTED with ID -  r-2ANDgAY3TZwltyAAC_
1/7/2025, 3:54:50 PM [debug]  Message :  CLIENT CONNECTED with ID -  51F3sH7wk8jEc_C6AADB
1/7/2025, 3:56:28 PM [warn]  Message :  CLIENT DISCONNECTED with ID -  51F3sH7wk8jEc_C6AADB
1/7/2025, 3:56:30 PM [debug]  Message :  CLIENT CONNECTED with ID -  gA02zbfNB1TkzDMkAADD
1/7/2025, 4:12:30 PM [warn]  Message :  CLIENT DISCONNECTED with ID -  gA02zbfNB1TkzDMkAADD
1/7/2025, 4:12:32 PM [debug]  Message :  CLIENT CONNECTED with ID -  n7dZc5YYop81SqrOAADF
1/7/2025, 4:48:12 PM [warn]  Message :  CLIENT DISCONNECTED with ID -  n7dZc5YYop81SqrOAADF
1/7/2025, 4:48:14 PM [debug]  Message :  CLIENT CONNECTED with ID -  yLv9nJkpACLCjs15AADH
1/7/2025, 5:05:55 PM [warn]  Message :  CLIENT DISCONNECTED with ID -  yLv9nJkpACLCjs15AADH
1/7/2025, 5:05:57 PM [debug]  Message :  CLIENT CONNECTED with ID -  7UvlFL-K6rFjfAsLAADJ
1/7/2025, 5:21:41 PM [warn]  Message :  CLIENT DISCONNECTED with ID -  7UvlFL-K6rFjfAsLAADJ
1/7/2025, 5:21:42 PM [debug]  Message :  CLIENT CONNECTED with ID -  WViJwIdEEHBvmjYBAADL
1/7/2025, 5:38:42 PM [warn]  Message :  CLIENT DISCONNECTED with ID -  WViJwIdEEHBvmjYBAADL
1/7/2025, 5:38:44 PM [debug]  Message :  CLIENT CONNECTED with ID -  J_utGIqDxUkfDmlSAADN
1/7/2025, 5:55:21 PM [warn]  Message :  CLIENT DISCONNECTED with ID -  J_utGIqDxUkfDmlSAADN
1/7/2025, 5:55:22 PM [debug]  Message :  CLIENT CONNECTED with ID -  hcrV_fH7LG90DP6tAADP
1/7/2025, 6:13:17 PM [warn]  Message :  CLIENT DISCONNECTED with ID -  hcrV_fH7LG90DP6tAADP
1/7/2025, 6:13:19 PM [debug]  Message :  CLIENT CONNECTED with ID -  2yjjS58Ss_9PoY0eAADR
1/7/2025, 6:21:33 PM [warn]  Message :  CLIENT DISCONNECTED with ID -  2yjjS58Ss_9PoY0eAADR
1/7/2025, 6:21:35 PM [debug]  Message :  CLIENT CONNECTED with ID -  7FnLozb-8owKfxw5AADT
1/7/2025, 6:37:18 PM [warn]  Message :  CLIENT DISCONNECTED with ID -  7FnLozb-8owKfxw5AADT
1/7/2025, 6:37:20 PM [debug]  Message :  CLIENT CONNECTED with ID -  dBAlWUK-VZmJKY6KAADV
1/7/2025, 6:46:13 PM [warn]  Message :  CLIENT DISCONNECTED with ID -  dBAlWUK-VZmJKY6KAADV
1/7/2025, 6:46:14 PM [debug]  Message :  CLIENT CONNECTED with ID -  OumExoqe4KDbZ4yWAADX
1/7/2025, 7:02:49 PM [warn]  Message :  CLIENT DISCONNECTED with ID -  OumExoqe4KDbZ4yWAADX
1/7/2025, 7:02:50 PM [debug]  Message :  CLIENT CONNECTED with ID -  X1dQhesbBn-2keV5AADZ
1/7/2025, 7:16:28 PM [warn]  Message :  CLIENT DISCONNECTED with ID -  X1dQhesbBn-2keV5AADZ
1/7/2025, 7:16:29 PM [debug]  Message :  CLIENT CONNECTED with ID -  Y7gyI_aWqEmN_IymAADb
1/7/2025, 7:32:57 PM [warn]  Message :  CLIENT DISCONNECTED with ID -  Y7gyI_aWqEmN_IymAADb
1/7/2025, 7:32:58 PM [debug]  Message :  CLIENT CONNECTED with ID -  d81bpm3HKcOuq6vHAADd
1/7/2025, 7:56:33 PM [warn]  Message :  CLIENT DISCONNECTED with ID -  d81bpm3HKcOuq6vHAADd
1/7/2025, 7:56:35 PM [debug]  Message :  CLIENT CONNECTED with ID -  Tqo549l8h4t0fs4JAADf
1/7/2025, 7:58:20 PM [warn]  Message :  CLIENT DISCONNECTED with ID -  Tqo549l8h4t0fs4JAADf
1/7/2025, 7:58:22 PM [debug]  Message :  CLIENT CONNECTED with ID -  vEdGdVmpupuaLRf8AADh
1/7/2025, 8:30:32 PM [warn]  Message :  CLIENT DISCONNECTED with ID -  vEdGdVmpupuaLRf8AADh
1/7/2025, 8:30:34 PM [debug]  Message :  CLIENT CONNECTED with ID -  Ma4O3ce5qI6FtayLAADj
1/7/2025, 8:49:02 PM [warn]  Message :  CLIENT DISCONNECTED with ID -  Ma4O3ce5qI6FtayLAADj
1/7/2025, 8:49:03 PM [debug]  Message :  CLIENT CONNECTED with ID -  WyXIzy5-vthbHr9dAADl
1/7/2025, 9:07:09 PM [warn]  Message :  CLIENT DISCONNECTED with ID -  WyXIzy5-vthbHr9dAADl
1/7/2025, 9:07:11 PM [debug]  Message :  CLIENT CONNECTED with ID -  LSHidew5nZl51SCfAADn
1/7/2025, 9:09:42 PM [warn]  Message :  CLIENT DISCONNECTED with ID -  LSHidew5nZl51SCfAADn
1/7/2025, 9:09:44 PM [debug]  Message :  CLIENT CONNECTED with ID -  4jkLsBNMiv97wJscAADp
1/7/2025, 9:14:01 PM [warn]  Message :  CLIENT DISCONNECTED with ID -  4jkLsBNMiv97wJscAADp
1/7/2025, 9:14:03 PM [debug]  Message :  CLIENT CONNECTED with ID -  eqjLEIlba6GmO8ghAADr
1/7/2025, 9:30:21 PM [warn]  Message :  CLIENT DISCONNECTED with ID -  eqjLEIlba6GmO8ghAADr
1/7/2025, 9:30:23 PM [debug]  Message :  CLIENT CONNECTED with ID -  5JWclfMBxifSMRRxAADt
1/7/2025, 9:38:56 PM [warn]  Message :  CLIENT DISCONNECTED with ID -  5JWclfMBxifSMRRxAADt
1/7/2025, 9:38:58 PM [debug]  Message :  CLIENT CONNECTED with ID -  KDV9p5ADBiXnYH3iAADv
1/7/2025, 9:41:25 PM [warn]  Message :  CLIENT DISCONNECTED with ID -  KDV9p5ADBiXnYH3iAADv
1/7/2025, 9:41:27 PM [debug]  Message :  CLIENT CONNECTED with ID -  uGkYWHTjq3J53PMpAADx
1/7/2025, 9:48:11 PM [warn]  Message :  CLIENT DISCONNECTED with ID -  uGkYWHTjq3J53PMpAADx
1/7/2025, 9:48:12 PM [debug]  Message :  CLIENT CONNECTED with ID -  YeJjJ1CrCRzffznEAADz
1/7/2025, 9:50:08 PM [warn]  Message :  CLIENT DISCONNECTED with ID -  YeJjJ1CrCRzffznEAADz
1/7/2025, 9:50:09 PM [debug]  Message :  CLIENT CONNECTED with ID -  Bem0kG1c37RazTUkAAD1
1/7/2025, 9:55:56 PM [warn]  Message :  CLIENT DISCONNECTED with ID -  Bem0kG1c37RazTUkAAD1
1/7/2025, 9:55:58 PM [debug]  Message :  CLIENT CONNECTED with ID -  UluNwuSOlfZ3qaUBAAD3
1/7/2025, 9:59:45 PM [warn]  Message :  CLIENT DISCONNECTED with ID -  UluNwuSOlfZ3qaUBAAD3
1/7/2025, 9:59:47 PM [debug]  Message :  CLIENT CONNECTED with ID -  7C_nAiqcMyBJWRZ5AAD5
1/7/2025, 10:04:35 PM [warn]  Message :  CLIENT DISCONNECTED with ID -  7C_nAiqcMyBJWRZ5AAD5
1/7/2025, 10:04:37 PM [debug]  Message :  CLIENT CONNECTED with ID -  1vScm8kBMGdSXrK7AAD7
1/7/2025, 10:50:37 PM [warn]  Message :  CLIENT DISCONNECTED with ID -  1vScm8kBMGdSXrK7AAD7
1/7/2025, 10:50:39 PM [debug]  Message :  CLIENT CONNECTED with ID -  W33rKwieeAbnENPQAAD9
1/7/2025, 11:07:20 PM [warn]  Message :  CLIENT DISCONNECTED with ID -  W33rKwieeAbnENPQAAD9
1/7/2025, 11:07:22 PM [debug]  Message :  CLIENT CONNECTED with ID -  mQOFVPAKuW2q09E1AAD_
1/7/2025, 11:23:06 PM [warn]  Message :  CLIENT DISCONNECTED with ID -  mQOFVPAKuW2q09E1AAD_
1/7/2025, 11:23:07 PM [debug]  Message :  CLIENT CONNECTED with ID -  VvALWVqRX26ORPeRAAEB
1/7/2025, 11:31:20 PM [warn]  Message :  CLIENT DISCONNECTED with ID -  VvALWVqRX26ORPeRAAEB
1/7/2025, 11:31:22 PM [debug]  Message :  CLIENT CONNECTED with ID -  BzFyqxrjg7HNma40AAED
1/7/2025, 11:47:07 PM [warn]  Message :  CLIENT DISCONNECTED with ID -  BzFyqxrjg7HNma40AAED
1/7/2025, 11:47:08 PM [debug]  Message :  CLIENT CONNECTED with ID -  tlABaJJxtk4SRDdiAAEF
1/7/2025, 11:53:35 PM [warn]  Message :  CLIENT DISCONNECTED with ID -  tlABaJJxtk4SRDdiAAEF
1/7/2025, 11:53:36 PM [debug]  Message :  CLIENT CONNECTED with ID -  TJdjiENELdACJxNbAAEH
1/8/2025, 12:07:02 AM [warn]  Message :  CLIENT DISCONNECTED with ID -  TJdjiENELdACJxNbAAEH
1/8/2025, 12:07:05 AM [debug]  Message :  CLIENT CONNECTED with ID -  bf-482B_cqo4it91AAEJ
1/8/2025, 12:10:41 AM [warn]  Message :  CLIENT DISCONNECTED with ID -  bf-482B_cqo4it91AAEJ
1/8/2025, 12:10:43 AM [debug]  Message :  CLIENT CONNECTED with ID -  FrdGvONfjuubfMJqAAEL
1/8/2025, 12:26:59 AM [warn]  Message :  CLIENT DISCONNECTED with ID -  FrdGvONfjuubfMJqAAEL
1/8/2025, 12:27:01 AM [debug]  Message :  CLIENT CONNECTED with ID -  XgcH76qicCaafj3AAAEN
1/8/2025, 12:42:50 AM [warn]  Message :  CLIENT DISCONNECTED with ID -  XgcH76qicCaafj3AAAEN
1/8/2025, 12:42:51 AM [debug]  Message :  CLIENT CONNECTED with ID -  b1hZGok2rxtkBFmOAAEP
1/8/2025, 12:44:14 AM [warn]  Message :  CLIENT DISCONNECTED with ID -  b1hZGok2rxtkBFmOAAEP
1/8/2025, 12:44:16 AM [debug]  Message :  CLIENT CONNECTED with ID -  n_XFvf4Y3OAyVWxSAAER
1/8/2025, 12:48:29 AM [warn]  Message :  CLIENT DISCONNECTED with ID -  n_XFvf4Y3OAyVWxSAAER
1/8/2025, 12:48:30 AM [debug]  Message :  CLIENT CONNECTED with ID -  pcbKVahsAVuONnt7AAET
1/8/2025, 1:26:55 AM [warn]  Message :  CLIENT DISCONNECTED with ID -  pcbKVahsAVuONnt7AAET
1/8/2025, 1:26:56 AM [debug]  Message :  CLIENT CONNECTED with ID -  bxjPYTUrwtXF213bAAEV
1/8/2025, 1:54:24 AM [warn]  Message :  CLIENT DISCONNECTED with ID -  bxjPYTUrwtXF213bAAEV
1/8/2025, 1:54:25 AM [debug]  Message :  CLIENT CONNECTED with ID -  bsSGqUXQNnhoYhI-AAEX
1/8/2025, 2:15:27 AM [warn]  Message :  CLIENT DISCONNECTED with ID -  bsSGqUXQNnhoYhI-AAEX
1/8/2025, 2:15:29 AM [debug]  Message :  CLIENT CONNECTED with ID -  mL_DC0mtWGZljSx3AAEZ
1/8/2025, 2:36:44 AM [warn]  Message :  CLIENT DISCONNECTED with ID -  mL_DC0mtWGZljSx3AAEZ
1/8/2025, 2:36:45 AM [debug]  Message :  CLIENT CONNECTED with ID -  XbZhsuw3LW8zkXgEAAEb
1/8/2025, 2:58:27 AM [warn]  Message :  CLIENT DISCONNECTED with ID -  XbZhsuw3LW8zkXgEAAEb
1/8/2025, 2:58:28 AM [debug]  Message :  CLIENT CONNECTED with ID -  4pASORPC1NVCQ7nyAAEd
1/8/2025, 3:01:13 AM [warn]  Message :  CLIENT DISCONNECTED with ID -  4pASORPC1NVCQ7nyAAEd
1/8/2025, 3:01:15 AM [debug]  Message :  CLIENT CONNECTED with ID -  HAAGsfnJ7AtQPUeaAAEf
1/8/2025, 3:03:08 AM [warn]  Message :  CLIENT DISCONNECTED with ID -  HAAGsfnJ7AtQPUeaAAEf
1/8/2025, 3:03:10 AM [debug]  Message :  CLIENT CONNECTED with ID -  c97MPP7JxFfXk8BWAAEh
1/8/2025, 3:41:01 AM [warn]  Message :  CLIENT DISCONNECTED with ID -  c97MPP7JxFfXk8BWAAEh
1/8/2025, 3:41:02 AM [debug]  Message :  CLIENT CONNECTED with ID -  u8nq9nG6DS3-f-zQAAEj
1/8/2025, 3:41:10 AM [warn]  Message :  CLIENT DISCONNECTED with ID -  u8nq9nG6DS3-f-zQAAEj
1/8/2025, 3:41:11 AM [debug]  Message :  CLIENT CONNECTED with ID -  -TRdc3GpMlBZgD50AAEl
1/8/2025, 4:00:48 AM [warn]  Message :  CLIENT DISCONNECTED with ID -  -TRdc3GpMlBZgD50AAEl
1/8/2025, 4:00:50 AM [debug]  Message :  CLIENT CONNECTED with ID -  0LyLWXRuwtxxYUc2AAEn
1/8/2025, 5:14:17 AM [warn]  Message :  CLIENT DISCONNECTED with ID -  0LyLWXRuwtxxYUc2AAEn
1/8/2025, 5:14:18 AM [debug]  Message :  CLIENT CONNECTED with ID -  e5F9dq3Fnc3Dnp_3AAEp
1/8/2025, 5:31:07 AM [warn]  Message :  CLIENT DISCONNECTED with ID -  e5F9dq3Fnc3Dnp_3AAEp
1/8/2025, 5:31:08 AM [debug]  Message :  CLIENT CONNECTED with ID -  remAESRQ6Ltinmq5AAEr
1/8/2025, 5:54:07 AM [warn]  Message :  CLIENT DISCONNECTED with ID -  remAESRQ6Ltinmq5AAEr
1/8/2025, 5:54:08 AM [debug]  Message :  CLIENT CONNECTED with ID -  CXivQiAEcR7mlPS3AAEt
1/8/2025, 6:17:24 AM [warn]  Message :  CLIENT DISCONNECTED with ID -  CXivQiAEcR7mlPS3AAEt
1/8/2025, 6:17:24 AM [debug]  Message :  CLIENT CONNECTED with ID -  7MMq3cGbEO9FdHtyAAEv
1/8/2025, 6:41:31 AM [warn]  Message :  CLIENT DISCONNECTED with ID -  7MMq3cGbEO9FdHtyAAEv
1/8/2025, 6:41:33 AM [debug]  Message :  CLIENT CONNECTED with ID -  WGYYUw7gZfaGGaMYAAEx
1/8/2025, 7:01:52 AM [warn]  Message :  CLIENT DISCONNECTED with ID -  WGYYUw7gZfaGGaMYAAEx
1/8/2025, 7:01:53 AM [debug]  Message :  CLIENT CONNECTED with ID -  FpPlWuGhKDiUfdN9AAEz
1/8/2025, 7:17:52 AM [warn]  Message :  CLIENT DISCONNECTED with ID -  FpPlWuGhKDiUfdN9AAEz
1/8/2025, 7:17:52 AM [debug]  Message :  CLIENT CONNECTED with ID -  fPzICQh-G6F-HSg2AAE1
1/8/2025, 7:34:05 AM [warn]  Message :  CLIENT DISCONNECTED with ID -  fPzICQh-G6F-HSg2AAE1
1/8/2025, 7:34:06 AM [debug]  Message :  CLIENT CONNECTED with ID -  gdFnH_f7GF3ymWqOAAE3
1/8/2025, 7:52:51 AM [warn]  Message :  CLIENT DISCONNECTED with ID -  gdFnH_f7GF3ymWqOAAE3
1/8/2025, 7:52:52 AM [debug]  Message :  CLIENT CONNECTED with ID -  1otCwcQZOuGdkUf1AAE5
1/8/2025, 7:54:56 AM [warn]  Message :  CLIENT DISCONNECTED with ID -  1otCwcQZOuGdkUf1AAE5
1/8/2025, 7:54:58 AM [debug]  Message :  CLIENT CONNECTED with ID -  MyRIz6F60vqKEKFCAAE7
1/8/2025, 7:57:11 AM [warn]  Message :  CLIENT DISCONNECTED with ID -  MyRIz6F60vqKEKFCAAE7
1/8/2025, 7:57:12 AM [debug]  Message :  CLIENT CONNECTED with ID -  LaBmU1se0mfvIjYoAAE9
1/8/2025, 7:59:09 AM [warn]  Message :  CLIENT DISCONNECTED with ID -  LaBmU1se0mfvIjYoAAE9
1/8/2025, 7:59:11 AM [debug]  Message :  CLIENT CONNECTED with ID -  ryRSfD5dAuLfsqtJAAE_
1/8/2025, 8:21:27 AM [warn]  Message :  CLIENT DISCONNECTED with ID -  ryRSfD5dAuLfsqtJAAE_
1/8/2025, 8:21:29 AM [debug]  Message :  CLIENT CONNECTED with ID -  k_i4V52ZKQVUXTKSAAFB
1/8/2025, 9:30:13 AM [warn]  Message :  CLIENT DISCONNECTED with ID -  k_i4V52ZKQVUXTKSAAFB
1/8/2025, 9:30:15 AM [debug]  Message :  CLIENT CONNECTED with ID -  9FNaxw3BMKg3vGCqAAFD
1/8/2025, 10:19:27 AM [warn]  Message :  CLIENT DISCONNECTED with ID -  9FNaxw3BMKg3vGCqAAFD
1/8/2025, 10:19:28 AM [debug]  Message :  CLIENT CONNECTED with ID -  456FFZ0V6kKF6nkNAAFF
1/8/2025, 10:24:28 AM [warn]  Message :  CLIENT DISCONNECTED with ID -  456FFZ0V6kKF6nkNAAFF
1/8/2025, 10:24:29 AM [debug]  Message :  CLIENT CONNECTED with ID -  4w03Zc_ve8I54rF9AAFH
1/8/2025, 10:41:43 AM [warn]  Message :  CLIENT DISCONNECTED with ID -  4w03Zc_ve8I54rF9AAFH
1/8/2025, 10:41:44 AM [debug]  Message :  CLIENT CONNECTED with ID -  xfZWW97d58Bcv1pjAAFJ
1/8/2025, 10:46:47 AM [warn]  Message :  CLIENT DISCONNECTED with ID -  xfZWW97d58Bcv1pjAAFJ
1/8/2025, 10:46:48 AM [debug]  Message :  CLIENT CONNECTED with ID -  _X2DdMA4i3y7TKvuAAFL
1/8/2025, 11:03:52 AM [warn]  Message :  CLIENT DISCONNECTED with ID -  _X2DdMA4i3y7TKvuAAFL
1/8/2025, 11:03:54 AM [debug]  Message :  CLIENT CONNECTED with ID -  i97EXrpf5cu2GbPoAAFN
1/8/2025, 11:19:38 AM [warn]  Message :  CLIENT DISCONNECTED with ID -  i97EXrpf5cu2GbPoAAFN
1/8/2025, 11:19:39 AM [debug]  Message :  CLIENT CONNECTED with ID -  rR5BmJW3VAepR0Q6AAFP
1/8/2025, 11:35:49 AM [warn]  Message :  CLIENT DISCONNECTED with ID -  rR5BmJW3VAepR0Q6AAFP
1/8/2025, 11:35:50 AM [debug]  Message :  CLIENT CONNECTED with ID -  ufIlnne1nXyIijv7AAFR
1/8/2025, 1:14:44 PM [warn]  Message :  CLIENT DISCONNECTED with ID -  ufIlnne1nXyIijv7AAFR
1/8/2025, 1:14:45 PM [debug]  Message :  CLIENT CONNECTED with ID -  xqObOJ7RGz7pd10tAAFT
1/8/2025, 1:44:11 PM [warn]  Message :  CLIENT DISCONNECTED with ID -  xqObOJ7RGz7pd10tAAFT
1/8/2025, 1:44:13 PM [debug]  Message :  CLIENT CONNECTED with ID -  n6hKHij2hBDd9BLEAAFV
1/8/2025, 2:10:05 PM [warn]  Message :  CLIENT DISCONNECTED with ID -  n6hKHij2hBDd9BLEAAFV
1/8/2025, 2:10:06 PM [debug]  Message :  CLIENT CONNECTED with ID -  Y5zv576Bu10pt76IAAFX
1/8/2025, 2:34:56 PM [warn]  Message :  CLIENT DISCONNECTED with ID -  Y5zv576Bu10pt76IAAFX
1/8/2025, 2:34:58 PM [debug]  Message :  CLIENT CONNECTED with ID -  zVLwpt8ZLE3Z_bJ0AAFZ
1/8/2025, 3:22:47 PM [warn]  Message :  CLIENT DISCONNECTED with ID -  zVLwpt8ZLE3Z_bJ0AAFZ
1/8/2025, 3:22:48 PM [debug]  Message :  CLIENT CONNECTED with ID -  mwhruehK5j-rbKylAAFb
1/8/2025, 3:47:41 PM [warn]  Message :  CLIENT DISCONNECTED with ID -  mwhruehK5j-rbKylAAFb
1/8/2025, 3:47:42 PM [debug]  Message :  CLIENT CONNECTED with ID -  RmEV2tFgzLTzRQ2SAAFd
1/8/2025, 4:05:25 PM [warn]  Message :  CLIENT DISCONNECTED with ID -  RmEV2tFgzLTzRQ2SAAFd
1/8/2025, 4:05:27 PM [debug]  Message :  CLIENT CONNECTED with ID -  jMzFBeLXRfTaUtRWAAFf
1/8/2025, 4:31:04 PM [warn]  Message :  CLIENT DISCONNECTED with ID -  jMzFBeLXRfTaUtRWAAFf
1/8/2025, 4:31:06 PM [debug]  Message :  CLIENT CONNECTED with ID -  8hrF6biTDtWI85p-AAFh
1/8/2025, 5:46:37 PM [warn]  Message :  CLIENT DISCONNECTED with ID -  8hrF6biTDtWI85p-AAFh
1/8/2025, 5:46:38 PM [debug]  Message :  CLIENT CONNECTED with ID -  Eoo6sAmVpsSqFYLJAAFj
1/8/2025, 6:47:54 PM [warn]  Message :  CLIENT DISCONNECTED with ID -  Eoo6sAmVpsSqFYLJAAFj
1/8/2025, 6:47:55 PM [debug]  Message :  CLIENT CONNECTED with ID -  9GEvz384ds-K_sZSAAFl
1/8/2025, 7:31:36 PM [warn]  Message :  CLIENT DISCONNECTED with ID -  9GEvz384ds-K_sZSAAFl
1/8/2025, 7:31:38 PM [debug]  Message :  CLIENT CONNECTED with ID -  fyw73gkLP24GS7WVAAFn
1/8/2025, 7:55:29 PM [warn]  Message :  CLIENT DISCONNECTED with ID -  fyw73gkLP24GS7WVAAFn
1/8/2025, 7:55:31 PM [debug]  Message :  CLIENT CONNECTED with ID -  nIb6FZDXqcpsDKpJAAFp
1/8/2025, 7:57:03 PM [warn]  Message :  CLIENT DISCONNECTED with ID -  nIb6FZDXqcpsDKpJAAFp
1/8/2025, 7:57:06 PM [debug]  Message :  CLIENT CONNECTED with ID -  0CGph6WOzkGUnYRHAAFr
1/8/2025, 8:20:33 PM [warn]  Message :  CLIENT DISCONNECTED with ID -  0CGph6WOzkGUnYRHAAFr
1/8/2025, 8:20:35 PM [debug]  Message :  CLIENT CONNECTED with ID -  YxDUHnn_A5fVBTSfAAFt
1/8/2025, 8:32:25 PM [warn]  Message :  CLIENT DISCONNECTED with ID -  YxDUHnn_A5fVBTSfAAFt
1/8/2025, 8:32:26 PM [debug]  Message :  CLIENT CONNECTED with ID -  5j_o5W2m6Vh1vc7SAAFv
1/8/2025, 8:48:16 PM [warn]  Message :  CLIENT DISCONNECTED with ID -  5j_o5W2m6Vh1vc7SAAFv
1/8/2025, 8:48:17 PM [debug]  Message :  CLIENT CONNECTED with ID -  o1FB_IbOIa3P8LOrAAFx
1/8/2025, 9:08:52 PM [debug]  Message :  CLIENT CONNECTED with ID -  toW049Oog5J-l8LeAAFz
1/8/2025, 9:09:07 PM [warn]  Message :  CLIENT DISCONNECTED with ID -  toW049Oog5J-l8LeAAFz
1/8/2025, 9:50:14 PM [warn]  Message :  CLIENT DISCONNECTED with ID -  o1FB_IbOIa3P8LOrAAFx
1/8/2025, 9:50:16 PM [debug]  Message :  CLIENT CONNECTED with ID -  itgn0xeDRbbTujjVAAF1
1/8/2025, 10:07:32 PM [warn]  Message :  CLIENT DISCONNECTED with ID -  itgn0xeDRbbTujjVAAF1
1/8/2025, 10:07:34 PM [debug]  Message :  CLIENT CONNECTED with ID -  3ZJGchpPQL92gET5AAF3
1/8/2025, 10:13:54 PM [warn]  Message :  CLIENT DISCONNECTED with ID -  3ZJGchpPQL92gET5AAF3
1/8/2025, 10:13:55 PM [debug]  Message :  CLIENT CONNECTED with ID -  nHeMRyA7U-is8ltFAAF5
1/8/2025, 10:30:53 PM [warn]  Message :  CLIENT DISCONNECTED with ID -  nHeMRyA7U-is8ltFAAF5
1/8/2025, 10:30:55 PM [debug]  Message :  CLIENT CONNECTED with ID -  5mhe_jOIyUglB3G2AAF7
1/8/2025, 10:53:57 PM [warn]  Message :  CLIENT DISCONNECTED with ID -  5mhe_jOIyUglB3G2AAF7
1/8/2025, 10:53:59 PM [debug]  Message :  CLIENT CONNECTED with ID -  rS9FMXtamlYiqVoyAAF9
1/8/2025, 11:13:34 PM [warn]  Message :  CLIENT DISCONNECTED with ID -  rS9FMXtamlYiqVoyAAF9
1/8/2025, 11:13:36 PM [debug]  Message :  CLIENT CONNECTED with ID -  vL94jPH7aXhRpGrPAAF_
1/8/2025, 11:25:32 PM [warn]  Message :  CLIENT DISCONNECTED with ID -  vL94jPH7aXhRpGrPAAF_
1/8/2025, 11:25:35 PM [debug]  Message :  CLIENT CONNECTED with ID -  1DUGc3N9SIxzEjiOAAGB
1/9/2025, 12:32:17 AM [warn]  Message :  CLIENT DISCONNECTED with ID -  1DUGc3N9SIxzEjiOAAGB
1/9/2025, 12:32:19 AM [debug]  Message :  CLIENT CONNECTED with ID -  leUG4u0Ia5zDkUyTAAGD
1/9/2025, 12:40:29 AM [warn]  Message :  CLIENT DISCONNECTED with ID -  leUG4u0Ia5zDkUyTAAGD
1/9/2025, 12:40:30 AM [debug]  Message :  CLIENT CONNECTED with ID -  0lxLOK6Dvve5u1lpAAGF
1/9/2025, 12:56:14 AM [warn]  Message :  CLIENT DISCONNECTED with ID -  0lxLOK6Dvve5u1lpAAGF
1/9/2025, 12:56:16 AM [debug]  Message :  CLIENT CONNECTED with ID -  eeXNwUgElqGgNDYgAAGH
1/9/2025, 1:12:45 AM [warn]  Message :  CLIENT DISCONNECTED with ID -  eeXNwUgElqGgNDYgAAGH
1/9/2025, 1:12:46 AM [debug]  Message :  CLIENT CONNECTED with ID -  nUDr3TGMlR2RNiOlAAGJ
1/9/2025, 1:26:00 AM [warn]  Message :  CLIENT DISCONNECTED with ID -  nUDr3TGMlR2RNiOlAAGJ
1/9/2025, 1:26:02 AM [debug]  Message :  CLIENT CONNECTED with ID -  NxLLAcQSaoCAM7faAAGL
1/9/2025, 1:28:51 AM [warn]  Message :  CLIENT DISCONNECTED with ID -  NxLLAcQSaoCAM7faAAGL
1/9/2025, 1:28:52 AM [debug]  Message :  CLIENT CONNECTED with ID -  e8VjD0GCd_yPFhxhAAGN
1/9/2025, 1:30:06 AM [warn]  Message :  CLIENT DISCONNECTED with ID -  e8VjD0GCd_yPFhxhAAGN
1/9/2025, 1:30:07 AM [debug]  Message :  CLIENT CONNECTED with ID -  DxYOgBczKTtEs89-AAGP
1/9/2025, 1:40:01 AM [warn]  Message :  CLIENT DISCONNECTED with ID -  DxYOgBczKTtEs89-AAGP
1/9/2025, 1:40:02 AM [debug]  Message :  CLIENT CONNECTED with ID -  Bpu-zMZ2dMa26_m1AAGR
1/9/2025, 1:41:35 AM [warn]  Message :  CLIENT DISCONNECTED with ID -  Bpu-zMZ2dMa26_m1AAGR
1/9/2025, 1:41:37 AM [debug]  Message :  CLIENT CONNECTED with ID -  -QaFdNlTv4-_e8piAAGT
1/9/2025, 2:00:01 AM [warn]  Message :  CLIENT DISCONNECTED with ID -  -QaFdNlTv4-_e8piAAGT
1/9/2025, 2:00:03 AM [debug]  Message :  CLIENT CONNECTED with ID -  9RWd83ZCFTrpGoBRAAGV
1/9/2025, 2:03:51 AM [warn]  Message :  CLIENT DISCONNECTED with ID -  9RWd83ZCFTrpGoBRAAGV
1/9/2025, 2:03:52 AM [debug]  Message :  CLIENT CONNECTED with ID -  bcn35FUpbaL8G_ZMAAGX
1/9/2025, 2:05:57 AM [warn]  Message :  CLIENT DISCONNECTED with ID -  bcn35FUpbaL8G_ZMAAGX
1/9/2025, 2:05:59 AM [debug]  Message :  CLIENT CONNECTED with ID -  -yvmL6hv-lTvmM26AAGZ
1/9/2025, 2:12:00 AM [warn]  Message :  CLIENT DISCONNECTED with ID -  -yvmL6hv-lTvmM26AAGZ
1/9/2025, 2:12:02 AM [debug]  Message :  CLIENT CONNECTED with ID -  9F0fUGAOf4wQYJxZAAGb
1/9/2025, 2:16:03 AM [warn]  Message :  CLIENT DISCONNECTED with ID -  9F0fUGAOf4wQYJxZAAGb
1/9/2025, 2:16:05 AM [debug]  Message :  CLIENT CONNECTED with ID -  R8JEu5feAyokwskNAAGd
1/9/2025, 2:18:01 AM [warn]  Message :  CLIENT DISCONNECTED with ID -  R8JEu5feAyokwskNAAGd
1/9/2025, 2:18:03 AM [debug]  Message :  CLIENT CONNECTED with ID -  -5JNXLpxingKOGsiAAGf
1/9/2025, 3:43:22 AM [warn]  Message :  CLIENT DISCONNECTED with ID -  -5JNXLpxingKOGsiAAGf
1/9/2025, 3:43:24 AM [debug]  Message :  CLIENT CONNECTED with ID -  NQDZX5uiokl_3E3_AAGh
1/9/2025, 3:59:13 AM [warn]  Message :  CLIENT DISCONNECTED with ID -  NQDZX5uiokl_3E3_AAGh
1/9/2025, 3:59:14 AM [debug]  Message :  CLIENT CONNECTED with ID -  VtQoTNwfpPSbOG1vAAGj
1/9/2025, 5:05:57 AM [warn]  Message :  CLIENT DISCONNECTED with ID -  VtQoTNwfpPSbOG1vAAGj
1/9/2025, 5:05:59 AM [debug]  Message :  CLIENT CONNECTED with ID -  QebDhpSwSpgOgBwlAAGl
1/9/2025, 5:06:00 AM [warn]  Message :  CLIENT DISCONNECTED with ID -  QebDhpSwSpgOgBwlAAGl
1/9/2025, 5:06:02 AM [debug]  Message :  CLIENT CONNECTED with ID -  GKkqaSE7qgeABk3_AAGn
1/9/2025, 5:08:31 AM [warn]  Message :  CLIENT DISCONNECTED with ID -  GKkqaSE7qgeABk3_AAGn
1/9/2025, 5:08:32 AM [debug]  Message :  CLIENT CONNECTED with ID -  YGu751pINrNPWXC3AAGp
1/9/2025, 5:14:16 AM [warn]  Message :  CLIENT DISCONNECTED with ID -  YGu751pINrNPWXC3AAGp
1/9/2025, 5:14:18 AM [debug]  Message :  CLIENT CONNECTED with ID -  SOa-Nz4Vaat7e91_AAGr
1/9/2025, 5:15:28 AM [warn]  Message :  CLIENT DISCONNECTED with ID -  SOa-Nz4Vaat7e91_AAGr
1/9/2025, 5:15:29 AM [debug]  Message :  CLIENT CONNECTED with ID -  _FfH5BNb-8vpkK1_AAGt
1/9/2025, 5:18:45 AM [warn]  Message :  CLIENT DISCONNECTED with ID -  _FfH5BNb-8vpkK1_AAGt
1/9/2025, 5:18:46 AM [debug]  Message :  CLIENT CONNECTED with ID -  GgYlQfKsjngZz02CAAGv
1/9/2025, 5:57:09 AM [warn]  Message :  CLIENT DISCONNECTED with ID -  GgYlQfKsjngZz02CAAGv
1/9/2025, 5:57:10 AM [debug]  Message :  CLIENT CONNECTED with ID -  Zk6n2R9EJx9yz1k3AAGx
1/9/2025, 6:00:06 AM [warn]  Message :  CLIENT DISCONNECTED with ID -  Zk6n2R9EJx9yz1k3AAGx
1/9/2025, 6:00:07 AM [debug]  Message :  CLIENT CONNECTED with ID -  sQqNlKtve-rocaIZAAGz
1/9/2025, 6:00:16 AM [warn]  Message :  CLIENT DISCONNECTED with ID -  sQqNlKtve-rocaIZAAGz
1/9/2025, 6:00:18 AM [debug]  Message :  CLIENT CONNECTED with ID -  w8VNal3azlWT3mIIAAG1
1/9/2025, 6:02:32 AM [warn]  Message :  CLIENT DISCONNECTED with ID -  w8VNal3azlWT3mIIAAG1
1/9/2025, 6:02:33 AM [debug]  Message :  CLIENT CONNECTED with ID -  Wd_sJyNQpK6kB9j7AAG3
1/9/2025, 6:09:14 AM [warn]  Message :  CLIENT DISCONNECTED with ID -  Wd_sJyNQpK6kB9j7AAG3
1/9/2025, 6:09:16 AM [debug]  Message :  CLIENT CONNECTED with ID -  YJggo5LGqH13HAztAAG5
1/9/2025, 6:18:44 AM [warn]  Message :  CLIENT DISCONNECTED with ID -  YJggo5LGqH13HAztAAG5
1/9/2025, 6:18:45 AM [debug]  Message :  CLIENT CONNECTED with ID -  Dn96MWaY6447F0JeAAG7
1/9/2025, 6:32:36 AM [warn]  Message :  CLIENT DISCONNECTED with ID -  Dn96MWaY6447F0JeAAG7
1/9/2025, 6:32:37 AM [debug]  Message :  CLIENT CONNECTED with ID -  zQEk9QTnH863oS7-AAG9
1/9/2025, 7:05:48 AM [warn]  Message :  CLIENT DISCONNECTED with ID -  zQEk9QTnH863oS7-AAG9
1/9/2025, 7:05:48 AM [error]  Message :  unauthorized, there is no access token but refesh token
1/9/2025, 7:05:55 AM [debug]  Message :  CLIENT CONNECTED with ID -  6O3enzcQCkX3nLqkAAG_
1/9/2025, 8:13:14 AM [warn]  Message :  CLIENT DISCONNECTED with ID -  6O3enzcQCkX3nLqkAAG_
1/9/2025, 8:13:15 AM [debug]  Message :  CLIENT CONNECTED with ID -  K8odgdUSXUk7MB7IAAHB
1/9/2025, 8:14:49 AM [warn]  Message :  CLIENT DISCONNECTED with ID -  K8odgdUSXUk7MB7IAAHB
1/9/2025, 8:14:50 AM [debug]  Message :  CLIENT CONNECTED with ID -  8ublyun_huK7eg-KAAHD
1/9/2025, 8:16:15 AM [warn]  Message :  CLIENT DISCONNECTED with ID -  8ublyun_huK7eg-KAAHD
1/9/2025, 8:16:17 AM [debug]  Message :  CLIENT CONNECTED with ID -  OT6e8tKaipzI0RFDAAHF
1/9/2025, 8:32:32 AM [warn]  Message :  CLIENT DISCONNECTED with ID -  OT6e8tKaipzI0RFDAAHF
1/9/2025, 8:32:34 AM [debug]  Message :  CLIENT CONNECTED with ID -  b8CqnMCWkG9tnhyOAAHH
