1/10/2025, 8:27:36 AM [error]  Message :  unauthorized, there is no access token but refesh token
1/10/2025, 9:17:12 AM [error]  Message :  Invalid Status Provided
1/10/2025, 9:17:17 AM [error]  Message :  Invalid Status Provided
1/10/2025, 9:17:54 AM [error]  Message :  Invalid Status Provided
1/10/2025, 9:18:27 AM [error]  Message :  Invalid Status Provided
1/10/2025, 9:18:29 AM [error]  Message :  Invalid Status Provided
1/10/2025, 9:19:28 AM [error]  Message :  Invalid Status Provided
1/10/2025, 9:19:29 AM [error]  Message :  Invalid Status Provided
1/10/2025, 9:19:35 AM [error]  Message :  Invalid Status Provided
1/10/2025, 9:19:36 AM [error]  Message :  Invalid Status Provided
1/10/2025, 9:19:38 AM [error]  Message :  Invalid Status Provided
1/10/2025, 9:19:39 AM [error]  Message :  Invalid Status Provided
1/10/2025, 9:19:55 AM [error]  Message :  Invalid Status Provided
1/10/2025, 9:19:57 AM [error]  Message :  Invalid Status Provided
1/10/2025, 9:20:07 AM [error]  Message :  Invalid Status Provided
1/10/2025, 9:20:39 AM [error]  Message :  Invalid Status Provided
1/10/2025, 9:20:40 AM [error]  Message :  Invalid Status Provided
1/10/2025, 9:20:42 AM [error]  Message :  Invalid Status Provided
1/10/2025, 9:20:48 AM [error]  Message :  Invalid Status Provided
1/10/2025, 9:21:10 AM [error]  Message :  Invalid Status Provided
1/10/2025, 9:22:43 AM [error]  Message :  Invalid Status Provided
1/10/2025, 9:22:45 AM [error]  Message :  Invalid Status Provided
1/10/2025, 9:22:46 AM [error]  Message :  Invalid Status Provided
1/10/2025, 9:22:47 AM [error]  Message :  Invalid Status Provided
1/10/2025, 9:22:48 AM [error]  Message :  Invalid Status Provided
1/10/2025, 9:23:14 AM [error]  Message :  Invalid Status Provided
1/10/2025, 9:23:45 AM [error]  Message :  Invalid Status Provided
1/10/2025, 9:24:33 AM [error]  Message :  Invalid Status Provided
1/10/2025, 9:42:37 AM [error]  Message :  unauthorized, there is no access token but refesh token
1/10/2025, 9:42:40 AM [error]  Message :  Error: Query.isEqual failed: First argument must be an instance of firebase.database.Query.
1/10/2025, 9:47:07 AM [error]  Message :  Error: Query.orderByValue failed: Was called with 1 argument. Expects none.
1/10/2025, 9:56:43 AM [error]  Message :  Error: Reference.child failed: Was called with 0 arguments. Expects at least 1.
1/10/2025, 10:01:20 AM [error]  Message :  Invalid Status Provided
1/10/2025, 10:01:30 AM [error]  Message :  Invalid Status Provided
1/10/2025, 10:02:48 AM [error]  Message :  Invalid Status Provided
