7/11/2023, 11:38:57 AM [error]  Message :  unauthorized, there is no access token but refesh token
7/11/2023, 12:45:52 PM [error]  Message :  unauthorized, there is no access token but refesh token
7/11/2023, 2:40:46 PM [error]  Message :  unauthorized, there is no access token but refesh token
7/11/2023, 2:40:46 PM [error]  Message :  unauthorized, there is no access token but refesh token
7/11/2023, 3:36:24 PM [error]  Message :  ----- Reason -----
7/11/2023, 3:36:24 PM [error]  Message :  fs is not defined
7/11/2023, 3:38:45 PM [error]  Message :  ----- Reason -----
7/11/2023, 3:38:45 PM [error]  Message :  Callback must be a function. Received { encoding: 'base64' }
7/11/2023, 3:50:25 PM [error]  Message :  unauthorized, there is no access token but refesh token
7/11/2023, 3:51:15 PM [error]  Message :  ----- Reason -----
7/11/2023, 3:51:15 PM [error]  Message :  path is not defined
7/11/2023, 3:52:14 PM [error]  Message :  ----- Reason -----
7/11/2023, 3:52:14 PM [error]  Message :  path is not defined
7/11/2023, 3:55:19 PM [error]  Message :  ----- uncaught exception  -----
7/11/2023, 3:55:19 PM [error]  Message :  Error [ERR_PACKAGE_PATH_NOT_EXPORTED]: Package subpath './lib/fs' is not defined by "exports" in /Users/sunilkumarpasupuleti/Desktop/projects/apps/expensesmanager/backend/node_modules/fs-extra/package.json
    at new NodeError (node:internal/errors:387:5)
    at throwExportsNotFound (node:internal/modules/esm/resolve:365:9)
    at packageExportsResolve (node:internal/modules/esm/resolve:649:3)
    at resolveExports (node:internal/modules/cjs/loader:522:36)
    at Function.Module._findPath (node:internal/modules/cjs/loader:562:31)
    at Function.Module._resolveFilename (node:internal/modules/cjs/loader:971:27)
    at Function.Module._load (node:internal/modules/cjs/loader:833:27)
    at Module.require (node:internal/modules/cjs/loader:1057:19)
    at require (node:internal/modules/cjs/helpers:103:18)
    at Object.<anonymous> (/Users/sunilkumarpasupuleti/Desktop/projects/apps/expensesmanager/backend/index.js:231:20)
7/11/2023, 3:55:20 PM [error]  Message :  ----- uncaught exception  -----
7/11/2023, 3:55:20 PM [error]  Message :  ReferenceError: exists is not defined
    at Object.<anonymous> (/Users/sunilkumarpasupuleti/Desktop/projects/apps/expensesmanager/backend/index.js:232:13)
    at Module._compile (node:internal/modules/cjs/loader:1155:14)
    at Object.Module._extensions..js (node:internal/modules/cjs/loader:1209:10)
    at Module.load (node:internal/modules/cjs/loader:1033:32)
    at Function.Module._load (node:internal/modules/cjs/loader:868:12)
    at Function.executeUserEntryPoint [as runMain] (node:internal/modules/run_main:81:12)
    at node:internal/main/run_main_module:22:47
7/11/2023, 4:04:48 PM [error]  Message :  Error in reading files
7/11/2023, 4:05:04 PM [error]  Message :  Error in reading files Error: ENOENT: no such file or directory, scandir 'function() {
  if (!cwd)
    cwd = origCwd.call(process)
  return cwd
}/public/notification'
7/11/2023, 10:34:01 PM [error]  Message :  unauthorized, there is no access token but refesh token
7/11/2023, 11:36:53 PM [error]  Message :  unauthorized, there is no access token but refesh token
7/11/2023, 11:45:16 PM [error]  Message :  ----- Reason -----
7/11/2023, 11:45:16 PM [error]  Message :  users.forEach is not a function
