7/12/2023, 5:32:45 AM [error]  Message :  unauthorized, there is no access token but refesh token
7/12/2023, 6:12:00 AM [error]  Message :  ----- Reason -----
7/12/2023, 6:12:00 AM [error]  Message :  uid is not defined
7/12/2023, 6:12:00 AM [error]  Message :  ----- Reason -----
7/12/2023, 6:12:00 AM [error]  Message :  Cannot destructure property 'categories' of 'backupTempData' as it is null.
7/12/2023, 6:13:00 AM [error]  Message :  ----- Reason -----
7/12/2023, 6:13:00 AM [error]  Message :  Cannot destructure property 'categories' of 'backupTempData' as it is null.
7/12/2023, 6:13:00 AM [error]  Message :  ----- Reason -----
7/12/2023, 6:13:00 AM [error]  Message :  uid is not defined
7/12/2023, 6:15:00 AM [error]  Message :  ----- Reason -----
7/12/2023, 6:15:00 AM [error]  Message :  Cannot destructure property 'categories' of 'backupTempData' as it is null.
7/12/2023, 6:15:00 AM [error]  Message :  ----- Reason -----
7/12/2023, 6:15:00 AM [error]  Message :  uid is not defined
7/12/2023, 6:16:42 AM [error]  Message :   Connection Error :  querySrv ECONNREFUSED _mongodb._tcp.cluster0.lrqxoge.mongodb.net
7/12/2023, 6:16:42 AM [error]  Message :  ----- Reason -----
7/12/2023, 6:16:42 AM [error]  Message :  querySrv ECONNREFUSED _mongodb._tcp.cluster0.lrqxoge.mongodb.net
7/12/2023, 6:17:00 AM [error]  Message :  ----- Reason -----
7/12/2023, 6:17:00 AM [error]  Message :  Cannot destructure property 'categories' of 'backupTempData' as it is null.
7/12/2023, 6:37:00 AM [error]  Message :  ----- Reason -----
7/12/2023, 6:37:00 AM [error]  Message :  Cannot read properties of null (reading 'categories')
7/12/2023, 6:55:00 AM [error]  Message :  ----- Reason -----
7/12/2023, 6:55:00 AM [error]  Message :  userData is not defined
7/12/2023, 6:56:00 AM [error]  Message :  ----- Reason -----
7/12/2023, 6:56:00 AM [error]  Message :  userData is not defined
7/12/2023, 6:57:00 AM [error]  Message :  ----- Reason -----
7/12/2023, 6:57:00 AM [error]  Message :  userData is not defined
7/12/2023, 6:58:00 AM [error]  Message :  ----- Reason -----
7/12/2023, 6:58:00 AM [error]  Message :  userData is not defined
