info : 10/5/2022, 7:49:32 PM : 	server started on port number 3000 
info : 10/5/2022, 7:53:14 PM : 	Enabling daily backup for Sunil Kumar  
info : 10/5/2022, 7:53:14 PM : 	----------------------------------- 
info : 10/5/2022, 7:53:25 PM : 	cancelling the  backup  
info : 10/5/2022, 7:53:25 PM : 	Daily Backup disabled for - ZmRQgjyUL1OChi9QjP7LzG9i0z23  
info : 10/5/2022, 7:53:25 PM : 	----------------------------------- 
info : 10/5/2022, 7:53:38 PM : 	Server is shutting down 
info : 10/5/2022, 7:54:03 PM : 	server started on port number 3000 
info : 10/5/2022, 7:54:10 PM : 	Enabling daily backup for Sunil Kumar  
info : 10/5/2022, 7:54:10 PM : 	----------------------------------- 
info : 10/5/2022, 7:55:00 PM : 	sending daily backup notification to  - Sunil Kumar 
info : 10/5/2022, 7:55:00 PM : 	successfully sent daily backup notification  
info : 10/5/2022, 7:55:00 PM : 	{"results":[{"messageId":"0:1664979900701164%c6668bd6f9fd7ecd"}],"canonicalRegistrationTokenCount":0,"failureCount":0,"successCount":1,"multicastId":4214632759454550000} 
info : 10/5/2022, 7:59:35 PM : 	cancelling the  backup  
info : 10/5/2022, 7:59:35 PM : 	Daily Backup disabled for - ZmRQgjyUL1OChi9QjP7LzG9i0z23  
info : 10/5/2022, 7:59:35 PM : 	----------------------------------- 
info : 10/5/2022, 7:59:50 PM : 	server started on port number 3000 
info : 10/5/2022, 7:59:58 PM : 	Enabling daily backup for Sunil Kumar  
info : 10/5/2022, 7:59:58 PM : 	----------------------------------- 
info : 10/5/2022, 8:02:00 PM : 	sending daily backup notification to  - Sunil Kumar 
info : 10/5/2022, 8:02:00 PM : 	successfully sent daily backup notification  
info : 10/5/2022, 8:02:00 PM : 	{"results":[{"messageId":"0:1664980321094645%c6668bd6f9fd7ecd"}],"canonicalRegistrationTokenCount":0,"failureCount":0,"successCount":1,"multicastId":3343409820552099000} 
info : 10/5/2022, 8:05:17 PM : 	cancelling the  backup  
info : 10/5/2022, 8:05:17 PM : 	Daily Backup disabled for - ZmRQgjyUL1OChi9QjP7LzG9i0z23  
info : 10/5/2022, 8:05:17 PM : 	----------------------------------- 
info : 10/5/2022, 8:05:23 PM : 	server started on port number 3000 
info : 10/5/2022, 8:05:28 PM : 	Enabling daily backup for Sunil Kumar  
info : 10/5/2022, 8:05:28 PM : 	----------------------------------- 
info : 10/5/2022, 8:08:00 PM : 	sending daily backup notification to  - Sunil Kumar 
info : 10/5/2022, 8:08:00 PM : 	successfully sent daily backup notification  
info : 10/5/2022, 8:08:00 PM : 	{"results":[{"messageId":"0:1664980680475808%c6668bd6f9fd7ecd"}],"canonicalRegistrationTokenCount":0,"failureCount":0,"successCount":1,"multicastId":8787616259985389000} 
info : 10/5/2022, 8:09:23 PM : 	cancelling the  backup  
info : 10/5/2022, 8:09:23 PM : 	Daily Backup disabled for - ZmRQgjyUL1OChi9QjP7LzG9i0z23  
info : 10/5/2022, 8:09:23 PM : 	----------------------------------- 
info : 10/5/2022, 8:09:32 PM : 	server started on port number 3000 
info : 10/5/2022, 8:09:40 PM : 	Enabling daily backup for Sunil Kumar  
info : 10/5/2022, 8:09:40 PM : 	----------------------------------- 
info : 10/5/2022, 8:11:00 PM : 	sending daily backup notification to  - Sunil Kumar 
info : 10/5/2022, 8:11:00 PM : 	successfully sent daily backup notification  
info : 10/5/2022, 8:11:00 PM : 	{"results":[{"messageId":"0:1664980860609532%c6668bd6f9fd7ecd"}],"canonicalRegistrationTokenCount":0,"failureCount":0,"successCount":1,"multicastId":8150114963149115000} 
info : 10/5/2022, 8:11:34 PM : 	cancelling the  backup  
info : 10/5/2022, 8:11:34 PM : 	Daily Backup disabled for - ZmRQgjyUL1OChi9QjP7LzG9i0z23  
info : 10/5/2022, 8:11:34 PM : 	----------------------------------- 
info : 10/5/2022, 8:11:43 PM : 	server started on port number 3000 
info : 10/5/2022, 8:11:49 PM : 	Enabling daily backup for Sunil Kumar  
info : 10/5/2022, 8:11:49 PM : 	----------------------------------- 
info : 10/5/2022, 8:13:00 PM : 	sending daily backup notification to  - Sunil Kumar 
info : 10/5/2022, 8:13:00 PM : 	successfully sent daily backup notification  
info : 10/5/2022, 8:13:00 PM : 	{"results":[{"messageId":"0:1664980980485014%c6668bd6f9fd7ecd"}],"canonicalRegistrationTokenCount":0,"failureCount":0,"successCount":1,"multicastId":2882478586305142300} 
info : 10/5/2022, 8:13:47 PM : 	cancelling the  backup  
info : 10/5/2022, 8:13:47 PM : 	Daily Backup disabled for - ZmRQgjyUL1OChi9QjP7LzG9i0z23  
info : 10/5/2022, 8:13:47 PM : 	----------------------------------- 
info : 10/5/2022, 8:13:57 PM : 	server started on port number 3000 
info : 10/5/2022, 8:15:37 PM : 	Server is shutting down 
