npm error code ERESOLVE
npm error ERESOLVE could not resolve
npm error
npm error While resolving: react-art@16.13.1
npm error Found: react@18.3.1
npm error node_modules/react
npm error   peer react@">=16.3.0" from @callstack/react-theme-provider@3.0.9
npm error   node_modules/@callstack/react-theme-provider
npm error     @callstack/react-theme-provider@"^3.0.9" from react-native-paper@5.14.5
npm error     node_modules/react-native-paper
npm error       react-native-paper@"^5.12.5" from the root project
npm error   peer react@">=18.0.0" from @expo/react-native-action-sheet@4.1.1
npm error   node_modules/@expo/react-native-action-sheet
npm error     @expo/react-native-action-sheet@"^4.1.1" from react-native-gifted-chat@2.8.1
npm error     node_modules/react-native-gifted-chat
npm error       react-native-gifted-chat@"^2.8.1" from the root project
npm error     @expo/react-native-action-sheet@"^4.1.0" from the root project
npm error   59 more (@gorhom/bottom-sheet, @gorhom/portal, ...)
npm error
npm error Could not resolve dependency:
npm error peer react@"^16.13.1" from react-art@16.13.1
npm error node_modules/react-art
npm error   peer react-art@"16.x.x" from modal-react-native-web@0.2.0
npm error   node_modules/react-native-country-picker-modal/node_modules/modal-react-native-web
npm error     modal-react-native-web@"0.2.0" from react-native-country-picker-modal@2.0.0
npm error     node_modules/react-native-country-picker-modal
npm error       react-native-country-picker-modal@"^2.0.0" from the root project
npm error   peer react-art@">=16.5.1" from react-native-web@0.9.13
npm error   node_modules/react-native-web
npm error     peer react-native-web@"*" from react-native-country-picker-modal@2.0.0
npm error     node_modules/react-native-country-picker-modal
npm error       react-native-country-picker-modal@"^2.0.0" from the root project
npm error     1 more (modal-react-native-web)
npm error
npm error Conflicting peer dependency: react@16.14.0
npm error node_modules/react
npm error   peer react@"^16.13.1" from react-art@16.13.1
npm error   node_modules/react-art
npm error     peer react-art@"16.x.x" from modal-react-native-web@0.2.0
npm error     node_modules/react-native-country-picker-modal/node_modules/modal-react-native-web
npm error       modal-react-native-web@"0.2.0" from react-native-country-picker-modal@2.0.0
npm error       node_modules/react-native-country-picker-modal
npm error         react-native-country-picker-modal@"^2.0.0" from the root project
npm error     peer react-art@">=16.5.1" from react-native-web@0.9.13
npm error     node_modules/react-native-web
npm error       peer react-native-web@"*" from react-native-country-picker-modal@2.0.0
npm error       node_modules/react-native-country-picker-modal
npm error         react-native-country-picker-modal@"^2.0.0" from the root project
npm error       1 more (modal-react-native-web)
npm error
npm error Fix the upstream dependency conflict, or retry
npm error this command with --force or --legacy-peer-deps
npm error to accept an incorrect (and potentially broken) dependency resolution.
npm error
npm error
npm error For a full report see:
npm error /Users/sunilkumarpasupuleti/.npm/_logs/2025-05-29T18_20_09_791Z-eresolve-report.txt
npm error A complete log of this run can be found in: /Users/sunilkumarpasupuleti/.npm/_logs/2025-05-29T18_20_09_791Z-debug-0.log
