npm error code ERESOLVE
npm error ERESOLVE could not resolve
npm error
npm error While resolving: @nozbe/with-observables@1.6.0
npm error Found: @types/react@19.1.8
npm error node_modules/@types/react
npm error   peerOptional @types/react@"*" from @gorhom/bottom-sheet@4.6.4
npm error   node_modules/@gorhom/bottom-sheet
npm error     @gorhom/bottom-sheet@"^4" from the root project
npm error   peer @types/react@"*" from @native-html/css-processor@1.11.0
npm error   node_modules/@native-html/css-processor
npm error     @native-html/css-processor@"1.11.0" from @native-html/transient-render-engine@11.2.3
npm error     node_modules/@native-html/transient-render-engine
npm error       @native-html/transient-render-engine@"11.2.3" from react-native-render-html@6.3.4
npm error       node_modules/react-native-render-html
npm error         react-native-render-html@"^6.3.4" from the root project
npm error   9 more (@react-native/virtualized-lists, ...)
npm error
npm error Could not resolve dependency:
npm error peerOptional @types/react@"^16||^17||^18" from @nozbe/with-observables@1.6.0
npm error node_modules/@nozbe/with-observables
npm error   @nozbe/with-observables@"^1.6.0" from the root project
npm error
npm error Conflicting peer dependency: @types/react@18.3.23
npm error node_modules/@types/react
npm error   peerOptional @types/react@"^16||^17||^18" from @nozbe/with-observables@1.6.0
npm error   node_modules/@nozbe/with-observables
npm error     @nozbe/with-observables@"^1.6.0" from the root project
npm error
npm error Fix the upstream dependency conflict, or retry
npm error this command with --force or --legacy-peer-deps
npm error to accept an incorrect (and potentially broken) dependency resolution.
npm error
npm error
npm error For a full report see:
npm error /Users/sunilkumarpasupuleti/.npm/_logs/2025-07-26T05_11_30_583Z-eresolve-report.txt
npm error A complete log of this run can be found in: /Users/sunilkumarpasupuleti/.npm/_logs/2025-07-26T05_11_30_583Z-debug-0.log
